🤖 CYBORG 🤖 2025-11-03T21:46:03,656 [scenario=RoAGeneratedTest.shouldReturnUserThreeWithCorrectFieldsAndSupportInfo] EXTENDED [QUEST] - Service: 'io.cyborgcode.roa.framework.chain.FluentServiceDecorator' has been registered for the quest
🤖 CYBORG 🤖 2025-11-03T21:46:03,734 [scenario=RoAGeneratedTest.shouldReturnUserThreeWithCorrectFieldsAndSupportInfo] EXTENDED [QUEST] - Service: 'io.cyborgcode.roa.framework.chain.FluentServiceDecorator' has been registered for the quest
🤖 CYBORG 🤖 2025-11-03T21:46:03,752 [scenario=RoAGeneratedTest.shouldReturnUserThreeWithCorrectFieldsAndSupportInfo] EXTENDED [QUEST] - Service: 'io.cyborgcode.roa.framework.chain.FluentServiceDecorator' has been registered for the quest
🤖 CYBORG 🤖 2025-11-03T21:46:03,775 [scenario=RoAGeneratedTest.shouldReturnUserThreeWithCorrectFieldsAndSupportInfo] INFO  [QUEST] - The quest: 'shouldReturnUserThreeWithCorrectFieldsAndSupportInfo(Quest)' has begun and is crafted.
🤖 CYBORG 🤖 2025-11-03T21:46:03,795 [scenario=RoAGeneratedTest.shouldReturnUserThreeWithCorrectFieldsAndSupportInfo] INFO  [QUEST] - The quest has used the ring: 'API'
🤖 CYBORG 🤖 2025-11-03T21:46:04,083 [scenario=RoAGeneratedTest.shouldReturnUserThreeWithCorrectFieldsAndSupportInfo] INFO  [API] - Prepared RequestSpecification with pathParams: {id=3}, queryParams: {}, headers: {}
🤖 CYBORG 🤖 2025-11-03T21:46:04,366 [scenario=RoAGeneratedTest.shouldReturnUserThreeWithCorrectFieldsAndSupportInfo] STEP  [API] - Sending request to endpoint GET-https://reqres.in/api/users/3.
🤖 CYBORG 🤖 2025-11-03T21:46:04,379 [scenario=RoAGeneratedTest.shouldReturnUserThreeWithCorrectFieldsAndSupportInfo] EXTENDED [API] - Request body: .
🤖 CYBORG 🤖 2025-11-03T21:46:04,387 [scenario=RoAGeneratedTest.shouldReturnUserThreeWithCorrectFieldsAndSupportInfo] EXTENDED [API] - Request headers: Content-Type=application/json
🤖 CYBORG 🤖 2025-11-03T21:46:05,408 [scenario=RoAGeneratedTest.shouldReturnUserThreeWithCorrectFieldsAndSupportInfo] STEP  [API] - Response with status: 200 received from endpoint: GET-https://reqres.in/api/users/3 in 1008ms.
🤖 CYBORG 🤖 2025-11-03T21:46:05,422 [scenario=RoAGeneratedTest.shouldReturnUserThreeWithCorrectFieldsAndSupportInfo] EXTENDED [API] - Response body: {
🤖 CYBORG 🤖 2025-11-03T21:46:05,429 [scenario=RoAGeneratedTest.shouldReturnUserThreeWithCorrectFieldsAndSupportInfo] EXTENDED [API] - Response headers: Date=Mon, 03 Nov 2025 21:46:05 GMT
🤖 CYBORG 🤖 2025-11-03T21:46:05,437 [scenario=RoAGeneratedTest.shouldReturnUserThreeWithCorrectFieldsAndSupportInfo] INFO  [API] - Starting response validation with 6 assertion(s).
🤖 CYBORG 🤖 2025-11-03T21:46:05,883 [scenario=RoAGeneratedTest.shouldReturnUserThreeWithCorrectFieldsAndSupportInfo] EXTENDED [API] - Validation target: [{data.avatar=https://reqres.in/img/faces/3-image.jpg, support.text=Tired of writing endless social media content? Let Content Caddy generate it for you., data.first_name=Emma, support.url=https://contentcaddy.io?utm_source=reqres&utm_medium=json&utm_campaign=referral, AssertionKeyForStatus=200}]
🤖 CYBORG 🤖 2025-11-03T21:46:05,898 [scenario=RoAGeneratedTest.shouldReturnUserThreeWithCorrectFieldsAndSupportInfo] VALIDATION [QUEST] - ✔ Validation passed: IS (Expected: 200, Actual: 200)
🤖 CYBORG 🤖 2025-11-03T21:46:05,958 [scenario=RoAGeneratedTest.shouldReturnUserThreeWithCorrectFieldsAndSupportInfo] VALIDATION [QUEST] - ✔ Validation passed: IS (Expected: Emma, Actual: Emma)
🤖 CYBORG 🤖 2025-11-03T21:46:05,966 [scenario=RoAGeneratedTest.shouldReturnUserThreeWithCorrectFieldsAndSupportInfo] VALIDATION [QUEST] - ✔ Validation passed: ENDS_WITH (Expected: .jpg, Actual: https://reqres.in/img/faces/3-image.jpg)
🤖 CYBORG 🤖 2025-11-03T21:46:05,971 [scenario=RoAGeneratedTest.shouldReturnUserThreeWithCorrectFieldsAndSupportInfo] VALIDATION [QUEST] - ✔ Validation passed: IS (Expected: https://reqres.in/img/faces/3-image.jpg, Actual: https://reqres.in/img/faces/3-image.jpg)
🤖 CYBORG 🤖 2025-11-03T21:46:05,974 [scenario=RoAGeneratedTest.shouldReturnUserThreeWithCorrectFieldsAndSupportInfo] VALIDATION [QUEST] - ✔ Validation passed: IS (Expected: https://contentcaddy.io?utm_source=reqres&utm_medium=json&utm_campaign=referral, Actual: https://contentcaddy.io?utm_source=reqres&utm_medium=json&utm_campaign=referral)
🤖 CYBORG 🤖 2025-11-03T21:46:05,978 [scenario=RoAGeneratedTest.shouldReturnUserThreeWithCorrectFieldsAndSupportInfo] VALIDATION [QUEST] - ✔ Validation passed: IS (Expected: Tired of writing endless social media content? Let Content Caddy generate it for you., Actual: Tired of writing endless social media content? Let Content Caddy generate it for you.)
🤖 CYBORG 🤖 2025-11-03T21:46:05,983 [scenario=RoAGeneratedTest.shouldReturnUserThreeWithCorrectFieldsAndSupportInfo] INFO  [QUEST] - The quest has dropped the ring.
🤖 CYBORG 🤖 2025-11-03T21:46:05,988 [scenario=RoAGeneratedTest.shouldReturnUserThreeWithCorrectFieldsAndSupportInfo] INFO  [QUEST] - The quest has reached his end
🤖 CYBORG 🤖 2025-11-03T21:46:06,005 [scenario=RoAGeneratedTest.shouldReturnUserThreeWithCorrectFieldsAndSupportInfo] INFO  [QUEST] - The quest of 'shouldReturnUserThreeWithCorrectFieldsAndSupportInfo(Quest)' has concluded with glory. Status: SUCCESS. Duration: 2 seconds.