🤖 CYBORG 🤖 2025-11-03T21:46:10,167 [scenario=ReqresApiTest.testValidateAllUsers] EXTENDED [QUEST] - Service: 'io.cyborgcode.roa.framework.chain.FluentServiceDecorator' has been registered for the quest
🤖 CYBORG 🤖 2025-11-03T21:46:10,177 [scenario=ReqresApiTest.testValidateAllUsers] EXTENDED [QUEST] - Service: 'io.cyborgcode.roa.framework.chain.FluentServiceDecorator' has been registered for the quest
🤖 CYBORG 🤖 2025-11-03T21:46:10,180 [scenario=ReqresApiTest.testValidateAllUsers] EXTENDED [QUEST] - Service: 'io.cyborgcode.roa.framework.chain.FluentServiceDecorator' has been registered for the quest
🤖 CYBORG 🤖 2025-11-03T21:46:10,183 [scenario=ReqresApiTest.testValidateAllUsers] INFO  [QUEST] - The quest: 'testValidateAllUsers(Quest, LoginUser)' has begun and is crafted.
🤖 CYBORG 🤖 2025-11-03T21:46:10,196 [scenario=ReqresApiTest.testValidateAllUsers] INFO  [QUEST] - The quest has used the ring: 'Rivendell'
🤖 CYBORG 🤖 2025-11-03T21:46:10,200 [scenario=ReqresApiTest.testValidateAllUsers] INFO  [QUEST] - The quest has used the ring: 'API'
🤖 CYBORG 🤖 2025-11-03T21:46:10,209 [scenario=ReqresApiTest.testValidateAllUsers] STEP  [API] - Sending request to endpoint POST-https://reqres.in/api/login.
🤖 CYBORG 🤖 2025-11-03T21:46:10,213 [scenario=ReqresApiTest.testValidateAllUsers] EXTENDED [API] - Request body: {
🤖 CYBORG 🤖 2025-11-03T21:46:10,217 [scenario=ReqresApiTest.testValidateAllUsers] EXTENDED [API] - Request headers: Content-Type=application/json
🤖 CYBORG 🤖 2025-11-03T21:46:10,428 [scenario=ReqresApiTest.testValidateAllUsers] STEP  [API] - Response with status: 200 received from endpoint: POST-https://reqres.in/api/login in 201ms.
🤖 CYBORG 🤖 2025-11-03T21:46:10,433 [scenario=ReqresApiTest.testValidateAllUsers] EXTENDED [API] - Response body: {
🤖 CYBORG 🤖 2025-11-03T21:46:10,439 [scenario=ReqresApiTest.testValidateAllUsers] EXTENDED [API] - Response headers: Date=Mon, 03 Nov 2025 21:46:10 GMT
🤖 CYBORG 🤖 2025-11-03T21:46:10,469 [scenario=ReqresApiTest.testValidateAllUsers] INFO  [API] - Prepared RequestSpecification with pathParams: {id=3}, queryParams: {}, headers: {SpecificHeader=[QpwL5tke4Pnpja7X4]}
🤖 CYBORG 🤖 2025-11-03T21:46:10,481 [scenario=ReqresApiTest.testValidateAllUsers] STEP  [API] - Sending request to endpoint GET-https://reqres.in/api/users/3.
🤖 CYBORG 🤖 2025-11-03T21:46:10,483 [scenario=ReqresApiTest.testValidateAllUsers] EXTENDED [API] - Request body: .
🤖 CYBORG 🤖 2025-11-03T21:46:10,485 [scenario=ReqresApiTest.testValidateAllUsers] EXTENDED [API] - Request headers: Content-Type=application/json
🤖 CYBORG 🤖 2025-11-03T21:46:10,553 [scenario=ReqresApiTest.testValidateAllUsers] STEP  [API] - Response with status: 200 received from endpoint: GET-https://reqres.in/api/users/3 in 61ms.
🤖 CYBORG 🤖 2025-11-03T21:46:10,557 [scenario=ReqresApiTest.testValidateAllUsers] EXTENDED [API] - Response body: {
🤖 CYBORG 🤖 2025-11-03T21:46:10,559 [scenario=ReqresApiTest.testValidateAllUsers] EXTENDED [API] - Response headers: Date=Mon, 03 Nov 2025 21:46:10 GMT
🤖 CYBORG 🤖 2025-11-03T21:46:10,563 [scenario=ReqresApiTest.testValidateAllUsers] INFO  [API] - Starting response validation with 1 assertion(s).
🤖 CYBORG 🤖 2025-11-03T21:46:10,565 [scenario=ReqresApiTest.testValidateAllUsers] EXTENDED [API] - Validation target: [{AssertionKeyForStatus=200}]
🤖 CYBORG 🤖 2025-11-03T21:46:10,568 [scenario=ReqresApiTest.testValidateAllUsers] VALIDATION [QUEST] - ✔ Validation passed: IS (Expected: 200, Actual: 200)
🤖 CYBORG 🤖 2025-11-03T21:46:10,570 [scenario=ReqresApiTest.testValidateAllUsers] INFO  [QUEST] - The quest has used the ring: 'API'
🤖 CYBORG 🤖 2025-11-03T21:46:10,575 [scenario=ReqresApiTest.testValidateAllUsers] INFO  [API] - Prepared RequestSpecification with pathParams: {}, queryParams: {page=2}, headers: {}
🤖 CYBORG 🤖 2025-11-03T21:46:10,586 [scenario=ReqresApiTest.testValidateAllUsers] STEP  [API] - Sending request to endpoint GET-https://reqres.in/api/users?page=2.
🤖 CYBORG 🤖 2025-11-03T21:46:10,590 [scenario=ReqresApiTest.testValidateAllUsers] EXTENDED [API] - Request body: .
🤖 CYBORG 🤖 2025-11-03T21:46:10,598 [scenario=ReqresApiTest.testValidateAllUsers] EXTENDED [API] - Request headers: Content-Type=application/json
🤖 CYBORG 🤖 2025-11-03T21:46:10,682 [scenario=ReqresApiTest.testValidateAllUsers] STEP  [API] - Response with status: 200 received from endpoint: GET-https://reqres.in/api/users?page=2 in 79ms.
🤖 CYBORG 🤖 2025-11-03T21:46:10,686 [scenario=ReqresApiTest.testValidateAllUsers] EXTENDED [API] - Response body: {
🤖 CYBORG 🤖 2025-11-03T21:46:10,688 [scenario=ReqresApiTest.testValidateAllUsers] EXTENDED [API] - Response headers: Date=Mon, 03 Nov 2025 21:46:10 GMT
🤖 CYBORG 🤖 2025-11-03T21:46:10,693 [scenario=ReqresApiTest.testValidateAllUsers] INFO  [API] - Starting response validation with 18 assertion(s).
🤖 CYBORG 🤖 2025-11-03T21:46:10,921 [scenario=ReqresApiTest.testValidateAllUsers] EXTENDED [API] - Validation target: [{data[0].id=7, per_page=6, total=12, support.text=Tired of writing endless social media content? Let Content Caddy generate it for you., data[0].avatar=https://reqres.in/img/faces/7-image.jpg, data=[{id=7, email=michael.lawson@reqres.in, first_name=Michael, last_name=Lawson, avatar=https://reqres.in/img/faces/7-image.jpg}, {id=8, email=lindsay.ferguson@reqres.in, first_name=Lindsay, last_name=Ferguson, avatar=https://reqres.in/img/faces/8-image.jpg}, {id=9, email=tobias.funke@reqres.in, first_name=Tobias, last_name=Funke, avatar=https://reqres.in/img/faces/9-image.jpg}, {id=10, email=byron.fields@reqres.in, first_name=Byron, last_name=Fields, avatar=https://reqres.in/img/faces/10-image.jpg}, {id=11, email=george.edwards@reqres.in, first_name=George, last_name=Edwards, avatar=https://reqres.in/img/faces/11-image.jpg}, {id=12, email=rachel.howell@reqres.in, first_name=Rachel, last_name=Howell, avatar=https://reqres.in/img/faces/12-image.jpg}], support.url=https://contentcaddy.io?utm_source=reqres&utm_medium=json&utm_campaign=referral, total_pages=2, AssertionKeyForStatus=200, Content-Type=application/json; charset=utf-8, data[0].first_name=Michael}]
🤖 CYBORG 🤖 2025-11-03T21:46:10,927 [scenario=ReqresApiTest.testValidateAllUsers] VALIDATION [QUEST] - ✔ Validation passed: IS (Expected: 200, Actual: 200)
🤖 CYBORG 🤖 2025-11-03T21:46:10,928 [scenario=ReqresApiTest.testValidateAllUsers] VALIDATION [QUEST] - ✔ Validation passed: CONTAINS (Expected: application/json, Actual: application/json; charset=utf-8)
🤖 CYBORG 🤖 2025-11-03T21:46:10,931 [scenario=ReqresApiTest.testValidateAllUsers] VALIDATION [QUEST] - ✔ Validation passed: NOT (Expected: 1, Actual: 12)
🤖 CYBORG 🤖 2025-11-03T21:46:10,933 [scenario=ReqresApiTest.testValidateAllUsers] VALIDATION [QUEST] - ✔ Validation passed: GREATER_THAN (Expected: 1, Actual: 2)
🤖 CYBORG 🤖 2025-11-03T21:46:10,936 [scenario=ReqresApiTest.testValidateAllUsers] VALIDATION [QUEST] - ✔ Validation passed: LESS_THAN (Expected: 10, Actual: 6)
🤖 CYBORG 🤖 2025-11-03T21:46:10,938 [scenario=ReqresApiTest.testValidateAllUsers] VALIDATION [QUEST] - ✔ Validation passed: CONTAINS (Expected: reqres, Actual: https://contentcaddy.io?utm_source=reqres&utm_medium=json&utm_campaign=referral)
🤖 CYBORG 🤖 2025-11-03T21:46:10,941 [scenario=ReqresApiTest.testValidateAllUsers] VALIDATION [QUEST] - ✔ Validation passed: STARTS_WITH (Expected: Tired of writing, Actual: Tired of writing endless social media content? Let Content Caddy generate it for you.)
🤖 CYBORG 🤖 2025-11-03T21:46:10,943 [scenario=ReqresApiTest.testValidateAllUsers] VALIDATION [QUEST] - ✔ Validation passed: ENDS_WITH (Expected: .jpg, Actual: https://reqres.in/img/faces/7-image.jpg)
🤖 CYBORG 🤖 2025-11-03T21:46:10,945 [scenario=ReqresApiTest.testValidateAllUsers] VALIDATION [QUEST] - ✔ Validation passed: NOT_NULL (Expected: true, Actual: 7)
🤖 CYBORG 🤖 2025-11-03T21:46:10,950 [scenario=ReqresApiTest.testValidateAllUsers] VALIDATION [QUEST] - ✔ Validation passed: ALL_NOT_NULL (Expected: true, Actual: [{id=7, email=michael.lawson@reqres.in, first_name=Michael, last_name=Lawson, avatar=https://reqres.in/img/faces/7-image.jpg}, {id=8, email=lindsay.ferguson@reqres.in, first_name=Lindsay, last_name=Ferguson, avatar=https://reqres.in/img/faces/8-image.jpg}, {id=9, email=tobias.funke@reqres.in, first_name=Tobias, last_name=Funke, avatar=https://reqres.in/img/faces/9-image.jpg}, {id=10, email=byron.fields@reqres.in, first_name=Byron, last_name=Fields, avatar=https://reqres.in/img/faces/10-image.jpg}, {id=11, email=george.edwards@reqres.in, first_name=George, last_name=Edwards, avatar=https://reqres.in/img/faces/11-image.jpg}, {id=12, email=rachel.howell@reqres.in, first_name=Rachel, last_name=Howell, avatar=https://reqres.in/img/faces/12-image.jpg}])
🤖 CYBORG 🤖 2025-11-03T21:46:10,952 [scenario=ReqresApiTest.testValidateAllUsers] VALIDATION [QUEST] - ✔ Validation passed: NOT_EMPTY (Expected: true, Actual: [{id=7, email=michael.lawson@reqres.in, first_name=Michael, last_name=Lawson, avatar=https://reqres.in/img/faces/7-image.jpg}, {id=8, email=lindsay.ferguson@reqres.in, first_name=Lindsay, last_name=Ferguson, avatar=https://reqres.in/img/faces/8-image.jpg}, {id=9, email=tobias.funke@reqres.in, first_name=Tobias, last_name=Funke, avatar=https://reqres.in/img/faces/9-image.jpg}, {id=10, email=byron.fields@reqres.in, first_name=Byron, last_name=Fields, avatar=https://reqres.in/img/faces/10-image.jpg}, {id=11, email=george.edwards@reqres.in, first_name=George, last_name=Edwards, avatar=https://reqres.in/img/faces/11-image.jpg}, {id=12, email=rachel.howell@reqres.in, first_name=Rachel, last_name=Howell, avatar=https://reqres.in/img/faces/12-image.jpg}])
🤖 CYBORG 🤖 2025-11-03T21:46:10,954 [scenario=ReqresApiTest.testValidateAllUsers] VALIDATION [QUEST] - ✔ Validation passed: LENGTH (Expected: 7, Actual: Michael)
🤖 CYBORG 🤖 2025-11-03T21:46:10,956 [scenario=ReqresApiTest.testValidateAllUsers] VALIDATION [QUEST] - ✔ Validation passed: LENGTH (Expected: 6, Actual: [{id=7, email=michael.lawson@reqres.in, first_name=Michael, last_name=Lawson, avatar=https://reqres.in/img/faces/7-image.jpg}, {id=8, email=lindsay.ferguson@reqres.in, first_name=Lindsay, last_name=Ferguson, avatar=https://reqres.in/img/faces/8-image.jpg}, {id=9, email=tobias.funke@reqres.in, first_name=Tobias, last_name=Funke, avatar=https://reqres.in/img/faces/9-image.jpg}, {id=10, email=byron.fields@reqres.in, first_name=Byron, last_name=Fields, avatar=https://reqres.in/img/faces/10-image.jpg}, {id=11, email=george.edwards@reqres.in, first_name=George, last_name=Edwards, avatar=https://reqres.in/img/faces/11-image.jpg}, {id=12, email=rachel.howell@reqres.in, first_name=Rachel, last_name=Howell, avatar=https://reqres.in/img/faces/12-image.jpg}])
🤖 CYBORG 🤖 2025-11-03T21:46:10,958 [scenario=ReqresApiTest.testValidateAllUsers] VALIDATION [QUEST] - ✔ Validation passed: MATCHES_REGEX (Expected: https:\/\/contentcaddy\.io\?utm_source=reqres&utm_medium=json&utm_campaign=referral, Actual: https://contentcaddy.io?utm_source=reqres&utm_medium=json&utm_campaign=referral)
🤖 CYBORG 🤖 2025-11-03T21:46:10,960 [scenario=ReqresApiTest.testValidateAllUsers] VALIDATION [QUEST] - ✔ Validation passed: EQUALS_IGNORE_CASE (Expected: michael, Actual: Michael)
🤖 CYBORG 🤖 2025-11-03T21:46:10,961 [scenario=ReqresApiTest.testValidateAllUsers] VALIDATION [QUEST] - ✔ Validation passed: BETWEEN (Expected: [5, 15], Actual: 12)
🤖 CYBORG 🤖 2025-11-03T21:46:10,963 [scenario=ReqresApiTest.testValidateAllUsers] VALIDATION [QUEST] - ✔ Validation passed: CONTAINS_ALL (Expected: [{avatar=https://reqres.in/img/faces/7-image.jpg, id=7, first_name=Michael, last_name=Lawson, email=michael.lawson@reqres.in}, {avatar=https://reqres.in/img/faces/8-image.jpg, id=8, first_name=Lindsay, last_name=Ferguson, email=lindsay.ferguson@reqres.in}, {avatar=https://reqres.in/img/faces/9-image.jpg, id=9, first_name=Tobias, last_name=Funke, email=tobias.funke@reqres.in}, {avatar=https://reqres.in/img/faces/10-image.jpg, id=10, first_name=Byron, last_name=Fields, email=byron.fields@reqres.in}, {avatar=https://reqres.in/img/faces/11-image.jpg, id=11, first_name=George, last_name=Edwards, email=george.edwards@reqres.in}, {avatar=https://reqres.in/img/faces/12-image.jpg, id=12, first_name=Rachel, last_name=Howell, email=rachel.howell@reqres.in}], Actual: [{id=7, email=michael.lawson@reqres.in, first_name=Michael, last_name=Lawson, avatar=https://reqres.in/img/faces/7-image.jpg}, {id=8, email=lindsay.ferguson@reqres.in, first_name=Lindsay, last_name=Ferguson, avatar=https://reqres.in/img/faces/8-image.jpg}, {id=9, email=tobias.funke@reqres.in, first_name=Tobias, last_name=Funke, avatar=https://reqres.in/img/faces/9-image.jpg}, {id=10, email=byron.fields@reqres.in, first_name=Byron, last_name=Fields, avatar=https://reqres.in/img/faces/10-image.jpg}, {id=11, email=george.edwards@reqres.in, first_name=George, last_name=Edwards, avatar=https://reqres.in/img/faces/11-image.jpg}, {id=12, email=rachel.howell@reqres.in, first_name=Rachel, last_name=Howell, avatar=https://reqres.in/img/faces/12-image.jpg}])
🤖 CYBORG 🤖 2025-11-03T21:46:10,964 [scenario=ReqresApiTest.testValidateAllUsers] VALIDATION [QUEST] - ✔ Validation passed: CONTAINS_ANY (Expected: [{avatar=https://reqres.in/img/faces/7-image.jpg, id=7, first_name=Michael, last_name=Lawson, email=michael.lawson@reqres.in}, {avatar=invalidUrls, id=22, first_name=Invalid, last_name=User, email=invalid.user}], Actual: [{id=7, email=michael.lawson@reqres.in, first_name=Michael, last_name=Lawson, avatar=https://reqres.in/img/faces/7-image.jpg}, {id=8, email=lindsay.ferguson@reqres.in, first_name=Lindsay, last_name=Ferguson, avatar=https://reqres.in/img/faces/8-image.jpg}, {id=9, email=tobias.funke@reqres.in, first_name=Tobias, last_name=Funke, avatar=https://reqres.in/img/faces/9-image.jpg}, {id=10, email=byron.fields@reqres.in, first_name=Byron, last_name=Fields, avatar=https://reqres.in/img/faces/10-image.jpg}, {id=11, email=george.edwards@reqres.in, first_name=George, last_name=Edwards, avatar=https://reqres.in/img/faces/11-image.jpg}, {id=12, email=rachel.howell@reqres.in, first_name=Rachel, last_name=Howell, avatar=https://reqres.in/img/faces/12-image.jpg}])
🤖 CYBORG 🤖 2025-11-03T21:46:10,966 [scenario=ReqresApiTest.testValidateAllUsers] INFO  [QUEST] - The quest has dropped the ring.
🤖 CYBORG 🤖 2025-11-03T21:46:10,968 [scenario=ReqresApiTest.testValidateAllUsers] INFO  [QUEST] - The quest has reached his end
🤖 CYBORG 🤖 2025-11-03T21:46:10,971 [scenario=ReqresApiTest.testValidateAllUsers] INFO  [QUEST] - The quest of 'testValidateAllUsers(Quest, LoginUser)' has concluded with glory. Status: SUCCESS. Duration: 0 seconds.