🤖 CYBORG 🤖 2025-11-03T21:46:10,923 [scenario=ReqresApiTest.testLoginUserAndAddHeader] EXTENDED [QUEST] - Service: 'io.cyborgcode.roa.framework.chain.FluentServiceDecorator' has been registered for the quest
🤖 CYBORG 🤖 2025-11-03T21:46:10,925 [scenario=ReqresApiTest.testLoginUserAndAddHeader] EXTENDED [QUEST] - Service: 'io.cyborgcode.roa.framework.chain.FluentServiceDecorator' has been registered for the quest
🤖 CYBORG 🤖 2025-11-03T21:46:10,928 [scenario=ReqresApiTest.testLoginUserAndAddHeader] EXTENDED [QUEST] - Service: 'io.cyborgcode.roa.framework.chain.FluentServiceDecorator' has been registered for the quest
🤖 CYBORG 🤖 2025-11-03T21:46:10,929 [scenario=ReqresApiTest.testLoginUserAndAddHeader] INFO  [QUEST] - The quest: 'testLoginUserAndAddHeader(Quest, LoginUser)' has begun and is crafted.
🤖 CYBORG 🤖 2025-11-03T21:46:10,937 [scenario=ReqresApiTest.testLoginUserAndAddHeader] INFO  [QUEST] - The quest has used the ring: 'API'
🤖 CYBORG 🤖 2025-11-03T21:46:10,941 [scenario=ReqresApiTest.testLoginUserAndAddHeader] STEP  [API] - Sending request to endpoint POST-https://reqres.in/api/login.
🤖 CYBORG 🤖 2025-11-03T21:46:10,943 [scenario=ReqresApiTest.testLoginUserAndAddHeader] EXTENDED [API] - Request body: {
🤖 CYBORG 🤖 2025-11-03T21:46:10,946 [scenario=ReqresApiTest.testLoginUserAndAddHeader] EXTENDED [API] - Request headers: Content-Type=application/json
🤖 CYBORG 🤖 2025-11-03T21:46:11,155 [scenario=ReqresApiTest.testLoginUserAndAddHeader] STEP  [API] - Response with status: 200 received from endpoint: POST-https://reqres.in/api/login in 207ms.
🤖 CYBORG 🤖 2025-11-03T21:46:11,158 [scenario=ReqresApiTest.testLoginUserAndAddHeader] EXTENDED [API] - Response body: {
🤖 CYBORG 🤖 2025-11-03T21:46:11,160 [scenario=ReqresApiTest.testLoginUserAndAddHeader] EXTENDED [API] - Response headers: Date=Mon, 03 Nov 2025 21:46:11 GMT
🤖 CYBORG 🤖 2025-11-03T21:46:11,163 [scenario=ReqresApiTest.testLoginUserAndAddHeader] EXTENDED [QUEST] - Fetching data from storage by key: 'POST_LOGIN_USER' and type: 'io.restassured.response.Response'
🤖 CYBORG 🤖 2025-11-03T21:46:11,174 [scenario=ReqresApiTest.testLoginUserAndAddHeader] INFO  [API] - Prepared RequestSpecification with pathParams: {id=3}, queryParams: {}, headers: {SpecificHeader=[QpwL5tke4Pnpja7X4]}
🤖 CYBORG 🤖 2025-11-03T21:46:11,176 [scenario=ReqresApiTest.testLoginUserAndAddHeader] STEP  [API] - Sending request to endpoint GET-https://reqres.in/api/users/3.
🤖 CYBORG 🤖 2025-11-03T21:46:11,178 [scenario=ReqresApiTest.testLoginUserAndAddHeader] EXTENDED [API] - Request body: .
🤖 CYBORG 🤖 2025-11-03T21:46:11,180 [scenario=ReqresApiTest.testLoginUserAndAddHeader] EXTENDED [API] - Request headers: Content-Type=application/json
🤖 CYBORG 🤖 2025-11-03T21:46:11,244 [scenario=ReqresApiTest.testLoginUserAndAddHeader] STEP  [API] - Response with status: 200 received from endpoint: GET-https://reqres.in/api/users/3 in 57ms.
🤖 CYBORG 🤖 2025-11-03T21:46:11,248 [scenario=ReqresApiTest.testLoginUserAndAddHeader] EXTENDED [API] - Response body: {
🤖 CYBORG 🤖 2025-11-03T21:46:11,250 [scenario=ReqresApiTest.testLoginUserAndAddHeader] EXTENDED [API] - Response headers: Date=Mon, 03 Nov 2025 21:46:11 GMT
🤖 CYBORG 🤖 2025-11-03T21:46:11,254 [scenario=ReqresApiTest.testLoginUserAndAddHeader] INFO  [API] - Starting response validation with 1 assertion(s).
🤖 CYBORG 🤖 2025-11-03T21:46:11,256 [scenario=ReqresApiTest.testLoginUserAndAddHeader] EXTENDED [API] - Validation target: [{AssertionKeyForStatus=200}]
🤖 CYBORG 🤖 2025-11-03T21:46:11,258 [scenario=ReqresApiTest.testLoginUserAndAddHeader] VALIDATION [QUEST] - ✔ Validation passed: IS (Expected: 200, Actual: 200)
🤖 CYBORG 🤖 2025-11-03T21:46:11,260 [scenario=ReqresApiTest.testLoginUserAndAddHeader] INFO  [QUEST] - The quest has dropped the ring.
🤖 CYBORG 🤖 2025-11-03T21:46:11,261 [scenario=ReqresApiTest.testLoginUserAndAddHeader] INFO  [QUEST] - The quest has reached his end
🤖 CYBORG 🤖 2025-11-03T21:46:11,265 [scenario=ReqresApiTest.testLoginUserAndAddHeader] INFO  [QUEST] - The quest of 'testLoginUserAndAddHeader(Quest, LoginUser)' has concluded with glory. Status: SUCCESS. Duration: 0 seconds.