🤖 CYBORG 🤖 2025-11-30T17:02:12,131 [scenario=DataBaseTest.createOrderPreQuestDatabase] INFO  [UI] - Chrome driver is downloaded with a compatible version for the installed browser
🤖 CYBORG 🤖 2025-11-30T17:02:12,181 [scenario=DataBaseTest.createOrderPreQuestDatabase] INFO  [UI] - Creating driver using provider [ChromeDriverProvider]. Headless: [true], Remote: [true], Remote URL: [http://localhost:4444]
🤖 CYBORG 🤖 2025-11-30T17:02:13,730 [scenario=DataBaseTest.createOrderPreQuestDatabase] INFO  [QUEST] - The quest: 'createOrderPreQuestDatabase(Quest, Order)' has begun and is crafted.
🤖 CYBORG 🤖 2025-11-30T17:02:13,854 [scenario=DataBaseTest.createOrderPreQuestDatabase] INFO  [QUEST] - The quest has used the ring: 'DB'
🤖 CYBORG 🤖 2025-11-30T17:02:13,884 [scenario=DataBaseTest.createOrderPreQuestDatabase] INFO  [DB] - Obtained database connection for: AppDb
🤖 CYBORG 🤖 2025-11-30T17:02:13,890 [scenario=DataBaseTest.createOrderPreQuestDatabase] STEP  [DB] - Executing database query: SELECT email FROM sellers WHERE id = 1
🤖 CYBORG 🤖 2025-11-30T17:02:13,918 [scenario=DataBaseTest.createOrderPreQuestDatabase] STEP  [DB] - Query 'SELECT email FROM sellers WHERE id = 1' executed in 22ms, result count: 1
🤖 CYBORG 🤖 2025-11-30T17:02:13,930 [scenario=DataBaseTest.createOrderPreQuestDatabase] INFO  [DB] - Starting query response validation with 1 assertion(s).
🤖 CYBORG 🤖 2025-11-30T17:02:13,997 [scenario=DataBaseTest.createOrderPreQuestDatabase] VALIDATION [QUEST] - ✔ Validation passed: EQUALS_IGNORE_CASE (Expected: admin@vaadin.com, Actual: admin@vaadin.com)
🤖 CYBORG 🤖 2025-11-30T17:02:14,268 [scenario=DataBaseTest.createOrderPreQuestDatabase] INFO  [DB] - Obtained database connection for: AppDb
🤖 CYBORG 🤖 2025-11-30T17:02:14,272 [scenario=DataBaseTest.createOrderPreQuestDatabase] STEP  [DB] - Executing database query: SELECT password FROM sellers WHERE id = 1
🤖 CYBORG 🤖 2025-11-30T17:02:14,277 [scenario=DataBaseTest.createOrderPreQuestDatabase] STEP  [DB] - Query 'SELECT password FROM sellers WHERE id = 1' executed in 1ms, result count: 1
🤖 CYBORG 🤖 2025-11-30T17:02:14,281 [scenario=DataBaseTest.createOrderPreQuestDatabase] INFO  [DB] - Starting query response validation with 1 assertion(s).
🤖 CYBORG 🤖 2025-11-30T17:02:14,285 [scenario=DataBaseTest.createOrderPreQuestDatabase] VALIDATION [QUEST] - ✔ Validation passed: EQUALS_IGNORE_CASE (Expected: admin, Actual: admin)
🤖 CYBORG 🤖 2025-11-30T17:02:14,326 [scenario=DataBaseTest.createOrderPreQuestDatabase] INFO  [QUEST] - The quest has used the ring: 'Custom'
🤖 CYBORG 🤖 2025-11-30T17:02:14,330 [scenario=DataBaseTest.createOrderPreQuestDatabase] INFO  [QUEST] - The quest has used the ring: 'io.cyborgcode.ui.complex.test.framework.ui.AppUiService'
🤖 CYBORG 🤖 2025-11-30T17:02:18,787 [scenario=DataBaseTest.createOrderPreQuestDatabase] STEP  [UI] - Inserting value: 'admin@vaadin.com' into input component of type: 'VA_INPUT_TYPE'.
🤖 CYBORG 🤖 2025-11-30T17:02:19,298 [scenario=DataBaseTest.createOrderPreQuestDatabase] STEP  [UI] - Inserting value: 'admin' into input component of type: 'VA_INPUT_TYPE'.
🤖 CYBORG 🤖 2025-11-30T17:02:19,636 [scenario=DataBaseTest.createOrderPreQuestDatabase] STEP  [UI] - Clicking button using locator: By.tagName: vaadin-button
🤖 CYBORG 🤖 2025-11-30T17:02:22,243 [scenario=DataBaseTest.createOrderPreQuestDatabase] STEP  [UI] - Checking if button is visible using locator: By.cssSelector: vaadin-button#action
🤖 CYBORG 🤖 2025-11-30T17:02:32,498 [scenario=DataBaseTest.createOrderPreQuestDatabase] VALIDATION [QUEST] - Starting hard validation...
🤖 CYBORG 🤖 2025-11-30T17:02:32,522 [scenario=DataBaseTest.createOrderPreQuestDatabase] VALIDATION [QUEST] - Hard validation completed successfully.
🤖 CYBORG 🤖 2025-11-30T17:02:32,599 [scenario=DataBaseTest.createOrderPreQuestDatabase] STEP  [UI] - Checking if input component of type: 'VA_INPUT_TYPE' is enabled.
🤖 CYBORG 🤖 2025-11-30T17:02:32,705 [scenario=DataBaseTest.createOrderPreQuestDatabase] VALIDATION [QUEST] - Starting hard validation...
🤖 CYBORG 🤖 2025-11-30T17:02:32,708 [scenario=DataBaseTest.createOrderPreQuestDatabase] VALIDATION [QUEST] - Hard validation completed successfully.
🤖 CYBORG 🤖 2025-11-30T17:02:32,711 [scenario=DataBaseTest.createOrderPreQuestDatabase] INFO  [QUEST] - The quest has dropped the ring.
🤖 CYBORG 🤖 2025-11-30T17:02:32,714 [scenario=DataBaseTest.createOrderPreQuestDatabase] INFO  [QUEST] - The quest has used the ring: 'API'
🤖 CYBORG 🤖 2025-11-30T17:02:32,973 [scenario=DataBaseTest.createOrderPreQuestDatabase] INFO  [API] - Prepared RequestSpecification with pathParams: {}, queryParams: {}, headers: {Cookie=[JSESSIONID=79871012F495BA84BA3C994569E621CD; path=/; domain=bakery-flow.demo.vaadin.com; sameSite=Lax], Accept=[application/json], Content-Type=[application/json]}
🤖 CYBORG 🤖 2025-11-30T17:02:33,176 [scenario=DataBaseTest.createOrderPreQuestDatabase] STEP  [API] - Sending request to endpoint POST-https://bakery-flow.demo.vaadin.com/storefront.
🤖 CYBORG 🤖 2025-11-30T17:02:33,980 [scenario=DataBaseTest.createOrderPreQuestDatabase] STEP  [API] - Response with status: 200 received from endpoint: POST-https://bakery-flow.demo.vaadin.com/storefront in 799ms.
🤖 CYBORG 🤖 2025-11-30T17:02:34,143 [scenario=DataBaseTest.createOrderPreQuestDatabase] INFO  [API] - Starting response validation with 1 assertion(s).
🤖 CYBORG 🤖 2025-11-30T17:02:34,147 [scenario=DataBaseTest.createOrderPreQuestDatabase] VALIDATION [QUEST] - ✔ Validation passed: IS (Expected: 200, Actual: 200)
🤖 CYBORG 🤖 2025-11-30T17:02:34,150 [scenario=DataBaseTest.createOrderPreQuestDatabase] INFO  [QUEST] - The quest has used the ring: 'Custom'
🤖 CYBORG 🤖 2025-11-30T17:02:34,152 [scenario=DataBaseTest.createOrderPreQuestDatabase] INFO  [QUEST] - The quest has used the ring: 'io.cyborgcode.ui.complex.test.framework.ui.AppUiService'
🤖 CYBORG 🤖 2025-11-30T17:02:34,259 [scenario=DataBaseTest.createOrderPreQuestDatabase] STEP  [UI] - Clicking button using locator: By.cssSelector: vaadin-button#action
🤖 CYBORG 🤖 2025-11-30T17:02:35,030 [scenario=DataBaseTest.createOrderPreQuestDatabase] STEP  [UI] - Inserting value into component of type: 'VA_INPUT_TYPE' using locator.
🤖 CYBORG 🤖 2025-11-30T17:02:35,032 [scenario=DataBaseTest.createOrderPreQuestDatabase] STEP  [UI] - Inserting value: 'John Terry' into input component of type: 'VA_INPUT_TYPE'.
🤖 CYBORG 🤖 2025-11-30T17:02:35,357 [scenario=DataBaseTest.createOrderPreQuestDatabase] STEP  [UI] - Inserting value into component of type: 'VA_INPUT_TYPE' using locator.
🤖 CYBORG 🤖 2025-11-30T17:02:35,361 [scenario=DataBaseTest.createOrderPreQuestDatabase] STEP  [UI] - Inserting value: 'Address' into input component of type: 'VA_INPUT_TYPE'.
🤖 CYBORG 🤖 2025-11-30T17:02:35,707 [scenario=DataBaseTest.createOrderPreQuestDatabase] STEP  [UI] - Inserting value into component of type: 'VA_INPUT_TYPE' using locator.
🤖 CYBORG 🤖 2025-11-30T17:02:35,711 [scenario=DataBaseTest.createOrderPreQuestDatabase] STEP  [UI] - Inserting value: '+1-555-7777' into input component of type: 'VA_INPUT_TYPE'.
🤖 CYBORG 🤖 2025-11-30T17:02:36,031 [scenario=DataBaseTest.createOrderPreQuestDatabase] STEP  [UI] - Inserting values [Bakery] for select component VA_SELECT_TYPE using locator By.cssSelector: vaadin-combo-box#pickupLocation
🤖 CYBORG 🤖 2025-11-30T17:02:36,035 [scenario=DataBaseTest.createOrderPreQuestDatabase] STEP  [UI] - Selecting options [Bakery] in container with locator By.cssSelector: vaadin-combo-box#pickupLocation for select component VA_SELECT_TYPE
🤖 CYBORG 🤖 2025-11-30T17:02:36,593 [scenario=DataBaseTest.createOrderPreQuestDatabase] STEP  [UI] - Inserting values [Strawberry Bun] for select component VA_SELECT_TYPE using locator By.cssSelector: vaadin-combo-box#products
🤖 CYBORG 🤖 2025-11-30T17:02:36,597 [scenario=DataBaseTest.createOrderPreQuestDatabase] STEP  [UI] - Selecting options [Strawberry Bun] in container with locator By.cssSelector: vaadin-combo-box#products for select component VA_SELECT_TYPE
🤖 CYBORG 🤖 2025-11-30T17:02:37,128 [scenario=DataBaseTest.createOrderPreQuestDatabase] INFO  [UI] - Finished data insertion for [Order].
🤖 CYBORG 🤖 2025-11-30T17:02:37,190 [scenario=DataBaseTest.createOrderPreQuestDatabase] STEP  [UI] - Clicking button using locator: By.cssSelector: vaadin-button#review
🤖 CYBORG 🤖 2025-11-30T17:02:37,991 [scenario=DataBaseTest.createOrderPreQuestDatabase] STEP  [UI] - Clicking button using locator: By.cssSelector: vaadin-button#save
🤖 CYBORG 🤖 2025-11-30T17:02:38,689 [scenario=DataBaseTest.createOrderPreQuestDatabase] INFO  [QUEST] - The quest has used the ring: 'io.cyborgcode.ui.complex.test.framework.ui.AppUiService'
🤖 CYBORG 🤖 2025-11-30T17:02:38,745 [scenario=DataBaseTest.createOrderPreQuestDatabase] STEP  [UI] - Inserting value: 'John Terry' into input component of type: 'VA_INPUT_TYPE'.
🤖 CYBORG 🤖 2025-11-30T17:02:38,965 [scenario=DataBaseTest.createOrderPreQuestDatabase] VALIDATION [QUEST] - Starting hard validation...
🤖 CYBORG 🤖 2025-11-30T17:02:39,141 [scenario=DataBaseTest.createOrderPreQuestDatabase] VALIDATION [QUEST] - Hard validation completed successfully.
🤖 CYBORG 🤖 2025-11-30T17:02:39,197 [scenario=DataBaseTest.createOrderPreQuestDatabase] STEP  [UI] - Clicking button using locator: By.cssSelector: vaadin-button#clear
🤖 CYBORG 🤖 2025-11-30T17:02:39,898 [scenario=DataBaseTest.createOrderPreQuestDatabase] INFO  [QUEST] - The quest has dropped the ring.
🤖 CYBORG 🤖 2025-11-30T17:02:39,900 [scenario=DataBaseTest.createOrderPreQuestDatabase] INFO  [QUEST] - The quest has used the ring: 'DB'
🤖 CYBORG 🤖 2025-11-30T17:02:39,926 [scenario=DataBaseTest.createOrderPreQuestDatabase] INFO  [DB] - Obtained database connection for: AppDb
🤖 CYBORG 🤖 2025-11-30T17:02:39,928 [scenario=DataBaseTest.createOrderPreQuestDatabase] STEP  [DB] - Executing database query: SELECT product FROM orders WHERE id = 1
🤖 CYBORG 🤖 2025-11-30T17:02:39,930 [scenario=DataBaseTest.createOrderPreQuestDatabase] STEP  [DB] - Query 'SELECT product FROM orders WHERE id = 1' executed in 0ms, result count: 1
🤖 CYBORG 🤖 2025-11-30T17:02:39,932 [scenario=DataBaseTest.createOrderPreQuestDatabase] INFO  [DB] - Starting query response validation with 1 assertion(s).
🤖 CYBORG 🤖 2025-11-30T17:02:39,935 [scenario=DataBaseTest.createOrderPreQuestDatabase] VALIDATION [QUEST] - ✔ Validation passed: EQUALS_IGNORE_CASE (Expected: Strawberry Bun, Actual: Strawberry Bun)
🤖 CYBORG 🤖 2025-11-30T17:02:39,936 [scenario=DataBaseTest.createOrderPreQuestDatabase] INFO  [QUEST] - The quest has dropped the ring.
🤖 CYBORG 🤖 2025-11-30T17:02:39,938 [scenario=DataBaseTest.createOrderPreQuestDatabase] INFO  [QUEST] - The quest has reached his end
🤖 CYBORG 🤖 2025-11-30T17:02:39,941 [scenario=DataBaseTest.createOrderPreQuestDatabase] WARN  [UI] - Test failed. Taking screenshot for: createOrderPreQuestDatabase(Quest, Order)
🤖 CYBORG 🤖 2025-11-30T17:02:40,106 [scenario=DataBaseTest.createOrderPreQuestDatabase] INFO  [QUEST] - Screenshot taken and stored for: createOrderPreQuestDatabase(Quest, Order)
🤖 CYBORG 🤖 2025-11-30T17:02:40,193 [scenario=DataBaseTest.createOrderPreQuestDatabase] INFO  [UI] - WebDriver closed successfully.
🤖 CYBORG 🤖 2025-11-30T17:02:40,202 [scenario=DataBaseTest.createOrderPreQuestDatabase] INFO  [QUEST] - The quest of 'createOrderPreQuestDatabase(Quest, Order)' has concluded with glory. Status: SUCCESS. Duration: 30 seconds.