 CYBORG  2025-11-30T17:02:59,615 [scenario=AdvancedFeaturesTest.storageFeatureUsingDataFromFluentSteps] INFO  [UI] - Creating driver using provider [ChromeDriverProvider]. Headless: [true], Remote: [true], Remote URL: [http://localhost:4444]
 CYBORG  2025-11-30T17:02:59,984 [scenario=AdvancedFeaturesTest.storageFeatureUsingDataFromFluentSteps] INFO  [QUEST] - The quest: 'storageFeatureUsingDataFromFluentSteps(Quest, Seller)' has begun and is crafted.
 CYBORG  2025-11-30T17:03:00,009 [scenario=AdvancedFeaturesTest.storageFeatureUsingDataFromFluentSteps] INFO  [QUEST] - The quest has used the ring: 'Custom'
 CYBORG  2025-11-30T17:03:00,012 [scenario=AdvancedFeaturesTest.storageFeatureUsingDataFromFluentSteps] INFO  [QUEST] - The quest has used the ring: 'io.cyborgcode.ui.complex.test.framework.ui.AppUiService'
 CYBORG  2025-11-30T17:03:00,294 [scenario=AdvancedFeaturesTest.storageFeatureUsingDataFromFluentSteps] STEP  [UI] - Inserting value: 'admin@vaadin.com' into input component of type: 'VA_INPUT_TYPE'.
 CYBORG  2025-11-30T17:03:00,670 [scenario=AdvancedFeaturesTest.storageFeatureUsingDataFromFluentSteps] STEP  [UI] - Inserting value: 'admin' into input component of type: 'VA_INPUT_TYPE'.
 CYBORG  2025-11-30T17:03:00,887 [scenario=AdvancedFeaturesTest.storageFeatureUsingDataFromFluentSteps] STEP  [UI] - Clicking button using locator: By.tagName: vaadin-button
 CYBORG  2025-11-30T17:03:01,568 [scenario=AdvancedFeaturesTest.storageFeatureUsingDataFromFluentSteps] STEP  [UI] - Checking if button is visible using locator: By.cssSelector: vaadin-button#action
 CYBORG  2025-11-30T17:03:12,021 [scenario=AdvancedFeaturesTest.storageFeatureUsingDataFromFluentSteps] VALIDATION [QUEST] - Starting hard validation...
 CYBORG  2025-11-30T17:03:12,023 [scenario=AdvancedFeaturesTest.storageFeatureUsingDataFromFluentSteps] VALIDATION [QUEST] - Hard validation completed successfully.
 CYBORG  2025-11-30T17:03:12,067 [scenario=AdvancedFeaturesTest.storageFeatureUsingDataFromFluentSteps] STEP  [UI] - Checking if input component of type: 'VA_INPUT_TYPE' is enabled.
 CYBORG  2025-11-30T17:03:12,158 [scenario=AdvancedFeaturesTest.storageFeatureUsingDataFromFluentSteps] VALIDATION [QUEST] - Starting hard validation...
 CYBORG  2025-11-30T17:03:12,161 [scenario=AdvancedFeaturesTest.storageFeatureUsingDataFromFluentSteps] VALIDATION [QUEST] - Hard validation completed successfully.
 CYBORG  2025-11-30T17:03:12,163 [scenario=AdvancedFeaturesTest.storageFeatureUsingDataFromFluentSteps] INFO  [QUEST] - The quest has dropped the ring.
 CYBORG  2025-11-30T17:03:12,165 [scenario=AdvancedFeaturesTest.storageFeatureUsingDataFromFluentSteps] INFO  [QUEST] - The quest has used the ring: 'io.cyborgcode.ui.complex.test.framework.ui.AppUiService'
 CYBORG  2025-11-30T17:03:12,241 [scenario=AdvancedFeaturesTest.storageFeatureUsingDataFromFluentSteps] STEP  [UI] - Clicking button using locator: By.cssSelector: vaadin-button#action
 CYBORG  2025-11-30T17:03:12,665 [scenario=AdvancedFeaturesTest.storageFeatureUsingDataFromFluentSteps] STEP  [UI] - Getting available options in container with locator By.cssSelector: vaadin-combo-box#pickupLocation for select component VA_SELECT_TYPE
 CYBORG  2025-11-30T17:03:13,152 [scenario=AdvancedFeaturesTest.storageFeatureUsingDataFromFluentSteps] VALIDATION [QUEST] - Starting hard validation...
 CYBORG  2025-11-30T17:03:13,156 [scenario=AdvancedFeaturesTest.storageFeatureUsingDataFromFluentSteps] VALIDATION [QUEST] - Hard validation completed successfully.
 CYBORG  2025-11-30T17:03:13,158 [scenario=AdvancedFeaturesTest.storageFeatureUsingDataFromFluentSteps] VALIDATION [QUEST] - Starting hard validation...
 CYBORG  2025-11-30T17:03:13,162 [scenario=AdvancedFeaturesTest.storageFeatureUsingDataFromFluentSteps] VALIDATION [QUEST] - Hard validation completed successfully.
 CYBORG  2025-11-30T17:03:13,164 [scenario=AdvancedFeaturesTest.storageFeatureUsingDataFromFluentSteps] INFO  [QUEST] - The quest has dropped the ring.
 CYBORG  2025-11-30T17:03:13,165 [scenario=AdvancedFeaturesTest.storageFeatureUsingDataFromFluentSteps] INFO  [QUEST] - The quest has reached his end
 CYBORG  2025-11-30T17:03:13,167 [scenario=AdvancedFeaturesTest.storageFeatureUsingDataFromFluentSteps] WARN  [UI] - Test failed. Taking screenshot for: storageFeatureUsingDataFromFluentSteps(Quest, Seller)
 CYBORG  2025-11-30T17:03:13,357 [scenario=AdvancedFeaturesTest.storageFeatureUsingDataFromFluentSteps] INFO  [QUEST] - Screenshot taken and stored for: storageFeatureUsingDataFromFluentSteps(Quest, Seller)
 CYBORG  2025-11-30T17:03:13,445 [scenario=AdvancedFeaturesTest.storageFeatureUsingDataFromFluentSteps] INFO  [UI] - WebDriver closed successfully.
 CYBORG  2025-11-30T17:03:13,449 [scenario=AdvancedFeaturesTest.storageFeatureUsingDataFromFluentSteps] INFO  [QUEST] - The quest of 'storageFeatureUsingDataFromFluentSteps(Quest, Seller)' has concluded with glory. Status: SUCCESS. Duration: 13 seconds.