🤖 CYBORG 🤖 2025-11-30T17:03:13,521 [scenario=AdvancedFeaturesTest.ripperFeature] INFO  [UI] - Creating driver using provider [ChromeDriverProvider]. Headless: [true], Remote: [true], Remote URL: [http://localhost:4444]
🤖 CYBORG 🤖 2025-11-30T17:03:13,855 [scenario=AdvancedFeaturesTest.ripperFeature] INFO  [QUEST] - The quest: 'ripperFeature(Quest)' has begun and is crafted.
🤖 CYBORG 🤖 2025-11-30T17:03:13,857 [scenario=AdvancedFeaturesTest.ripperFeature] INFO  [QUEST] - The quest has used the ring: 'UI'
🤖 CYBORG 🤖 2025-11-30T17:03:14,097 [scenario=AdvancedFeaturesTest.ripperFeature] STEP  [UI] - Inserting value: 'admin@vaadin.com' into input component of type: 'VA_INPUT_TYPE'.
🤖 CYBORG 🤖 2025-11-30T17:03:14,437 [scenario=AdvancedFeaturesTest.ripperFeature] STEP  [UI] - Inserting value: 'admin' into input component of type: 'VA_INPUT_TYPE'.
🤖 CYBORG 🤖 2025-11-30T17:03:14,636 [scenario=AdvancedFeaturesTest.ripperFeature] STEP  [UI] - Clicking button using locator: By.tagName: vaadin-button
🤖 CYBORG 🤖 2025-11-30T17:03:15,301 [scenario=AdvancedFeaturesTest.ripperFeature] INFO  [QUEST] - The quest has used the ring: 'Custom'
🤖 CYBORG 🤖 2025-11-30T17:03:15,303 [scenario=AdvancedFeaturesTest.ripperFeature] INFO  [QUEST] - The quest has used the ring: 'io.cyborgcode.ui.complex.test.framework.ui.AppUiService'
🤖 CYBORG 🤖 2025-11-30T17:03:15,363 [scenario=AdvancedFeaturesTest.ripperFeature] STEP  [UI] - Clicking button using locator: By.cssSelector: vaadin-button#action
🤖 CYBORG 🤖 2025-11-30T17:03:15,752 [scenario=AdvancedFeaturesTest.ripperFeature] STEP  [UI] - Inserting value into component of type: 'VA_INPUT_TYPE' using locator.
🤖 CYBORG 🤖 2025-11-30T17:03:15,754 [scenario=AdvancedFeaturesTest.ripperFeature] STEP  [UI] - Inserting value: 'John Terry' into input component of type: 'VA_INPUT_TYPE'.
🤖 CYBORG 🤖 2025-11-30T17:03:16,084 [scenario=AdvancedFeaturesTest.ripperFeature] STEP  [UI] - Inserting value into component of type: 'VA_INPUT_TYPE' using locator.
🤖 CYBORG 🤖 2025-11-30T17:03:16,086 [scenario=AdvancedFeaturesTest.ripperFeature] STEP  [UI] - Inserting value: 'Address' into input component of type: 'VA_INPUT_TYPE'.
🤖 CYBORG 🤖 2025-11-30T17:03:16,455 [scenario=AdvancedFeaturesTest.ripperFeature] STEP  [UI] - Inserting value into component of type: 'VA_INPUT_TYPE' using locator.
🤖 CYBORG 🤖 2025-11-30T17:03:16,462 [scenario=AdvancedFeaturesTest.ripperFeature] STEP  [UI] - Inserting value: '+1-555-7777' into input component of type: 'VA_INPUT_TYPE'.
🤖 CYBORG 🤖 2025-11-30T17:03:16,728 [scenario=AdvancedFeaturesTest.ripperFeature] STEP  [UI] - Inserting values [Bakery] for select component VA_SELECT_TYPE using locator By.cssSelector: vaadin-combo-box#pickupLocation
🤖 CYBORG 🤖 2025-11-30T17:03:16,731 [scenario=AdvancedFeaturesTest.ripperFeature] STEP  [UI] - Selecting options [Bakery] in container with locator By.cssSelector: vaadin-combo-box#pickupLocation for select component VA_SELECT_TYPE
🤖 CYBORG 🤖 2025-11-30T17:03:17,244 [scenario=AdvancedFeaturesTest.ripperFeature] STEP  [UI] - Inserting values [Strawberry Bun] for select component VA_SELECT_TYPE using locator By.cssSelector: vaadin-combo-box#products
🤖 CYBORG 🤖 2025-11-30T17:03:17,247 [scenario=AdvancedFeaturesTest.ripperFeature] STEP  [UI] - Selecting options [Strawberry Bun] in container with locator By.cssSelector: vaadin-combo-box#products for select component VA_SELECT_TYPE
🤖 CYBORG 🤖 2025-11-30T17:03:17,645 [scenario=AdvancedFeaturesTest.ripperFeature] INFO  [UI] - Finished data insertion for [Order].
🤖 CYBORG 🤖 2025-11-30T17:03:17,747 [scenario=AdvancedFeaturesTest.ripperFeature] STEP  [UI] - Clicking button using locator: By.cssSelector: vaadin-button#review
🤖 CYBORG 🤖 2025-11-30T17:03:17,964 [scenario=AdvancedFeaturesTest.ripperFeature] STEP  [UI] - Clicking button using locator: By.cssSelector: vaadin-button#save
🤖 CYBORG 🤖 2025-11-30T17:03:18,620 [scenario=AdvancedFeaturesTest.ripperFeature] INFO  [QUEST] - The quest has used the ring: 'Custom'
🤖 CYBORG 🤖 2025-11-30T17:03:18,622 [scenario=AdvancedFeaturesTest.ripperFeature] INFO  [QUEST] - The quest has used the ring: 'io.cyborgcode.ui.complex.test.framework.ui.AppUiService'
🤖 CYBORG 🤖 2025-11-30T17:03:18,671 [scenario=AdvancedFeaturesTest.ripperFeature] STEP  [UI] - Inserting value: 'John Terry' into input component of type: 'VA_INPUT_TYPE'.
🤖 CYBORG 🤖 2025-11-30T17:03:18,921 [scenario=AdvancedFeaturesTest.ripperFeature] VALIDATION [QUEST] - Starting hard validation...
🤖 CYBORG 🤖 2025-11-30T17:03:19,108 [scenario=AdvancedFeaturesTest.ripperFeature] VALIDATION [QUEST] - Hard validation completed successfully.
🤖 CYBORG 🤖 2025-11-30T17:03:19,164 [scenario=AdvancedFeaturesTest.ripperFeature] STEP  [UI] - Clicking button using locator: By.cssSelector: vaadin-button#clear
🤖 CYBORG 🤖 2025-11-30T17:03:19,399 [scenario=AdvancedFeaturesTest.ripperFeature] INFO  [QUEST] - The quest has dropped the ring.
🤖 CYBORG 🤖 2025-11-30T17:03:19,402 [scenario=AdvancedFeaturesTest.ripperFeature] INFO  [QUEST] - The quest has reached his end
🤖 CYBORG 🤖 2025-11-30T17:03:19,403 [scenario=AdvancedFeaturesTest.ripperFeature] WARN  [UI] - Test failed. Taking screenshot for: ripperFeature(Quest)
🤖 CYBORG 🤖 2025-11-30T17:03:19,616 [scenario=AdvancedFeaturesTest.ripperFeature] INFO  [QUEST] - Screenshot taken and stored for: ripperFeature(Quest)
🤖 CYBORG 🤖 2025-11-30T17:03:19,618 [scenario=AdvancedFeaturesTest.ripperFeature] INFO  [QUEST] - The ripper has arrived
🤖 CYBORG 🤖 2025-11-30T17:03:19,637 [scenario=AdvancedFeaturesTest.ripperFeature] INFO  [QUEST] - The quest has used the ring: 'DB'
🤖 CYBORG 🤖 2025-11-30T17:03:19,659 [scenario=AdvancedFeaturesTest.ripperFeature] INFO  [DB] - Obtained database connection for: AppDb
🤖 CYBORG 🤖 2025-11-30T17:03:19,661 [scenario=AdvancedFeaturesTest.ripperFeature] STEP  [DB] - Executing database query: SELECT * FROM orders
🤖 CYBORG 🤖 2025-11-30T17:03:19,680 [scenario=AdvancedFeaturesTest.ripperFeature] STEP  [DB] - Query 'SELECT * FROM orders' executed in 18ms, result count: 2
🤖 CYBORG 🤖 2025-11-30T17:03:19,701 [scenario=AdvancedFeaturesTest.ripperFeature] INFO  [DB] - Obtained database connection for: AppDb
🤖 CYBORG 🤖 2025-11-30T17:03:19,703 [scenario=AdvancedFeaturesTest.ripperFeature] STEP  [DB] - Executing database query: DELETE FROM orders WHERE id = 1
🤖 CYBORG 🤖 2025-11-30T17:03:19,707 [scenario=AdvancedFeaturesTest.ripperFeature] INFO  [DB] - Starting query response validation with 1 assertion(s).
🤖 CYBORG 🤖 2025-11-30T17:03:19,760 [scenario=AdvancedFeaturesTest.ripperFeature] VALIDATION [QUEST] - ✔ Validation passed: IS (Expected: 1, Actual: 1)
🤖 CYBORG 🤖 2025-11-30T17:03:19,977 [scenario=AdvancedFeaturesTest.ripperFeature] INFO  [DB] - Obtained database connection for: AppDb
🤖 CYBORG 🤖 2025-11-30T17:03:19,979 [scenario=AdvancedFeaturesTest.ripperFeature] STEP  [DB] - Executing database query: SELECT product FROM orders WHERE id = 1
🤖 CYBORG 🤖 2025-11-30T17:03:19,981 [scenario=AdvancedFeaturesTest.ripperFeature] STEP  [DB] - Query 'SELECT product FROM orders WHERE id = 1' executed in 1ms, result count: 0
🤖 CYBORG 🤖 2025-11-30T17:03:19,983 [scenario=AdvancedFeaturesTest.ripperFeature] INFO  [DB] - Starting query response validation with 1 assertion(s).
🤖 CYBORG 🤖 2025-11-30T17:03:19,985 [scenario=AdvancedFeaturesTest.ripperFeature] VALIDATION [QUEST] - ✔ Validation passed: IS (Expected: 0, Actual: 0)
🤖 CYBORG 🤖 2025-11-30T17:03:19,987 [scenario=AdvancedFeaturesTest.ripperFeature] INFO  [QUEST] - DataRipper processed target: 'DELETE_CREATED_ORDERS'.
🤖 CYBORG 🤖 2025-11-30T17:03:19,990 [scenario=AdvancedFeaturesTest.ripperFeature] INFO  [QUEST] - The quest of 'ripperFeature(Quest)' has concluded with glory. Status: SUCCESS. Duration: 6 seconds.