🤖 CYBORG 🤖 2025-11-30T17:02:29,340 [scenario=AdvancedFeaturesTest.preconditionFeatureUsingMuliJourneysWithData] INFO  [UI] - Creating driver using provider [ChromeDriverProvider]. Headless: [true], Remote: [true], Remote URL: [http://localhost:4444]
🤖 CYBORG 🤖 2025-11-30T17:02:30,092 [scenario=AdvancedFeaturesTest.preconditionFeatureUsingMuliJourneysWithData] INFO  [QUEST] - The quest: 'preconditionFeatureUsingMuliJourneysWithData(Quest)' has begun and is crafted.
🤖 CYBORG 🤖 2025-11-30T17:02:30,147 [scenario=AdvancedFeaturesTest.preconditionFeatureUsingMuliJourneysWithData] INFO  [QUEST] - The quest has used the ring: 'Custom'
🤖 CYBORG 🤖 2025-11-30T17:02:30,150 [scenario=AdvancedFeaturesTest.preconditionFeatureUsingMuliJourneysWithData] INFO  [QUEST] - The quest has used the ring: 'io.cyborgcode.ui.complex.test.framework.ui.AppUiService'
🤖 CYBORG 🤖 2025-11-30T17:02:30,447 [scenario=AdvancedFeaturesTest.preconditionFeatureUsingMuliJourneysWithData] STEP  [UI] - Inserting value: 'admin@vaadin.com' into input component of type: 'VA_INPUT_TYPE'.
🤖 CYBORG 🤖 2025-11-30T17:02:30,895 [scenario=AdvancedFeaturesTest.preconditionFeatureUsingMuliJourneysWithData] STEP  [UI] - Inserting value: 'admin' into input component of type: 'VA_INPUT_TYPE'.
🤖 CYBORG 🤖 2025-11-30T17:02:31,154 [scenario=AdvancedFeaturesTest.preconditionFeatureUsingMuliJourneysWithData] STEP  [UI] - Clicking button using locator: By.tagName: vaadin-button
🤖 CYBORG 🤖 2025-11-30T17:02:31,953 [scenario=AdvancedFeaturesTest.preconditionFeatureUsingMuliJourneysWithData] STEP  [UI] - Checking if button is visible using locator: By.cssSelector: vaadin-button#action
🤖 CYBORG 🤖 2025-11-30T17:02:42,101 [scenario=AdvancedFeaturesTest.preconditionFeatureUsingMuliJourneysWithData] VALIDATION [QUEST] - Starting hard validation...
🤖 CYBORG 🤖 2025-11-30T17:02:42,103 [scenario=AdvancedFeaturesTest.preconditionFeatureUsingMuliJourneysWithData] VALIDATION [QUEST] - Hard validation completed successfully.
🤖 CYBORG 🤖 2025-11-30T17:02:42,162 [scenario=AdvancedFeaturesTest.preconditionFeatureUsingMuliJourneysWithData] STEP  [UI] - Checking if input component of type: 'VA_INPUT_TYPE' is enabled.
🤖 CYBORG 🤖 2025-11-30T17:02:42,261 [scenario=AdvancedFeaturesTest.preconditionFeatureUsingMuliJourneysWithData] VALIDATION [QUEST] - Starting hard validation...
🤖 CYBORG 🤖 2025-11-30T17:02:42,264 [scenario=AdvancedFeaturesTest.preconditionFeatureUsingMuliJourneysWithData] VALIDATION [QUEST] - Hard validation completed successfully.
🤖 CYBORG 🤖 2025-11-30T17:02:42,266 [scenario=AdvancedFeaturesTest.preconditionFeatureUsingMuliJourneysWithData] INFO  [QUEST] - The quest has dropped the ring.
🤖 CYBORG 🤖 2025-11-30T17:02:42,268 [scenario=AdvancedFeaturesTest.preconditionFeatureUsingMuliJourneysWithData] INFO  [QUEST] - The quest has used the ring: 'API'
🤖 CYBORG 🤖 2025-11-30T17:02:42,285 [scenario=AdvancedFeaturesTest.preconditionFeatureUsingMuliJourneysWithData] INFO  [API] - Prepared RequestSpecification with pathParams: {}, queryParams: {}, headers: {Cookie=[JSESSIONID=8C0B585DBCEBCA2F72DA17F9C890B40A; path=/; domain=bakery-flow.demo.vaadin.com; sameSite=Lax], Accept=[application/json], Content-Type=[application/json]}
🤖 CYBORG 🤖 2025-11-30T17:02:42,288 [scenario=AdvancedFeaturesTest.preconditionFeatureUsingMuliJourneysWithData] STEP  [API] - Sending request to endpoint POST-https://bakery-flow.demo.vaadin.com/storefront.
🤖 CYBORG 🤖 2025-11-30T17:02:42,474 [scenario=AdvancedFeaturesTest.preconditionFeatureUsingMuliJourneysWithData] STEP  [API] - Response with status: 200 received from endpoint: POST-https://bakery-flow.demo.vaadin.com/storefront in 183ms.
🤖 CYBORG 🤖 2025-11-30T17:02:42,500 [scenario=AdvancedFeaturesTest.preconditionFeatureUsingMuliJourneysWithData] INFO  [API] - Starting response validation with 1 assertion(s).
🤖 CYBORG 🤖 2025-11-30T17:02:42,503 [scenario=AdvancedFeaturesTest.preconditionFeatureUsingMuliJourneysWithData] VALIDATION [QUEST] - ✔ Validation passed: IS (Expected: 200, Actual: 200)
🤖 CYBORG 🤖 2025-11-30T17:02:42,538 [scenario=AdvancedFeaturesTest.preconditionFeatureUsingMuliJourneysWithData] INFO  [QUEST] - The quest has used the ring: 'Custom'
🤖 CYBORG 🤖 2025-11-30T17:02:42,541 [scenario=AdvancedFeaturesTest.preconditionFeatureUsingMuliJourneysWithData] INFO  [QUEST] - The quest has used the ring: 'io.cyborgcode.ui.complex.test.framework.ui.AppUiService'
🤖 CYBORG 🤖 2025-11-30T17:02:42,655 [scenario=AdvancedFeaturesTest.preconditionFeatureUsingMuliJourneysWithData] STEP  [UI] - Clicking button using locator: By.cssSelector: vaadin-button#action
🤖 CYBORG 🤖 2025-11-30T17:02:43,013 [scenario=AdvancedFeaturesTest.preconditionFeatureUsingMuliJourneysWithData] STEP  [UI] - Inserting value into component of type: 'VA_INPUT_TYPE' using locator.
🤖 CYBORG 🤖 2025-11-30T17:02:43,016 [scenario=AdvancedFeaturesTest.preconditionFeatureUsingMuliJourneysWithData] STEP  [UI] - Inserting value: 'John Terry' into input component of type: 'VA_INPUT_TYPE'.
🤖 CYBORG 🤖 2025-11-30T17:02:43,380 [scenario=AdvancedFeaturesTest.preconditionFeatureUsingMuliJourneysWithData] STEP  [UI] - Inserting value into component of type: 'VA_INPUT_TYPE' using locator.
🤖 CYBORG 🤖 2025-11-30T17:02:43,383 [scenario=AdvancedFeaturesTest.preconditionFeatureUsingMuliJourneysWithData] STEP  [UI] - Inserting value: 'Address' into input component of type: 'VA_INPUT_TYPE'.
🤖 CYBORG 🤖 2025-11-30T17:02:43,690 [scenario=AdvancedFeaturesTest.preconditionFeatureUsingMuliJourneysWithData] STEP  [UI] - Inserting value into component of type: 'VA_INPUT_TYPE' using locator.
🤖 CYBORG 🤖 2025-11-30T17:02:43,694 [scenario=AdvancedFeaturesTest.preconditionFeatureUsingMuliJourneysWithData] STEP  [UI] - Inserting value: '+1-555-7777' into input component of type: 'VA_INPUT_TYPE'.
🤖 CYBORG 🤖 2025-11-30T17:02:43,999 [scenario=AdvancedFeaturesTest.preconditionFeatureUsingMuliJourneysWithData] STEP  [UI] - Inserting values [Bakery] for select component VA_SELECT_TYPE using locator By.cssSelector: vaadin-combo-box#pickupLocation
🤖 CYBORG 🤖 2025-11-30T17:02:44,002 [scenario=AdvancedFeaturesTest.preconditionFeatureUsingMuliJourneysWithData] STEP  [UI] - Selecting options [Bakery] in container with locator By.cssSelector: vaadin-combo-box#pickupLocation for select component VA_SELECT_TYPE
🤖 CYBORG 🤖 2025-11-30T17:02:44,618 [scenario=AdvancedFeaturesTest.preconditionFeatureUsingMuliJourneysWithData] STEP  [UI] - Inserting values [Strawberry Bun] for select component VA_SELECT_TYPE using locator By.cssSelector: vaadin-combo-box#products
🤖 CYBORG 🤖 2025-11-30T17:02:44,621 [scenario=AdvancedFeaturesTest.preconditionFeatureUsingMuliJourneysWithData] STEP  [UI] - Selecting options [Strawberry Bun] in container with locator By.cssSelector: vaadin-combo-box#products for select component VA_SELECT_TYPE
🤖 CYBORG 🤖 2025-11-30T17:02:45,091 [scenario=AdvancedFeaturesTest.preconditionFeatureUsingMuliJourneysWithData] INFO  [UI] - Finished data insertion for [Order].
🤖 CYBORG 🤖 2025-11-30T17:02:45,217 [scenario=AdvancedFeaturesTest.preconditionFeatureUsingMuliJourneysWithData] STEP  [UI] - Clicking button using locator: By.cssSelector: vaadin-button#review
🤖 CYBORG 🤖 2025-11-30T17:02:45,463 [scenario=AdvancedFeaturesTest.preconditionFeatureUsingMuliJourneysWithData] STEP  [UI] - Clicking button using locator: By.cssSelector: vaadin-button#save
🤖 CYBORG 🤖 2025-11-30T17:02:46,144 [scenario=AdvancedFeaturesTest.preconditionFeatureUsingMuliJourneysWithData] INFO  [QUEST] - The quest has used the ring: 'Custom'
🤖 CYBORG 🤖 2025-11-30T17:02:46,147 [scenario=AdvancedFeaturesTest.preconditionFeatureUsingMuliJourneysWithData] INFO  [QUEST] - The quest has used the ring: 'io.cyborgcode.ui.complex.test.framework.ui.AppUiService'
🤖 CYBORG 🤖 2025-11-30T17:02:46,193 [scenario=AdvancedFeaturesTest.preconditionFeatureUsingMuliJourneysWithData] STEP  [UI] - Inserting value: 'John Terry' into input component of type: 'VA_INPUT_TYPE'.
🤖 CYBORG 🤖 2025-11-30T17:02:46,438 [scenario=AdvancedFeaturesTest.preconditionFeatureUsingMuliJourneysWithData] VALIDATION [QUEST] - Starting hard validation...
🤖 CYBORG 🤖 2025-11-30T17:02:46,617 [scenario=AdvancedFeaturesTest.preconditionFeatureUsingMuliJourneysWithData] VALIDATION [QUEST] - Hard validation completed successfully.
🤖 CYBORG 🤖 2025-11-30T17:02:46,675 [scenario=AdvancedFeaturesTest.preconditionFeatureUsingMuliJourneysWithData] STEP  [UI] - Clicking button using locator: By.cssSelector: vaadin-button#clear
🤖 CYBORG 🤖 2025-11-30T17:02:46,913 [scenario=AdvancedFeaturesTest.preconditionFeatureUsingMuliJourneysWithData] INFO  [QUEST] - The quest has dropped the ring.
🤖 CYBORG 🤖 2025-11-30T17:02:46,916 [scenario=AdvancedFeaturesTest.preconditionFeatureUsingMuliJourneysWithData] INFO  [QUEST] - The quest has reached his end
🤖 CYBORG 🤖 2025-11-30T17:02:46,918 [scenario=AdvancedFeaturesTest.preconditionFeatureUsingMuliJourneysWithData] WARN  [UI] - Test failed. Taking screenshot for: preconditionFeatureUsingMuliJourneysWithData(Quest)
🤖 CYBORG 🤖 2025-11-30T17:02:47,102 [scenario=AdvancedFeaturesTest.preconditionFeatureUsingMuliJourneysWithData] INFO  [QUEST] - Screenshot taken and stored for: preconditionFeatureUsingMuliJourneysWithData(Quest)
🤖 CYBORG 🤖 2025-11-30T17:02:47,197 [scenario=AdvancedFeaturesTest.preconditionFeatureUsingMuliJourneysWithData] INFO  [UI] - WebDriver closed successfully.
🤖 CYBORG 🤖 2025-11-30T17:02:47,204 [scenario=AdvancedFeaturesTest.preconditionFeatureUsingMuliJourneysWithData] INFO  [QUEST] - The quest of 'preconditionFeatureUsingMuliJourneysWithData(Quest)' has concluded with glory. Status: SUCCESS. Duration: 17 seconds.