🤖 CYBORG 🤖 2025-11-30T17:02:13,669 [scenario=AdvancedFeaturesTest.authenticationFeatureWithCacheCredentials] INFO  [UI] - Chrome driver is downloaded with a compatible version for the installed browser
🤖 CYBORG 🤖 2025-11-30T17:02:13,685 [scenario=AdvancedFeaturesTest.authenticationFeatureWithCacheCredentials] INFO  [UI] - Creating driver using provider [ChromeDriverProvider]. Headless: [true], Remote: [true], Remote URL: [http://localhost:4444]
🤖 CYBORG 🤖 2025-11-30T17:02:15,363 [scenario=AdvancedFeaturesTest.authenticationFeatureWithCacheCredentials] INFO  [QUEST] - The quest: 'authenticationFeatureWithCacheCredentials(Quest, Order)' has begun and is crafted.
🤖 CYBORG 🤖 2025-11-30T17:02:15,371 [scenario=AdvancedFeaturesTest.authenticationFeatureWithCacheCredentials] INFO  [QUEST] - The quest has used the ring: 'UI'
🤖 CYBORG 🤖 2025-11-30T17:02:18,425 [scenario=AdvancedFeaturesTest.authenticationFeatureWithCacheCredentials] STEP  [UI] - Inserting value: 'admin@vaadin.com' into input component of type: 'VA_INPUT_TYPE'.
🤖 CYBORG 🤖 2025-11-30T17:02:18,958 [scenario=AdvancedFeaturesTest.authenticationFeatureWithCacheCredentials] STEP  [UI] - Inserting value: 'admin' into input component of type: 'VA_INPUT_TYPE'.
🤖 CYBORG 🤖 2025-11-30T17:02:19,364 [scenario=AdvancedFeaturesTest.authenticationFeatureWithCacheCredentials] STEP  [UI] - Clicking button using locator: By.tagName: vaadin-button
🤖 CYBORG 🤖 2025-11-30T17:02:22,218 [scenario=AdvancedFeaturesTest.authenticationFeatureWithCacheCredentials] INFO  [QUEST] - The quest has used the ring: 'API'
🤖 CYBORG 🤖 2025-11-30T17:02:22,550 [scenario=AdvancedFeaturesTest.authenticationFeatureWithCacheCredentials] INFO  [API] - Prepared RequestSpecification with pathParams: {}, queryParams: {}, headers: {Cookie=[JSESSIONID=19DCF20566A3F8F647F48B06CF79F907; path=/; domain=bakery-flow.demo.vaadin.com; sameSite=Lax], Accept=[application/json], Content-Type=[application/json]}
🤖 CYBORG 🤖 2025-11-30T17:02:22,844 [scenario=AdvancedFeaturesTest.authenticationFeatureWithCacheCredentials] STEP  [API] - Sending request to endpoint POST-https://bakery-flow.demo.vaadin.com/storefront.
🤖 CYBORG 🤖 2025-11-30T17:02:23,405 [scenario=AdvancedFeaturesTest.authenticationFeatureWithCacheCredentials] STEP  [API] - Response with status: 200 received from endpoint: POST-https://bakery-flow.demo.vaadin.com/storefront in 551ms.
🤖 CYBORG 🤖 2025-11-30T17:02:23,627 [scenario=AdvancedFeaturesTest.authenticationFeatureWithCacheCredentials] INFO  [API] - Starting response validation with 1 assertion(s).
🤖 CYBORG 🤖 2025-11-30T17:02:23,634 [scenario=AdvancedFeaturesTest.authenticationFeatureWithCacheCredentials] VALIDATION [QUEST] - ✔ Validation passed: IS (Expected: 200, Actual: 200)
🤖 CYBORG 🤖 2025-11-30T17:02:23,671 [scenario=AdvancedFeaturesTest.authenticationFeatureWithCacheCredentials] INFO  [QUEST] - The quest has dropped the ring.
🤖 CYBORG 🤖 2025-11-30T17:02:23,675 [scenario=AdvancedFeaturesTest.authenticationFeatureWithCacheCredentials] INFO  [QUEST] - The quest has used the ring: 'Custom'
🤖 CYBORG 🤖 2025-11-30T17:02:23,678 [scenario=AdvancedFeaturesTest.authenticationFeatureWithCacheCredentials] INFO  [QUEST] - The quest has used the ring: 'io.cyborgcode.ui.complex.test.framework.ui.AppUiService'
🤖 CYBORG 🤖 2025-11-30T17:02:23,824 [scenario=AdvancedFeaturesTest.authenticationFeatureWithCacheCredentials] STEP  [UI] - Clicking button using locator: By.cssSelector: vaadin-button#action
🤖 CYBORG 🤖 2025-11-30T17:02:24,797 [scenario=AdvancedFeaturesTest.authenticationFeatureWithCacheCredentials] STEP  [UI] - Inserting value into component of type: 'VA_INPUT_TYPE' using locator.
🤖 CYBORG 🤖 2025-11-30T17:02:24,804 [scenario=AdvancedFeaturesTest.authenticationFeatureWithCacheCredentials] STEP  [UI] - Inserting value: 'John Terry' into input component of type: 'VA_INPUT_TYPE'.
🤖 CYBORG 🤖 2025-11-30T17:02:25,213 [scenario=AdvancedFeaturesTest.authenticationFeatureWithCacheCredentials] STEP  [UI] - Inserting value into component of type: 'VA_INPUT_TYPE' using locator.
🤖 CYBORG 🤖 2025-11-30T17:02:25,217 [scenario=AdvancedFeaturesTest.authenticationFeatureWithCacheCredentials] STEP  [UI] - Inserting value: 'Address' into input component of type: 'VA_INPUT_TYPE'.
🤖 CYBORG 🤖 2025-11-30T17:02:25,552 [scenario=AdvancedFeaturesTest.authenticationFeatureWithCacheCredentials] STEP  [UI] - Inserting value into component of type: 'VA_INPUT_TYPE' using locator.
🤖 CYBORG 🤖 2025-11-30T17:02:25,555 [scenario=AdvancedFeaturesTest.authenticationFeatureWithCacheCredentials] STEP  [UI] - Inserting value: '+1-555-7777' into input component of type: 'VA_INPUT_TYPE'.
🤖 CYBORG 🤖 2025-11-30T17:02:25,884 [scenario=AdvancedFeaturesTest.authenticationFeatureWithCacheCredentials] STEP  [UI] - Inserting values [Bakery] for select component VA_SELECT_TYPE using locator By.cssSelector: vaadin-combo-box#pickupLocation
🤖 CYBORG 🤖 2025-11-30T17:02:25,899 [scenario=AdvancedFeaturesTest.authenticationFeatureWithCacheCredentials] STEP  [UI] - Selecting options [Bakery] in container with locator By.cssSelector: vaadin-combo-box#pickupLocation for select component VA_SELECT_TYPE
🤖 CYBORG 🤖 2025-11-30T17:02:26,479 [scenario=AdvancedFeaturesTest.authenticationFeatureWithCacheCredentials] STEP  [UI] - Inserting values [Strawberry Bun] for select component VA_SELECT_TYPE using locator By.cssSelector: vaadin-combo-box#products
🤖 CYBORG 🤖 2025-11-30T17:02:26,482 [scenario=AdvancedFeaturesTest.authenticationFeatureWithCacheCredentials] STEP  [UI] - Selecting options [Strawberry Bun] in container with locator By.cssSelector: vaadin-combo-box#products for select component VA_SELECT_TYPE
🤖 CYBORG 🤖 2025-11-30T17:02:26,998 [scenario=AdvancedFeaturesTest.authenticationFeatureWithCacheCredentials] INFO  [UI] - Finished data insertion for [Order].
🤖 CYBORG 🤖 2025-11-30T17:02:27,117 [scenario=AdvancedFeaturesTest.authenticationFeatureWithCacheCredentials] STEP  [UI] - Clicking button using locator: By.cssSelector: vaadin-button#review
🤖 CYBORG 🤖 2025-11-30T17:02:27,381 [scenario=AdvancedFeaturesTest.authenticationFeatureWithCacheCredentials] STEP  [UI] - Clicking button using locator: By.cssSelector: vaadin-button#save
🤖 CYBORG 🤖 2025-11-30T17:02:28,107 [scenario=AdvancedFeaturesTest.authenticationFeatureWithCacheCredentials] INFO  [QUEST] - The quest has used the ring: 'io.cyborgcode.ui.complex.test.framework.ui.AppUiService'
🤖 CYBORG 🤖 2025-11-30T17:02:28,168 [scenario=AdvancedFeaturesTest.authenticationFeatureWithCacheCredentials] STEP  [UI] - Inserting value: 'John Terry' into input component of type: 'VA_INPUT_TYPE'.
🤖 CYBORG 🤖 2025-11-30T17:02:28,424 [scenario=AdvancedFeaturesTest.authenticationFeatureWithCacheCredentials] VALIDATION [QUEST] - Starting hard validation...
🤖 CYBORG 🤖 2025-11-30T17:02:28,650 [scenario=AdvancedFeaturesTest.authenticationFeatureWithCacheCredentials] VALIDATION [QUEST] - Hard validation completed successfully.
🤖 CYBORG 🤖 2025-11-30T17:02:28,728 [scenario=AdvancedFeaturesTest.authenticationFeatureWithCacheCredentials] STEP  [UI] - Clicking button using locator: By.cssSelector: vaadin-button#clear
🤖 CYBORG 🤖 2025-11-30T17:02:28,979 [scenario=AdvancedFeaturesTest.authenticationFeatureWithCacheCredentials] INFO  [QUEST] - The quest has dropped the ring.
🤖 CYBORG 🤖 2025-11-30T17:02:28,982 [scenario=AdvancedFeaturesTest.authenticationFeatureWithCacheCredentials] INFO  [QUEST] - The quest has reached his end
🤖 CYBORG 🤖 2025-11-30T17:02:28,986 [scenario=AdvancedFeaturesTest.authenticationFeatureWithCacheCredentials] WARN  [UI] - Test failed. Taking screenshot for: authenticationFeatureWithCacheCredentials(Quest, Order)
🤖 CYBORG 🤖 2025-11-30T17:02:29,180 [scenario=AdvancedFeaturesTest.authenticationFeatureWithCacheCredentials] INFO  [QUEST] - Screenshot taken and stored for: authenticationFeatureWithCacheCredentials(Quest, Order)
🤖 CYBORG 🤖 2025-11-30T17:02:29,192 [scenario=AdvancedFeaturesTest.authenticationFeatureWithCacheCredentials] INFO  [QUEST] - The quest of 'authenticationFeatureWithCacheCredentials(Quest, Order)' has concluded with glory. Status: SUCCESS. Duration: 18 seconds.