 CYBORG  2025-11-30T17:03:20,050 [scenario=AdvancedFeaturesTest.craftAndInsertionFeatures] INFO  [UI] - Creating driver using provider [ChromeDriverProvider]. Headless: [true], Remote: [true], Remote URL: [http://localhost:4444]
 CYBORG  2025-11-30T17:03:20,387 [scenario=AdvancedFeaturesTest.craftAndInsertionFeatures] INFO  [QUEST] - The quest: 'craftAndInsertionFeatures(Quest, Seller, Order)' has begun and is crafted.
 CYBORG  2025-11-30T17:03:20,424 [scenario=AdvancedFeaturesTest.craftAndInsertionFeatures] INFO  [QUEST] - The quest has used the ring: 'io.cyborgcode.ui.complex.test.framework.ui.AppUiService'
 CYBORG  2025-11-30T17:03:20,672 [scenario=AdvancedFeaturesTest.craftAndInsertionFeatures] STEP  [UI] - Inserting value into component of type: 'VA_INPUT_TYPE' using locator.
 CYBORG  2025-11-30T17:03:20,675 [scenario=AdvancedFeaturesTest.craftAndInsertionFeatures] STEP  [UI] - Inserting value: 'admin@vaadin.com' into input component of type: 'VA_INPUT_TYPE'.
 CYBORG  2025-11-30T17:03:21,019 [scenario=AdvancedFeaturesTest.craftAndInsertionFeatures] STEP  [UI] - Inserting value into component of type: 'VA_INPUT_TYPE' using locator.
 CYBORG  2025-11-30T17:03:21,021 [scenario=AdvancedFeaturesTest.craftAndInsertionFeatures] STEP  [UI] - Inserting value: 'admin' into input component of type: 'VA_INPUT_TYPE'.
 CYBORG  2025-11-30T17:03:21,186 [scenario=AdvancedFeaturesTest.craftAndInsertionFeatures] INFO  [UI] - Finished data insertion for [Seller].
 CYBORG  2025-11-30T17:03:21,230 [scenario=AdvancedFeaturesTest.craftAndInsertionFeatures] STEP  [UI] - Clicking button using locator: By.tagName: vaadin-button
 CYBORG  2025-11-30T17:03:21,866 [scenario=AdvancedFeaturesTest.craftAndInsertionFeatures] STEP  [UI] - Clicking button using locator: By.cssSelector: vaadin-button#action
 CYBORG  2025-11-30T17:03:22,239 [scenario=AdvancedFeaturesTest.craftAndInsertionFeatures] STEP  [UI] - Inserting value into component of type: 'VA_INPUT_TYPE' using locator.
 CYBORG  2025-11-30T17:03:22,241 [scenario=AdvancedFeaturesTest.craftAndInsertionFeatures] STEP  [UI] - Inserting value: 'John Terry' into input component of type: 'VA_INPUT_TYPE'.
 CYBORG  2025-11-30T17:03:22,527 [scenario=AdvancedFeaturesTest.craftAndInsertionFeatures] STEP  [UI] - Inserting value into component of type: 'VA_INPUT_TYPE' using locator.
 CYBORG  2025-11-30T17:03:22,530 [scenario=AdvancedFeaturesTest.craftAndInsertionFeatures] STEP  [UI] - Inserting value: 'Address' into input component of type: 'VA_INPUT_TYPE'.
 CYBORG  2025-11-30T17:03:22,836 [scenario=AdvancedFeaturesTest.craftAndInsertionFeatures] STEP  [UI] - Inserting value into component of type: 'VA_INPUT_TYPE' using locator.
 CYBORG  2025-11-30T17:03:22,839 [scenario=AdvancedFeaturesTest.craftAndInsertionFeatures] STEP  [UI] - Inserting value: '+1-555-7777' into input component of type: 'VA_INPUT_TYPE'.
 CYBORG  2025-11-30T17:03:23,104 [scenario=AdvancedFeaturesTest.craftAndInsertionFeatures] STEP  [UI] - Inserting values [Bakery] for select component VA_SELECT_TYPE using locator By.cssSelector: vaadin-combo-box#pickupLocation
 CYBORG  2025-11-30T17:03:23,106 [scenario=AdvancedFeaturesTest.craftAndInsertionFeatures] STEP  [UI] - Selecting options [Bakery] in container with locator By.cssSelector: vaadin-combo-box#pickupLocation for select component VA_SELECT_TYPE
 CYBORG  2025-11-30T17:03:23,718 [scenario=AdvancedFeaturesTest.craftAndInsertionFeatures] STEP  [UI] - Inserting values [Strawberry Bun] for select component VA_SELECT_TYPE using locator By.cssSelector: vaadin-combo-box#products
 CYBORG  2025-11-30T17:03:23,720 [scenario=AdvancedFeaturesTest.craftAndInsertionFeatures] STEP  [UI] - Selecting options [Strawberry Bun] in container with locator By.cssSelector: vaadin-combo-box#products for select component VA_SELECT_TYPE
 CYBORG  2025-11-30T17:03:24,086 [scenario=AdvancedFeaturesTest.craftAndInsertionFeatures] INFO  [UI] - Finished data insertion for [Order].
 CYBORG  2025-11-30T17:03:24,194 [scenario=AdvancedFeaturesTest.craftAndInsertionFeatures] STEP  [UI] - Clicking button using locator: By.cssSelector: vaadin-button#review
 CYBORG  2025-11-30T17:03:24,422 [scenario=AdvancedFeaturesTest.craftAndInsertionFeatures] STEP  [UI] - Clicking button using locator: By.cssSelector: vaadin-button#save
 CYBORG  2025-11-30T17:03:25,085 [scenario=AdvancedFeaturesTest.craftAndInsertionFeatures] INFO  [QUEST] - The quest has dropped the ring.
 CYBORG  2025-11-30T17:03:25,086 [scenario=AdvancedFeaturesTest.craftAndInsertionFeatures] INFO  [QUEST] - The quest has used the ring: 'Custom'
 CYBORG  2025-11-30T17:03:25,088 [scenario=AdvancedFeaturesTest.craftAndInsertionFeatures] INFO  [QUEST] - The quest has used the ring: 'io.cyborgcode.ui.complex.test.framework.ui.AppUiService'
 CYBORG  2025-11-30T17:03:25,127 [scenario=AdvancedFeaturesTest.craftAndInsertionFeatures] STEP  [UI] - Inserting value: 'John Terry' into input component of type: 'VA_INPUT_TYPE'.
 CYBORG  2025-11-30T17:03:25,343 [scenario=AdvancedFeaturesTest.craftAndInsertionFeatures] VALIDATION [QUEST] - Starting hard validation...
 CYBORG  2025-11-30T17:03:25,521 [scenario=AdvancedFeaturesTest.craftAndInsertionFeatures] VALIDATION [QUEST] - Hard validation completed successfully.
 CYBORG  2025-11-30T17:03:25,571 [scenario=AdvancedFeaturesTest.craftAndInsertionFeatures] STEP  [UI] - Clicking button using locator: By.cssSelector: vaadin-button#clear
 CYBORG  2025-11-30T17:03:25,763 [scenario=AdvancedFeaturesTest.craftAndInsertionFeatures] INFO  [QUEST] - The quest has dropped the ring.
 CYBORG  2025-11-30T17:03:25,766 [scenario=AdvancedFeaturesTest.craftAndInsertionFeatures] INFO  [QUEST] - The quest has reached his end
 CYBORG  2025-11-30T17:03:25,767 [scenario=AdvancedFeaturesTest.craftAndInsertionFeatures] WARN  [UI] - Test failed. Taking screenshot for: craftAndInsertionFeatures(Quest, Seller, Order)
 CYBORG  2025-11-30T17:03:25,982 [scenario=AdvancedFeaturesTest.craftAndInsertionFeatures] INFO  [QUEST] - Screenshot taken and stored for: craftAndInsertionFeatures(Quest, Seller, Order)
 CYBORG  2025-11-30T17:03:26,060 [scenario=AdvancedFeaturesTest.craftAndInsertionFeatures] INFO  [UI] - WebDriver closed successfully.
 CYBORG  2025-11-30T17:03:26,065 [scenario=AdvancedFeaturesTest.craftAndInsertionFeatures] INFO  [QUEST] - The quest of 'craftAndInsertionFeatures(Quest, Seller, Order)' has concluded with glory. Status: SUCCESS. Duration: 6 seconds.