🤖 CYBORG 🤖 2025-11-30T18:08:11,763 [scenario=DataBaseTest.createOrderPreQuestDatabase] INFO  [UI] - Chrome driver is downloaded with a compatible version for the installed browser
🤖 CYBORG 🤖 2025-11-30T18:08:11,814 [scenario=DataBaseTest.createOrderPreQuestDatabase] INFO  [UI] - Creating driver using provider [ChromeDriverProvider]. Headless: [true], Remote: [true], Remote URL: [http://localhost:4444]
🤖 CYBORG 🤖 2025-11-30T18:08:13,649 [scenario=DataBaseTest.createOrderPreQuestDatabase] INFO  [QUEST] - The quest: 'createOrderPreQuestDatabase(Quest, Order)' has begun and is crafted.
🤖 CYBORG 🤖 2025-11-30T18:08:13,782 [scenario=DataBaseTest.createOrderPreQuestDatabase] INFO  [QUEST] - The quest has used the ring: 'DB'
🤖 CYBORG 🤖 2025-11-30T18:08:13,803 [scenario=DataBaseTest.createOrderPreQuestDatabase] INFO  [DB] - Obtained database connection for: AppDb
🤖 CYBORG 🤖 2025-11-30T18:08:13,807 [scenario=DataBaseTest.createOrderPreQuestDatabase] STEP  [DB] - Executing database query: SELECT email FROM sellers WHERE id = 1
🤖 CYBORG 🤖 2025-11-30T18:08:13,836 [scenario=DataBaseTest.createOrderPreQuestDatabase] STEP  [DB] - Query 'SELECT email FROM sellers WHERE id = 1' executed in 22ms, result count: 1
🤖 CYBORG 🤖 2025-11-30T18:08:13,848 [scenario=DataBaseTest.createOrderPreQuestDatabase] INFO  [DB] - Starting query response validation with 1 assertion(s).
🤖 CYBORG 🤖 2025-11-30T18:08:13,920 [scenario=DataBaseTest.createOrderPreQuestDatabase] VALIDATION [QUEST] - ✔ Validation passed: EQUALS_IGNORE_CASE (Expected: admin@vaadin.com, Actual: admin@vaadin.com)
🤖 CYBORG 🤖 2025-11-30T18:08:14,176 [scenario=DataBaseTest.createOrderPreQuestDatabase] INFO  [DB] - Obtained database connection for: AppDb
🤖 CYBORG 🤖 2025-11-30T18:08:14,179 [scenario=DataBaseTest.createOrderPreQuestDatabase] STEP  [DB] - Executing database query: SELECT password FROM sellers WHERE id = 1
🤖 CYBORG 🤖 2025-11-30T18:08:14,183 [scenario=DataBaseTest.createOrderPreQuestDatabase] STEP  [DB] - Query 'SELECT password FROM sellers WHERE id = 1' executed in 0ms, result count: 1
🤖 CYBORG 🤖 2025-11-30T18:08:14,186 [scenario=DataBaseTest.createOrderPreQuestDatabase] INFO  [DB] - Starting query response validation with 1 assertion(s).
🤖 CYBORG 🤖 2025-11-30T18:08:14,189 [scenario=DataBaseTest.createOrderPreQuestDatabase] VALIDATION [QUEST] - ✔ Validation passed: EQUALS_IGNORE_CASE (Expected: admin, Actual: admin)
🤖 CYBORG 🤖 2025-11-30T18:08:14,225 [scenario=DataBaseTest.createOrderPreQuestDatabase] INFO  [QUEST] - The quest has used the ring: 'Custom'
🤖 CYBORG 🤖 2025-11-30T18:08:14,228 [scenario=DataBaseTest.createOrderPreQuestDatabase] INFO  [QUEST] - The quest has used the ring: 'io.cyborgcode.ui.complex.test.framework.ui.AppUiService'
🤖 CYBORG 🤖 2025-11-30T18:08:14,567 [scenario=DataBaseTest.createOrderPreQuestDatabase] STEP  [UI] - Inserting value: 'admin@vaadin.com' into input component of type: 'VA_INPUT_TYPE'.
🤖 CYBORG 🤖 2025-11-30T18:08:15,077 [scenario=DataBaseTest.createOrderPreQuestDatabase] STEP  [UI] - Inserting value: 'admin' into input component of type: 'VA_INPUT_TYPE'.
🤖 CYBORG 🤖 2025-11-30T18:08:15,407 [scenario=DataBaseTest.createOrderPreQuestDatabase] STEP  [UI] - Clicking button using locator: By.tagName: vaadin-button
🤖 CYBORG 🤖 2025-11-30T18:08:16,155 [scenario=DataBaseTest.createOrderPreQuestDatabase] STEP  [UI] - Checking if button is visible using locator: By.cssSelector: vaadin-button#action
🤖 CYBORG 🤖 2025-11-30T18:08:36,330 [scenario=DataBaseTest.createOrderPreQuestDatabase] VALIDATION [QUEST] - Starting hard validation...
🤖 CYBORG 🤖 2025-11-30T18:08:36,348 [scenario=DataBaseTest.createOrderPreQuestDatabase] VALIDATION [QUEST] - Hard validation completed successfully.
🤖 CYBORG 🤖 2025-11-30T18:08:36,408 [scenario=DataBaseTest.createOrderPreQuestDatabase] STEP  [UI] - Checking if input component of type: 'VA_INPUT_TYPE' is enabled.
🤖 CYBORG 🤖 2025-11-30T18:08:36,513 [scenario=DataBaseTest.createOrderPreQuestDatabase] VALIDATION [QUEST] - Starting hard validation...
🤖 CYBORG 🤖 2025-11-30T18:08:36,516 [scenario=DataBaseTest.createOrderPreQuestDatabase] VALIDATION [QUEST] - Hard validation completed successfully.
🤖 CYBORG 🤖 2025-11-30T18:08:36,519 [scenario=DataBaseTest.createOrderPreQuestDatabase] INFO  [QUEST] - The quest has dropped the ring.
🤖 CYBORG 🤖 2025-11-30T18:08:36,521 [scenario=DataBaseTest.createOrderPreQuestDatabase] INFO  [QUEST] - The quest has used the ring: 'API'
🤖 CYBORG 🤖 2025-11-30T18:08:36,792 [scenario=DataBaseTest.createOrderPreQuestDatabase] INFO  [API] - Prepared RequestSpecification with pathParams: {}, queryParams: {}, headers: {Cookie=[JSESSIONID=599DA84D701F3408F2200372F7C0DB39; path=/; domain=bakery-flow.demo.vaadin.com; sameSite=Lax], Accept=[application/json], Content-Type=[application/json]}
🤖 CYBORG 🤖 2025-11-30T18:08:36,984 [scenario=DataBaseTest.createOrderPreQuestDatabase] STEP  [API] - Sending request to endpoint POST-https://bakery-flow.demo.vaadin.com/storefront.
🤖 CYBORG 🤖 2025-11-30T18:08:37,538 [scenario=DataBaseTest.createOrderPreQuestDatabase] STEP  [API] - Response with status: 200 received from endpoint: POST-https://bakery-flow.demo.vaadin.com/storefront in 550ms.
🤖 CYBORG 🤖 2025-11-30T18:08:37,696 [scenario=DataBaseTest.createOrderPreQuestDatabase] INFO  [API] - Starting response validation with 1 assertion(s).
🤖 CYBORG 🤖 2025-11-30T18:08:37,700 [scenario=DataBaseTest.createOrderPreQuestDatabase] VALIDATION [QUEST] - ✔ Validation passed: IS (Expected: 200, Actual: 200)
🤖 CYBORG 🤖 2025-11-30T18:08:37,702 [scenario=DataBaseTest.createOrderPreQuestDatabase] INFO  [QUEST] - The quest has used the ring: 'Custom'
🤖 CYBORG 🤖 2025-11-30T18:08:37,704 [scenario=DataBaseTest.createOrderPreQuestDatabase] INFO  [QUEST] - The quest has used the ring: 'io.cyborgcode.ui.complex.test.framework.ui.AppUiService'
🤖 CYBORG 🤖 2025-11-30T18:08:37,825 [scenario=DataBaseTest.createOrderPreQuestDatabase] STEP  [UI] - Clicking button using locator: By.cssSelector: vaadin-button#action
🤖 CYBORG 🤖 2025-11-30T18:08:38,706 [scenario=DataBaseTest.createOrderPreQuestDatabase] STEP  [UI] - Inserting value into component of type: 'VA_INPUT_TYPE' using locator.
🤖 CYBORG 🤖 2025-11-30T18:08:38,710 [scenario=DataBaseTest.createOrderPreQuestDatabase] STEP  [UI] - Inserting value: 'John Terry' into input component of type: 'VA_INPUT_TYPE'.
🤖 CYBORG 🤖 2025-11-30T18:08:39,001 [scenario=DataBaseTest.createOrderPreQuestDatabase] STEP  [UI] - Inserting value into component of type: 'VA_INPUT_TYPE' using locator.
🤖 CYBORG 🤖 2025-11-30T18:08:39,004 [scenario=DataBaseTest.createOrderPreQuestDatabase] STEP  [UI] - Inserting value: 'Address' into input component of type: 'VA_INPUT_TYPE'.
🤖 CYBORG 🤖 2025-11-30T18:08:39,357 [scenario=DataBaseTest.createOrderPreQuestDatabase] STEP  [UI] - Inserting value into component of type: 'VA_INPUT_TYPE' using locator.
🤖 CYBORG 🤖 2025-11-30T18:08:39,362 [scenario=DataBaseTest.createOrderPreQuestDatabase] STEP  [UI] - Inserting value: '+1-555-7777' into input component of type: 'VA_INPUT_TYPE'.
🤖 CYBORG 🤖 2025-11-30T18:08:39,630 [scenario=DataBaseTest.createOrderPreQuestDatabase] STEP  [UI] - Inserting values [Bakery] for select component VA_SELECT_TYPE using locator By.cssSelector: vaadin-combo-box#pickupLocation
🤖 CYBORG 🤖 2025-11-30T18:08:39,634 [scenario=DataBaseTest.createOrderPreQuestDatabase] STEP  [UI] - Selecting options [Bakery] in container with locator By.cssSelector: vaadin-combo-box#pickupLocation for select component VA_SELECT_TYPE
🤖 CYBORG 🤖 2025-11-30T18:08:40,231 [scenario=DataBaseTest.createOrderPreQuestDatabase] STEP  [UI] - Inserting values [Strawberry Bun] for select component VA_SELECT_TYPE using locator By.cssSelector: vaadin-combo-box#products
🤖 CYBORG 🤖 2025-11-30T18:08:40,233 [scenario=DataBaseTest.createOrderPreQuestDatabase] STEP  [UI] - Selecting options [Strawberry Bun] in container with locator By.cssSelector: vaadin-combo-box#products for select component VA_SELECT_TYPE
🤖 CYBORG 🤖 2025-11-30T18:08:40,666 [scenario=DataBaseTest.createOrderPreQuestDatabase] INFO  [UI] - Finished data insertion for [Order].
🤖 CYBORG 🤖 2025-11-30T18:08:40,787 [scenario=DataBaseTest.createOrderPreQuestDatabase] STEP  [UI] - Clicking button using locator: By.cssSelector: vaadin-button#review
🤖 CYBORG 🤖 2025-11-30T18:08:41,040 [scenario=DataBaseTest.createOrderPreQuestDatabase] STEP  [UI] - Clicking button using locator: By.cssSelector: vaadin-button#save
🤖 CYBORG 🤖 2025-11-30T18:08:41,711 [scenario=DataBaseTest.createOrderPreQuestDatabase] INFO  [QUEST] - The quest has used the ring: 'io.cyborgcode.ui.complex.test.framework.ui.AppUiService'
🤖 CYBORG 🤖 2025-11-30T18:08:41,757 [scenario=DataBaseTest.createOrderPreQuestDatabase] STEP  [UI] - Inserting value: 'John Terry' into input component of type: 'VA_INPUT_TYPE'.
🤖 CYBORG 🤖 2025-11-30T18:08:41,990 [scenario=DataBaseTest.createOrderPreQuestDatabase] VALIDATION [QUEST] - Starting hard validation...
🤖 CYBORG 🤖 2025-11-30T18:08:42,230 [scenario=DataBaseTest.createOrderPreQuestDatabase] VALIDATION [QUEST] - Hard validation completed successfully.
🤖 CYBORG 🤖 2025-11-30T18:08:42,296 [scenario=DataBaseTest.createOrderPreQuestDatabase] STEP  [UI] - Clicking button using locator: By.cssSelector: vaadin-button#clear
🤖 CYBORG 🤖 2025-11-30T18:08:42,483 [scenario=DataBaseTest.createOrderPreQuestDatabase] INFO  [QUEST] - The quest has dropped the ring.
🤖 CYBORG 🤖 2025-11-30T18:08:42,486 [scenario=DataBaseTest.createOrderPreQuestDatabase] INFO  [QUEST] - The quest has used the ring: 'DB'
🤖 CYBORG 🤖 2025-11-30T18:08:42,506 [scenario=DataBaseTest.createOrderPreQuestDatabase] INFO  [DB] - Obtained database connection for: AppDb
🤖 CYBORG 🤖 2025-11-30T18:08:42,509 [scenario=DataBaseTest.createOrderPreQuestDatabase] STEP  [DB] - Executing database query: SELECT product FROM orders WHERE id = 1
🤖 CYBORG 🤖 2025-11-30T18:08:42,511 [scenario=DataBaseTest.createOrderPreQuestDatabase] STEP  [DB] - Query 'SELECT product FROM orders WHERE id = 1' executed in 0ms, result count: 1
🤖 CYBORG 🤖 2025-11-30T18:08:42,514 [scenario=DataBaseTest.createOrderPreQuestDatabase] INFO  [DB] - Starting query response validation with 1 assertion(s).
🤖 CYBORG 🤖 2025-11-30T18:08:42,516 [scenario=DataBaseTest.createOrderPreQuestDatabase] VALIDATION [QUEST] - ✔ Validation passed: EQUALS_IGNORE_CASE (Expected: Strawberry Bun, Actual: Strawberry Bun)
🤖 CYBORG 🤖 2025-11-30T18:08:42,518 [scenario=DataBaseTest.createOrderPreQuestDatabase] INFO  [QUEST] - The quest has dropped the ring.
🤖 CYBORG 🤖 2025-11-30T18:08:42,520 [scenario=DataBaseTest.createOrderPreQuestDatabase] INFO  [QUEST] - The quest has reached his end
🤖 CYBORG 🤖 2025-11-30T18:08:42,523 [scenario=DataBaseTest.createOrderPreQuestDatabase] WARN  [UI] - Test failed. Taking screenshot for: createOrderPreQuestDatabase(Quest, Order)
🤖 CYBORG 🤖 2025-11-30T18:08:42,744 [scenario=DataBaseTest.createOrderPreQuestDatabase] INFO  [QUEST] - Screenshot taken and stored for: createOrderPreQuestDatabase(Quest, Order)
🤖 CYBORG 🤖 2025-11-30T18:08:42,838 [scenario=DataBaseTest.createOrderPreQuestDatabase] INFO  [UI] - WebDriver closed successfully.
🤖 CYBORG 🤖 2025-11-30T18:08:42,850 [scenario=DataBaseTest.createOrderPreQuestDatabase] INFO  [QUEST] - The quest of 'createOrderPreQuestDatabase(Quest, Order)' has concluded with glory. Status: SUCCESS. Duration: 33 seconds.