🤖 CYBORG 🤖 2025-11-30T18:09:40,086 [scenario=AdvancedFeaturesTest.ripperFeature] INFO  [UI] - Creating driver using provider [ChromeDriverProvider]. Headless: [true], Remote: [true], Remote URL: [http://localhost:4444]
🤖 CYBORG 🤖 2025-11-30T18:09:40,414 [scenario=AdvancedFeaturesTest.ripperFeature] INFO  [QUEST] - The quest: 'ripperFeature(Quest)' has begun and is crafted.
🤖 CYBORG 🤖 2025-11-30T18:09:40,416 [scenario=AdvancedFeaturesTest.ripperFeature] INFO  [QUEST] - The quest has used the ring: 'UI'
🤖 CYBORG 🤖 2025-11-30T18:09:41,393 [scenario=AdvancedFeaturesTest.ripperFeature] STEP  [UI] - Inserting value: 'admin@vaadin.com' into input component of type: 'VA_INPUT_TYPE'.
🤖 CYBORG 🤖 2025-11-30T18:09:41,684 [scenario=AdvancedFeaturesTest.ripperFeature] STEP  [UI] - Inserting value: 'admin' into input component of type: 'VA_INPUT_TYPE'.
🤖 CYBORG 🤖 2025-11-30T18:09:41,857 [scenario=AdvancedFeaturesTest.ripperFeature] STEP  [UI] - Clicking button using locator: By.tagName: vaadin-button
🤖 CYBORG 🤖 2025-11-30T18:09:42,661 [scenario=AdvancedFeaturesTest.ripperFeature] INFO  [QUEST] - The quest has used the ring: 'Custom'
🤖 CYBORG 🤖 2025-11-30T18:09:42,664 [scenario=AdvancedFeaturesTest.ripperFeature] INFO  [QUEST] - The quest has used the ring: 'io.cyborgcode.ui.complex.test.framework.ui.AppUiService'
🤖 CYBORG 🤖 2025-11-30T18:09:42,725 [scenario=AdvancedFeaturesTest.ripperFeature] STEP  [UI] - Clicking button using locator: By.cssSelector: vaadin-button#action
🤖 CYBORG 🤖 2025-11-30T18:09:43,502 [scenario=AdvancedFeaturesTest.ripperFeature] STEP  [UI] - Inserting value into component of type: 'VA_INPUT_TYPE' using locator.
🤖 CYBORG 🤖 2025-11-30T18:09:43,505 [scenario=AdvancedFeaturesTest.ripperFeature] STEP  [UI] - Inserting value: 'John Terry' into input component of type: 'VA_INPUT_TYPE'.
🤖 CYBORG 🤖 2025-11-30T18:09:43,763 [scenario=AdvancedFeaturesTest.ripperFeature] STEP  [UI] - Inserting value into component of type: 'VA_INPUT_TYPE' using locator.
🤖 CYBORG 🤖 2025-11-30T18:09:43,765 [scenario=AdvancedFeaturesTest.ripperFeature] STEP  [UI] - Inserting value: 'Address' into input component of type: 'VA_INPUT_TYPE'.
🤖 CYBORG 🤖 2025-11-30T18:09:43,971 [scenario=AdvancedFeaturesTest.ripperFeature] STEP  [UI] - Inserting value into component of type: 'VA_INPUT_TYPE' using locator.
🤖 CYBORG 🤖 2025-11-30T18:09:43,974 [scenario=AdvancedFeaturesTest.ripperFeature] STEP  [UI] - Inserting value: '+1-555-7777' into input component of type: 'VA_INPUT_TYPE'.
🤖 CYBORG 🤖 2025-11-30T18:09:44,234 [scenario=AdvancedFeaturesTest.ripperFeature] STEP  [UI] - Inserting values [Bakery] for select component VA_SELECT_TYPE using locator By.cssSelector: vaadin-combo-box#pickupLocation
🤖 CYBORG 🤖 2025-11-30T18:09:44,237 [scenario=AdvancedFeaturesTest.ripperFeature] STEP  [UI] - Selecting options [Bakery] in container with locator By.cssSelector: vaadin-combo-box#pickupLocation for select component VA_SELECT_TYPE
🤖 CYBORG 🤖 2025-11-30T18:09:44,706 [scenario=AdvancedFeaturesTest.ripperFeature] STEP  [UI] - Inserting values [Strawberry Bun] for select component VA_SELECT_TYPE using locator By.cssSelector: vaadin-combo-box#products
🤖 CYBORG 🤖 2025-11-30T18:09:44,708 [scenario=AdvancedFeaturesTest.ripperFeature] STEP  [UI] - Selecting options [Strawberry Bun] in container with locator By.cssSelector: vaadin-combo-box#products for select component VA_SELECT_TYPE
🤖 CYBORG 🤖 2025-11-30T18:09:45,109 [scenario=AdvancedFeaturesTest.ripperFeature] INFO  [UI] - Finished data insertion for [Order].
🤖 CYBORG 🤖 2025-11-30T18:09:45,153 [scenario=AdvancedFeaturesTest.ripperFeature] STEP  [UI] - Clicking button using locator: By.cssSelector: vaadin-button#review
🤖 CYBORG 🤖 2025-11-30T18:09:45,889 [scenario=AdvancedFeaturesTest.ripperFeature] STEP  [UI] - Clicking button using locator: By.cssSelector: vaadin-button#save
🤖 CYBORG 🤖 2025-11-30T18:09:46,552 [scenario=AdvancedFeaturesTest.ripperFeature] INFO  [QUEST] - The quest has used the ring: 'Custom'
🤖 CYBORG 🤖 2025-11-30T18:09:46,554 [scenario=AdvancedFeaturesTest.ripperFeature] INFO  [QUEST] - The quest has used the ring: 'io.cyborgcode.ui.complex.test.framework.ui.AppUiService'
🤖 CYBORG 🤖 2025-11-30T18:09:46,589 [scenario=AdvancedFeaturesTest.ripperFeature] STEP  [UI] - Inserting value: 'John Terry' into input component of type: 'VA_INPUT_TYPE'.
🤖 CYBORG 🤖 2025-11-30T18:09:46,782 [scenario=AdvancedFeaturesTest.ripperFeature] VALIDATION [QUEST] - Starting hard validation...
🤖 CYBORG 🤖 2025-11-30T18:09:46,913 [scenario=AdvancedFeaturesTest.ripperFeature] VALIDATION [QUEST] - Hard validation completed successfully.
🤖 CYBORG 🤖 2025-11-30T18:09:46,959 [scenario=AdvancedFeaturesTest.ripperFeature] STEP  [UI] - Clicking button using locator: By.cssSelector: vaadin-button#clear
🤖 CYBORG 🤖 2025-11-30T18:09:47,643 [scenario=AdvancedFeaturesTest.ripperFeature] INFO  [QUEST] - The quest has dropped the ring.
🤖 CYBORG 🤖 2025-11-30T18:09:47,644 [scenario=AdvancedFeaturesTest.ripperFeature] INFO  [QUEST] - The quest has reached his end
🤖 CYBORG 🤖 2025-11-30T18:09:47,646 [scenario=AdvancedFeaturesTest.ripperFeature] WARN  [UI] - Test failed. Taking screenshot for: ripperFeature(Quest)
🤖 CYBORG 🤖 2025-11-30T18:09:47,800 [scenario=AdvancedFeaturesTest.ripperFeature] INFO  [QUEST] - Screenshot taken and stored for: ripperFeature(Quest)
🤖 CYBORG 🤖 2025-11-30T18:09:47,802 [scenario=AdvancedFeaturesTest.ripperFeature] INFO  [QUEST] - The ripper has arrived
🤖 CYBORG 🤖 2025-11-30T18:09:47,817 [scenario=AdvancedFeaturesTest.ripperFeature] INFO  [QUEST] - The quest has used the ring: 'DB'
🤖 CYBORG 🤖 2025-11-30T18:09:47,826 [scenario=AdvancedFeaturesTest.ripperFeature] INFO  [DB] - Obtained database connection for: AppDb
🤖 CYBORG 🤖 2025-11-30T18:09:47,828 [scenario=AdvancedFeaturesTest.ripperFeature] STEP  [DB] - Executing database query: SELECT * FROM orders
🤖 CYBORG 🤖 2025-11-30T18:09:47,847 [scenario=AdvancedFeaturesTest.ripperFeature] STEP  [DB] - Query 'SELECT * FROM orders' executed in 17ms, result count: 2
🤖 CYBORG 🤖 2025-11-30T18:09:47,867 [scenario=AdvancedFeaturesTest.ripperFeature] INFO  [DB] - Obtained database connection for: AppDb
🤖 CYBORG 🤖 2025-11-30T18:09:47,869 [scenario=AdvancedFeaturesTest.ripperFeature] STEP  [DB] - Executing database query: DELETE FROM orders WHERE id = 1
🤖 CYBORG 🤖 2025-11-30T18:09:47,873 [scenario=AdvancedFeaturesTest.ripperFeature] INFO  [DB] - Starting query response validation with 1 assertion(s).
🤖 CYBORG 🤖 2025-11-30T18:09:47,919 [scenario=AdvancedFeaturesTest.ripperFeature] VALIDATION [QUEST] - ✔ Validation passed: IS (Expected: 1, Actual: 1)
🤖 CYBORG 🤖 2025-11-30T18:09:48,120 [scenario=AdvancedFeaturesTest.ripperFeature] INFO  [DB] - Obtained database connection for: AppDb
🤖 CYBORG 🤖 2025-11-30T18:09:48,121 [scenario=AdvancedFeaturesTest.ripperFeature] STEP  [DB] - Executing database query: SELECT product FROM orders WHERE id = 1
🤖 CYBORG 🤖 2025-11-30T18:09:48,123 [scenario=AdvancedFeaturesTest.ripperFeature] STEP  [DB] - Query 'SELECT product FROM orders WHERE id = 1' executed in 1ms, result count: 0
🤖 CYBORG 🤖 2025-11-30T18:09:48,124 [scenario=AdvancedFeaturesTest.ripperFeature] INFO  [DB] - Starting query response validation with 1 assertion(s).
🤖 CYBORG 🤖 2025-11-30T18:09:48,126 [scenario=AdvancedFeaturesTest.ripperFeature] VALIDATION [QUEST] - ✔ Validation passed: IS (Expected: 0, Actual: 0)
🤖 CYBORG 🤖 2025-11-30T18:09:48,127 [scenario=AdvancedFeaturesTest.ripperFeature] INFO  [QUEST] - DataRipper processed target: 'DELETE_CREATED_ORDERS'.
🤖 CYBORG 🤖 2025-11-30T18:09:48,131 [scenario=AdvancedFeaturesTest.ripperFeature] INFO  [QUEST] - The quest of 'ripperFeature(Quest)' has concluded with glory. Status: SUCCESS. Duration: 8 seconds.