 CYBORG  2025-11-30T18:09:07,681 [scenario=AdvancedFeaturesTest.storageFeatureUsingDataFromPreconditions] INFO  [UI] - Creating driver using provider [ChromeDriverProvider]. Headless: [true], Remote: [true], Remote URL: [http://localhost:4444]
 CYBORG  2025-11-30T18:09:08,024 [scenario=AdvancedFeaturesTest.storageFeatureUsingDataFromPreconditions] INFO  [QUEST] - The quest: 'storageFeatureUsingDataFromPreconditions(Quest)' has begun and is crafted.
 CYBORG  2025-11-30T18:09:08,026 [scenario=AdvancedFeaturesTest.storageFeatureUsingDataFromPreconditions] INFO  [QUEST] - The quest has used the ring: 'UI'
 CYBORG  2025-11-30T18:09:09,591 [scenario=AdvancedFeaturesTest.storageFeatureUsingDataFromPreconditions] INFO  [QUEST] - The quest has used the ring: 'Custom'
 CYBORG  2025-11-30T18:09:09,594 [scenario=AdvancedFeaturesTest.storageFeatureUsingDataFromPreconditions] INFO  [QUEST] - The quest has used the ring: 'io.cyborgcode.ui.complex.test.framework.ui.AppUiService'
 CYBORG  2025-11-30T18:09:09,678 [scenario=AdvancedFeaturesTest.storageFeatureUsingDataFromPreconditions] STEP  [UI] - Clicking button using locator: By.cssSelector: vaadin-button#action
 CYBORG  2025-11-30T18:09:10,465 [scenario=AdvancedFeaturesTest.storageFeatureUsingDataFromPreconditions] STEP  [UI] - Inserting value into component of type: 'VA_INPUT_TYPE' using locator.
 CYBORG  2025-11-30T18:09:10,468 [scenario=AdvancedFeaturesTest.storageFeatureUsingDataFromPreconditions] STEP  [UI] - Inserting value: 'John Terry' into input component of type: 'VA_INPUT_TYPE'.
 CYBORG  2025-11-30T18:09:10,773 [scenario=AdvancedFeaturesTest.storageFeatureUsingDataFromPreconditions] STEP  [UI] - Inserting value into component of type: 'VA_INPUT_TYPE' using locator.
 CYBORG  2025-11-30T18:09:10,776 [scenario=AdvancedFeaturesTest.storageFeatureUsingDataFromPreconditions] STEP  [UI] - Inserting value: 'Address' into input component of type: 'VA_INPUT_TYPE'.
 CYBORG  2025-11-30T18:09:11,051 [scenario=AdvancedFeaturesTest.storageFeatureUsingDataFromPreconditions] STEP  [UI] - Inserting value into component of type: 'VA_INPUT_TYPE' using locator.
 CYBORG  2025-11-30T18:09:11,054 [scenario=AdvancedFeaturesTest.storageFeatureUsingDataFromPreconditions] STEP  [UI] - Inserting value: '+1-555-7777' into input component of type: 'VA_INPUT_TYPE'.
 CYBORG  2025-11-30T18:09:11,358 [scenario=AdvancedFeaturesTest.storageFeatureUsingDataFromPreconditions] STEP  [UI] - Inserting values [Bakery] for select component VA_SELECT_TYPE using locator By.cssSelector: vaadin-combo-box#pickupLocation
 CYBORG  2025-11-30T18:09:11,361 [scenario=AdvancedFeaturesTest.storageFeatureUsingDataFromPreconditions] STEP  [UI] - Selecting options [Bakery] in container with locator By.cssSelector: vaadin-combo-box#pickupLocation for select component VA_SELECT_TYPE
 CYBORG  2025-11-30T18:09:11,811 [scenario=AdvancedFeaturesTest.storageFeatureUsingDataFromPreconditions] STEP  [UI] - Inserting values [Strawberry Bun] for select component VA_SELECT_TYPE using locator By.cssSelector: vaadin-combo-box#products
 CYBORG  2025-11-30T18:09:11,814 [scenario=AdvancedFeaturesTest.storageFeatureUsingDataFromPreconditions] STEP  [UI] - Selecting options [Strawberry Bun] in container with locator By.cssSelector: vaadin-combo-box#products for select component VA_SELECT_TYPE
 CYBORG  2025-11-30T18:09:12,208 [scenario=AdvancedFeaturesTest.storageFeatureUsingDataFromPreconditions] INFO  [UI] - Finished data insertion for [Order].
 CYBORG  2025-11-30T18:09:12,268 [scenario=AdvancedFeaturesTest.storageFeatureUsingDataFromPreconditions] STEP  [UI] - Clicking button using locator: By.cssSelector: vaadin-button#review
 CYBORG  2025-11-30T18:09:13,030 [scenario=AdvancedFeaturesTest.storageFeatureUsingDataFromPreconditions] STEP  [UI] - Clicking button using locator: By.cssSelector: vaadin-button#save
 CYBORG  2025-11-30T18:09:13,696 [scenario=AdvancedFeaturesTest.storageFeatureUsingDataFromPreconditions] INFO  [QUEST] - The quest has used the ring: 'Custom'
 CYBORG  2025-11-30T18:09:13,698 [scenario=AdvancedFeaturesTest.storageFeatureUsingDataFromPreconditions] INFO  [QUEST] - The quest has used the ring: 'io.cyborgcode.ui.complex.test.framework.ui.AppUiService'
 CYBORG  2025-11-30T18:09:13,739 [scenario=AdvancedFeaturesTest.storageFeatureUsingDataFromPreconditions] STEP  [UI] - Inserting value: 'John Terry' into input component of type: 'VA_INPUT_TYPE'.
 CYBORG  2025-11-30T18:09:13,959 [scenario=AdvancedFeaturesTest.storageFeatureUsingDataFromPreconditions] VALIDATION [QUEST] - Starting hard validation...
 CYBORG  2025-11-30T18:09:14,172 [scenario=AdvancedFeaturesTest.storageFeatureUsingDataFromPreconditions] VALIDATION [QUEST] - Hard validation completed successfully.
 CYBORG  2025-11-30T18:09:14,227 [scenario=AdvancedFeaturesTest.storageFeatureUsingDataFromPreconditions] STEP  [UI] - Clicking button using locator: By.cssSelector: vaadin-button#clear
 CYBORG  2025-11-30T18:09:14,917 [scenario=AdvancedFeaturesTest.storageFeatureUsingDataFromPreconditions] INFO  [QUEST] - The quest has dropped the ring.
 CYBORG  2025-11-30T18:09:14,919 [scenario=AdvancedFeaturesTest.storageFeatureUsingDataFromPreconditions] INFO  [QUEST] - The quest has reached his end
 CYBORG  2025-11-30T18:09:14,921 [scenario=AdvancedFeaturesTest.storageFeatureUsingDataFromPreconditions] WARN  [UI] - Test failed. Taking screenshot for: storageFeatureUsingDataFromPreconditions(Quest)
 CYBORG  2025-11-30T18:09:15,082 [scenario=AdvancedFeaturesTest.storageFeatureUsingDataFromPreconditions] INFO  [QUEST] - Screenshot taken and stored for: storageFeatureUsingDataFromPreconditions(Quest)
 CYBORG  2025-11-30T18:09:15,181 [scenario=AdvancedFeaturesTest.storageFeatureUsingDataFromPreconditions] INFO  [UI] - WebDriver closed successfully.
 CYBORG  2025-11-30T18:09:15,189 [scenario=AdvancedFeaturesTest.storageFeatureUsingDataFromPreconditions] INFO  [QUEST] - The quest of 'storageFeatureUsingDataFromPreconditions(Quest)' has concluded with glory. Status: SUCCESS. Duration: 7 seconds.