 CYBORG  2025-11-30T18:09:15,270 [scenario=AdvancedFeaturesTest.storageFeatureUsingDataFromFluentSteps] INFO  [UI] - Creating driver using provider [ChromeDriverProvider]. Headless: [true], Remote: [true], Remote URL: [http://localhost:4444]
 CYBORG  2025-11-30T18:09:15,605 [scenario=AdvancedFeaturesTest.storageFeatureUsingDataFromFluentSteps] INFO  [QUEST] - The quest: 'storageFeatureUsingDataFromFluentSteps(Quest, Seller)' has begun and is crafted.
 CYBORG  2025-11-30T18:09:15,641 [scenario=AdvancedFeaturesTest.storageFeatureUsingDataFromFluentSteps] INFO  [QUEST] - The quest has used the ring: 'Custom'
 CYBORG  2025-11-30T18:09:15,643 [scenario=AdvancedFeaturesTest.storageFeatureUsingDataFromFluentSteps] INFO  [QUEST] - The quest has used the ring: 'io.cyborgcode.ui.complex.test.framework.ui.AppUiService'
 CYBORG  2025-11-30T18:09:16,587 [scenario=AdvancedFeaturesTest.storageFeatureUsingDataFromFluentSteps] STEP  [UI] - Inserting value: 'admin@vaadin.com' into input component of type: 'VA_INPUT_TYPE'.
 CYBORG  2025-11-30T18:09:16,923 [scenario=AdvancedFeaturesTest.storageFeatureUsingDataFromFluentSteps] STEP  [UI] - Inserting value: 'admin' into input component of type: 'VA_INPUT_TYPE'.
 CYBORG  2025-11-30T18:09:17,129 [scenario=AdvancedFeaturesTest.storageFeatureUsingDataFromFluentSteps] STEP  [UI] - Clicking button using locator: By.tagName: vaadin-button
 CYBORG  2025-11-30T18:09:17,894 [scenario=AdvancedFeaturesTest.storageFeatureUsingDataFromFluentSteps] STEP  [UI] - Checking if button is visible using locator: By.cssSelector: vaadin-button#action
 CYBORG  2025-11-30T18:09:38,340 [scenario=AdvancedFeaturesTest.storageFeatureUsingDataFromFluentSteps] VALIDATION [QUEST] - Starting hard validation...
 CYBORG  2025-11-30T18:09:38,342 [scenario=AdvancedFeaturesTest.storageFeatureUsingDataFromFluentSteps] VALIDATION [QUEST] - Hard validation completed successfully.
 CYBORG  2025-11-30T18:09:38,386 [scenario=AdvancedFeaturesTest.storageFeatureUsingDataFromFluentSteps] STEP  [UI] - Checking if input component of type: 'VA_INPUT_TYPE' is enabled.
 CYBORG  2025-11-30T18:09:38,450 [scenario=AdvancedFeaturesTest.storageFeatureUsingDataFromFluentSteps] VALIDATION [QUEST] - Starting hard validation...
 CYBORG  2025-11-30T18:09:38,452 [scenario=AdvancedFeaturesTest.storageFeatureUsingDataFromFluentSteps] VALIDATION [QUEST] - Hard validation completed successfully.
 CYBORG  2025-11-30T18:09:38,454 [scenario=AdvancedFeaturesTest.storageFeatureUsingDataFromFluentSteps] INFO  [QUEST] - The quest has dropped the ring.
 CYBORG  2025-11-30T18:09:38,455 [scenario=AdvancedFeaturesTest.storageFeatureUsingDataFromFluentSteps] INFO  [QUEST] - The quest has used the ring: 'io.cyborgcode.ui.complex.test.framework.ui.AppUiService'
 CYBORG  2025-11-30T18:09:38,505 [scenario=AdvancedFeaturesTest.storageFeatureUsingDataFromFluentSteps] STEP  [UI] - Clicking button using locator: By.cssSelector: vaadin-button#action
 CYBORG  2025-11-30T18:09:39,200 [scenario=AdvancedFeaturesTest.storageFeatureUsingDataFromFluentSteps] STEP  [UI] - Getting available options in container with locator By.cssSelector: vaadin-combo-box#pickupLocation for select component VA_SELECT_TYPE
 CYBORG  2025-11-30T18:09:39,695 [scenario=AdvancedFeaturesTest.storageFeatureUsingDataFromFluentSteps] VALIDATION [QUEST] - Starting hard validation...
 CYBORG  2025-11-30T18:09:39,699 [scenario=AdvancedFeaturesTest.storageFeatureUsingDataFromFluentSteps] VALIDATION [QUEST] - Hard validation completed successfully.
 CYBORG  2025-11-30T18:09:39,701 [scenario=AdvancedFeaturesTest.storageFeatureUsingDataFromFluentSteps] VALIDATION [QUEST] - Starting hard validation...
 CYBORG  2025-11-30T18:09:39,705 [scenario=AdvancedFeaturesTest.storageFeatureUsingDataFromFluentSteps] VALIDATION [QUEST] - Hard validation completed successfully.
 CYBORG  2025-11-30T18:09:39,707 [scenario=AdvancedFeaturesTest.storageFeatureUsingDataFromFluentSteps] INFO  [QUEST] - The quest has dropped the ring.
 CYBORG  2025-11-30T18:09:39,709 [scenario=AdvancedFeaturesTest.storageFeatureUsingDataFromFluentSteps] INFO  [QUEST] - The quest has reached his end
 CYBORG  2025-11-30T18:09:39,711 [scenario=AdvancedFeaturesTest.storageFeatureUsingDataFromFluentSteps] WARN  [UI] - Test failed. Taking screenshot for: storageFeatureUsingDataFromFluentSteps(Quest, Seller)
 CYBORG  2025-11-30T18:09:39,925 [scenario=AdvancedFeaturesTest.storageFeatureUsingDataFromFluentSteps] INFO  [QUEST] - Screenshot taken and stored for: storageFeatureUsingDataFromFluentSteps(Quest, Seller)
 CYBORG  2025-11-30T18:09:40,005 [scenario=AdvancedFeaturesTest.storageFeatureUsingDataFromFluentSteps] INFO  [UI] - WebDriver closed successfully.
 CYBORG  2025-11-30T18:09:40,010 [scenario=AdvancedFeaturesTest.storageFeatureUsingDataFromFluentSteps] INFO  [QUEST] - The quest of 'storageFeatureUsingDataFromFluentSteps(Quest, Seller)' has concluded with glory. Status: SUCCESS. Duration: 24 seconds.