🤖 CYBORG 🤖 2025-11-30T18:08:24,452 [scenario=AdvancedFeaturesTest.authenticationFeatureWithCacheCredentials] INFO  [UI] - Chrome driver is downloaded with a compatible version for the installed browser
🤖 CYBORG 🤖 2025-11-30T18:08:24,467 [scenario=AdvancedFeaturesTest.authenticationFeatureWithCacheCredentials] INFO  [UI] - Creating driver using provider [ChromeDriverProvider]. Headless: [true], Remote: [true], Remote URL: [http://localhost:4444]
🤖 CYBORG 🤖 2025-11-30T18:08:26,199 [scenario=AdvancedFeaturesTest.authenticationFeatureWithCacheCredentials] INFO  [QUEST] - The quest: 'authenticationFeatureWithCacheCredentials(Quest, Order)' has begun and is crafted.
🤖 CYBORG 🤖 2025-11-30T18:08:26,210 [scenario=AdvancedFeaturesTest.authenticationFeatureWithCacheCredentials] INFO  [QUEST] - The quest has used the ring: 'UI'
🤖 CYBORG 🤖 2025-11-30T18:08:27,287 [scenario=AdvancedFeaturesTest.authenticationFeatureWithCacheCredentials] STEP  [UI] - Inserting value: 'admin@vaadin.com' into input component of type: 'VA_INPUT_TYPE'.
🤖 CYBORG 🤖 2025-11-30T18:08:27,743 [scenario=AdvancedFeaturesTest.authenticationFeatureWithCacheCredentials] STEP  [UI] - Inserting value: 'admin' into input component of type: 'VA_INPUT_TYPE'.
🤖 CYBORG 🤖 2025-11-30T18:08:28,138 [scenario=AdvancedFeaturesTest.authenticationFeatureWithCacheCredentials] STEP  [UI] - Clicking button using locator: By.tagName: vaadin-button
🤖 CYBORG 🤖 2025-11-30T18:08:29,054 [scenario=AdvancedFeaturesTest.authenticationFeatureWithCacheCredentials] INFO  [QUEST] - The quest has used the ring: 'API'
🤖 CYBORG 🤖 2025-11-30T18:08:29,378 [scenario=AdvancedFeaturesTest.authenticationFeatureWithCacheCredentials] INFO  [API] - Prepared RequestSpecification with pathParams: {}, queryParams: {}, headers: {Cookie=[JSESSIONID=E80A9DE1929EC2B2ECE415CE882BD3C7; path=/; domain=bakery-flow.demo.vaadin.com; sameSite=Lax], Accept=[application/json], Content-Type=[application/json]}
🤖 CYBORG 🤖 2025-11-30T18:08:29,631 [scenario=AdvancedFeaturesTest.authenticationFeatureWithCacheCredentials] STEP  [API] - Sending request to endpoint POST-https://bakery-flow.demo.vaadin.com/storefront.
🤖 CYBORG 🤖 2025-11-30T18:08:30,421 [scenario=AdvancedFeaturesTest.authenticationFeatureWithCacheCredentials] STEP  [API] - Response with status: 200 received from endpoint: POST-https://bakery-flow.demo.vaadin.com/storefront in 780ms.
🤖 CYBORG 🤖 2025-11-30T18:08:30,660 [scenario=AdvancedFeaturesTest.authenticationFeatureWithCacheCredentials] INFO  [API] - Starting response validation with 1 assertion(s).
🤖 CYBORG 🤖 2025-11-30T18:08:30,667 [scenario=AdvancedFeaturesTest.authenticationFeatureWithCacheCredentials] VALIDATION [QUEST] - ✔ Validation passed: IS (Expected: 200, Actual: 200)
🤖 CYBORG 🤖 2025-11-30T18:08:30,710 [scenario=AdvancedFeaturesTest.authenticationFeatureWithCacheCredentials] INFO  [QUEST] - The quest has dropped the ring.
🤖 CYBORG 🤖 2025-11-30T18:08:30,715 [scenario=AdvancedFeaturesTest.authenticationFeatureWithCacheCredentials] INFO  [QUEST] - The quest has used the ring: 'Custom'
🤖 CYBORG 🤖 2025-11-30T18:08:30,719 [scenario=AdvancedFeaturesTest.authenticationFeatureWithCacheCredentials] INFO  [QUEST] - The quest has used the ring: 'io.cyborgcode.ui.complex.test.framework.ui.AppUiService'
🤖 CYBORG 🤖 2025-11-30T18:08:30,830 [scenario=AdvancedFeaturesTest.authenticationFeatureWithCacheCredentials] STEP  [UI] - Clicking button using locator: By.cssSelector: vaadin-button#action
🤖 CYBORG 🤖 2025-11-30T18:08:31,888 [scenario=AdvancedFeaturesTest.authenticationFeatureWithCacheCredentials] STEP  [UI] - Inserting value into component of type: 'VA_INPUT_TYPE' using locator.
🤖 CYBORG 🤖 2025-11-30T18:08:31,898 [scenario=AdvancedFeaturesTest.authenticationFeatureWithCacheCredentials] STEP  [UI] - Inserting value: 'John Terry' into input component of type: 'VA_INPUT_TYPE'.
🤖 CYBORG 🤖 2025-11-30T18:08:32,355 [scenario=AdvancedFeaturesTest.authenticationFeatureWithCacheCredentials] STEP  [UI] - Inserting value into component of type: 'VA_INPUT_TYPE' using locator.
🤖 CYBORG 🤖 2025-11-30T18:08:32,359 [scenario=AdvancedFeaturesTest.authenticationFeatureWithCacheCredentials] STEP  [UI] - Inserting value: 'Address' into input component of type: 'VA_INPUT_TYPE'.
🤖 CYBORG 🤖 2025-11-30T18:08:32,690 [scenario=AdvancedFeaturesTest.authenticationFeatureWithCacheCredentials] STEP  [UI] - Inserting value into component of type: 'VA_INPUT_TYPE' using locator.
🤖 CYBORG 🤖 2025-11-30T18:08:32,695 [scenario=AdvancedFeaturesTest.authenticationFeatureWithCacheCredentials] STEP  [UI] - Inserting value: '+1-555-7777' into input component of type: 'VA_INPUT_TYPE'.
🤖 CYBORG 🤖 2025-11-30T18:08:33,027 [scenario=AdvancedFeaturesTest.authenticationFeatureWithCacheCredentials] STEP  [UI] - Inserting values [Bakery] for select component VA_SELECT_TYPE using locator By.cssSelector: vaadin-combo-box#pickupLocation
🤖 CYBORG 🤖 2025-11-30T18:08:33,030 [scenario=AdvancedFeaturesTest.authenticationFeatureWithCacheCredentials] STEP  [UI] - Selecting options [Bakery] in container with locator By.cssSelector: vaadin-combo-box#pickupLocation for select component VA_SELECT_TYPE
🤖 CYBORG 🤖 2025-11-30T18:08:33,634 [scenario=AdvancedFeaturesTest.authenticationFeatureWithCacheCredentials] STEP  [UI] - Inserting values [Strawberry Bun] for select component VA_SELECT_TYPE using locator By.cssSelector: vaadin-combo-box#products
🤖 CYBORG 🤖 2025-11-30T18:08:33,638 [scenario=AdvancedFeaturesTest.authenticationFeatureWithCacheCredentials] STEP  [UI] - Selecting options [Strawberry Bun] in container with locator By.cssSelector: vaadin-combo-box#products for select component VA_SELECT_TYPE
🤖 CYBORG 🤖 2025-11-30T18:08:34,157 [scenario=AdvancedFeaturesTest.authenticationFeatureWithCacheCredentials] INFO  [UI] - Finished data insertion for [Order].
🤖 CYBORG 🤖 2025-11-30T18:08:34,242 [scenario=AdvancedFeaturesTest.authenticationFeatureWithCacheCredentials] STEP  [UI] - Clicking button using locator: By.cssSelector: vaadin-button#review
🤖 CYBORG 🤖 2025-11-30T18:08:35,067 [scenario=AdvancedFeaturesTest.authenticationFeatureWithCacheCredentials] STEP  [UI] - Clicking button using locator: By.cssSelector: vaadin-button#save
🤖 CYBORG 🤖 2025-11-30T18:08:35,795 [scenario=AdvancedFeaturesTest.authenticationFeatureWithCacheCredentials] INFO  [QUEST] - The quest has used the ring: 'io.cyborgcode.ui.complex.test.framework.ui.AppUiService'
🤖 CYBORG 🤖 2025-11-30T18:08:35,851 [scenario=AdvancedFeaturesTest.authenticationFeatureWithCacheCredentials] STEP  [UI] - Inserting value: 'John Terry' into input component of type: 'VA_INPUT_TYPE'.
🤖 CYBORG 🤖 2025-11-30T18:08:36,098 [scenario=AdvancedFeaturesTest.authenticationFeatureWithCacheCredentials] VALIDATION [QUEST] - Starting hard validation...
🤖 CYBORG 🤖 2025-11-30T18:08:36,318 [scenario=AdvancedFeaturesTest.authenticationFeatureWithCacheCredentials] VALIDATION [QUEST] - Hard validation completed successfully.
🤖 CYBORG 🤖 2025-11-30T18:08:36,393 [scenario=AdvancedFeaturesTest.authenticationFeatureWithCacheCredentials] STEP  [UI] - Clicking button using locator: By.cssSelector: vaadin-button#clear
🤖 CYBORG 🤖 2025-11-30T18:08:37,123 [scenario=AdvancedFeaturesTest.authenticationFeatureWithCacheCredentials] INFO  [QUEST] - The quest has dropped the ring.
🤖 CYBORG 🤖 2025-11-30T18:08:37,127 [scenario=AdvancedFeaturesTest.authenticationFeatureWithCacheCredentials] INFO  [QUEST] - The quest has reached his end
🤖 CYBORG 🤖 2025-11-30T18:08:37,131 [scenario=AdvancedFeaturesTest.authenticationFeatureWithCacheCredentials] WARN  [UI] - Test failed. Taking screenshot for: authenticationFeatureWithCacheCredentials(Quest, Order)
🤖 CYBORG 🤖 2025-11-30T18:08:37,300 [scenario=AdvancedFeaturesTest.authenticationFeatureWithCacheCredentials] INFO  [QUEST] - Screenshot taken and stored for: authenticationFeatureWithCacheCredentials(Quest, Order)
🤖 CYBORG 🤖 2025-11-30T18:08:37,313 [scenario=AdvancedFeaturesTest.authenticationFeatureWithCacheCredentials] INFO  [QUEST] - The quest of 'authenticationFeatureWithCacheCredentials(Quest, Order)' has concluded with glory. Status: SUCCESS. Duration: 15 seconds.