🤖 CYBORG 🤖 2025-11-30T18:08:37,458 [scenario=AdvancedFeaturesTest.preconditionFeatureUsingMuliJourneysWithData] INFO  [UI] - Creating driver using provider [ChromeDriverProvider]. Headless: [true], Remote: [true], Remote URL: [http://localhost:4444]
🤖 CYBORG 🤖 2025-11-30T18:08:38,180 [scenario=AdvancedFeaturesTest.preconditionFeatureUsingMuliJourneysWithData] INFO  [QUEST] - The quest: 'preconditionFeatureUsingMuliJourneysWithData(Quest)' has begun and is crafted.
🤖 CYBORG 🤖 2025-11-30T18:08:38,240 [scenario=AdvancedFeaturesTest.preconditionFeatureUsingMuliJourneysWithData] INFO  [QUEST] - The quest has used the ring: 'Custom'
🤖 CYBORG 🤖 2025-11-30T18:08:38,244 [scenario=AdvancedFeaturesTest.preconditionFeatureUsingMuliJourneysWithData] INFO  [QUEST] - The quest has used the ring: 'io.cyborgcode.ui.complex.test.framework.ui.AppUiService'
🤖 CYBORG 🤖 2025-11-30T18:08:39,224 [scenario=AdvancedFeaturesTest.preconditionFeatureUsingMuliJourneysWithData] STEP  [UI] - Inserting value: 'admin@vaadin.com' into input component of type: 'VA_INPUT_TYPE'.
🤖 CYBORG 🤖 2025-11-30T18:08:39,616 [scenario=AdvancedFeaturesTest.preconditionFeatureUsingMuliJourneysWithData] STEP  [UI] - Inserting value: 'admin' into input component of type: 'VA_INPUT_TYPE'.
🤖 CYBORG 🤖 2025-11-30T18:08:39,888 [scenario=AdvancedFeaturesTest.preconditionFeatureUsingMuliJourneysWithData] STEP  [UI] - Clicking button using locator: By.tagName: vaadin-button
🤖 CYBORG 🤖 2025-11-30T18:08:40,751 [scenario=AdvancedFeaturesTest.preconditionFeatureUsingMuliJourneysWithData] STEP  [UI] - Checking if button is visible using locator: By.cssSelector: vaadin-button#action
🤖 CYBORG 🤖 2025-11-30T18:09:01,209 [scenario=AdvancedFeaturesTest.preconditionFeatureUsingMuliJourneysWithData] VALIDATION [QUEST] - Starting hard validation...
🤖 CYBORG 🤖 2025-11-30T18:09:01,213 [scenario=AdvancedFeaturesTest.preconditionFeatureUsingMuliJourneysWithData] VALIDATION [QUEST] - Hard validation completed successfully.
🤖 CYBORG 🤖 2025-11-30T18:09:01,272 [scenario=AdvancedFeaturesTest.preconditionFeatureUsingMuliJourneysWithData] STEP  [UI] - Checking if input component of type: 'VA_INPUT_TYPE' is enabled.
🤖 CYBORG 🤖 2025-11-30T18:09:01,379 [scenario=AdvancedFeaturesTest.preconditionFeatureUsingMuliJourneysWithData] VALIDATION [QUEST] - Starting hard validation...
🤖 CYBORG 🤖 2025-11-30T18:09:01,382 [scenario=AdvancedFeaturesTest.preconditionFeatureUsingMuliJourneysWithData] VALIDATION [QUEST] - Hard validation completed successfully.
🤖 CYBORG 🤖 2025-11-30T18:09:01,385 [scenario=AdvancedFeaturesTest.preconditionFeatureUsingMuliJourneysWithData] INFO  [QUEST] - The quest has dropped the ring.
🤖 CYBORG 🤖 2025-11-30T18:09:01,388 [scenario=AdvancedFeaturesTest.preconditionFeatureUsingMuliJourneysWithData] INFO  [QUEST] - The quest has used the ring: 'API'
🤖 CYBORG 🤖 2025-11-30T18:09:01,410 [scenario=AdvancedFeaturesTest.preconditionFeatureUsingMuliJourneysWithData] INFO  [API] - Prepared RequestSpecification with pathParams: {}, queryParams: {}, headers: {Cookie=[JSESSIONID=B98B96B8D3B9BC1D446D6DD32A50335E; path=/; domain=bakery-flow.demo.vaadin.com; sameSite=Lax], Accept=[application/json], Content-Type=[application/json]}
🤖 CYBORG 🤖 2025-11-30T18:09:01,414 [scenario=AdvancedFeaturesTest.preconditionFeatureUsingMuliJourneysWithData] STEP  [API] - Sending request to endpoint POST-https://bakery-flow.demo.vaadin.com/storefront.
🤖 CYBORG 🤖 2025-11-30T18:09:01,921 [scenario=AdvancedFeaturesTest.preconditionFeatureUsingMuliJourneysWithData] STEP  [API] - Response with status: 200 received from endpoint: POST-https://bakery-flow.demo.vaadin.com/storefront in 504ms.
🤖 CYBORG 🤖 2025-11-30T18:09:01,944 [scenario=AdvancedFeaturesTest.preconditionFeatureUsingMuliJourneysWithData] INFO  [API] - Starting response validation with 1 assertion(s).
🤖 CYBORG 🤖 2025-11-30T18:09:01,947 [scenario=AdvancedFeaturesTest.preconditionFeatureUsingMuliJourneysWithData] VALIDATION [QUEST] - ✔ Validation passed: IS (Expected: 200, Actual: 200)
🤖 CYBORG 🤖 2025-11-30T18:09:02,005 [scenario=AdvancedFeaturesTest.preconditionFeatureUsingMuliJourneysWithData] INFO  [QUEST] - The quest has used the ring: 'Custom'
🤖 CYBORG 🤖 2025-11-30T18:09:02,008 [scenario=AdvancedFeaturesTest.preconditionFeatureUsingMuliJourneysWithData] INFO  [QUEST] - The quest has used the ring: 'io.cyborgcode.ui.complex.test.framework.ui.AppUiService'
🤖 CYBORG 🤖 2025-11-30T18:09:02,074 [scenario=AdvancedFeaturesTest.preconditionFeatureUsingMuliJourneysWithData] STEP  [UI] - Clicking button using locator: By.cssSelector: vaadin-button#action
🤖 CYBORG 🤖 2025-11-30T18:09:02,805 [scenario=AdvancedFeaturesTest.preconditionFeatureUsingMuliJourneysWithData] STEP  [UI] - Inserting value into component of type: 'VA_INPUT_TYPE' using locator.
🤖 CYBORG 🤖 2025-11-30T18:09:02,809 [scenario=AdvancedFeaturesTest.preconditionFeatureUsingMuliJourneysWithData] STEP  [UI] - Inserting value: 'John Terry' into input component of type: 'VA_INPUT_TYPE'.
🤖 CYBORG 🤖 2025-11-30T18:09:03,105 [scenario=AdvancedFeaturesTest.preconditionFeatureUsingMuliJourneysWithData] STEP  [UI] - Inserting value into component of type: 'VA_INPUT_TYPE' using locator.
🤖 CYBORG 🤖 2025-11-30T18:09:03,108 [scenario=AdvancedFeaturesTest.preconditionFeatureUsingMuliJourneysWithData] STEP  [UI] - Inserting value: 'Address' into input component of type: 'VA_INPUT_TYPE'.
🤖 CYBORG 🤖 2025-11-30T18:09:03,463 [scenario=AdvancedFeaturesTest.preconditionFeatureUsingMuliJourneysWithData] STEP  [UI] - Inserting value into component of type: 'VA_INPUT_TYPE' using locator.
🤖 CYBORG 🤖 2025-11-30T18:09:03,467 [scenario=AdvancedFeaturesTest.preconditionFeatureUsingMuliJourneysWithData] STEP  [UI] - Inserting value: '+1-555-7777' into input component of type: 'VA_INPUT_TYPE'.
🤖 CYBORG 🤖 2025-11-30T18:09:03,710 [scenario=AdvancedFeaturesTest.preconditionFeatureUsingMuliJourneysWithData] STEP  [UI] - Inserting values [Bakery] for select component VA_SELECT_TYPE using locator By.cssSelector: vaadin-combo-box#pickupLocation
🤖 CYBORG 🤖 2025-11-30T18:09:03,713 [scenario=AdvancedFeaturesTest.preconditionFeatureUsingMuliJourneysWithData] STEP  [UI] - Selecting options [Bakery] in container with locator By.cssSelector: vaadin-combo-box#pickupLocation for select component VA_SELECT_TYPE
🤖 CYBORG 🤖 2025-11-30T18:09:04,225 [scenario=AdvancedFeaturesTest.preconditionFeatureUsingMuliJourneysWithData] STEP  [UI] - Inserting values [Strawberry Bun] for select component VA_SELECT_TYPE using locator By.cssSelector: vaadin-combo-box#products
🤖 CYBORG 🤖 2025-11-30T18:09:04,227 [scenario=AdvancedFeaturesTest.preconditionFeatureUsingMuliJourneysWithData] STEP  [UI] - Selecting options [Strawberry Bun] in container with locator By.cssSelector: vaadin-combo-box#products for select component VA_SELECT_TYPE
🤖 CYBORG 🤖 2025-11-30T18:09:04,636 [scenario=AdvancedFeaturesTest.preconditionFeatureUsingMuliJourneysWithData] INFO  [UI] - Finished data insertion for [Order].
🤖 CYBORG 🤖 2025-11-30T18:09:04,694 [scenario=AdvancedFeaturesTest.preconditionFeatureUsingMuliJourneysWithData] STEP  [UI] - Clicking button using locator: By.cssSelector: vaadin-button#review
🤖 CYBORG 🤖 2025-11-30T18:09:05,485 [scenario=AdvancedFeaturesTest.preconditionFeatureUsingMuliJourneysWithData] STEP  [UI] - Clicking button using locator: By.cssSelector: vaadin-button#save
🤖 CYBORG 🤖 2025-11-30T18:09:06,150 [scenario=AdvancedFeaturesTest.preconditionFeatureUsingMuliJourneysWithData] INFO  [QUEST] - The quest has used the ring: 'Custom'
🤖 CYBORG 🤖 2025-11-30T18:09:06,153 [scenario=AdvancedFeaturesTest.preconditionFeatureUsingMuliJourneysWithData] INFO  [QUEST] - The quest has used the ring: 'io.cyborgcode.ui.complex.test.framework.ui.AppUiService'
🤖 CYBORG 🤖 2025-11-30T18:09:06,193 [scenario=AdvancedFeaturesTest.preconditionFeatureUsingMuliJourneysWithData] STEP  [UI] - Inserting value: 'John Terry' into input component of type: 'VA_INPUT_TYPE'.
🤖 CYBORG 🤖 2025-11-30T18:09:06,424 [scenario=AdvancedFeaturesTest.preconditionFeatureUsingMuliJourneysWithData] VALIDATION [QUEST] - Starting hard validation...
🤖 CYBORG 🤖 2025-11-30T18:09:06,592 [scenario=AdvancedFeaturesTest.preconditionFeatureUsingMuliJourneysWithData] VALIDATION [QUEST] - Hard validation completed successfully.
🤖 CYBORG 🤖 2025-11-30T18:09:06,644 [scenario=AdvancedFeaturesTest.preconditionFeatureUsingMuliJourneysWithData] STEP  [UI] - Clicking button using locator: By.cssSelector: vaadin-button#clear
🤖 CYBORG 🤖 2025-11-30T18:09:07,345 [scenario=AdvancedFeaturesTest.preconditionFeatureUsingMuliJourneysWithData] INFO  [QUEST] - The quest has dropped the ring.
🤖 CYBORG 🤖 2025-11-30T18:09:07,348 [scenario=AdvancedFeaturesTest.preconditionFeatureUsingMuliJourneysWithData] INFO  [QUEST] - The quest has reached his end
🤖 CYBORG 🤖 2025-11-30T18:09:07,351 [scenario=AdvancedFeaturesTest.preconditionFeatureUsingMuliJourneysWithData] WARN  [UI] - Test failed. Taking screenshot for: preconditionFeatureUsingMuliJourneysWithData(Quest)
🤖 CYBORG 🤖 2025-11-30T18:09:07,513 [scenario=AdvancedFeaturesTest.preconditionFeatureUsingMuliJourneysWithData] INFO  [QUEST] - Screenshot taken and stored for: preconditionFeatureUsingMuliJourneysWithData(Quest)
🤖 CYBORG 🤖 2025-11-30T18:09:07,597 [scenario=AdvancedFeaturesTest.preconditionFeatureUsingMuliJourneysWithData] INFO  [UI] - WebDriver closed successfully.
🤖 CYBORG 🤖 2025-11-30T18:09:07,604 [scenario=AdvancedFeaturesTest.preconditionFeatureUsingMuliJourneysWithData] INFO  [QUEST] - The quest of 'preconditionFeatureUsingMuliJourneysWithData(Quest)' has concluded with glory. Status: SUCCESS. Duration: 30 seconds.