 CYBORG  2025-11-30T18:09:48,210 [scenario=AdvancedFeaturesTest.craftAndInsertionFeatures] INFO  [UI] - Creating driver using provider [ChromeDriverProvider]. Headless: [true], Remote: [true], Remote URL: [http://localhost:4444]
 CYBORG  2025-11-30T18:09:48,548 [scenario=AdvancedFeaturesTest.craftAndInsertionFeatures] INFO  [QUEST] - The quest: 'craftAndInsertionFeatures(Quest, Seller, Order)' has begun and is crafted.
 CYBORG  2025-11-30T18:09:48,585 [scenario=AdvancedFeaturesTest.craftAndInsertionFeatures] INFO  [QUEST] - The quest has used the ring: 'io.cyborgcode.ui.complex.test.framework.ui.AppUiService'
 CYBORG  2025-11-30T18:09:49,542 [scenario=AdvancedFeaturesTest.craftAndInsertionFeatures] STEP  [UI] - Inserting value into component of type: 'VA_INPUT_TYPE' using locator.
 CYBORG  2025-11-30T18:09:49,544 [scenario=AdvancedFeaturesTest.craftAndInsertionFeatures] STEP  [UI] - Inserting value: 'admin@vaadin.com' into input component of type: 'VA_INPUT_TYPE'.
 CYBORG  2025-11-30T18:09:49,854 [scenario=AdvancedFeaturesTest.craftAndInsertionFeatures] STEP  [UI] - Inserting value into component of type: 'VA_INPUT_TYPE' using locator.
 CYBORG  2025-11-30T18:09:49,856 [scenario=AdvancedFeaturesTest.craftAndInsertionFeatures] STEP  [UI] - Inserting value: 'admin' into input component of type: 'VA_INPUT_TYPE'.
 CYBORG  2025-11-30T18:09:50,006 [scenario=AdvancedFeaturesTest.craftAndInsertionFeatures] INFO  [UI] - Finished data insertion for [Seller].
 CYBORG  2025-11-30T18:09:50,062 [scenario=AdvancedFeaturesTest.craftAndInsertionFeatures] STEP  [UI] - Clicking button using locator: By.tagName: vaadin-button
 CYBORG  2025-11-30T18:09:50,883 [scenario=AdvancedFeaturesTest.craftAndInsertionFeatures] STEP  [UI] - Clicking button using locator: By.cssSelector: vaadin-button#action
 CYBORG  2025-11-30T18:09:51,598 [scenario=AdvancedFeaturesTest.craftAndInsertionFeatures] STEP  [UI] - Inserting value into component of type: 'VA_INPUT_TYPE' using locator.
 CYBORG  2025-11-30T18:09:51,599 [scenario=AdvancedFeaturesTest.craftAndInsertionFeatures] STEP  [UI] - Inserting value: 'John Terry' into input component of type: 'VA_INPUT_TYPE'.
 CYBORG  2025-11-30T18:09:51,866 [scenario=AdvancedFeaturesTest.craftAndInsertionFeatures] STEP  [UI] - Inserting value into component of type: 'VA_INPUT_TYPE' using locator.
 CYBORG  2025-11-30T18:09:51,869 [scenario=AdvancedFeaturesTest.craftAndInsertionFeatures] STEP  [UI] - Inserting value: 'Address' into input component of type: 'VA_INPUT_TYPE'.
 CYBORG  2025-11-30T18:09:52,122 [scenario=AdvancedFeaturesTest.craftAndInsertionFeatures] STEP  [UI] - Inserting value into component of type: 'VA_INPUT_TYPE' using locator.
 CYBORG  2025-11-30T18:09:52,124 [scenario=AdvancedFeaturesTest.craftAndInsertionFeatures] STEP  [UI] - Inserting value: '+1-555-7777' into input component of type: 'VA_INPUT_TYPE'.
 CYBORG  2025-11-30T18:09:52,371 [scenario=AdvancedFeaturesTest.craftAndInsertionFeatures] STEP  [UI] - Inserting values [Bakery] for select component VA_SELECT_TYPE using locator By.cssSelector: vaadin-combo-box#pickupLocation
 CYBORG  2025-11-30T18:09:52,373 [scenario=AdvancedFeaturesTest.craftAndInsertionFeatures] STEP  [UI] - Selecting options [Bakery] in container with locator By.cssSelector: vaadin-combo-box#pickupLocation for select component VA_SELECT_TYPE
 CYBORG  2025-11-30T18:09:52,845 [scenario=AdvancedFeaturesTest.craftAndInsertionFeatures] STEP  [UI] - Inserting values [Strawberry Bun] for select component VA_SELECT_TYPE using locator By.cssSelector: vaadin-combo-box#products
 CYBORG  2025-11-30T18:09:52,848 [scenario=AdvancedFeaturesTest.craftAndInsertionFeatures] STEP  [UI] - Selecting options [Strawberry Bun] in container with locator By.cssSelector: vaadin-combo-box#products for select component VA_SELECT_TYPE
 CYBORG  2025-11-30T18:09:53,259 [scenario=AdvancedFeaturesTest.craftAndInsertionFeatures] INFO  [UI] - Finished data insertion for [Order].
 CYBORG  2025-11-30T18:09:53,314 [scenario=AdvancedFeaturesTest.craftAndInsertionFeatures] STEP  [UI] - Clicking button using locator: By.cssSelector: vaadin-button#review
 CYBORG  2025-11-30T18:09:54,048 [scenario=AdvancedFeaturesTest.craftAndInsertionFeatures] STEP  [UI] - Clicking button using locator: By.cssSelector: vaadin-button#save
 CYBORG  2025-11-30T18:09:54,703 [scenario=AdvancedFeaturesTest.craftAndInsertionFeatures] INFO  [QUEST] - The quest has dropped the ring.
 CYBORG  2025-11-30T18:09:54,705 [scenario=AdvancedFeaturesTest.craftAndInsertionFeatures] INFO  [QUEST] - The quest has used the ring: 'Custom'
 CYBORG  2025-11-30T18:09:54,706 [scenario=AdvancedFeaturesTest.craftAndInsertionFeatures] INFO  [QUEST] - The quest has used the ring: 'io.cyborgcode.ui.complex.test.framework.ui.AppUiService'
 CYBORG  2025-11-30T18:09:54,743 [scenario=AdvancedFeaturesTest.craftAndInsertionFeatures] STEP  [UI] - Inserting value: 'John Terry' into input component of type: 'VA_INPUT_TYPE'.
 CYBORG  2025-11-30T18:09:54,935 [scenario=AdvancedFeaturesTest.craftAndInsertionFeatures] VALIDATION [QUEST] - Starting hard validation...
 CYBORG  2025-11-30T18:09:55,101 [scenario=AdvancedFeaturesTest.craftAndInsertionFeatures] VALIDATION [QUEST] - Hard validation completed successfully.
 CYBORG  2025-11-30T18:09:55,148 [scenario=AdvancedFeaturesTest.craftAndInsertionFeatures] STEP  [UI] - Clicking button using locator: By.cssSelector: vaadin-button#clear
 CYBORG  2025-11-30T18:09:55,822 [scenario=AdvancedFeaturesTest.craftAndInsertionFeatures] INFO  [QUEST] - The quest has dropped the ring.
 CYBORG  2025-11-30T18:09:55,824 [scenario=AdvancedFeaturesTest.craftAndInsertionFeatures] INFO  [QUEST] - The quest has reached his end
 CYBORG  2025-11-30T18:09:55,826 [scenario=AdvancedFeaturesTest.craftAndInsertionFeatures] WARN  [UI] - Test failed. Taking screenshot for: craftAndInsertionFeatures(Quest, Seller, Order)
 CYBORG  2025-11-30T18:09:56,000 [scenario=AdvancedFeaturesTest.craftAndInsertionFeatures] INFO  [QUEST] - Screenshot taken and stored for: craftAndInsertionFeatures(Quest, Seller, Order)
 CYBORG  2025-11-30T18:09:56,117 [scenario=AdvancedFeaturesTest.craftAndInsertionFeatures] INFO  [UI] - WebDriver closed successfully.
 CYBORG  2025-11-30T18:09:56,122 [scenario=AdvancedFeaturesTest.craftAndInsertionFeatures] INFO  [QUEST] - The quest of 'craftAndInsertionFeatures(Quest, Seller, Order)' has concluded with glory. Status: SUCCESS. Duration: 7 seconds.