 CYBORG  2025-11-30T18:10:13,698 [scenario=BasicToAdvancedFeatureTests.baseline_simpleFlow_noAdvancedFeatures] INFO  [UI] - Creating driver using provider [ChromeDriverProvider]. Headless: [true], Remote: [true], Remote URL: [http://localhost:4444]
 CYBORG  2025-11-30T18:10:16,380 [scenario=BasicToAdvancedFeatureTests.baseline_simpleFlow_noAdvancedFeatures] INFO  [QUEST] - The quest: 'baseline_simpleFlow_noAdvancedFeatures(Quest)' has begun and is crafted.
 CYBORG  2025-11-30T18:10:16,486 [scenario=BasicToAdvancedFeatureTests.baseline_simpleFlow_noAdvancedFeatures] INFO  [QUEST] - The quest has used the ring: 'io.cyborgcode.ui.simple.test.framework.ui.AppUiService'
 CYBORG  2025-11-30T18:10:17,358 [scenario=BasicToAdvancedFeatureTests.baseline_simpleFlow_noAdvancedFeatures] STEP  [UI] - Clicking button using locator: By.id: signin_button
 CYBORG  2025-11-30T18:10:18,283 [scenario=BasicToAdvancedFeatureTests.baseline_simpleFlow_noAdvancedFeatures] STEP  [UI] - Inserting value: 'username' into input component of type: 'BOOTSTRAP_INPUT_TYPE'.
 CYBORG  2025-11-30T18:10:19,453 [scenario=BasicToAdvancedFeatureTests.baseline_simpleFlow_noAdvancedFeatures] STEP  [UI] - Inserting value: 'password' into input component of type: 'BOOTSTRAP_INPUT_TYPE'.
 CYBORG  2025-11-30T18:10:20,038 [scenario=BasicToAdvancedFeatureTests.baseline_simpleFlow_noAdvancedFeatures] STEP  [UI] - Clicking button using locator: By.cssSelector: input[value='Sign in']
 CYBORG  2025-11-30T18:10:20,891 [scenario=BasicToAdvancedFeatureTests.baseline_simpleFlow_noAdvancedFeatures] STEP  [UI] - Clicking link BOOTSTRAP_LINK_TYPE using locator By.id: transfer_funds_link
 CYBORG  2025-11-30T18:10:21,436 [scenario=BasicToAdvancedFeatureTests.baseline_simpleFlow_noAdvancedFeatures] STEP  [UI] - Selecting items Pay Bills from list BOOTSTRAP_LIST_TYPE using locator By.className: nav-tabs
 CYBORG  2025-11-30T18:10:23,069 [scenario=BasicToAdvancedFeatureTests.baseline_simpleFlow_noAdvancedFeatures] STEP  [UI] - Selecting items Purchase Foreign Currency from list BOOTSTRAP_LIST_TYPE using locator By.className: ui-tabs-nav
 CYBORG  2025-11-30T18:10:23,697 [scenario=BasicToAdvancedFeatureTests.baseline_simpleFlow_noAdvancedFeatures] STEP  [UI] - Selecting option Mexico (peso) in container with locator By.id: pc_currency for select component BOOTSTRAP_SELECT_TYPE
 CYBORG  2025-11-30T18:10:23,713 [scenario=BasicToAdvancedFeatureTests.baseline_simpleFlow_noAdvancedFeatures] STEP  [UI] - Selecting options [Mexico (peso)] in container with locator By.id: pc_currency for select component BOOTSTRAP_SELECT_TYPE
 CYBORG  2025-11-30T18:10:25,668 [scenario=BasicToAdvancedFeatureTests.baseline_simpleFlow_noAdvancedFeatures] STEP  [UI] - Inserting value: '100' into input component of type: 'BOOTSTRAP_INPUT_TYPE'.
 CYBORG  2025-11-30T18:10:26,095 [scenario=BasicToAdvancedFeatureTests.baseline_simpleFlow_noAdvancedFeatures] STEP  [UI] - Selecting radio button with locator By.id: pc_inDollars_true for radio component BOOTSTRAP_RADIO_TYPE
 CYBORG  2025-11-30T18:10:26,668 [scenario=BasicToAdvancedFeatureTests.baseline_simpleFlow_noAdvancedFeatures] STEP  [UI] - Clicking button using locator: By.id: pc_calculate_costs
 CYBORG  2025-11-30T18:10:26,952 [scenario=BasicToAdvancedFeatureTests.baseline_simpleFlow_noAdvancedFeatures] STEP  [UI] - Clicking button using locator: By.id: purchase_cash
 CYBORG  2025-11-30T18:10:27,334 [scenario=BasicToAdvancedFeatureTests.baseline_simpleFlow_noAdvancedFeatures] STEP  [UI] - Getting value from alert located by: By.id: alert_content
 CYBORG  2025-11-30T18:10:27,549 [scenario=BasicToAdvancedFeatureTests.baseline_simpleFlow_noAdvancedFeatures] VALIDATION [QUEST] - Starting hard validation...
 CYBORG  2025-11-30T18:10:27,554 [scenario=BasicToAdvancedFeatureTests.baseline_simpleFlow_noAdvancedFeatures] VALIDATION [QUEST] - Hard validation completed successfully.
 CYBORG  2025-11-30T18:10:27,563 [scenario=BasicToAdvancedFeatureTests.baseline_simpleFlow_noAdvancedFeatures] INFO  [QUEST] - The quest has dropped the ring.
 CYBORG  2025-11-30T18:10:27,575 [scenario=BasicToAdvancedFeatureTests.baseline_simpleFlow_noAdvancedFeatures] INFO  [QUEST] - The quest has reached his end
 CYBORG  2025-11-30T18:10:27,742 [scenario=BasicToAdvancedFeatureTests.baseline_simpleFlow_noAdvancedFeatures] INFO  [UI] - WebDriver closed successfully.
 CYBORG  2025-11-30T18:10:27,777 [scenario=BasicToAdvancedFeatureTests.baseline_simpleFlow_noAdvancedFeatures] INFO  [QUEST] - The quest of 'baseline_simpleFlow_noAdvancedFeatures(Quest)' has concluded with glory. Status: SUCCESS. Duration: 17 seconds.