 CYBORG  2025-11-30T18:10:27,998 [scenario=BasicToAdvancedFeatureTests.craft_injectsModelDataIntoSteps] INFO  [UI] - Creating driver using provider [ChromeDriverProvider]. Headless: [true], Remote: [true], Remote URL: [http://localhost:4444]
 CYBORG  2025-11-30T18:10:28,772 [scenario=BasicToAdvancedFeatureTests.craft_injectsModelDataIntoSteps] INFO  [QUEST] - The quest: 'craft_injectsModelDataIntoSteps(Quest, PurchaseForeignCurrency)' has begun and is crafted.
 CYBORG  2025-11-30T18:10:28,787 [scenario=BasicToAdvancedFeatureTests.craft_injectsModelDataIntoSteps] INFO  [QUEST] - The quest has used the ring: 'UI'
 CYBORG  2025-11-30T18:10:29,135 [scenario=BasicToAdvancedFeatureTests.craft_injectsModelDataIntoSteps] STEP  [UI] - Clicking button using locator: By.id: signin_button
 CYBORG  2025-11-30T18:10:29,423 [scenario=BasicToAdvancedFeatureTests.craft_injectsModelDataIntoSteps] STEP  [UI] - Inserting value: 'username' into input component of type: 'BOOTSTRAP_INPUT_TYPE'.
 CYBORG  2025-11-30T18:10:29,795 [scenario=BasicToAdvancedFeatureTests.craft_injectsModelDataIntoSteps] STEP  [UI] - Inserting value: 'password' into input component of type: 'BOOTSTRAP_INPUT_TYPE'.
 CYBORG  2025-11-30T18:10:30,065 [scenario=BasicToAdvancedFeatureTests.craft_injectsModelDataIntoSteps] STEP  [UI] - Clicking button using locator: By.cssSelector: input[value='Sign in']
 CYBORG  2025-11-30T18:10:30,637 [scenario=BasicToAdvancedFeatureTests.craft_injectsModelDataIntoSteps] INFO  [QUEST] - The quest has used the ring: 'io.cyborgcode.ui.simple.test.framework.ui.AppUiService'
 CYBORG  2025-11-30T18:10:30,640 [scenario=BasicToAdvancedFeatureTests.craft_injectsModelDataIntoSteps] STEP  [UI] - Clicking link BOOTSTRAP_LINK_TYPE using locator By.id: transfer_funds_link
 CYBORG  2025-11-30T18:10:30,898 [scenario=BasicToAdvancedFeatureTests.craft_injectsModelDataIntoSteps] STEP  [UI] - Selecting items Pay Bills from list BOOTSTRAP_LIST_TYPE using locator By.className: nav-tabs
 CYBORG  2025-11-30T18:10:31,562 [scenario=BasicToAdvancedFeatureTests.craft_injectsModelDataIntoSteps] STEP  [UI] - Selecting items Purchase Foreign Currency from list BOOTSTRAP_LIST_TYPE using locator By.className: ui-tabs-nav
 CYBORG  2025-11-30T18:10:31,876 [scenario=BasicToAdvancedFeatureTests.craft_injectsModelDataIntoSteps] STEP  [UI] - Selecting option Mexico (peso) in container with locator By.id: pc_currency for select component BOOTSTRAP_SELECT_TYPE
 CYBORG  2025-11-30T18:10:31,879 [scenario=BasicToAdvancedFeatureTests.craft_injectsModelDataIntoSteps] STEP  [UI] - Selecting options [Mexico (peso)] in container with locator By.id: pc_currency for select component BOOTSTRAP_SELECT_TYPE
 CYBORG  2025-11-30T18:10:32,844 [scenario=BasicToAdvancedFeatureTests.craft_injectsModelDataIntoSteps] STEP  [UI] - Inserting value: '100' into input component of type: 'BOOTSTRAP_INPUT_TYPE'.
 CYBORG  2025-11-30T18:10:33,109 [scenario=BasicToAdvancedFeatureTests.craft_injectsModelDataIntoSteps] STEP  [UI] - Selecting radio button with locator By.id: pc_inDollars_true for radio component BOOTSTRAP_RADIO_TYPE
 CYBORG  2025-11-30T18:10:33,396 [scenario=BasicToAdvancedFeatureTests.craft_injectsModelDataIntoSteps] STEP  [UI] - Clicking button using locator: By.id: pc_calculate_costs
 CYBORG  2025-11-30T18:10:33,636 [scenario=BasicToAdvancedFeatureTests.craft_injectsModelDataIntoSteps] STEP  [UI] - Clicking button using locator: By.id: purchase_cash
 CYBORG  2025-11-30T18:10:33,838 [scenario=BasicToAdvancedFeatureTests.craft_injectsModelDataIntoSteps] STEP  [UI] - Getting value from alert located by: By.id: alert_content
 CYBORG  2025-11-30T18:10:34,023 [scenario=BasicToAdvancedFeatureTests.craft_injectsModelDataIntoSteps] VALIDATION [QUEST] - Starting hard validation...
 CYBORG  2025-11-30T18:10:34,029 [scenario=BasicToAdvancedFeatureTests.craft_injectsModelDataIntoSteps] VALIDATION [QUEST] - Hard validation completed successfully.
 CYBORG  2025-11-30T18:10:34,032 [scenario=BasicToAdvancedFeatureTests.craft_injectsModelDataIntoSteps] INFO  [QUEST] - The quest has dropped the ring.
 CYBORG  2025-11-30T18:10:34,034 [scenario=BasicToAdvancedFeatureTests.craft_injectsModelDataIntoSteps] INFO  [QUEST] - The quest has reached his end
 CYBORG  2025-11-30T18:10:34,040 [scenario=BasicToAdvancedFeatureTests.craft_injectsModelDataIntoSteps] INFO  [QUEST] - The quest of 'craft_injectsModelDataIntoSteps(Quest, PurchaseForeignCurrency)' has concluded with glory. Status: SUCCESS. Duration: 6 seconds.