 CYBORG  2025-11-30T18:10:13,708 [scenario=BasicToAdvancedFeatureTests.journey_singlePrecondition] INFO  [UI] - Creating driver using provider [ChromeDriverProvider]. Headless: [true], Remote: [true], Remote URL: [http://localhost:4444]
 CYBORG  2025-11-30T18:10:16,379 [scenario=BasicToAdvancedFeatureTests.journey_singlePrecondition] INFO  [QUEST] - The quest: 'journey_singlePrecondition(Quest)' has begun and is crafted.
 CYBORG  2025-11-30T18:10:16,413 [scenario=BasicToAdvancedFeatureTests.journey_singlePrecondition] INFO  [QUEST] - The quest has used the ring: 'UI'
 CYBORG  2025-11-30T18:10:17,210 [scenario=BasicToAdvancedFeatureTests.journey_singlePrecondition] STEP  [UI] - Clicking button using locator: By.id: signin_button
 CYBORG  2025-11-30T18:10:17,947 [scenario=BasicToAdvancedFeatureTests.journey_singlePrecondition] STEP  [UI] - Inserting value: 'username' into input component of type: 'BOOTSTRAP_INPUT_TYPE'.
 CYBORG  2025-11-30T18:10:18,720 [scenario=BasicToAdvancedFeatureTests.journey_singlePrecondition] STEP  [UI] - Inserting value: 'password' into input component of type: 'BOOTSTRAP_INPUT_TYPE'.
 CYBORG  2025-11-30T18:10:19,532 [scenario=BasicToAdvancedFeatureTests.journey_singlePrecondition] STEP  [UI] - Clicking button using locator: By.cssSelector: input[value='Sign in']
 CYBORG  2025-11-30T18:10:20,708 [scenario=BasicToAdvancedFeatureTests.journey_singlePrecondition] INFO  [QUEST] - The quest has used the ring: 'PurchaseService'
 CYBORG  2025-11-30T18:10:20,722 [scenario=BasicToAdvancedFeatureTests.journey_singlePrecondition] INFO  [QUEST] - The quest has used the ring: 'io.cyborgcode.ui.simple.test.framework.ui.AppUiService'
 CYBORG  2025-11-30T18:10:20,731 [scenario=BasicToAdvancedFeatureTests.journey_singlePrecondition] STEP  [UI] - Clicking link BOOTSTRAP_LINK_TYPE using locator By.id: transfer_funds_link
 CYBORG  2025-11-30T18:10:21,333 [scenario=BasicToAdvancedFeatureTests.journey_singlePrecondition] STEP  [UI] - Selecting items Pay Bills from list BOOTSTRAP_LIST_TYPE using locator By.className: nav-tabs
 CYBORG  2025-11-30T18:10:23,047 [scenario=BasicToAdvancedFeatureTests.journey_singlePrecondition] STEP  [UI] - Selecting items Purchase Foreign Currency from list BOOTSTRAP_LIST_TYPE using locator By.className: ui-tabs-nav
 CYBORG  2025-11-30T18:10:23,716 [scenario=BasicToAdvancedFeatureTests.journey_singlePrecondition] STEP  [UI] - Inserting values [Mexico (peso)] for select component BOOTSTRAP_SELECT_TYPE using locator By.id: pc_currency
 CYBORG  2025-11-30T18:10:23,720 [scenario=BasicToAdvancedFeatureTests.journey_singlePrecondition] STEP  [UI] - Selecting options [Mexico (peso)] in container with locator By.id: pc_currency for select component BOOTSTRAP_SELECT_TYPE
 CYBORG  2025-11-30T18:10:25,634 [scenario=BasicToAdvancedFeatureTests.journey_singlePrecondition] STEP  [UI] - Inserting value into component of type: 'BOOTSTRAP_INPUT_TYPE' using locator.
 CYBORG  2025-11-30T18:10:25,642 [scenario=BasicToAdvancedFeatureTests.journey_singlePrecondition] STEP  [UI] - Inserting value: '100' into input component of type: 'BOOTSTRAP_INPUT_TYPE'.
 CYBORG  2025-11-30T18:10:26,261 [scenario=BasicToAdvancedFeatureTests.journey_singlePrecondition] STEP  [UI] - Inserting values [true] for radio component BOOTSTRAP_RADIO_TYPE using locator By.id: pc_inDollars_true
 CYBORG  2025-11-30T18:10:26,269 [scenario=BasicToAdvancedFeatureTests.journey_singlePrecondition] STEP  [UI] - Selecting radio button with locator By.id: pc_inDollars_true for radio component BOOTSTRAP_RADIO_TYPE
 CYBORG  2025-11-30T18:10:26,896 [scenario=BasicToAdvancedFeatureTests.journey_singlePrecondition] INFO  [UI] - Finished data insertion for [PurchaseForeignCurrency].
 CYBORG  2025-11-30T18:10:26,905 [scenario=BasicToAdvancedFeatureTests.journey_singlePrecondition] STEP  [UI] - Clicking button using locator: By.id: pc_calculate_costs
 CYBORG  2025-11-30T18:10:27,252 [scenario=BasicToAdvancedFeatureTests.journey_singlePrecondition] STEP  [UI] - Clicking button using locator: By.id: purchase_cash
 CYBORG  2025-11-30T18:10:27,619 [scenario=BasicToAdvancedFeatureTests.journey_singlePrecondition] INFO  [QUEST] - The quest has dropped the ring.
 CYBORG  2025-11-30T18:10:27,634 [scenario=BasicToAdvancedFeatureTests.journey_singlePrecondition] INFO  [QUEST] - The quest has reached his end
 CYBORG  2025-11-30T18:10:27,649 [scenario=BasicToAdvancedFeatureTests.journey_singlePrecondition] INFO  [QUEST] - The quest has used the ring: 'PurchaseService'
 CYBORG  2025-11-30T18:10:27,663 [scenario=BasicToAdvancedFeatureTests.journey_singlePrecondition] INFO  [QUEST] - The quest has used the ring: 'io.cyborgcode.ui.simple.test.framework.ui.AppUiService'
 CYBORG  2025-11-30T18:10:27,674 [scenario=BasicToAdvancedFeatureTests.journey_singlePrecondition] STEP  [UI] - Getting value from alert located by: By.id: alert_content
 CYBORG  2025-11-30T18:10:27,935 [scenario=BasicToAdvancedFeatureTests.journey_singlePrecondition] VALIDATION [QUEST] - Starting hard validation...
 CYBORG  2025-11-30T18:10:27,941 [scenario=BasicToAdvancedFeatureTests.journey_singlePrecondition] VALIDATION [QUEST] - Hard validation completed successfully.
 CYBORG  2025-11-30T18:10:27,942 [scenario=BasicToAdvancedFeatureTests.journey_singlePrecondition] INFO  [QUEST] - The quest has dropped the ring.
 CYBORG  2025-11-30T18:10:27,945 [scenario=BasicToAdvancedFeatureTests.journey_singlePrecondition] INFO  [QUEST] - The quest has reached his end
 CYBORG  2025-11-30T18:10:27,958 [scenario=BasicToAdvancedFeatureTests.journey_singlePrecondition] INFO  [QUEST] - The quest has dropped the ring.
 CYBORG  2025-11-30T18:10:27,963 [scenario=BasicToAdvancedFeatureTests.journey_singlePrecondition] INFO  [QUEST] - The quest has reached his end
 CYBORG  2025-11-30T18:10:27,988 [scenario=BasicToAdvancedFeatureTests.journey_singlePrecondition] INFO  [QUEST] - The quest of 'journey_singlePrecondition(Quest)' has concluded with glory. Status: SUCCESS. Duration: 17 seconds.