🤖 CYBORG 🤖 2025-11-30T18:10:47,402 [scenario=TableComponentExampleTests.readEntireTable_validateWithAssertionTypes] INFO  [UI] - Creating driver using provider [ChromeDriverProvider]. Headless: [true], Remote: [true], Remote URL: [http://localhost:4444]
🤖 CYBORG 🤖 2025-11-30T18:10:48,270 [scenario=TableComponentExampleTests.readEntireTable_validateWithAssertionTypes] INFO  [QUEST] - The quest: 'readEntireTable_validateWithAssertionTypes(Quest)' has begun and is crafted.
🤖 CYBORG 🤖 2025-11-30T18:10:48,309 [scenario=TableComponentExampleTests.readEntireTable_validateWithAssertionTypes] INFO  [QUEST] - The quest has used the ring: 'io.cyborgcode.ui.simple.test.framework.ui.AppUiService'
🤖 CYBORG 🤖 2025-11-30T18:10:49,338 [scenario=TableComponentExampleTests.readEntireTable_validateWithAssertionTypes] STEP  [UI] - Clicking button using locator: By.id: signin_button
🤖 CYBORG 🤖 2025-11-30T18:10:49,889 [scenario=TableComponentExampleTests.readEntireTable_validateWithAssertionTypes] STEP  [UI] - Inserting value: 'username' into input component of type: 'BOOTSTRAP_INPUT_TYPE'.
🤖 CYBORG 🤖 2025-11-30T18:10:50,543 [scenario=TableComponentExampleTests.readEntireTable_validateWithAssertionTypes] STEP  [UI] - Inserting value: 'password' into input component of type: 'BOOTSTRAP_INPUT_TYPE'.
🤖 CYBORG 🤖 2025-11-30T18:10:50,883 [scenario=TableComponentExampleTests.readEntireTable_validateWithAssertionTypes] STEP  [UI] - Clicking button using locator: By.cssSelector: input[value='Sign in']
🤖 CYBORG 🤖 2025-11-30T18:10:51,778 [scenario=TableComponentExampleTests.readEntireTable_validateWithAssertionTypes] STEP  [UI] - Clicking button using locator: By.id: online-banking
🤖 CYBORG 🤖 2025-11-30T18:10:52,327 [scenario=TableComponentExampleTests.readEntireTable_validateWithAssertionTypes] STEP  [UI] - Clicking link BOOTSTRAP_LINK_TYPE using locator By.id: account_activity_link
🤖 CYBORG 🤖 2025-11-30T18:10:52,794 [scenario=TableComponentExampleTests.readEntireTable_validateWithAssertionTypes] STEP  [UI] - Selecting items Find Transactions from list BOOTSTRAP_LIST_TYPE using locator By.className: ui-tabs-nav
🤖 CYBORG 🤖 2025-11-30T18:10:53,235 [scenario=TableComponentExampleTests.readEntireTable_validateWithAssertionTypes] STEP  [UI] - Inserting value: 'ONLINE' into input component of type: 'BOOTSTRAP_INPUT_TYPE'.
🤖 CYBORG 🤖 2025-11-30T18:10:53,666 [scenario=TableComponentExampleTests.readEntireTable_validateWithAssertionTypes] STEP  [UI] - Inserting value: '2012-01-01' into input component of type: 'BOOTSTRAP_INPUT_TYPE'.
🤖 CYBORG 🤖 2025-11-30T18:10:54,279 [scenario=TableComponentExampleTests.readEntireTable_validateWithAssertionTypes] STEP  [UI] - Inserting value: '2012-12-31' into input component of type: 'BOOTSTRAP_INPUT_TYPE'.
🤖 CYBORG 🤖 2025-11-30T18:10:54,668 [scenario=TableComponentExampleTests.readEntireTable_validateWithAssertionTypes] STEP  [UI] - Inserting value: '100' into input component of type: 'BOOTSTRAP_INPUT_TYPE'.
🤖 CYBORG 🤖 2025-11-30T18:10:55,001 [scenario=TableComponentExampleTests.readEntireTable_validateWithAssertionTypes] STEP  [UI] - Inserting value: '1000' into input component of type: 'BOOTSTRAP_INPUT_TYPE'.
🤖 CYBORG 🤖 2025-11-30T18:10:55,428 [scenario=TableComponentExampleTests.readEntireTable_validateWithAssertionTypes] STEP  [UI] - Selecting option Deposit in container with locator By.id: aa_type for select component BOOTSTRAP_SELECT_TYPE
🤖 CYBORG 🤖 2025-11-30T18:10:55,438 [scenario=TableComponentExampleTests.readEntireTable_validateWithAssertionTypes] STEP  [UI] - Selecting options [Deposit] in container with locator By.id: aa_type for select component BOOTSTRAP_SELECT_TYPE
🤖 CYBORG 🤖 2025-11-30T18:10:56,298 [scenario=TableComponentExampleTests.readEntireTable_validateWithAssertionTypes] STEP  [UI] - Clicking button using locator: By.cssSelector: button[type='submit']
🤖 CYBORG 🤖 2025-11-30T18:10:56,560 [scenario=TableComponentExampleTests.readEntireTable_validateWithAssertionTypes] STEP  [UI] - Reading entire table as class 'FilteredTransactionEntry'
🤖 CYBORG 🤖 2025-11-30T18:10:57,125 [scenario=TableComponentExampleTests.readEntireTable_validateWithAssertionTypes] INFO  [UI] - Starting response validation with 10 assertion(s).
🤖 CYBORG 🤖 2025-11-30T18:10:57,127 [scenario=TableComponentExampleTests.readEntireTable_validateWithAssertionTypes] INFO  [UI] - Processing assertion for target: TABLE_VALUES
🤖 CYBORG 🤖 2025-11-30T18:10:57,129 [scenario=TableComponentExampleTests.readEntireTable_validateWithAssertionTypes] INFO  [UI] - Processing assertion for target: TABLE_VALUES
🤖 CYBORG 🤖 2025-11-30T18:10:57,132 [scenario=TableComponentExampleTests.readEntireTable_validateWithAssertionTypes] INFO  [UI] - Processing assertion for target: TABLE_VALUES
🤖 CYBORG 🤖 2025-11-30T18:10:57,134 [scenario=TableComponentExampleTests.readEntireTable_validateWithAssertionTypes] INFO  [UI] - Processing assertion for target: TABLE_VALUES
🤖 CYBORG 🤖 2025-11-30T18:10:57,135 [scenario=TableComponentExampleTests.readEntireTable_validateWithAssertionTypes] INFO  [UI] - Processing assertion for target: TABLE_VALUES
🤖 CYBORG 🤖 2025-11-30T18:10:57,137 [scenario=TableComponentExampleTests.readEntireTable_validateWithAssertionTypes] INFO  [UI] - Processing assertion for target: TABLE_VALUES
🤖 CYBORG 🤖 2025-11-30T18:10:57,139 [scenario=TableComponentExampleTests.readEntireTable_validateWithAssertionTypes] INFO  [UI] - Processing assertion for target: TABLE_VALUES
🤖 CYBORG 🤖 2025-11-30T18:10:57,140 [scenario=TableComponentExampleTests.readEntireTable_validateWithAssertionTypes] INFO  [UI] - Processing assertion for target: TABLE_VALUES
🤖 CYBORG 🤖 2025-11-30T18:10:57,142 [scenario=TableComponentExampleTests.readEntireTable_validateWithAssertionTypes] INFO  [UI] - Processing assertion for target: TABLE_ELEMENTS
🤖 CYBORG 🤖 2025-11-30T18:10:57,144 [scenario=TableComponentExampleTests.readEntireTable_validateWithAssertionTypes] INFO  [UI] - Processing assertion for target: TABLE_ELEMENTS
🤖 CYBORG 🤖 2025-11-30T18:10:57,602 [scenario=TableComponentExampleTests.readEntireTable_validateWithAssertionTypes] VALIDATION [QUEST] - ✔ Validation passed: TABLE_NOT_EMPTY (Expected: true, Actual: [[2012-09-06, ONLINE TRANSFER REF #UKKSDRQG6L, 984.3, ], [2012-09-01, ONLINE TRANSFER REF #UKKSDRQG6L, 1000, ]])
🤖 CYBORG 🤖 2025-11-30T18:10:57,981 [scenario=TableComponentExampleTests.readEntireTable_validateWithAssertionTypes] VALIDATION [QUEST] - ✔ Validation passed: TABLE_ROW_COUNT (Expected: 2, Actual: [[2012-09-06, ONLINE TRANSFER REF #UKKSDRQG6L, 984.3, ], [2012-09-01, ONLINE TRANSFER REF #UKKSDRQG6L, 1000, ]])
🤖 CYBORG 🤖 2025-11-30T18:10:57,985 [scenario=TableComponentExampleTests.readEntireTable_validateWithAssertionTypes] VALIDATION [QUEST] - ✔ Validation passed: EVERY_ROW_CONTAINS_VALUES (Expected: [ONLINE TRANSFER REF #UKKSDRQG6L], Actual: [[2012-09-06, ONLINE TRANSFER REF #UKKSDRQG6L, 984.3, ], [2012-09-01, ONLINE TRANSFER REF #UKKSDRQG6L, 1000, ]])
🤖 CYBORG 🤖 2025-11-30T18:10:57,987 [scenario=TableComponentExampleTests.readEntireTable_validateWithAssertionTypes] VALIDATION [QUEST] - ✔ Validation passed: TABLE_DOES_NOT_CONTAIN_ROW (Expected: [random, TEST, 222.2, ], Actual: [[2012-09-06, ONLINE TRANSFER REF #UKKSDRQG6L, 984.3, ], [2012-09-01, ONLINE TRANSFER REF #UKKSDRQG6L, 1000, ]])
🤖 CYBORG 🤖 2025-11-30T18:10:57,989 [scenario=TableComponentExampleTests.readEntireTable_validateWithAssertionTypes] VALIDATION [QUEST] - ✔ Validation passed: ALL_ROWS_ARE_UNIQUE (Expected: true, Actual: [[2012-09-06, ONLINE TRANSFER REF #UKKSDRQG6L, 984.3, ], [2012-09-01, ONLINE TRANSFER REF #UKKSDRQG6L, 1000, ]])
🤖 CYBORG 🤖 2025-11-30T18:10:57,991 [scenario=TableComponentExampleTests.readEntireTable_validateWithAssertionTypes] VALIDATION [QUEST] - ✔ Validation passed: NO_EMPTY_CELLS (Expected: false, Actual: [[2012-09-06, ONLINE TRANSFER REF #UKKSDRQG6L, 984.3, ], [2012-09-01, ONLINE TRANSFER REF #UKKSDRQG6L, 1000, ]])
🤖 CYBORG 🤖 2025-11-30T18:10:57,993 [scenario=TableComponentExampleTests.readEntireTable_validateWithAssertionTypes] VALIDATION [QUEST] - ✔ Validation passed: COLUMN_VALUES_ARE_UNIQUE (Expected: 1, Actual: [[2012-09-06, ONLINE TRANSFER REF #UKKSDRQG6L, 984.3, ], [2012-09-01, ONLINE TRANSFER REF #UKKSDRQG6L, 1000, ]])
🤖 CYBORG 🤖 2025-11-30T18:10:57,995 [scenario=TableComponentExampleTests.readEntireTable_validateWithAssertionTypes] VALIDATION [QUEST] - ✔ Validation passed: TABLE_DATA_MATCHES_EXPECTED (Expected: [[2012-09-06, ONLINE TRANSFER REF #UKKSDRQG6L, 984.3, ], [2012-09-01, ONLINE TRANSFER REF #UKKSDRQG6L, 1000, ]], Actual: [[2012-09-06, ONLINE TRANSFER REF #UKKSDRQG6L, 984.3, ], [2012-09-01, ONLINE TRANSFER REF #UKKSDRQG6L, 1000, ]])
🤖 CYBORG 🤖 2025-11-30T18:10:57,997 [scenario=TableComponentExampleTests.readEntireTable_validateWithAssertionTypes] VALIDATION [QUEST] - ✔ Validation passed: ALL_CELLS_ENABLED (Expected: true, Actual: [[Decorated {[[[[[[RemoteWebDriver: chrome on linux (53b20ec972cd45a7ec68273aedfef27e)] -> id: filtered_transactions_for_account]] -> css selector: tbody tr]] -> css selector: td:nth-of-type(1)]}, Decorated {[[[[[[RemoteWebDriver: chrome on linux (53b20ec972cd45a7ec68273aedfef27e)] -> id: filtered_transactions_for_account]] -> css selector: tbody tr]] -> css selector: td:nth-of-type(2)]}, Decorated {[[[[[[RemoteWebDriver: chrome on linux (53b20ec972cd45a7ec68273aedfef27e)] -> id: filtered_transactions_for_account]] -> css selector: tbody tr]] -> css selector: td:nth-of-type(3)]}, Decorated {[[[[[[RemoteWebDriver: chrome on linux (53b20ec972cd45a7ec68273aedfef27e)] -> id: filtered_transactions_for_account]] -> css selector: tbody tr]] -> css selector: td:nth-of-type(4)]}], [Decorated {[[[[[[RemoteWebDriver: chrome on linux (53b20ec972cd45a7ec68273aedfef27e)] -> id: filtered_transactions_for_account]] -> css selector: tbody tr]] -> css selector: td:nth-of-type(1)]}, Decorated {[[[[[[RemoteWebDriver: chrome on linux (53b20ec972cd45a7ec68273aedfef27e)] -> id: filtered_transactions_for_account]] -> css selector: tbody tr]] -> css selector: td:nth-of-type(2)]}, Decorated {[[[[[[RemoteWebDriver: chrome on linux (53b20ec972cd45a7ec68273aedfef27e)] -> id: filtered_transactions_for_account]] -> css selector: tbody tr]] -> css selector: td:nth-of-type(3)]}, Decorated {[[[[[[RemoteWebDriver: chrome on linux (53b20ec972cd45a7ec68273aedfef27e)] -> id: filtered_transactions_for_account]] -> css selector: tbody tr]] -> css selector: td:nth-of-type(4)]}]])
🤖 CYBORG 🤖 2025-11-30T18:10:57,999 [scenario=TableComponentExampleTests.readEntireTable_validateWithAssertionTypes] VALIDATION [QUEST] - ✔ Validation passed: ALL_CELLS_CLICKABLE (Expected: true, Actual: [[Decorated {[[[[[[RemoteWebDriver: chrome on linux (53b20ec972cd45a7ec68273aedfef27e)] -> id: filtered_transactions_for_account]] -> css selector: tbody tr]] -> css selector: td:nth-of-type(1)]}, Decorated {[[[[[[RemoteWebDriver: chrome on linux (53b20ec972cd45a7ec68273aedfef27e)] -> id: filtered_transactions_for_account]] -> css selector: tbody tr]] -> css selector: td:nth-of-type(2)]}, Decorated {[[[[[[RemoteWebDriver: chrome on linux (53b20ec972cd45a7ec68273aedfef27e)] -> id: filtered_transactions_for_account]] -> css selector: tbody tr]] -> css selector: td:nth-of-type(3)]}, Decorated {[[[[[[RemoteWebDriver: chrome on linux (53b20ec972cd45a7ec68273aedfef27e)] -> id: filtered_transactions_for_account]] -> css selector: tbody tr]] -> css selector: td:nth-of-type(4)]}], [Decorated {[[[[[[RemoteWebDriver: chrome on linux (53b20ec972cd45a7ec68273aedfef27e)] -> id: filtered_transactions_for_account]] -> css selector: tbody tr]] -> css selector: td:nth-of-type(1)]}, Decorated {[[[[[[RemoteWebDriver: chrome on linux (53b20ec972cd45a7ec68273aedfef27e)] -> id: filtered_transactions_for_account]] -> css selector: tbody tr]] -> css selector: td:nth-of-type(2)]}, Decorated {[[[[[[RemoteWebDriver: chrome on linux (53b20ec972cd45a7ec68273aedfef27e)] -> id: filtered_transactions_for_account]] -> css selector: tbody tr]] -> css selector: td:nth-of-type(3)]}, Decorated {[[[[[[RemoteWebDriver: chrome on linux (53b20ec972cd45a7ec68273aedfef27e)] -> id: filtered_transactions_for_account]] -> css selector: tbody tr]] -> css selector: td:nth-of-type(4)]}]])
🤖 CYBORG 🤖 2025-11-30T18:10:58,001 [scenario=TableComponentExampleTests.readEntireTable_validateWithAssertionTypes] STEP  [UI] - Reading row number 1 as class 'FilteredTransactionEntry'
🤖 CYBORG 🤖 2025-11-30T18:10:58,315 [scenario=TableComponentExampleTests.readEntireTable_validateWithAssertionTypes] INFO  [UI] - Starting response validation with 2 assertion(s).
🤖 CYBORG 🤖 2025-11-30T18:10:58,317 [scenario=TableComponentExampleTests.readEntireTable_validateWithAssertionTypes] INFO  [UI] - Processing assertion for target: ROW_VALUES
🤖 CYBORG 🤖 2025-11-30T18:10:58,323 [scenario=TableComponentExampleTests.readEntireTable_validateWithAssertionTypes] INFO  [UI] - Processing assertion for target: ROW_VALUES
🤖 CYBORG 🤖 2025-11-30T18:10:58,325 [scenario=TableComponentExampleTests.readEntireTable_validateWithAssertionTypes] VALIDATION [QUEST] - ✔ Validation passed: ROW_NOT_EMPTY (Expected: true, Actual: [2012-09-06, ONLINE TRANSFER REF #UKKSDRQG6L, 984.3, ])
🤖 CYBORG 🤖 2025-11-30T18:10:58,330 [scenario=TableComponentExampleTests.readEntireTable_validateWithAssertionTypes] VALIDATION [QUEST] - ✔ Validation passed: ROW_CONTAINS_VALUES (Expected: [2012-09-06, ONLINE TRANSFER REF #UKKSDRQG6L], Actual: [2012-09-06, ONLINE TRANSFER REF #UKKSDRQG6L, 984.3, ])
🤖 CYBORG 🤖 2025-11-30T18:10:58,332 [scenario=TableComponentExampleTests.readEntireTable_validateWithAssertionTypes] INFO  [QUEST] - The quest has dropped the ring.
🤖 CYBORG 🤖 2025-11-30T18:10:58,334 [scenario=TableComponentExampleTests.readEntireTable_validateWithAssertionTypes] INFO  [QUEST] - The quest has reached his end
🤖 CYBORG 🤖 2025-11-30T18:10:58,466 [scenario=TableComponentExampleTests.readEntireTable_validateWithAssertionTypes] INFO  [UI] - WebDriver closed successfully.
🤖 CYBORG 🤖 2025-11-30T18:10:58,472 [scenario=TableComponentExampleTests.readEntireTable_validateWithAssertionTypes] INFO  [QUEST] - The quest of 'readEntireTable_validateWithAssertionTypes(Quest)' has concluded with glory. Status: SUCCESS. Duration: 11 seconds.