 CYBORG  2025-11-30T18:10:15,375 [scenario=GettingStartedTests.components_validateUsingHardAssertions] INFO  [UI] - Creating driver using provider [ChromeDriverProvider]. Headless: [true], Remote: [true], Remote URL: [http://localhost:4444]
 CYBORG  2025-11-30T18:10:17,410 [scenario=GettingStartedTests.components_validateUsingHardAssertions] INFO  [QUEST] - The quest: 'components_validateUsingHardAssertions(Quest)' has begun and is crafted.
 CYBORG  2025-11-30T18:10:17,477 [scenario=GettingStartedTests.components_validateUsingHardAssertions] INFO  [QUEST] - The quest has used the ring: 'io.cyborgcode.ui.simple.test.framework.ui.AppUiService'
 CYBORG  2025-11-30T18:10:18,302 [scenario=GettingStartedTests.components_validateUsingHardAssertions] STEP  [UI] - Clicking button using locator: By.id: signin_button
 CYBORG  2025-11-30T18:10:18,824 [scenario=GettingStartedTests.components_validateUsingHardAssertions] STEP  [UI] - Inserting value: 'username' into input component of type: 'BOOTSTRAP_INPUT_TYPE'.
 CYBORG  2025-11-30T18:10:19,348 [scenario=GettingStartedTests.components_validateUsingHardAssertions] STEP  [UI] - Inserting value: 'password' into input component of type: 'BOOTSTRAP_INPUT_TYPE'.
 CYBORG  2025-11-30T18:10:19,742 [scenario=GettingStartedTests.components_validateUsingHardAssertions] STEP  [UI] - Clicking button using locator: By.cssSelector: input[value='Sign in']
 CYBORG  2025-11-30T18:10:20,523 [scenario=GettingStartedTests.components_validateUsingHardAssertions] STEP  [UI] - Clicking link BOOTSTRAP_LINK_TYPE using locator By.id: transfer_funds_link
 CYBORG  2025-11-30T18:10:20,977 [scenario=GettingStartedTests.components_validateUsingHardAssertions] STEP  [UI] - Selecting items Pay Bills from list BOOTSTRAP_LIST_TYPE using locator By.className: nav-tabs
 CYBORG  2025-11-30T18:10:22,099 [scenario=GettingStartedTests.components_validateUsingHardAssertions] STEP  [UI] - Selecting items Pay Saved Payee from list BOOTSTRAP_LIST_TYPE using locator By.className: ui-tabs-nav
 CYBORG  2025-11-30T18:10:22,368 [scenario=GettingStartedTests.components_validateUsingHardAssertions] STEP  [UI] - Selecting option Sprint in container with locator By.id: sp_payee for select component BOOTSTRAP_SELECT_TYPE
 CYBORG  2025-11-30T18:10:22,381 [scenario=GettingStartedTests.components_validateUsingHardAssertions] STEP  [UI] - Selecting options [Sprint] in container with locator By.id: sp_payee for select component BOOTSTRAP_SELECT_TYPE
 CYBORG  2025-11-30T18:10:23,089 [scenario=GettingStartedTests.components_validateUsingHardAssertions] STEP  [UI] - Clicking link BOOTSTRAP_LINK_TYPE using locator By.id: sp_get_payee_details
 CYBORG  2025-11-30T18:10:23,393 [scenario=GettingStartedTests.components_validateUsingHardAssertions] VALIDATION [QUEST] - Starting hard validation...
 CYBORG  2025-11-30T18:10:23,398 [scenario=GettingStartedTests.components_validateUsingHardAssertions] VALIDATION [QUEST] - Hard validation completed successfully.
 CYBORG  2025-11-30T18:10:23,401 [scenario=GettingStartedTests.components_validateUsingHardAssertions] STEP  [UI] - Selecting option Bank of America in container with locator By.id: sp_payee for select component BOOTSTRAP_SELECT_TYPE
 CYBORG  2025-11-30T18:10:23,404 [scenario=GettingStartedTests.components_validateUsingHardAssertions] STEP  [UI] - Selecting options [Bank of America] in container with locator By.id: sp_payee for select component BOOTSTRAP_SELECT_TYPE
 CYBORG  2025-11-30T18:10:23,901 [scenario=GettingStartedTests.components_validateUsingHardAssertions] STEP  [UI] - Clicking link BOOTSTRAP_LINK_TYPE using locator By.id: sp_get_payee_details
 CYBORG  2025-11-30T18:10:24,212 [scenario=GettingStartedTests.components_validateUsingHardAssertions] VALIDATION [QUEST] - Starting hard validation...
 CYBORG  2025-11-30T18:10:24,240 [scenario=GettingStartedTests.components_validateUsingHardAssertions] VALIDATION [QUEST] - Hard validation completed successfully.
 CYBORG  2025-11-30T18:10:24,258 [scenario=GettingStartedTests.components_validateUsingHardAssertions] STEP  [UI] - Selecting option Apple in container with locator By.id: sp_payee for select component BOOTSTRAP_SELECT_TYPE
 CYBORG  2025-11-30T18:10:24,262 [scenario=GettingStartedTests.components_validateUsingHardAssertions] STEP  [UI] - Selecting options [Apple] in container with locator By.id: sp_payee for select component BOOTSTRAP_SELECT_TYPE
 CYBORG  2025-11-30T18:10:24,801 [scenario=GettingStartedTests.components_validateUsingHardAssertions] STEP  [UI] - Clicking link BOOTSTRAP_LINK_TYPE using locator By.id: sp_get_payee_details
 CYBORG  2025-11-30T18:10:25,057 [scenario=GettingStartedTests.components_validateUsingHardAssertions] VALIDATION [QUEST] - Starting hard validation...
 CYBORG  2025-11-30T18:10:25,063 [scenario=GettingStartedTests.components_validateUsingHardAssertions] VALIDATION [QUEST] - Hard validation completed successfully.
 CYBORG  2025-11-30T18:10:25,070 [scenario=GettingStartedTests.components_validateUsingHardAssertions] STEP  [UI] - Selecting option Wells Fargo in container with locator By.id: sp_payee for select component BOOTSTRAP_SELECT_TYPE
 CYBORG  2025-11-30T18:10:25,075 [scenario=GettingStartedTests.components_validateUsingHardAssertions] STEP  [UI] - Selecting options [Wells Fargo] in container with locator By.id: sp_payee for select component BOOTSTRAP_SELECT_TYPE
 CYBORG  2025-11-30T18:10:25,627 [scenario=GettingStartedTests.components_validateUsingHardAssertions] STEP  [UI] - Clicking link BOOTSTRAP_LINK_TYPE using locator By.id: sp_get_payee_details
 CYBORG  2025-11-30T18:10:25,907 [scenario=GettingStartedTests.components_validateUsingHardAssertions] VALIDATION [QUEST] - Starting hard validation...
 CYBORG  2025-11-30T18:10:25,913 [scenario=GettingStartedTests.components_validateUsingHardAssertions] VALIDATION [QUEST] - Hard validation completed successfully.
 CYBORG  2025-11-30T18:10:25,916 [scenario=GettingStartedTests.components_validateUsingHardAssertions] INFO  [QUEST] - The quest has dropped the ring.
 CYBORG  2025-11-30T18:10:25,925 [scenario=GettingStartedTests.components_validateUsingHardAssertions] INFO  [QUEST] - The quest has reached his end
 CYBORG  2025-11-30T18:10:26,039 [scenario=GettingStartedTests.components_validateUsingHardAssertions] INFO  [UI] - WebDriver closed successfully.
 CYBORG  2025-11-30T18:10:26,049 [scenario=GettingStartedTests.components_validateUsingHardAssertions] INFO  [QUEST] - The quest of 'components_validateUsingHardAssertions(Quest)' has concluded with glory. Status: SUCCESS. Duration: 13 seconds.