 CYBORG  2025-11-04T16:22:08,205 [scenario=BakeryEvolvingTest.createOrderRaw] INFO  [UI] - Creating driver using provider [ChromeDriverProvider]. Headless: [true], Remote: [true], Remote URL: [http://localhost:4444]
 CYBORG  2025-11-04T16:22:09,888 [scenario=BakeryEvolvingTest.createOrderRaw] INFO  [QUEST] - The quest: 'createOrderRaw(Quest)' has begun and is crafted.
 CYBORG  2025-11-04T16:22:09,910 [scenario=BakeryEvolvingTest.createOrderRaw] INFO  [QUEST] - The quest has used the ring: 'io.cyborgcode.ui.complex.test.framework.ui.AppUiService'
 CYBORG  2025-11-04T16:22:10,868 [scenario=BakeryEvolvingTest.createOrderRaw] STEP  [UI] - Inserting value: 'admin@vaadin.com' into input component of type: 'VA_INPUT_TYPE'.
 CYBORG  2025-11-04T16:22:11,573 [scenario=BakeryEvolvingTest.createOrderRaw] STEP  [UI] - Inserting value: 'admin' into input component of type: 'VA_INPUT_TYPE'.
 CYBORG  2025-11-04T16:22:12,022 [scenario=BakeryEvolvingTest.createOrderRaw] STEP  [UI] - Clicking button using locator: By.tagName: vaadin-button
 CYBORG  2025-11-04T16:22:13,177 [scenario=BakeryEvolvingTest.createOrderRaw] STEP  [UI] - Clicking button using locator: By.cssSelector: vaadin-button#action
 CYBORG  2025-11-04T16:22:13,927 [scenario=BakeryEvolvingTest.createOrderRaw] STEP  [UI] - Inserting value: 'John Terry' into input component of type: 'VA_INPUT_TYPE'.
 CYBORG  2025-11-04T16:22:14,649 [scenario=BakeryEvolvingTest.createOrderRaw] STEP  [UI] - Inserting value: 'Address' into input component of type: 'VA_INPUT_TYPE'.
 CYBORG  2025-11-04T16:22:15,113 [scenario=BakeryEvolvingTest.createOrderRaw] STEP  [UI] - Inserting value: '+1-555-7777' into input component of type: 'VA_INPUT_TYPE'.
 CYBORG  2025-11-04T16:22:15,537 [scenario=BakeryEvolvingTest.createOrderRaw] STEP  [UI] - Selecting option Store in container with locator By.cssSelector: vaadin-combo-box#pickupLocation for select component VA_SELECT_TYPE
 CYBORG  2025-11-04T16:22:15,546 [scenario=BakeryEvolvingTest.createOrderRaw] STEP  [UI] - Selecting options [Store] in container with locator By.cssSelector: vaadin-combo-box#pickupLocation for select component VA_SELECT_TYPE
 CYBORG  2025-11-04T16:22:16,680 [scenario=BakeryEvolvingTest.createOrderRaw] STEP  [UI] - Selecting options with strategy FIRST in container with locator By.cssSelector: vaadin-combo-box#products for select component VA_SELECT_TYPE
 CYBORG  2025-11-04T16:22:17,906 [scenario=BakeryEvolvingTest.createOrderRaw] STEP  [UI] - Clicking button using locator: By.cssSelector: vaadin-button#review
 CYBORG  2025-11-04T16:22:18,800 [scenario=BakeryEvolvingTest.createOrderRaw] STEP  [UI] - Clicking button using locator: By.cssSelector: vaadin-button#save
 CYBORG  2025-11-04T16:22:19,628 [scenario=BakeryEvolvingTest.createOrderRaw] STEP  [UI] - Inserting value: 'John Terry' into input component of type: 'VA_INPUT_TYPE'.
 CYBORG  2025-11-04T16:22:19,884 [scenario=BakeryEvolvingTest.createOrderRaw] VALIDATION [QUEST] - Starting hard validation...
 CYBORG  2025-11-04T16:22:20,018 [scenario=BakeryEvolvingTest.createOrderRaw] VALIDATION [QUEST] - Hard validation completed successfully.
 CYBORG  2025-11-04T16:22:20,025 [scenario=BakeryEvolvingTest.createOrderRaw] INFO  [QUEST] - The quest has dropped the ring.
 CYBORG  2025-11-04T16:22:20,028 [scenario=BakeryEvolvingTest.createOrderRaw] INFO  [QUEST] - The quest has reached his end
 CYBORG  2025-11-04T16:22:20,131 [scenario=BakeryEvolvingTest.createOrderRaw] INFO  [UI] - WebDriver closed successfully.
 CYBORG  2025-11-04T16:22:20,137 [scenario=BakeryEvolvingTest.createOrderRaw] INFO  [QUEST] - The quest of 'createOrderRaw(Quest)' has concluded with glory. Status: SUCCESS. Duration: 13 seconds.