 CYBORG  2025-11-30T18:10:15,183 [scenario=GettingStartedTests.components_validateUsingMixedAssertions] INFO  [UI] - Chrome driver is downloaded with a compatible version for the installed browser
 CYBORG  2025-11-30T18:10:15,372 [scenario=GettingStartedTests.components_validateUsingMixedAssertions] INFO  [UI] - Creating driver using provider [ChromeDriverProvider]. Headless: [true], Remote: [true], Remote URL: [http://localhost:4444]
 CYBORG  2025-11-30T18:10:17,410 [scenario=GettingStartedTests.components_validateUsingMixedAssertions] INFO  [QUEST] - The quest: 'components_validateUsingMixedAssertions(Quest)' has begun and is crafted.
 CYBORG  2025-11-30T18:10:17,476 [scenario=GettingStartedTests.components_validateUsingMixedAssertions] INFO  [QUEST] - The quest has used the ring: 'io.cyborgcode.ui.simple.test.framework.ui.AppUiService'
 CYBORG  2025-11-30T18:10:18,315 [scenario=GettingStartedTests.components_validateUsingMixedAssertions] STEP  [UI] - Clicking button using locator: By.id: signin_button
 CYBORG  2025-11-30T18:10:18,747 [scenario=GettingStartedTests.components_validateUsingMixedAssertions] STEP  [UI] - Inserting value: 'username' into input component of type: 'BOOTSTRAP_INPUT_TYPE'.
 CYBORG  2025-11-30T18:10:19,368 [scenario=GettingStartedTests.components_validateUsingMixedAssertions] STEP  [UI] - Inserting value: 'password' into input component of type: 'BOOTSTRAP_INPUT_TYPE'.
 CYBORG  2025-11-30T18:10:19,742 [scenario=GettingStartedTests.components_validateUsingMixedAssertions] STEP  [UI] - Clicking button using locator: By.cssSelector: input[value='Sign in']
 CYBORG  2025-11-30T18:10:20,432 [scenario=GettingStartedTests.components_validateUsingMixedAssertions] STEP  [UI] - Clicking link BOOTSTRAP_LINK_TYPE using locator By.id: transfer_funds_link
 CYBORG  2025-11-30T18:10:20,980 [scenario=GettingStartedTests.components_validateUsingMixedAssertions] STEP  [UI] - Selecting items Pay Bills from list BOOTSTRAP_LIST_TYPE using locator By.className: nav-tabs
 CYBORG  2025-11-30T18:10:22,052 [scenario=GettingStartedTests.components_validateUsingMixedAssertions] STEP  [UI] - Selecting items Pay Saved Payee from list BOOTSTRAP_LIST_TYPE using locator By.className: ui-tabs-nav
 CYBORG  2025-11-30T18:10:22,316 [scenario=GettingStartedTests.components_validateUsingMixedAssertions] STEP  [UI] - Selecting option Sprint in container with locator By.id: sp_payee for select component BOOTSTRAP_SELECT_TYPE
 CYBORG  2025-11-30T18:10:22,324 [scenario=GettingStartedTests.components_validateUsingMixedAssertions] STEP  [UI] - Selecting options [Sprint] in container with locator By.id: sp_payee for select component BOOTSTRAP_SELECT_TYPE
 CYBORG  2025-11-30T18:10:22,991 [scenario=GettingStartedTests.components_validateUsingMixedAssertions] STEP  [UI] - Clicking link BOOTSTRAP_LINK_TYPE using locator By.id: sp_get_payee_details
 CYBORG  2025-11-30T18:10:23,277 [scenario=GettingStartedTests.components_validateUsingMixedAssertions] VALIDATION [QUEST] - Starting hard validation...
 CYBORG  2025-11-30T18:10:23,350 [scenario=GettingStartedTests.components_validateUsingMixedAssertions] VALIDATION [QUEST] - Hard validation completed successfully.
 CYBORG  2025-11-30T18:10:23,357 [scenario=GettingStartedTests.components_validateUsingMixedAssertions] STEP  [UI] - Selecting option Bank of America in container with locator By.id: sp_payee for select component BOOTSTRAP_SELECT_TYPE
 CYBORG  2025-11-30T18:10:23,361 [scenario=GettingStartedTests.components_validateUsingMixedAssertions] STEP  [UI] - Selecting options [Bank of America] in container with locator By.id: sp_payee for select component BOOTSTRAP_SELECT_TYPE
 CYBORG  2025-11-30T18:10:23,808 [scenario=GettingStartedTests.components_validateUsingMixedAssertions] STEP  [UI] - Clicking link BOOTSTRAP_LINK_TYPE using locator By.id: sp_get_payee_details
 CYBORG  2025-11-30T18:10:24,040 [scenario=GettingStartedTests.components_validateUsingMixedAssertions] VALIDATION [QUEST] - Starting hard validation...
 CYBORG  2025-11-30T18:10:24,045 [scenario=GettingStartedTests.components_validateUsingMixedAssertions] VALIDATION [QUEST] - Hard validation completed successfully.
 CYBORG  2025-11-30T18:10:24,048 [scenario=GettingStartedTests.components_validateUsingMixedAssertions] STEP  [UI] - Selecting option Apple in container with locator By.id: sp_payee for select component BOOTSTRAP_SELECT_TYPE
 CYBORG  2025-11-30T18:10:24,054 [scenario=GettingStartedTests.components_validateUsingMixedAssertions] STEP  [UI] - Selecting options [Apple] in container with locator By.id: sp_payee for select component BOOTSTRAP_SELECT_TYPE
 CYBORG  2025-11-30T18:10:24,779 [scenario=GettingStartedTests.components_validateUsingMixedAssertions] STEP  [UI] - Clicking link BOOTSTRAP_LINK_TYPE using locator By.id: sp_get_payee_details
 CYBORG  2025-11-30T18:10:25,036 [scenario=GettingStartedTests.components_validateUsingMixedAssertions] INFO  [QUEST] - The quest has dropped the ring.
 CYBORG  2025-11-30T18:10:25,040 [scenario=GettingStartedTests.components_validateUsingMixedAssertions] VALIDATION [QUEST] - Starting soft validation.
 CYBORG  2025-11-30T18:10:25,392 [scenario=GettingStartedTests.components_validateUsingMixedAssertions] STEP  [UI] - Selecting option Wells Fargo in container with locator By.id: sp_payee for select component BOOTSTRAP_SELECT_TYPE
 CYBORG  2025-11-30T18:10:25,395 [scenario=GettingStartedTests.components_validateUsingMixedAssertions] STEP  [UI] - Selecting options [Wells Fargo] in container with locator By.id: sp_payee for select component BOOTSTRAP_SELECT_TYPE
 CYBORG  2025-11-30T18:10:26,064 [scenario=GettingStartedTests.components_validateUsingMixedAssertions] STEP  [UI] - Clicking link BOOTSTRAP_LINK_TYPE using locator By.id: sp_get_payee_details
 CYBORG  2025-11-30T18:10:26,398 [scenario=GettingStartedTests.components_validateUsingMixedAssertions] VALIDATION [QUEST] - Starting hard validation...
 CYBORG  2025-11-30T18:10:26,401 [scenario=GettingStartedTests.components_validateUsingMixedAssertions] VALIDATION [QUEST] - Hard validation completed successfully.
 CYBORG  2025-11-30T18:10:26,404 [scenario=GettingStartedTests.components_validateUsingMixedAssertions] INFO  [QUEST] - The quest has dropped the ring.
 CYBORG  2025-11-30T18:10:26,406 [scenario=GettingStartedTests.components_validateUsingMixedAssertions] INFO  [QUEST] - The quest has reached his end
 CYBORG  2025-11-30T18:10:26,495 [scenario=GettingStartedTests.components_validateUsingMixedAssertions] INFO  [UI] - WebDriver closed successfully.
 CYBORG  2025-11-30T18:10:26,506 [scenario=GettingStartedTests.components_validateUsingMixedAssertions] INFO  [QUEST] - The quest of 'components_validateUsingMixedAssertions(Quest)' has concluded with glory. Status: SUCCESS. Duration: 13 seconds.