 CYBORG  2025-11-04T16:22:08,153 [scenario=BakeryEvolvingTest.createOrderRawData] INFO  [UI] - Chrome driver is downloaded with a compatible version for the installed browser
 CYBORG  2025-11-04T16:22:08,205 [scenario=BakeryEvolvingTest.createOrderRawData] INFO  [UI] - Creating driver using provider [ChromeDriverProvider]. Headless: [true], Remote: [true], Remote URL: [http://localhost:4444]
 CYBORG  2025-11-04T16:22:09,889 [scenario=BakeryEvolvingTest.createOrderRawData] INFO  [QUEST] - The quest: 'createOrderRawData(Quest)' has begun and is crafted.
 CYBORG  2025-11-04T16:22:09,916 [scenario=BakeryEvolvingTest.createOrderRawData] INFO  [QUEST] - The quest has used the ring: 'io.cyborgcode.ui.complex.test.framework.ui.AppUiService'
 CYBORG  2025-11-04T16:22:10,786 [scenario=BakeryEvolvingTest.createOrderRawData] STEP  [UI] - Inserting value: 'admin@vaadin.com' into input component of type: 'VA_INPUT_TYPE'.
 CYBORG  2025-11-04T16:22:11,508 [scenario=BakeryEvolvingTest.createOrderRawData] STEP  [UI] - Inserting value: 'admin' into input component of type: 'VA_INPUT_TYPE'.
 CYBORG  2025-11-04T16:22:12,011 [scenario=BakeryEvolvingTest.createOrderRawData] STEP  [UI] - Clicking button using locator: By.tagName: vaadin-button
 CYBORG  2025-11-04T16:22:13,218 [scenario=BakeryEvolvingTest.createOrderRawData] STEP  [UI] - Clicking button using locator: By.cssSelector: vaadin-button#action
 CYBORG  2025-11-04T16:22:13,969 [scenario=BakeryEvolvingTest.createOrderRawData] STEP  [UI] - Inserting value: 'John Terry' into input component of type: 'VA_INPUT_TYPE'.
 CYBORG  2025-11-04T16:22:14,717 [scenario=BakeryEvolvingTest.createOrderRawData] STEP  [UI] - Inserting value: 'Address' into input component of type: 'VA_INPUT_TYPE'.
 CYBORG  2025-11-04T16:22:15,155 [scenario=BakeryEvolvingTest.createOrderRawData] STEP  [UI] - Inserting value: '+1-555-7777' into input component of type: 'VA_INPUT_TYPE'.
 CYBORG  2025-11-04T16:22:15,585 [scenario=BakeryEvolvingTest.createOrderRawData] STEP  [UI] - Selecting option Bakery in container with locator By.cssSelector: vaadin-combo-box#pickupLocation for select component VA_SELECT_TYPE
 CYBORG  2025-11-04T16:22:15,593 [scenario=BakeryEvolvingTest.createOrderRawData] STEP  [UI] - Selecting options [Bakery] in container with locator By.cssSelector: vaadin-combo-box#pickupLocation for select component VA_SELECT_TYPE
 CYBORG  2025-11-04T16:22:16,775 [scenario=BakeryEvolvingTest.createOrderRawData] STEP  [UI] - Selecting options [Strawberry Bun] in container with locator By.cssSelector: vaadin-combo-box#products for select component VA_SELECT_TYPE
 CYBORG  2025-11-04T16:22:18,019 [scenario=BakeryEvolvingTest.createOrderRawData] STEP  [UI] - Clicking button using locator: By.cssSelector: vaadin-button#review
 CYBORG  2025-11-04T16:22:18,316 [scenario=BakeryEvolvingTest.createOrderRawData] STEP  [UI] - Clicking button using locator: By.cssSelector: vaadin-button#save
 CYBORG  2025-11-04T16:22:19,126 [scenario=BakeryEvolvingTest.createOrderRawData] STEP  [UI] - Inserting value: 'John Terry' into input component of type: 'VA_INPUT_TYPE'.
 CYBORG  2025-11-04T16:22:19,388 [scenario=BakeryEvolvingTest.createOrderRawData] VALIDATION [QUEST] - Starting hard validation...
 CYBORG  2025-11-04T16:22:19,529 [scenario=BakeryEvolvingTest.createOrderRawData] VALIDATION [QUEST] - Hard validation completed successfully.
 CYBORG  2025-11-04T16:22:19,533 [scenario=BakeryEvolvingTest.createOrderRawData] INFO  [QUEST] - The quest has dropped the ring.
 CYBORG  2025-11-04T16:22:19,537 [scenario=BakeryEvolvingTest.createOrderRawData] INFO  [QUEST] - The quest has reached his end
 CYBORG  2025-11-04T16:22:19,655 [scenario=BakeryEvolvingTest.createOrderRawData] INFO  [UI] - WebDriver closed successfully.
 CYBORG  2025-11-04T16:22:19,668 [scenario=BakeryEvolvingTest.createOrderRawData] INFO  [QUEST] - The quest of 'createOrderRawData(Quest)' has concluded with glory. Status: SUCCESS. Duration: 12 seconds.