 CYBORG  2025-11-30T18:10:15,372 [scenario=GettingStartedTests.components_validateUsingSoftAssertions] INFO  [UI] - Creating driver using provider [ChromeDriverProvider]. Headless: [true], Remote: [true], Remote URL: [http://localhost:4444]
 CYBORG  2025-11-30T18:10:26,505 [scenario=GettingStartedTests.components_validateUsingSoftAssertions] INFO  [QUEST] - The quest: 'components_validateUsingSoftAssertions(Quest)' has begun and is crafted.
 CYBORG  2025-11-30T18:10:26,534 [scenario=GettingStartedTests.components_validateUsingSoftAssertions] INFO  [QUEST] - The quest has used the ring: 'io.cyborgcode.ui.simple.test.framework.ui.AppUiService'
 CYBORG  2025-11-30T18:10:27,070 [scenario=GettingStartedTests.components_validateUsingSoftAssertions] STEP  [UI] - Clicking button using locator: By.id: signin_button
 CYBORG  2025-11-30T18:10:27,320 [scenario=GettingStartedTests.components_validateUsingSoftAssertions] STEP  [UI] - Inserting value: 'username' into input component of type: 'BOOTSTRAP_INPUT_TYPE'.
 CYBORG  2025-11-30T18:10:27,631 [scenario=GettingStartedTests.components_validateUsingSoftAssertions] STEP  [UI] - Inserting value: 'password' into input component of type: 'BOOTSTRAP_INPUT_TYPE'.
 CYBORG  2025-11-30T18:10:27,798 [scenario=GettingStartedTests.components_validateUsingSoftAssertions] STEP  [UI] - Clicking button using locator: By.cssSelector: input[value='Sign in']
 CYBORG  2025-11-30T18:10:28,367 [scenario=GettingStartedTests.components_validateUsingSoftAssertions] STEP  [UI] - Clicking link BOOTSTRAP_LINK_TYPE using locator By.id: transfer_funds_link
 CYBORG  2025-11-30T18:10:28,612 [scenario=GettingStartedTests.components_validateUsingSoftAssertions] STEP  [UI] - Selecting items Pay Bills from list BOOTSTRAP_LIST_TYPE using locator By.className: nav-tabs
 CYBORG  2025-11-30T18:10:29,269 [scenario=GettingStartedTests.components_validateUsingSoftAssertions] STEP  [UI] - Selecting items Pay Saved Payee from list BOOTSTRAP_LIST_TYPE using locator By.className: ui-tabs-nav
 CYBORG  2025-11-30T18:10:29,424 [scenario=GettingStartedTests.components_validateUsingSoftAssertions] STEP  [UI] - Selecting option Sprint in container with locator By.id: sp_payee for select component BOOTSTRAP_SELECT_TYPE
 CYBORG  2025-11-30T18:10:29,427 [scenario=GettingStartedTests.components_validateUsingSoftAssertions] STEP  [UI] - Selecting options [Sprint] in container with locator By.id: sp_payee for select component BOOTSTRAP_SELECT_TYPE
 CYBORG  2025-11-30T18:10:29,764 [scenario=GettingStartedTests.components_validateUsingSoftAssertions] STEP  [UI] - Clicking link BOOTSTRAP_LINK_TYPE using locator By.id: sp_get_payee_details
 CYBORG  2025-11-30T18:10:29,907 [scenario=GettingStartedTests.components_validateUsingSoftAssertions] INFO  [QUEST] - The quest has dropped the ring.
 CYBORG  2025-11-30T18:10:29,910 [scenario=GettingStartedTests.components_validateUsingSoftAssertions] VALIDATION [QUEST] - Starting soft validation.
 CYBORG  2025-11-30T18:10:29,912 [scenario=GettingStartedTests.components_validateUsingSoftAssertions] STEP  [UI] - Selecting option Bank of America in container with locator By.id: sp_payee for select component BOOTSTRAP_SELECT_TYPE
 CYBORG  2025-11-30T18:10:29,913 [scenario=GettingStartedTests.components_validateUsingSoftAssertions] STEP  [UI] - Selecting options [Bank of America] in container with locator By.id: sp_payee for select component BOOTSTRAP_SELECT_TYPE
 CYBORG  2025-11-30T18:10:30,174 [scenario=GettingStartedTests.components_validateUsingSoftAssertions] STEP  [UI] - Clicking link BOOTSTRAP_LINK_TYPE using locator By.id: sp_get_payee_details
 CYBORG  2025-11-30T18:10:30,299 [scenario=GettingStartedTests.components_validateUsingSoftAssertions] INFO  [QUEST] - The quest has dropped the ring.
 CYBORG  2025-11-30T18:10:30,301 [scenario=GettingStartedTests.components_validateUsingSoftAssertions] VALIDATION [QUEST] - Starting soft validation.
 CYBORG  2025-11-30T18:10:30,303 [scenario=GettingStartedTests.components_validateUsingSoftAssertions] STEP  [UI] - Selecting option Apple in container with locator By.id: sp_payee for select component BOOTSTRAP_SELECT_TYPE
 CYBORG  2025-11-30T18:10:30,304 [scenario=GettingStartedTests.components_validateUsingSoftAssertions] STEP  [UI] - Selecting options [Apple] in container with locator By.id: sp_payee for select component BOOTSTRAP_SELECT_TYPE
 CYBORG  2025-11-30T18:10:30,537 [scenario=GettingStartedTests.components_validateUsingSoftAssertions] STEP  [UI] - Clicking link BOOTSTRAP_LINK_TYPE using locator By.id: sp_get_payee_details
 CYBORG  2025-11-30T18:10:30,674 [scenario=GettingStartedTests.components_validateUsingSoftAssertions] INFO  [QUEST] - The quest has dropped the ring.
 CYBORG  2025-11-30T18:10:30,677 [scenario=GettingStartedTests.components_validateUsingSoftAssertions] VALIDATION [QUEST] - Starting soft validation.
 CYBORG  2025-11-30T18:10:30,680 [scenario=GettingStartedTests.components_validateUsingSoftAssertions] STEP  [UI] - Selecting option Wells Fargo in container with locator By.id: sp_payee for select component BOOTSTRAP_SELECT_TYPE
 CYBORG  2025-11-30T18:10:30,683 [scenario=GettingStartedTests.components_validateUsingSoftAssertions] STEP  [UI] - Selecting options [Wells Fargo] in container with locator By.id: sp_payee for select component BOOTSTRAP_SELECT_TYPE
 CYBORG  2025-11-30T18:10:30,932 [scenario=GettingStartedTests.components_validateUsingSoftAssertions] STEP  [UI] - Clicking link BOOTSTRAP_LINK_TYPE using locator By.id: sp_get_payee_details
 CYBORG  2025-11-30T18:10:31,075 [scenario=GettingStartedTests.components_validateUsingSoftAssertions] INFO  [QUEST] - The quest has dropped the ring.
 CYBORG  2025-11-30T18:10:31,078 [scenario=GettingStartedTests.components_validateUsingSoftAssertions] VALIDATION [QUEST] - Starting soft validation.
 CYBORG  2025-11-30T18:10:31,079 [scenario=GettingStartedTests.components_validateUsingSoftAssertions] STEP  [UI] - Selecting option Checking in container with locator By.id: sp_account for select component BOOTSTRAP_SELECT_TYPE
 CYBORG  2025-11-30T18:10:31,081 [scenario=GettingStartedTests.components_validateUsingSoftAssertions] STEP  [UI] - Selecting options [Checking] in container with locator By.id: sp_account for select component BOOTSTRAP_SELECT_TYPE
 CYBORG  2025-11-30T18:10:31,386 [scenario=GettingStartedTests.components_validateUsingSoftAssertions] STEP  [UI] - Inserting value: '1000' into input component of type: 'BOOTSTRAP_INPUT_TYPE'.
 CYBORG  2025-11-30T18:10:31,519 [scenario=GettingStartedTests.components_validateUsingSoftAssertions] STEP  [UI] - Inserting value: '2025-01-27' into input component of type: 'BOOTSTRAP_INPUT_TYPE'.
 CYBORG  2025-11-30T18:10:31,670 [scenario=GettingStartedTests.components_validateUsingSoftAssertions] STEP  [UI] - Inserting value: 'Description Example' into input component of type: 'BOOTSTRAP_INPUT_TYPE'.
 CYBORG  2025-11-30T18:10:31,817 [scenario=GettingStartedTests.components_validateUsingSoftAssertions] STEP  [UI] - Clicking button using locator: By.id: pay_saved_payees
 CYBORG  2025-11-30T18:10:31,966 [scenario=GettingStartedTests.components_validateUsingSoftAssertions] STEP  [UI] - Getting value from alert located by: By.id: alert_content
 CYBORG  2025-11-30T18:10:32,042 [scenario=GettingStartedTests.components_validateUsingSoftAssertions] INFO  [QUEST] - The quest has dropped the ring.
 CYBORG  2025-11-30T18:10:32,045 [scenario=GettingStartedTests.components_validateUsingSoftAssertions] VALIDATION [QUEST] - Starting soft validation.
 CYBORG  2025-11-30T18:10:32,222 [scenario=GettingStartedTests.components_validateUsingSoftAssertions] INFO  [QUEST] - The quest has dropped the ring.
 CYBORG  2025-11-30T18:10:32,225 [scenario=GettingStartedTests.components_validateUsingSoftAssertions] INFO  [QUEST] - The quest has reached his end
 CYBORG  2025-11-30T18:10:32,306 [scenario=GettingStartedTests.components_validateUsingSoftAssertions] INFO  [UI] - WebDriver closed successfully.
 CYBORG  2025-11-30T18:10:32,311 [scenario=GettingStartedTests.components_validateUsingSoftAssertions] INFO  [QUEST] - The quest of 'components_validateUsingSoftAssertions(Quest)' has concluded with glory. Status: SUCCESS. Duration: 19 seconds.