 CYBORG  2025-11-30T18:10:15,376 [scenario=GettingStartedTests.components_browserButtonInputLinkSelectAlert] INFO  [UI] - Creating driver using provider [ChromeDriverProvider]. Headless: [true], Remote: [true], Remote URL: [http://localhost:4444]
 CYBORG  2025-11-30T18:10:17,410 [scenario=GettingStartedTests.components_browserButtonInputLinkSelectAlert] INFO  [QUEST] - The quest: 'components_browserButtonInputLinkSelectAlert(Quest)' has begun and is crafted.
 CYBORG  2025-11-30T18:10:17,475 [scenario=GettingStartedTests.components_browserButtonInputLinkSelectAlert] INFO  [QUEST] - The quest has used the ring: 'io.cyborgcode.ui.simple.test.framework.ui.AppUiService'
 CYBORG  2025-11-30T18:10:18,318 [scenario=GettingStartedTests.components_browserButtonInputLinkSelectAlert] STEP  [UI] - Clicking button using locator: By.id: signin_button
 CYBORG  2025-11-30T18:10:18,747 [scenario=GettingStartedTests.components_browserButtonInputLinkSelectAlert] STEP  [UI] - Inserting value: 'username' into input component of type: 'BOOTSTRAP_INPUT_TYPE'.
 CYBORG  2025-11-30T18:10:19,342 [scenario=GettingStartedTests.components_browserButtonInputLinkSelectAlert] STEP  [UI] - Inserting value: 'password' into input component of type: 'BOOTSTRAP_INPUT_TYPE'.
 CYBORG  2025-11-30T18:10:19,772 [scenario=GettingStartedTests.components_browserButtonInputLinkSelectAlert] STEP  [UI] - Clicking button using locator: By.cssSelector: input[value='Sign in']
 CYBORG  2025-11-30T18:10:20,556 [scenario=GettingStartedTests.components_browserButtonInputLinkSelectAlert] STEP  [UI] - Clicking link BOOTSTRAP_LINK_TYPE using locator By.id: transfer_funds_link
 CYBORG  2025-11-30T18:10:20,997 [scenario=GettingStartedTests.components_browserButtonInputLinkSelectAlert] STEP  [UI] - Selecting option Loan(Avail. balance = $ 780) in container with locator By.id: tf_fromAccountId for select component BOOTSTRAP_SELECT_TYPE
 CYBORG  2025-11-30T18:10:21,015 [scenario=GettingStartedTests.components_browserButtonInputLinkSelectAlert] STEP  [UI] - Selecting options [Loan(Avail. balance = $ 780)] in container with locator By.id: tf_fromAccountId for select component BOOTSTRAP_SELECT_TYPE
 CYBORG  2025-11-30T18:10:21,855 [scenario=GettingStartedTests.components_browserButtonInputLinkSelectAlert] STEP  [UI] - Selecting option Credit Card(Avail. balance = $ -265) in container with locator By.id: tf_toAccountId for select component BOOTSTRAP_SELECT_TYPE
 CYBORG  2025-11-30T18:10:21,860 [scenario=GettingStartedTests.components_browserButtonInputLinkSelectAlert] STEP  [UI] - Selecting options [Credit Card(Avail. balance = $ -265)] in container with locator By.id: tf_toAccountId for select component BOOTSTRAP_SELECT_TYPE
 CYBORG  2025-11-30T18:10:22,486 [scenario=GettingStartedTests.components_browserButtonInputLinkSelectAlert] STEP  [UI] - Inserting value: '100' into input component of type: 'BOOTSTRAP_INPUT_TYPE'.
 CYBORG  2025-11-30T18:10:22,820 [scenario=GettingStartedTests.components_browserButtonInputLinkSelectAlert] STEP  [UI] - Inserting value: 'Transfer Amount from Loan to Credit Card' into input component of type: 'BOOTSTRAP_INPUT_TYPE'.
 CYBORG  2025-11-30T18:10:23,175 [scenario=GettingStartedTests.components_browserButtonInputLinkSelectAlert] STEP  [UI] - Clicking button using locator: By.id: btn_submit
 CYBORG  2025-11-30T18:10:23,475 [scenario=GettingStartedTests.components_browserButtonInputLinkSelectAlert] STEP  [UI] - Clicking button using locator: By.id: btn_submit
 CYBORG  2025-11-30T18:10:23,692 [scenario=GettingStartedTests.components_browserButtonInputLinkSelectAlert] STEP  [UI] - Getting value from alert located by: By.className: alert
 CYBORG  2025-11-30T18:10:23,879 [scenario=GettingStartedTests.components_browserButtonInputLinkSelectAlert] VALIDATION [QUEST] - Starting hard validation...
 CYBORG  2025-11-30T18:10:23,894 [scenario=GettingStartedTests.components_browserButtonInputLinkSelectAlert] VALIDATION [QUEST] - Hard validation completed successfully.
 CYBORG  2025-11-30T18:10:23,900 [scenario=GettingStartedTests.components_browserButtonInputLinkSelectAlert] INFO  [QUEST] - The quest has dropped the ring.
 CYBORG  2025-11-30T18:10:23,908 [scenario=GettingStartedTests.components_browserButtonInputLinkSelectAlert] INFO  [QUEST] - The quest has reached his end
 CYBORG  2025-11-30T18:10:24,053 [scenario=GettingStartedTests.components_browserButtonInputLinkSelectAlert] INFO  [UI] - WebDriver closed successfully.
 CYBORG  2025-11-30T18:10:24,080 [scenario=GettingStartedTests.components_browserButtonInputLinkSelectAlert] INFO  [QUEST] - The quest of 'components_browserButtonInputLinkSelectAlert(Quest)' has concluded with glory. Status: SUCCESS. Duration: 11 seconds.