 CYBORG  2025-11-30T18:10:13,701 [scenario=BasicToAdvancedFeatureTests.customServiceExample_usingOnlyCustomMethods] INFO  [UI] - Creating driver using provider [ChromeDriverProvider]. Headless: [true], Remote: [true], Remote URL: [http://localhost:4444]
 CYBORG  2025-11-30T18:10:16,377 [scenario=BasicToAdvancedFeatureTests.customServiceExample_usingOnlyCustomMethods] INFO  [QUEST] - The quest: 'customServiceExample_usingOnlyCustomMethods(Quest, PurchaseForeignCurrency)' has begun and is crafted.
 CYBORG  2025-11-30T18:10:16,410 [scenario=BasicToAdvancedFeatureTests.customServiceExample_usingOnlyCustomMethods] INFO  [QUEST] - The quest has used the ring: 'UI'
 CYBORG  2025-11-30T18:10:17,373 [scenario=BasicToAdvancedFeatureTests.customServiceExample_usingOnlyCustomMethods] STEP  [UI] - Clicking button using locator: By.id: signin_button
 CYBORG  2025-11-30T18:10:17,997 [scenario=BasicToAdvancedFeatureTests.customServiceExample_usingOnlyCustomMethods] STEP  [UI] - Inserting value: 'username' into input component of type: 'BOOTSTRAP_INPUT_TYPE'.
 CYBORG  2025-11-30T18:10:19,076 [scenario=BasicToAdvancedFeatureTests.customServiceExample_usingOnlyCustomMethods] STEP  [UI] - Inserting value: 'password' into input component of type: 'BOOTSTRAP_INPUT_TYPE'.
 CYBORG  2025-11-30T18:10:19,954 [scenario=BasicToAdvancedFeatureTests.customServiceExample_usingOnlyCustomMethods] STEP  [UI] - Clicking button using locator: By.cssSelector: input[value='Sign in']
 CYBORG  2025-11-30T18:10:21,362 [scenario=BasicToAdvancedFeatureTests.customServiceExample_usingOnlyCustomMethods] INFO  [QUEST] - The quest has used the ring: 'PurchaseService'
 CYBORG  2025-11-30T18:10:21,376 [scenario=BasicToAdvancedFeatureTests.customServiceExample_usingOnlyCustomMethods] INFO  [QUEST] - The quest has used the ring: 'io.cyborgcode.ui.simple.test.framework.ui.AppUiService'
 CYBORG  2025-11-30T18:10:21,408 [scenario=BasicToAdvancedFeatureTests.customServiceExample_usingOnlyCustomMethods] STEP  [UI] - Clicking link BOOTSTRAP_LINK_TYPE using locator By.id: transfer_funds_link
 CYBORG  2025-11-30T18:10:21,977 [scenario=BasicToAdvancedFeatureTests.customServiceExample_usingOnlyCustomMethods] STEP  [UI] - Selecting items Pay Bills from list BOOTSTRAP_LIST_TYPE using locator By.className: nav-tabs
 CYBORG  2025-11-30T18:10:23,751 [scenario=BasicToAdvancedFeatureTests.customServiceExample_usingOnlyCustomMethods] STEP  [UI] - Selecting items Purchase Foreign Currency from list BOOTSTRAP_LIST_TYPE using locator By.className: ui-tabs-nav
 CYBORG  2025-11-30T18:10:24,362 [scenario=BasicToAdvancedFeatureTests.customServiceExample_usingOnlyCustomMethods] STEP  [UI] - Inserting values [Mexico (peso)] for select component BOOTSTRAP_SELECT_TYPE using locator By.id: pc_currency
 CYBORG  2025-11-30T18:10:24,367 [scenario=BasicToAdvancedFeatureTests.customServiceExample_usingOnlyCustomMethods] STEP  [UI] - Selecting options [Mexico (peso)] in container with locator By.id: pc_currency for select component BOOTSTRAP_SELECT_TYPE
 CYBORG  2025-11-30T18:10:26,194 [scenario=BasicToAdvancedFeatureTests.customServiceExample_usingOnlyCustomMethods] STEP  [UI] - Inserting value into component of type: 'BOOTSTRAP_INPUT_TYPE' using locator.
 CYBORG  2025-11-30T18:10:26,206 [scenario=BasicToAdvancedFeatureTests.customServiceExample_usingOnlyCustomMethods] STEP  [UI] - Inserting value: '100' into input component of type: 'BOOTSTRAP_INPUT_TYPE'.
 CYBORG  2025-11-30T18:10:26,831 [scenario=BasicToAdvancedFeatureTests.customServiceExample_usingOnlyCustomMethods] STEP  [UI] - Inserting values [true] for radio component BOOTSTRAP_RADIO_TYPE using locator By.id: pc_inDollars_true
 CYBORG  2025-11-30T18:10:26,839 [scenario=BasicToAdvancedFeatureTests.customServiceExample_usingOnlyCustomMethods] STEP  [UI] - Selecting radio button with locator By.id: pc_inDollars_true for radio component BOOTSTRAP_RADIO_TYPE
 CYBORG  2025-11-30T18:10:27,385 [scenario=BasicToAdvancedFeatureTests.customServiceExample_usingOnlyCustomMethods] INFO  [UI] - Finished data insertion for [PurchaseForeignCurrency].
 CYBORG  2025-11-30T18:10:27,393 [scenario=BasicToAdvancedFeatureTests.customServiceExample_usingOnlyCustomMethods] STEP  [UI] - Clicking button using locator: By.id: pc_calculate_costs
 CYBORG  2025-11-30T18:10:27,800 [scenario=BasicToAdvancedFeatureTests.customServiceExample_usingOnlyCustomMethods] STEP  [UI] - Clicking button using locator: By.id: purchase_cash
 CYBORG  2025-11-30T18:10:28,074 [scenario=BasicToAdvancedFeatureTests.customServiceExample_usingOnlyCustomMethods] INFO  [QUEST] - The quest has dropped the ring.
 CYBORG  2025-11-30T18:10:28,091 [scenario=BasicToAdvancedFeatureTests.customServiceExample_usingOnlyCustomMethods] INFO  [QUEST] - The quest has reached his end
 CYBORG  2025-11-30T18:10:28,103 [scenario=BasicToAdvancedFeatureTests.customServiceExample_usingOnlyCustomMethods] INFO  [QUEST] - The quest has used the ring: 'io.cyborgcode.ui.simple.test.framework.ui.AppUiService'
 CYBORG  2025-11-30T18:10:28,117 [scenario=BasicToAdvancedFeatureTests.customServiceExample_usingOnlyCustomMethods] STEP  [UI] - Getting value from alert located by: By.id: alert_content
 CYBORG  2025-11-30T18:10:28,469 [scenario=BasicToAdvancedFeatureTests.customServiceExample_usingOnlyCustomMethods] VALIDATION [QUEST] - Starting hard validation...
 CYBORG  2025-11-30T18:10:28,475 [scenario=BasicToAdvancedFeatureTests.customServiceExample_usingOnlyCustomMethods] VALIDATION [QUEST] - Hard validation completed successfully.
 CYBORG  2025-11-30T18:10:28,488 [scenario=BasicToAdvancedFeatureTests.customServiceExample_usingOnlyCustomMethods] INFO  [QUEST] - The quest has dropped the ring.
 CYBORG  2025-11-30T18:10:28,495 [scenario=BasicToAdvancedFeatureTests.customServiceExample_usingOnlyCustomMethods] INFO  [QUEST] - The quest has reached his end
 CYBORG  2025-11-30T18:10:28,509 [scenario=BasicToAdvancedFeatureTests.customServiceExample_usingOnlyCustomMethods] INFO  [QUEST] - The quest has dropped the ring.
 CYBORG  2025-11-30T18:10:28,519 [scenario=BasicToAdvancedFeatureTests.customServiceExample_usingOnlyCustomMethods] INFO  [QUEST] - The quest has reached his end
 CYBORG  2025-11-30T18:10:28,539 [scenario=BasicToAdvancedFeatureTests.customServiceExample_usingOnlyCustomMethods] INFO  [QUEST] - The quest of 'customServiceExample_usingOnlyCustomMethods(Quest, PurchaseForeignCurrency)' has concluded with glory. Status: SUCCESS. Duration: 18 seconds.