🤖 CYBORG 🤖 2025-11-04T16:22:12,207 [scenario=BakeryDataBaseTests.createOrderDatabaseValidation] INFO  [UI] - Chrome driver is downloaded with a compatible version for the installed browser
🤖 CYBORG 🤖 2025-11-04T16:22:12,260 [scenario=BakeryDataBaseTests.createOrderDatabaseValidation] INFO  [UI] - Creating driver using provider [ChromeDriverProvider]. Headless: [true], Remote: [true], Remote URL: [http://localhost:4444]
🤖 CYBORG 🤖 2025-11-04T16:22:13,606 [scenario=BakeryDataBaseTests.createOrderDatabaseValidation] INFO  [QUEST] - The quest: 'createOrderDatabaseValidation(Quest, Order)' has begun and is crafted.
🤖 CYBORG 🤖 2025-11-04T16:22:13,694 [scenario=BakeryDataBaseTests.createOrderDatabaseValidation] INFO  [QUEST] - The quest has used the ring: 'Custom'
🤖 CYBORG 🤖 2025-11-04T16:22:13,701 [scenario=BakeryDataBaseTests.createOrderDatabaseValidation] INFO  [QUEST] - The quest has used the ring: 'io.cyborgcode.ui.complex.test.framework.ui.AppUiService'
🤖 CYBORG 🤖 2025-11-04T16:22:14,103 [scenario=BakeryDataBaseTests.createOrderDatabaseValidation] STEP  [UI] - Inserting value: 'admin@vaadin.com' into input component of type: 'VA_INPUT_TYPE'.
🤖 CYBORG 🤖 2025-11-04T16:22:14,562 [scenario=BakeryDataBaseTests.createOrderDatabaseValidation] STEP  [UI] - Inserting value: 'admin' into input component of type: 'VA_INPUT_TYPE'.
🤖 CYBORG 🤖 2025-11-04T16:22:14,898 [scenario=BakeryDataBaseTests.createOrderDatabaseValidation] STEP  [UI] - Clicking button using locator: By.tagName: vaadin-button
🤖 CYBORG 🤖 2025-11-04T16:22:15,661 [scenario=BakeryDataBaseTests.createOrderDatabaseValidation] STEP  [UI] - Checking if input component of type: 'VA_INPUT_TYPE' is enabled.
🤖 CYBORG 🤖 2025-11-04T16:22:15,805 [scenario=BakeryDataBaseTests.createOrderDatabaseValidation] VALIDATION [QUEST] - Starting hard validation...
🤖 CYBORG 🤖 2025-11-04T16:22:15,843 [scenario=BakeryDataBaseTests.createOrderDatabaseValidation] VALIDATION [QUEST] - Hard validation completed successfully.
🤖 CYBORG 🤖 2025-11-04T16:22:15,847 [scenario=BakeryDataBaseTests.createOrderDatabaseValidation] INFO  [QUEST] - The quest has dropped the ring.
🤖 CYBORG 🤖 2025-11-04T16:22:15,849 [scenario=BakeryDataBaseTests.createOrderDatabaseValidation] INFO  [QUEST] - The quest has used the ring: 'API'
🤖 CYBORG 🤖 2025-11-04T16:22:16,170 [scenario=BakeryDataBaseTests.createOrderDatabaseValidation] INFO  [API] - Prepared RequestSpecification with pathParams: {}, queryParams: {}, headers: {Cookie=[JSESSIONID=D819EF5C1AAE4428490F874C7B61C91F; path=/; domain=bakery-flow.demo.vaadin.com; sameSite=Lax], Accept=[application/json], Content-Type=[application/json]}
🤖 CYBORG 🤖 2025-11-04T16:22:16,440 [scenario=BakeryDataBaseTests.createOrderDatabaseValidation] STEP  [API] - Sending request to endpoint POST-https://bakery-flow.demo.vaadin.com/storefront.
🤖 CYBORG 🤖 2025-11-04T16:22:17,013 [scenario=BakeryDataBaseTests.createOrderDatabaseValidation] STEP  [API] - Response with status: 200 received from endpoint: POST-https://bakery-flow.demo.vaadin.com/storefront in 565ms.
🤖 CYBORG 🤖 2025-11-04T16:22:17,237 [scenario=BakeryDataBaseTests.createOrderDatabaseValidation] INFO  [API] - Starting response validation with 1 assertion(s).
🤖 CYBORG 🤖 2025-11-04T16:22:17,248 [scenario=BakeryDataBaseTests.createOrderDatabaseValidation] VALIDATION [QUEST] - ✔ Validation passed: IS (Expected: 200, Actual: 200)
🤖 CYBORG 🤖 2025-11-04T16:22:17,275 [scenario=BakeryDataBaseTests.createOrderDatabaseValidation] INFO  [QUEST] - The quest has used the ring: 'Custom'
🤖 CYBORG 🤖 2025-11-04T16:22:17,278 [scenario=BakeryDataBaseTests.createOrderDatabaseValidation] INFO  [QUEST] - The quest has used the ring: 'io.cyborgcode.ui.complex.test.framework.ui.AppUiService'
🤖 CYBORG 🤖 2025-11-04T16:22:17,412 [scenario=BakeryDataBaseTests.createOrderDatabaseValidation] STEP  [UI] - Clicking button using locator: By.cssSelector: vaadin-button#action
🤖 CYBORG 🤖 2025-11-04T16:22:17,854 [scenario=BakeryDataBaseTests.createOrderDatabaseValidation] STEP  [UI] - Inserting value into component of type: 'VA_INPUT_TYPE' using locator.
🤖 CYBORG 🤖 2025-11-04T16:22:17,858 [scenario=BakeryDataBaseTests.createOrderDatabaseValidation] STEP  [UI] - Inserting value: 'John Terry' into input component of type: 'VA_INPUT_TYPE'.
🤖 CYBORG 🤖 2025-11-04T16:22:18,241 [scenario=BakeryDataBaseTests.createOrderDatabaseValidation] STEP  [UI] - Inserting value into component of type: 'VA_INPUT_TYPE' using locator.
🤖 CYBORG 🤖 2025-11-04T16:22:18,244 [scenario=BakeryDataBaseTests.createOrderDatabaseValidation] STEP  [UI] - Inserting value: 'Address' into input component of type: 'VA_INPUT_TYPE'.
🤖 CYBORG 🤖 2025-11-04T16:22:18,568 [scenario=BakeryDataBaseTests.createOrderDatabaseValidation] STEP  [UI] - Inserting value into component of type: 'VA_INPUT_TYPE' using locator.
🤖 CYBORG 🤖 2025-11-04T16:22:18,570 [scenario=BakeryDataBaseTests.createOrderDatabaseValidation] STEP  [UI] - Inserting value: '+1-555-7777' into input component of type: 'VA_INPUT_TYPE'.
🤖 CYBORG 🤖 2025-11-04T16:22:18,927 [scenario=BakeryDataBaseTests.createOrderDatabaseValidation] STEP  [UI] - Inserting values [Bakery] for select component VA_SELECT_TYPE using locator By.cssSelector: vaadin-combo-box#pickupLocation
🤖 CYBORG 🤖 2025-11-04T16:22:18,931 [scenario=BakeryDataBaseTests.createOrderDatabaseValidation] STEP  [UI] - Selecting options [Bakery] in container with locator By.cssSelector: vaadin-combo-box#pickupLocation for select component VA_SELECT_TYPE
🤖 CYBORG 🤖 2025-11-04T16:22:20,014 [scenario=BakeryDataBaseTests.createOrderDatabaseValidation] STEP  [UI] - Inserting values [Strawberry Bun] for select component VA_SELECT_TYPE using locator By.cssSelector: vaadin-combo-box#products
🤖 CYBORG 🤖 2025-11-04T16:22:20,021 [scenario=BakeryDataBaseTests.createOrderDatabaseValidation] STEP  [UI] - Selecting options [Strawberry Bun] in container with locator By.cssSelector: vaadin-combo-box#products for select component VA_SELECT_TYPE
🤖 CYBORG 🤖 2025-11-04T16:22:20,535 [scenario=BakeryDataBaseTests.createOrderDatabaseValidation] INFO  [UI] - Finished data insertion for [Order].
🤖 CYBORG 🤖 2025-11-04T16:22:20,660 [scenario=BakeryDataBaseTests.createOrderDatabaseValidation] STEP  [UI] - Clicking button using locator: By.cssSelector: vaadin-button#review
🤖 CYBORG 🤖 2025-11-04T16:22:20,918 [scenario=BakeryDataBaseTests.createOrderDatabaseValidation] STEP  [UI] - Clicking button using locator: By.cssSelector: vaadin-button#save
🤖 CYBORG 🤖 2025-11-04T16:22:21,630 [scenario=BakeryDataBaseTests.createOrderDatabaseValidation] INFO  [QUEST] - The quest has used the ring: 'Custom'
🤖 CYBORG 🤖 2025-11-04T16:22:21,633 [scenario=BakeryDataBaseTests.createOrderDatabaseValidation] INFO  [QUEST] - The quest has used the ring: 'io.cyborgcode.ui.complex.test.framework.ui.AppUiService'
🤖 CYBORG 🤖 2025-11-04T16:22:21,678 [scenario=BakeryDataBaseTests.createOrderDatabaseValidation] STEP  [UI] - Inserting value: 'John Terry' into input component of type: 'VA_INPUT_TYPE'.
🤖 CYBORG 🤖 2025-11-04T16:22:21,923 [scenario=BakeryDataBaseTests.createOrderDatabaseValidation] VALIDATION [QUEST] - Starting hard validation...
🤖 CYBORG 🤖 2025-11-04T16:22:22,029 [scenario=BakeryDataBaseTests.createOrderDatabaseValidation] VALIDATION [QUEST] - Hard validation completed successfully.
🤖 CYBORG 🤖 2025-11-04T16:22:22,100 [scenario=BakeryDataBaseTests.createOrderDatabaseValidation] STEP  [UI] - Clicking button using locator: By.cssSelector: vaadin-button#clear
🤖 CYBORG 🤖 2025-11-04T16:22:22,357 [scenario=BakeryDataBaseTests.createOrderDatabaseValidation] INFO  [QUEST] - The quest has dropped the ring.
🤖 CYBORG 🤖 2025-11-04T16:22:22,360 [scenario=BakeryDataBaseTests.createOrderDatabaseValidation] INFO  [QUEST] - The quest has used the ring: 'DB'
🤖 CYBORG 🤖 2025-11-04T16:22:22,373 [scenario=BakeryDataBaseTests.createOrderDatabaseValidation] INFO  [DB] - Obtained database connection for: AppDb
🤖 CYBORG 🤖 2025-11-04T16:22:22,376 [scenario=BakeryDataBaseTests.createOrderDatabaseValidation] STEP  [DB] - Executing database query: SELECT * FROM orders WHERE id = 1
🤖 CYBORG 🤖 2025-11-04T16:22:22,400 [scenario=BakeryDataBaseTests.createOrderDatabaseValidation] STEP  [DB] - Query 'SELECT * FROM orders WHERE id = 1' executed in 22ms, result count: 1
🤖 CYBORG 🤖 2025-11-04T16:22:22,405 [scenario=BakeryDataBaseTests.createOrderDatabaseValidation] INFO  [DB] - Starting query response validation with 2 assertion(s).
🤖 CYBORG 🤖 2025-11-04T16:22:22,471 [scenario=BakeryDataBaseTests.createOrderDatabaseValidation] VALIDATION [QUEST] - ✔ Validation passed: CONTAINS_ALL (Expected: [Strawberry Bun], Actual: [Strawberry Bun])
🤖 CYBORG 🤖 2025-11-04T16:22:22,696 [scenario=BakeryDataBaseTests.createOrderDatabaseValidation] VALIDATION [QUEST] - ✔ Validation passed: CONTAINS_ALL (Expected: [Bakery], Actual: [Bakery])
🤖 CYBORG 🤖 2025-11-04T16:22:22,700 [scenario=BakeryDataBaseTests.createOrderDatabaseValidation] INFO  [QUEST] - The quest has dropped the ring.
🤖 CYBORG 🤖 2025-11-04T16:22:22,702 [scenario=BakeryDataBaseTests.createOrderDatabaseValidation] INFO  [QUEST] - The quest has reached his end
🤖 CYBORG 🤖 2025-11-04T16:22:22,825 [scenario=BakeryDataBaseTests.createOrderDatabaseValidation] INFO  [UI] - WebDriver closed successfully.
🤖 CYBORG 🤖 2025-11-04T16:22:22,837 [scenario=BakeryDataBaseTests.createOrderDatabaseValidation] INFO  [QUEST] - The quest of 'createOrderDatabaseValidation(Quest, Order)' has concluded with glory. Status: SUCCESS. Duration: 11 seconds.