 CYBORG  2025-11-30T18:10:13,484 [scenario=BasicToAdvancedFeatureTests.multipleJourneys_combinedPreconditions_noJourneyData] INFO  [UI] - Chrome driver is downloaded with a compatible version for the installed browser
 CYBORG  2025-11-30T18:10:13,698 [scenario=BasicToAdvancedFeatureTests.multipleJourneys_combinedPreconditions_noJourneyData] INFO  [UI] - Creating driver using provider [ChromeDriverProvider]. Headless: [true], Remote: [true], Remote URL: [http://localhost:4444]
 CYBORG  2025-11-30T18:10:16,376 [scenario=BasicToAdvancedFeatureTests.multipleJourneys_combinedPreconditions_noJourneyData] INFO  [QUEST] - The quest: 'multipleJourneys_combinedPreconditions_noJourneyData(Quest)' has begun and is crafted.
 CYBORG  2025-11-30T18:10:16,559 [scenario=BasicToAdvancedFeatureTests.multipleJourneys_combinedPreconditions_noJourneyData] INFO  [QUEST] - The quest has used the ring: 'io.cyborgcode.ui.simple.test.framework.ui.AppUiService'
 CYBORG  2025-11-30T18:10:17,333 [scenario=BasicToAdvancedFeatureTests.multipleJourneys_combinedPreconditions_noJourneyData] STEP  [UI] - Clicking button using locator: By.id: signin_button
 CYBORG  2025-11-30T18:10:18,174 [scenario=BasicToAdvancedFeatureTests.multipleJourneys_combinedPreconditions_noJourneyData] STEP  [UI] - Inserting value: 'username' into input component of type: 'BOOTSTRAP_INPUT_TYPE'.
 CYBORG  2025-11-30T18:10:19,108 [scenario=BasicToAdvancedFeatureTests.multipleJourneys_combinedPreconditions_noJourneyData] STEP  [UI] - Inserting value: 'password' into input component of type: 'BOOTSTRAP_INPUT_TYPE'.
 CYBORG  2025-11-30T18:10:19,714 [scenario=BasicToAdvancedFeatureTests.multipleJourneys_combinedPreconditions_noJourneyData] STEP  [UI] - Clicking button using locator: By.cssSelector: input[value='Sign in']
 CYBORG  2025-11-30T18:10:20,533 [scenario=BasicToAdvancedFeatureTests.multipleJourneys_combinedPreconditions_noJourneyData] INFO  [QUEST] - The quest has used the ring: 'PurchaseService'
 CYBORG  2025-11-30T18:10:20,555 [scenario=BasicToAdvancedFeatureTests.multipleJourneys_combinedPreconditions_noJourneyData] INFO  [QUEST] - The quest has used the ring: 'io.cyborgcode.ui.simple.test.framework.ui.AppUiService'
 CYBORG  2025-11-30T18:10:20,566 [scenario=BasicToAdvancedFeatureTests.multipleJourneys_combinedPreconditions_noJourneyData] STEP  [UI] - Clicking link BOOTSTRAP_LINK_TYPE using locator By.id: transfer_funds_link
 CYBORG  2025-11-30T18:10:21,054 [scenario=BasicToAdvancedFeatureTests.multipleJourneys_combinedPreconditions_noJourneyData] STEP  [UI] - Selecting items Pay Bills from list BOOTSTRAP_LIST_TYPE using locator By.className: nav-tabs
 CYBORG  2025-11-30T18:10:22,585 [scenario=BasicToAdvancedFeatureTests.multipleJourneys_combinedPreconditions_noJourneyData] STEP  [UI] - Selecting items Purchase Foreign Currency from list BOOTSTRAP_LIST_TYPE using locator By.className: ui-tabs-nav
 CYBORG  2025-11-30T18:10:23,261 [scenario=BasicToAdvancedFeatureTests.multipleJourneys_combinedPreconditions_noJourneyData] STEP  [UI] - Inserting values [Mexico (peso)] for select component BOOTSTRAP_SELECT_TYPE using locator By.id: pc_currency
 CYBORG  2025-11-30T18:10:23,280 [scenario=BasicToAdvancedFeatureTests.multipleJourneys_combinedPreconditions_noJourneyData] STEP  [UI] - Selecting options [Mexico (peso)] in container with locator By.id: pc_currency for select component BOOTSTRAP_SELECT_TYPE
 CYBORG  2025-11-30T18:10:25,143 [scenario=BasicToAdvancedFeatureTests.multipleJourneys_combinedPreconditions_noJourneyData] STEP  [UI] - Inserting value into component of type: 'BOOTSTRAP_INPUT_TYPE' using locator.
 CYBORG  2025-11-30T18:10:25,149 [scenario=BasicToAdvancedFeatureTests.multipleJourneys_combinedPreconditions_noJourneyData] STEP  [UI] - Inserting value: '100' into input component of type: 'BOOTSTRAP_INPUT_TYPE'.
 CYBORG  2025-11-30T18:10:25,610 [scenario=BasicToAdvancedFeatureTests.multipleJourneys_combinedPreconditions_noJourneyData] STEP  [UI] - Inserting values [true] for radio component BOOTSTRAP_RADIO_TYPE using locator By.id: pc_inDollars_true
 CYBORG  2025-11-30T18:10:25,624 [scenario=BasicToAdvancedFeatureTests.multipleJourneys_combinedPreconditions_noJourneyData] STEP  [UI] - Selecting radio button with locator By.id: pc_inDollars_true for radio component BOOTSTRAP_RADIO_TYPE
 CYBORG  2025-11-30T18:10:26,247 [scenario=BasicToAdvancedFeatureTests.multipleJourneys_combinedPreconditions_noJourneyData] INFO  [UI] - Finished data insertion for [PurchaseForeignCurrency].
 CYBORG  2025-11-30T18:10:26,259 [scenario=BasicToAdvancedFeatureTests.multipleJourneys_combinedPreconditions_noJourneyData] STEP  [UI] - Clicking button using locator: By.id: pc_calculate_costs
 CYBORG  2025-11-30T18:10:26,532 [scenario=BasicToAdvancedFeatureTests.multipleJourneys_combinedPreconditions_noJourneyData] STEP  [UI] - Clicking button using locator: By.id: purchase_cash
 CYBORG  2025-11-30T18:10:26,842 [scenario=BasicToAdvancedFeatureTests.multipleJourneys_combinedPreconditions_noJourneyData] INFO  [QUEST] - The quest has dropped the ring.
 CYBORG  2025-11-30T18:10:26,847 [scenario=BasicToAdvancedFeatureTests.multipleJourneys_combinedPreconditions_noJourneyData] INFO  [QUEST] - The quest has reached his end
 CYBORG  2025-11-30T18:10:26,855 [scenario=BasicToAdvancedFeatureTests.multipleJourneys_combinedPreconditions_noJourneyData] INFO  [QUEST] - The quest has used the ring: 'PurchaseService'
 CYBORG  2025-11-30T18:10:26,864 [scenario=BasicToAdvancedFeatureTests.multipleJourneys_combinedPreconditions_noJourneyData] INFO  [QUEST] - The quest has used the ring: 'io.cyborgcode.ui.simple.test.framework.ui.AppUiService'
 CYBORG  2025-11-30T18:10:26,875 [scenario=BasicToAdvancedFeatureTests.multipleJourneys_combinedPreconditions_noJourneyData] STEP  [UI] - Getting value from alert located by: By.id: alert_content
 CYBORG  2025-11-30T18:10:27,084 [scenario=BasicToAdvancedFeatureTests.multipleJourneys_combinedPreconditions_noJourneyData] VALIDATION [QUEST] - Starting hard validation...
 CYBORG  2025-11-30T18:10:27,183 [scenario=BasicToAdvancedFeatureTests.multipleJourneys_combinedPreconditions_noJourneyData] VALIDATION [QUEST] - Hard validation completed successfully.
 CYBORG  2025-11-30T18:10:27,196 [scenario=BasicToAdvancedFeatureTests.multipleJourneys_combinedPreconditions_noJourneyData] INFO  [QUEST] - The quest has dropped the ring.
 CYBORG  2025-11-30T18:10:27,199 [scenario=BasicToAdvancedFeatureTests.multipleJourneys_combinedPreconditions_noJourneyData] INFO  [QUEST] - The quest has reached his end
 CYBORG  2025-11-30T18:10:27,207 [scenario=BasicToAdvancedFeatureTests.multipleJourneys_combinedPreconditions_noJourneyData] INFO  [QUEST] - The quest has dropped the ring.
 CYBORG  2025-11-30T18:10:27,211 [scenario=BasicToAdvancedFeatureTests.multipleJourneys_combinedPreconditions_noJourneyData] INFO  [QUEST] - The quest has reached his end
 CYBORG  2025-11-30T18:10:27,384 [scenario=BasicToAdvancedFeatureTests.multipleJourneys_combinedPreconditions_noJourneyData] INFO  [UI] - WebDriver closed successfully.
 CYBORG  2025-11-30T18:10:27,427 [scenario=BasicToAdvancedFeatureTests.multipleJourneys_combinedPreconditions_noJourneyData] INFO  [QUEST] - The quest of 'multipleJourneys_combinedPreconditions_noJourneyData(Quest)' has concluded with glory. Status: SUCCESS. Duration: 17 seconds.