 CYBORG  2025-11-30T18:10:15,372 [scenario=GettingStartedTests.components_listRadio] INFO  [UI] - Creating driver using provider [ChromeDriverProvider]. Headless: [true], Remote: [true], Remote URL: [http://localhost:4444]
 CYBORG  2025-11-30T18:10:24,633 [scenario=GettingStartedTests.components_listRadio] INFO  [QUEST] - The quest: 'components_listRadio(Quest)' has begun and is crafted.
 CYBORG  2025-11-30T18:10:24,675 [scenario=GettingStartedTests.components_listRadio] INFO  [QUEST] - The quest has used the ring: 'io.cyborgcode.ui.simple.test.framework.ui.AppUiService'
 CYBORG  2025-11-30T18:10:25,345 [scenario=GettingStartedTests.components_listRadio] STEP  [UI] - Clicking button using locator: By.id: signin_button
 CYBORG  2025-11-30T18:10:25,690 [scenario=GettingStartedTests.components_listRadio] STEP  [UI] - Inserting value: 'username' into input component of type: 'BOOTSTRAP_INPUT_TYPE'.
 CYBORG  2025-11-30T18:10:26,086 [scenario=GettingStartedTests.components_listRadio] STEP  [UI] - Inserting value: 'password' into input component of type: 'BOOTSTRAP_INPUT_TYPE'.
 CYBORG  2025-11-30T18:10:26,387 [scenario=GettingStartedTests.components_listRadio] STEP  [UI] - Clicking button using locator: By.cssSelector: input[value='Sign in']
 CYBORG  2025-11-30T18:10:26,917 [scenario=GettingStartedTests.components_listRadio] STEP  [UI] - Clicking link BOOTSTRAP_LINK_TYPE using locator By.id: transfer_funds_link
 CYBORG  2025-11-30T18:10:27,185 [scenario=GettingStartedTests.components_listRadio] STEP  [UI] - Selecting items Pay Bills from list BOOTSTRAP_LIST_TYPE using locator By.className: nav-tabs
 CYBORG  2025-11-30T18:10:27,981 [scenario=GettingStartedTests.components_listRadio] STEP  [UI] - Selecting items Purchase Foreign Currency from list BOOTSTRAP_LIST_TYPE using locator By.className: ui-tabs-nav
 CYBORG  2025-11-30T18:10:28,138 [scenario=GettingStartedTests.components_listRadio] STEP  [UI] - Selecting option Mexico (peso) in container with locator By.id: pc_currency for select component BOOTSTRAP_SELECT_TYPE
 CYBORG  2025-11-30T18:10:28,140 [scenario=GettingStartedTests.components_listRadio] STEP  [UI] - Selecting options [Mexico (peso)] in container with locator By.id: pc_currency for select component BOOTSTRAP_SELECT_TYPE
 CYBORG  2025-11-30T18:10:28,847 [scenario=GettingStartedTests.components_listRadio] STEP  [UI] - Inserting value: '100' into input component of type: 'BOOTSTRAP_INPUT_TYPE'.
 CYBORG  2025-11-30T18:10:29,021 [scenario=GettingStartedTests.components_listRadio] STEP  [UI] - Selecting radio button with locator By.id: pc_inDollars_true for radio component BOOTSTRAP_RADIO_TYPE
 CYBORG  2025-11-30T18:10:29,189 [scenario=GettingStartedTests.components_listRadio] STEP  [UI] - Clicking button using locator: By.id: pc_calculate_costs
 CYBORG  2025-11-30T18:10:29,276 [scenario=GettingStartedTests.components_listRadio] STEP  [UI] - Clicking button using locator: By.id: purchase_cash
 CYBORG  2025-11-30T18:10:29,532 [scenario=GettingStartedTests.components_listRadio] STEP  [UI] - Getting value from alert located by: By.id: alert_content
 CYBORG  2025-11-30T18:10:29,626 [scenario=GettingStartedTests.components_listRadio] VALIDATION [QUEST] - Starting hard validation...
 CYBORG  2025-11-30T18:10:29,629 [scenario=GettingStartedTests.components_listRadio] VALIDATION [QUEST] - Hard validation completed successfully.
 CYBORG  2025-11-30T18:10:29,631 [scenario=GettingStartedTests.components_listRadio] INFO  [QUEST] - The quest has dropped the ring.
 CYBORG  2025-11-30T18:10:29,633 [scenario=GettingStartedTests.components_listRadio] INFO  [QUEST] - The quest has reached his end
 CYBORG  2025-11-30T18:10:29,717 [scenario=GettingStartedTests.components_listRadio] INFO  [UI] - WebDriver closed successfully.
 CYBORG  2025-11-30T18:10:29,724 [scenario=GettingStartedTests.components_listRadio] INFO  [QUEST] - The quest of 'components_listRadio(Quest)' has concluded with glory. Status: SUCCESS. Duration: 17 seconds.