 CYBORG  2025-11-30T18:10:28,248 [scenario=BasicToAdvancedFeatureTests.customServiceExample_switchBetweenServices] INFO  [UI] - Creating driver using provider [ChromeDriverProvider]. Headless: [true], Remote: [true], Remote URL: [http://localhost:4444]
 CYBORG  2025-11-30T18:10:29,004 [scenario=BasicToAdvancedFeatureTests.customServiceExample_switchBetweenServices] INFO  [QUEST] - The quest: 'customServiceExample_switchBetweenServices(Quest, PurchaseForeignCurrency)' has begun and is crafted.
 CYBORG  2025-11-30T18:10:29,017 [scenario=BasicToAdvancedFeatureTests.customServiceExample_switchBetweenServices] INFO  [QUEST] - The quest has used the ring: 'UI'
 CYBORG  2025-11-30T18:10:29,397 [scenario=BasicToAdvancedFeatureTests.customServiceExample_switchBetweenServices] STEP  [UI] - Clicking button using locator: By.id: signin_button
 CYBORG  2025-11-30T18:10:29,671 [scenario=BasicToAdvancedFeatureTests.customServiceExample_switchBetweenServices] STEP  [UI] - Inserting value: 'username' into input component of type: 'BOOTSTRAP_INPUT_TYPE'.
 CYBORG  2025-11-30T18:10:30,036 [scenario=BasicToAdvancedFeatureTests.customServiceExample_switchBetweenServices] STEP  [UI] - Inserting value: 'password' into input component of type: 'BOOTSTRAP_INPUT_TYPE'.
 CYBORG  2025-11-30T18:10:30,425 [scenario=BasicToAdvancedFeatureTests.customServiceExample_switchBetweenServices] STEP  [UI] - Clicking button using locator: By.cssSelector: input[value='Sign in']
 CYBORG  2025-11-30T18:10:30,992 [scenario=BasicToAdvancedFeatureTests.customServiceExample_switchBetweenServices] INFO  [QUEST] - The quest has used the ring: 'PurchaseService'
 CYBORG  2025-11-30T18:10:30,996 [scenario=BasicToAdvancedFeatureTests.customServiceExample_switchBetweenServices] INFO  [QUEST] - The quest has used the ring: 'io.cyborgcode.ui.simple.test.framework.ui.AppUiService'
 CYBORG  2025-11-30T18:10:30,997 [scenario=BasicToAdvancedFeatureTests.customServiceExample_switchBetweenServices] STEP  [UI] - Clicking link BOOTSTRAP_LINK_TYPE using locator By.id: transfer_funds_link
 CYBORG  2025-11-30T18:10:31,260 [scenario=BasicToAdvancedFeatureTests.customServiceExample_switchBetweenServices] STEP  [UI] - Selecting items Pay Bills from list BOOTSTRAP_LIST_TYPE using locator By.className: nav-tabs
 CYBORG  2025-11-30T18:10:31,980 [scenario=BasicToAdvancedFeatureTests.customServiceExample_switchBetweenServices] STEP  [UI] - Selecting items Purchase Foreign Currency from list BOOTSTRAP_LIST_TYPE using locator By.className: ui-tabs-nav
 CYBORG  2025-11-30T18:10:32,276 [scenario=BasicToAdvancedFeatureTests.customServiceExample_switchBetweenServices] STEP  [UI] - Inserting values [Mexico (peso)] for select component BOOTSTRAP_SELECT_TYPE using locator By.id: pc_currency
 CYBORG  2025-11-30T18:10:32,281 [scenario=BasicToAdvancedFeatureTests.customServiceExample_switchBetweenServices] STEP  [UI] - Selecting options [Mexico (peso)] in container with locator By.id: pc_currency for select component BOOTSTRAP_SELECT_TYPE
 CYBORG  2025-11-30T18:10:33,156 [scenario=BasicToAdvancedFeatureTests.customServiceExample_switchBetweenServices] STEP  [UI] - Inserting value into component of type: 'BOOTSTRAP_INPUT_TYPE' using locator.
 CYBORG  2025-11-30T18:10:33,159 [scenario=BasicToAdvancedFeatureTests.customServiceExample_switchBetweenServices] STEP  [UI] - Inserting value: '100' into input component of type: 'BOOTSTRAP_INPUT_TYPE'.
 CYBORG  2025-11-30T18:10:33,480 [scenario=BasicToAdvancedFeatureTests.customServiceExample_switchBetweenServices] STEP  [UI] - Inserting values [true] for radio component BOOTSTRAP_RADIO_TYPE using locator By.id: pc_inDollars_true
 CYBORG  2025-11-30T18:10:33,482 [scenario=BasicToAdvancedFeatureTests.customServiceExample_switchBetweenServices] STEP  [UI] - Selecting radio button with locator By.id: pc_inDollars_true for radio component BOOTSTRAP_RADIO_TYPE
 CYBORG  2025-11-30T18:10:33,829 [scenario=BasicToAdvancedFeatureTests.customServiceExample_switchBetweenServices] INFO  [UI] - Finished data insertion for [PurchaseForeignCurrency].
 CYBORG  2025-11-30T18:10:33,834 [scenario=BasicToAdvancedFeatureTests.customServiceExample_switchBetweenServices] STEP  [UI] - Clicking button using locator: By.id: pc_calculate_costs
 CYBORG  2025-11-30T18:10:34,059 [scenario=BasicToAdvancedFeatureTests.customServiceExample_switchBetweenServices] STEP  [UI] - Clicking button using locator: By.id: purchase_cash
 CYBORG  2025-11-30T18:10:34,191 [scenario=BasicToAdvancedFeatureTests.customServiceExample_switchBetweenServices] INFO  [QUEST] - The quest has dropped the ring.
 CYBORG  2025-11-30T18:10:34,194 [scenario=BasicToAdvancedFeatureTests.customServiceExample_switchBetweenServices] INFO  [QUEST] - The quest has reached his end
 CYBORG  2025-11-30T18:10:34,195 [scenario=BasicToAdvancedFeatureTests.customServiceExample_switchBetweenServices] INFO  [QUEST] - The quest has dropped the ring.
 CYBORG  2025-11-30T18:10:34,196 [scenario=BasicToAdvancedFeatureTests.customServiceExample_switchBetweenServices] INFO  [QUEST] - The quest has used the ring: 'io.cyborgcode.ui.simple.test.framework.ui.AppUiService'
 CYBORG  2025-11-30T18:10:34,197 [scenario=BasicToAdvancedFeatureTests.customServiceExample_switchBetweenServices] STEP  [UI] - Getting value from alert located by: By.id: alert_content
 CYBORG  2025-11-30T18:10:34,267 [scenario=BasicToAdvancedFeatureTests.customServiceExample_switchBetweenServices] VALIDATION [QUEST] - Starting hard validation...
 CYBORG  2025-11-30T18:10:34,269 [scenario=BasicToAdvancedFeatureTests.customServiceExample_switchBetweenServices] VALIDATION [QUEST] - Hard validation completed successfully.
 CYBORG  2025-11-30T18:10:34,270 [scenario=BasicToAdvancedFeatureTests.customServiceExample_switchBetweenServices] INFO  [QUEST] - The quest has dropped the ring.
 CYBORG  2025-11-30T18:10:34,271 [scenario=BasicToAdvancedFeatureTests.customServiceExample_switchBetweenServices] INFO  [QUEST] - The quest has reached his end
 CYBORG  2025-11-30T18:10:34,274 [scenario=BasicToAdvancedFeatureTests.customServiceExample_switchBetweenServices] INFO  [QUEST] - The quest of 'customServiceExample_switchBetweenServices(Quest, PurchaseForeignCurrency)' has concluded with glory. Status: SUCCESS. Duration: 6 seconds.