 CYBORG  2025-11-30T18:10:06,414 [scenario=AuthenticationViaUITests.testScenario_2] INFO  [UI] - Chrome driver is downloaded with a compatible version for the installed browser
 CYBORG  2025-11-30T18:10:06,603 [scenario=AuthenticationViaUITests.testScenario_2] INFO  [UI] - Creating driver using provider [ChromeDriverProvider]. Headless: [true], Remote: [true], Remote URL: [http://localhost:4444]
 CYBORG  2025-11-30T18:10:08,573 [scenario=AuthenticationViaUITests.testScenario_2] INFO  [QUEST] - The quest: 'testScenario_2(Quest)' has begun and is crafted.
 CYBORG  2025-11-30T18:10:08,600 [scenario=AuthenticationViaUITests.testScenario_2] INFO  [QUEST] - The quest has used the ring: 'UI'
 CYBORG  2025-11-30T18:10:11,171 [scenario=AuthenticationViaUITests.testScenario_2] INFO  [QUEST] - The quest has used the ring: 'io.cyborgcode.ui.simple.test.framework.ui.AppUiService'
 CYBORG  2025-11-30T18:10:11,181 [scenario=AuthenticationViaUITests.testScenario_2] STEP  [UI] - Clicking link BOOTSTRAP_LINK_TYPE using locator By.id: transfer_funds_link
 CYBORG  2025-11-30T18:10:11,528 [scenario=AuthenticationViaUITests.testScenario_2] STEP  [UI] - Selecting option Savings(Avail. balance = $ 1000) in container with locator By.id: tf_fromAccountId for select component BOOTSTRAP_SELECT_TYPE
 CYBORG  2025-11-30T18:10:11,538 [scenario=AuthenticationViaUITests.testScenario_2] STEP  [UI] - Selecting options [Savings(Avail. balance = $ 1000)] in container with locator By.id: tf_fromAccountId for select component BOOTSTRAP_SELECT_TYPE
 CYBORG  2025-11-30T18:10:12,360 [scenario=AuthenticationViaUITests.testScenario_2] STEP  [UI] - Selecting option Checking(Avail. balance = $ -500.2) in container with locator By.id: tf_toAccountId for select component BOOTSTRAP_SELECT_TYPE
 CYBORG  2025-11-30T18:10:12,375 [scenario=AuthenticationViaUITests.testScenario_2] STEP  [UI] - Selecting options [Checking(Avail. balance = $ -500.2)] in container with locator By.id: tf_toAccountId for select component BOOTSTRAP_SELECT_TYPE
 CYBORG  2025-11-30T18:10:13,011 [scenario=AuthenticationViaUITests.testScenario_2] STEP  [UI] - Inserting value: '2000' into input component of type: 'BOOTSTRAP_INPUT_TYPE'.
 CYBORG  2025-11-30T18:10:13,427 [scenario=AuthenticationViaUITests.testScenario_2] STEP  [UI] - Inserting value: 'Transfer Amount from Savings to Checking' into input component of type: 'BOOTSTRAP_INPUT_TYPE'.
 CYBORG  2025-11-30T18:10:13,911 [scenario=AuthenticationViaUITests.testScenario_2] STEP  [UI] - Clicking button using locator: By.id: btn_submit
 CYBORG  2025-11-30T18:10:14,340 [scenario=AuthenticationViaUITests.testScenario_2] STEP  [UI] - Clicking button using locator: By.id: btn_submit
 CYBORG  2025-11-30T18:10:14,561 [scenario=AuthenticationViaUITests.testScenario_2] STEP  [UI] - Getting value from alert located by: By.className: alert
 CYBORG  2025-11-30T18:10:14,703 [scenario=AuthenticationViaUITests.testScenario_2] VALIDATION [QUEST] - Starting hard validation...
 CYBORG  2025-11-30T18:10:14,709 [scenario=AuthenticationViaUITests.testScenario_2] VALIDATION [QUEST] - Hard validation completed successfully.
 CYBORG  2025-11-30T18:10:14,714 [scenario=AuthenticationViaUITests.testScenario_2] INFO  [QUEST] - The quest has dropped the ring.
 CYBORG  2025-11-30T18:10:14,722 [scenario=AuthenticationViaUITests.testScenario_2] INFO  [QUEST] - The quest has reached his end
 CYBORG  2025-11-30T18:10:14,902 [scenario=AuthenticationViaUITests.testScenario_2] INFO  [UI] - WebDriver closed successfully.
 CYBORG  2025-11-30T18:10:14,912 [scenario=AuthenticationViaUITests.testScenario_2] INFO  [QUEST] - The quest of 'testScenario_2(Quest)' has concluded with glory. Status: SUCCESS. Duration: 10 seconds.