 CYBORG  2025-11-04T16:34:32,441 [scenario=BakeryEvolvingTest.createOrderRaw] INFO  [UI] - Chrome driver is downloaded with a compatible version for the installed browser
 CYBORG  2025-11-04T16:34:32,491 [scenario=BakeryEvolvingTest.createOrderRaw] INFO  [UI] - Creating driver using provider [ChromeDriverProvider]. Headless: [true], Remote: [true], Remote URL: [http://localhost:4444]
 CYBORG  2025-11-04T16:34:34,214 [scenario=BakeryEvolvingTest.createOrderRaw] INFO  [QUEST] - The quest: 'createOrderRaw(Quest)' has begun and is crafted.
 CYBORG  2025-11-04T16:34:34,237 [scenario=BakeryEvolvingTest.createOrderRaw] INFO  [QUEST] - The quest has used the ring: 'io.cyborgcode.ui.complex.test.framework.ui.AppUiService'
 CYBORG  2025-11-04T16:34:34,836 [scenario=BakeryEvolvingTest.createOrderRaw] STEP  [UI] - Inserting value: 'admin@vaadin.com' into input component of type: 'VA_INPUT_TYPE'.
 CYBORG  2025-11-04T16:34:35,506 [scenario=BakeryEvolvingTest.createOrderRaw] STEP  [UI] - Inserting value: 'admin' into input component of type: 'VA_INPUT_TYPE'.
 CYBORG  2025-11-04T16:34:36,009 [scenario=BakeryEvolvingTest.createOrderRaw] STEP  [UI] - Clicking button using locator: By.tagName: vaadin-button
 CYBORG  2025-11-04T16:34:37,095 [scenario=BakeryEvolvingTest.createOrderRaw] STEP  [UI] - Clicking button using locator: By.cssSelector: vaadin-button#action
 CYBORG  2025-11-04T16:34:37,899 [scenario=BakeryEvolvingTest.createOrderRaw] STEP  [UI] - Inserting value: 'John Terry' into input component of type: 'VA_INPUT_TYPE'.
 CYBORG  2025-11-04T16:34:38,583 [scenario=BakeryEvolvingTest.createOrderRaw] STEP  [UI] - Inserting value: 'Address' into input component of type: 'VA_INPUT_TYPE'.
 CYBORG  2025-11-04T16:34:39,009 [scenario=BakeryEvolvingTest.createOrderRaw] STEP  [UI] - Inserting value: '+1-555-7777' into input component of type: 'VA_INPUT_TYPE'.
 CYBORG  2025-11-04T16:34:39,468 [scenario=BakeryEvolvingTest.createOrderRaw] STEP  [UI] - Selecting option Store in container with locator By.cssSelector: vaadin-combo-box#pickupLocation for select component VA_SELECT_TYPE
 CYBORG  2025-11-04T16:34:39,480 [scenario=BakeryEvolvingTest.createOrderRaw] STEP  [UI] - Selecting options [Store] in container with locator By.cssSelector: vaadin-combo-box#pickupLocation for select component VA_SELECT_TYPE
 CYBORG  2025-11-04T16:34:40,636 [scenario=BakeryEvolvingTest.createOrderRaw] STEP  [UI] - Selecting options with strategy FIRST in container with locator By.cssSelector: vaadin-combo-box#products for select component VA_SELECT_TYPE
 CYBORG  2025-11-04T16:34:41,946 [scenario=BakeryEvolvingTest.createOrderRaw] STEP  [UI] - Clicking button using locator: By.cssSelector: vaadin-button#review
 CYBORG  2025-11-04T16:34:42,268 [scenario=BakeryEvolvingTest.createOrderRaw] STEP  [UI] - Clicking button using locator: By.cssSelector: vaadin-button#save
 CYBORG  2025-11-04T16:34:43,075 [scenario=BakeryEvolvingTest.createOrderRaw] STEP  [UI] - Inserting value: 'John Terry' into input component of type: 'VA_INPUT_TYPE'.
 CYBORG  2025-11-04T16:34:43,355 [scenario=BakeryEvolvingTest.createOrderRaw] VALIDATION [QUEST] - Starting hard validation...
 CYBORG  2025-11-04T16:34:43,475 [scenario=BakeryEvolvingTest.createOrderRaw] VALIDATION [QUEST] - Hard validation completed successfully.
 CYBORG  2025-11-04T16:34:43,479 [scenario=BakeryEvolvingTest.createOrderRaw] INFO  [QUEST] - The quest has dropped the ring.
 CYBORG  2025-11-04T16:34:43,481 [scenario=BakeryEvolvingTest.createOrderRaw] INFO  [QUEST] - The quest has reached his end
 CYBORG  2025-11-04T16:34:43,599 [scenario=BakeryEvolvingTest.createOrderRaw] INFO  [UI] - WebDriver closed successfully.
 CYBORG  2025-11-04T16:34:43,625 [scenario=BakeryEvolvingTest.createOrderRaw] INFO  [QUEST] - The quest of 'createOrderRaw(Quest)' has concluded with glory. Status: SUCCESS. Duration: 15 seconds.