🤖 CYBORG 🤖 2025-11-04T16:32:33,656 [scenario=BakeryDataBaseTests.createOrderDatabaseValidation] INFO  [UI] - Chrome driver is downloaded with a compatible version for the installed browser
🤖 CYBORG 🤖 2025-11-04T16:32:33,717 [scenario=BakeryDataBaseTests.createOrderDatabaseValidation] INFO  [UI] - Creating driver using provider [ChromeDriverProvider]. Headless: [true], Remote: [true], Remote URL: [http://localhost:4444]
🤖 CYBORG 🤖 2025-11-04T16:32:35,152 [scenario=BakeryDataBaseTests.createOrderDatabaseValidation] INFO  [QUEST] - The quest: 'createOrderDatabaseValidation(Quest, Order)' has begun and is crafted.
🤖 CYBORG 🤖 2025-11-04T16:32:35,247 [scenario=BakeryDataBaseTests.createOrderDatabaseValidation] INFO  [QUEST] - The quest has used the ring: 'Custom'
🤖 CYBORG 🤖 2025-11-04T16:32:35,254 [scenario=BakeryDataBaseTests.createOrderDatabaseValidation] INFO  [QUEST] - The quest has used the ring: 'io.cyborgcode.ui.complex.test.framework.ui.AppUiService'
🤖 CYBORG 🤖 2025-11-04T16:32:36,022 [scenario=BakeryDataBaseTests.createOrderDatabaseValidation] STEP  [UI] - Inserting value: 'admin@vaadin.com' into input component of type: 'VA_INPUT_TYPE'.
🤖 CYBORG 🤖 2025-11-04T16:32:36,508 [scenario=BakeryDataBaseTests.createOrderDatabaseValidation] STEP  [UI] - Inserting value: 'admin' into input component of type: 'VA_INPUT_TYPE'.
🤖 CYBORG 🤖 2025-11-04T16:32:36,875 [scenario=BakeryDataBaseTests.createOrderDatabaseValidation] STEP  [UI] - Clicking button using locator: By.tagName: vaadin-button
🤖 CYBORG 🤖 2025-11-04T16:32:39,292 [scenario=BakeryDataBaseTests.createOrderDatabaseValidation] STEP  [UI] - Checking if input component of type: 'VA_INPUT_TYPE' is enabled.
🤖 CYBORG 🤖 2025-11-04T16:32:39,446 [scenario=BakeryDataBaseTests.createOrderDatabaseValidation] VALIDATION [QUEST] - Starting hard validation...
🤖 CYBORG 🤖 2025-11-04T16:32:39,486 [scenario=BakeryDataBaseTests.createOrderDatabaseValidation] VALIDATION [QUEST] - Hard validation completed successfully.
🤖 CYBORG 🤖 2025-11-04T16:32:39,490 [scenario=BakeryDataBaseTests.createOrderDatabaseValidation] INFO  [QUEST] - The quest has dropped the ring.
🤖 CYBORG 🤖 2025-11-04T16:32:39,494 [scenario=BakeryDataBaseTests.createOrderDatabaseValidation] INFO  [QUEST] - The quest has used the ring: 'API'
🤖 CYBORG 🤖 2025-11-04T16:32:39,799 [scenario=BakeryDataBaseTests.createOrderDatabaseValidation] INFO  [API] - Prepared RequestSpecification with pathParams: {}, queryParams: {}, headers: {Cookie=[JSESSIONID=983FF2F81A88196661910430A9A79CEF; path=/; domain=bakery-flow.demo.vaadin.com; sameSite=Lax], Accept=[application/json], Content-Type=[application/json]}
🤖 CYBORG 🤖 2025-11-04T16:32:40,048 [scenario=BakeryDataBaseTests.createOrderDatabaseValidation] STEP  [API] - Sending request to endpoint POST-https://bakery-flow.demo.vaadin.com/storefront.
🤖 CYBORG 🤖 2025-11-04T16:32:40,783 [scenario=BakeryDataBaseTests.createOrderDatabaseValidation] STEP  [API] - Response with status: 200 received from endpoint: POST-https://bakery-flow.demo.vaadin.com/storefront in 729ms.
🤖 CYBORG 🤖 2025-11-04T16:32:41,000 [scenario=BakeryDataBaseTests.createOrderDatabaseValidation] INFO  [API] - Starting response validation with 1 assertion(s).
🤖 CYBORG 🤖 2025-11-04T16:32:41,010 [scenario=BakeryDataBaseTests.createOrderDatabaseValidation] VALIDATION [QUEST] - ✔ Validation passed: IS (Expected: 200, Actual: 200)
🤖 CYBORG 🤖 2025-11-04T16:32:41,039 [scenario=BakeryDataBaseTests.createOrderDatabaseValidation] INFO  [QUEST] - The quest has used the ring: 'Custom'
🤖 CYBORG 🤖 2025-11-04T16:32:41,043 [scenario=BakeryDataBaseTests.createOrderDatabaseValidation] INFO  [QUEST] - The quest has used the ring: 'io.cyborgcode.ui.complex.test.framework.ui.AppUiService'
🤖 CYBORG 🤖 2025-11-04T16:32:41,173 [scenario=BakeryDataBaseTests.createOrderDatabaseValidation] STEP  [UI] - Clicking button using locator: By.cssSelector: vaadin-button#action
🤖 CYBORG 🤖 2025-11-04T16:32:42,059 [scenario=BakeryDataBaseTests.createOrderDatabaseValidation] STEP  [UI] - Inserting value into component of type: 'VA_INPUT_TYPE' using locator.
🤖 CYBORG 🤖 2025-11-04T16:32:42,064 [scenario=BakeryDataBaseTests.createOrderDatabaseValidation] STEP  [UI] - Inserting value: 'John Terry' into input component of type: 'VA_INPUT_TYPE'.
🤖 CYBORG 🤖 2025-11-04T16:32:42,402 [scenario=BakeryDataBaseTests.createOrderDatabaseValidation] STEP  [UI] - Inserting value into component of type: 'VA_INPUT_TYPE' using locator.
🤖 CYBORG 🤖 2025-11-04T16:32:42,406 [scenario=BakeryDataBaseTests.createOrderDatabaseValidation] STEP  [UI] - Inserting value: 'Address' into input component of type: 'VA_INPUT_TYPE'.
🤖 CYBORG 🤖 2025-11-04T16:32:42,751 [scenario=BakeryDataBaseTests.createOrderDatabaseValidation] STEP  [UI] - Inserting value into component of type: 'VA_INPUT_TYPE' using locator.
🤖 CYBORG 🤖 2025-11-04T16:32:42,755 [scenario=BakeryDataBaseTests.createOrderDatabaseValidation] STEP  [UI] - Inserting value: '+1-555-7777' into input component of type: 'VA_INPUT_TYPE'.
🤖 CYBORG 🤖 2025-11-04T16:32:43,075 [scenario=BakeryDataBaseTests.createOrderDatabaseValidation] STEP  [UI] - Inserting values [Bakery] for select component VA_SELECT_TYPE using locator By.cssSelector: vaadin-combo-box#pickupLocation
🤖 CYBORG 🤖 2025-11-04T16:32:43,078 [scenario=BakeryDataBaseTests.createOrderDatabaseValidation] STEP  [UI] - Selecting options [Bakery] in container with locator By.cssSelector: vaadin-combo-box#pickupLocation for select component VA_SELECT_TYPE
🤖 CYBORG 🤖 2025-11-04T16:32:44,127 [scenario=BakeryDataBaseTests.createOrderDatabaseValidation] STEP  [UI] - Inserting values [Strawberry Bun] for select component VA_SELECT_TYPE using locator By.cssSelector: vaadin-combo-box#products
🤖 CYBORG 🤖 2025-11-04T16:32:44,132 [scenario=BakeryDataBaseTests.createOrderDatabaseValidation] STEP  [UI] - Selecting options [Strawberry Bun] in container with locator By.cssSelector: vaadin-combo-box#products for select component VA_SELECT_TYPE
🤖 CYBORG 🤖 2025-11-04T16:32:45,135 [scenario=BakeryDataBaseTests.createOrderDatabaseValidation] INFO  [UI] - Finished data insertion for [Order].
🤖 CYBORG 🤖 2025-11-04T16:32:45,207 [scenario=BakeryDataBaseTests.createOrderDatabaseValidation] STEP  [UI] - Clicking button using locator: By.cssSelector: vaadin-button#review
🤖 CYBORG 🤖 2025-11-04T16:32:45,521 [scenario=BakeryDataBaseTests.createOrderDatabaseValidation] STEP  [UI] - Clicking button using locator: By.cssSelector: vaadin-button#save
🤖 CYBORG 🤖 2025-11-04T16:32:46,270 [scenario=BakeryDataBaseTests.createOrderDatabaseValidation] INFO  [QUEST] - The quest has used the ring: 'Custom'
🤖 CYBORG 🤖 2025-11-04T16:32:46,273 [scenario=BakeryDataBaseTests.createOrderDatabaseValidation] INFO  [QUEST] - The quest has used the ring: 'io.cyborgcode.ui.complex.test.framework.ui.AppUiService'
🤖 CYBORG 🤖 2025-11-04T16:32:46,327 [scenario=BakeryDataBaseTests.createOrderDatabaseValidation] STEP  [UI] - Inserting value: 'John Terry' into input component of type: 'VA_INPUT_TYPE'.
🤖 CYBORG 🤖 2025-11-04T16:32:46,573 [scenario=BakeryDataBaseTests.createOrderDatabaseValidation] VALIDATION [QUEST] - Starting hard validation...
🤖 CYBORG 🤖 2025-11-04T16:32:46,683 [scenario=BakeryDataBaseTests.createOrderDatabaseValidation] VALIDATION [QUEST] - Hard validation completed successfully.
🤖 CYBORG 🤖 2025-11-04T16:32:46,752 [scenario=BakeryDataBaseTests.createOrderDatabaseValidation] STEP  [UI] - Clicking button using locator: By.cssSelector: vaadin-button#clear
🤖 CYBORG 🤖 2025-11-04T16:32:47,483 [scenario=BakeryDataBaseTests.createOrderDatabaseValidation] INFO  [QUEST] - The quest has dropped the ring.
🤖 CYBORG 🤖 2025-11-04T16:32:47,486 [scenario=BakeryDataBaseTests.createOrderDatabaseValidation] INFO  [QUEST] - The quest has used the ring: 'DB'
🤖 CYBORG 🤖 2025-11-04T16:32:47,497 [scenario=BakeryDataBaseTests.createOrderDatabaseValidation] INFO  [DB] - Obtained database connection for: AppDb
🤖 CYBORG 🤖 2025-11-04T16:32:47,499 [scenario=BakeryDataBaseTests.createOrderDatabaseValidation] STEP  [DB] - Executing database query: SELECT * FROM orders WHERE id = 1
🤖 CYBORG 🤖 2025-11-04T16:32:47,520 [scenario=BakeryDataBaseTests.createOrderDatabaseValidation] STEP  [DB] - Query 'SELECT * FROM orders WHERE id = 1' executed in 18ms, result count: 1
🤖 CYBORG 🤖 2025-11-04T16:32:47,525 [scenario=BakeryDataBaseTests.createOrderDatabaseValidation] INFO  [DB] - Starting query response validation with 2 assertion(s).
🤖 CYBORG 🤖 2025-11-04T16:32:47,586 [scenario=BakeryDataBaseTests.createOrderDatabaseValidation] VALIDATION [QUEST] - ✔ Validation passed: CONTAINS_ALL (Expected: [Strawberry Bun], Actual: [Strawberry Bun])
🤖 CYBORG 🤖 2025-11-04T16:32:47,800 [scenario=BakeryDataBaseTests.createOrderDatabaseValidation] VALIDATION [QUEST] - ✔ Validation passed: CONTAINS_ALL (Expected: [Bakery], Actual: [Bakery])
🤖 CYBORG 🤖 2025-11-04T16:32:47,803 [scenario=BakeryDataBaseTests.createOrderDatabaseValidation] INFO  [QUEST] - The quest has dropped the ring.
🤖 CYBORG 🤖 2025-11-04T16:32:47,806 [scenario=BakeryDataBaseTests.createOrderDatabaseValidation] INFO  [QUEST] - The quest has reached his end
🤖 CYBORG 🤖 2025-11-04T16:32:47,919 [scenario=BakeryDataBaseTests.createOrderDatabaseValidation] INFO  [UI] - WebDriver closed successfully.
🤖 CYBORG 🤖 2025-11-04T16:32:47,931 [scenario=BakeryDataBaseTests.createOrderDatabaseValidation] INFO  [QUEST] - The quest of 'createOrderDatabaseValidation(Quest, Order)' has concluded with glory. Status: SUCCESS. Duration: 15 seconds.