 CYBORG  2025-11-04T16:34:32,491 [scenario=BakeryEvolvingTest.createOrderRawData] INFO  [UI] - Creating driver using provider [ChromeDriverProvider]. Headless: [true], Remote: [true], Remote URL: [http://localhost:4444]
 CYBORG  2025-11-04T16:34:34,213 [scenario=BakeryEvolvingTest.createOrderRawData] INFO  [QUEST] - The quest: 'createOrderRawData(Quest)' has begun and is crafted.
 CYBORG  2025-11-04T16:34:34,240 [scenario=BakeryEvolvingTest.createOrderRawData] INFO  [QUEST] - The quest has used the ring: 'io.cyborgcode.ui.complex.test.framework.ui.AppUiService'
 CYBORG  2025-11-04T16:34:34,827 [scenario=BakeryEvolvingTest.createOrderRawData] STEP  [UI] - Inserting value: 'admin@vaadin.com' into input component of type: 'VA_INPUT_TYPE'.
 CYBORG  2025-11-04T16:34:35,504 [scenario=BakeryEvolvingTest.createOrderRawData] STEP  [UI] - Inserting value: 'admin' into input component of type: 'VA_INPUT_TYPE'.
 CYBORG  2025-11-04T16:34:36,008 [scenario=BakeryEvolvingTest.createOrderRawData] STEP  [UI] - Clicking button using locator: By.tagName: vaadin-button
 CYBORG  2025-11-04T16:34:37,048 [scenario=BakeryEvolvingTest.createOrderRawData] STEP  [UI] - Clicking button using locator: By.cssSelector: vaadin-button#action
 CYBORG  2025-11-04T16:34:37,709 [scenario=BakeryEvolvingTest.createOrderRawData] STEP  [UI] - Inserting value: 'John Terry' into input component of type: 'VA_INPUT_TYPE'.
 CYBORG  2025-11-04T16:34:38,406 [scenario=BakeryEvolvingTest.createOrderRawData] STEP  [UI] - Inserting value: 'Address' into input component of type: 'VA_INPUT_TYPE'.
 CYBORG  2025-11-04T16:34:38,947 [scenario=BakeryEvolvingTest.createOrderRawData] STEP  [UI] - Inserting value: '+1-555-7777' into input component of type: 'VA_INPUT_TYPE'.
 CYBORG  2025-11-04T16:34:39,373 [scenario=BakeryEvolvingTest.createOrderRawData] STEP  [UI] - Selecting option Bakery in container with locator By.cssSelector: vaadin-combo-box#pickupLocation for select component VA_SELECT_TYPE
 CYBORG  2025-11-04T16:34:39,378 [scenario=BakeryEvolvingTest.createOrderRawData] STEP  [UI] - Selecting options [Bakery] in container with locator By.cssSelector: vaadin-combo-box#pickupLocation for select component VA_SELECT_TYPE
 CYBORG  2025-11-04T16:34:40,664 [scenario=BakeryEvolvingTest.createOrderRawData] STEP  [UI] - Selecting options [Strawberry Bun] in container with locator By.cssSelector: vaadin-combo-box#products for select component VA_SELECT_TYPE
 CYBORG  2025-11-04T16:34:42,001 [scenario=BakeryEvolvingTest.createOrderRawData] STEP  [UI] - Clicking button using locator: By.cssSelector: vaadin-button#review
 CYBORG  2025-11-04T16:34:42,316 [scenario=BakeryEvolvingTest.createOrderRawData] STEP  [UI] - Clicking button using locator: By.cssSelector: vaadin-button#save
 CYBORG  2025-11-04T16:34:43,158 [scenario=BakeryEvolvingTest.createOrderRawData] STEP  [UI] - Inserting value: 'John Terry' into input component of type: 'VA_INPUT_TYPE'.
 CYBORG  2025-11-04T16:34:43,432 [scenario=BakeryEvolvingTest.createOrderRawData] VALIDATION [QUEST] - Starting hard validation...
 CYBORG  2025-11-04T16:34:43,561 [scenario=BakeryEvolvingTest.createOrderRawData] VALIDATION [QUEST] - Hard validation completed successfully.
 CYBORG  2025-11-04T16:34:43,566 [scenario=BakeryEvolvingTest.createOrderRawData] INFO  [QUEST] - The quest has dropped the ring.
 CYBORG  2025-11-04T16:34:43,568 [scenario=BakeryEvolvingTest.createOrderRawData] INFO  [QUEST] - The quest has reached his end
 CYBORG  2025-11-04T16:34:43,704 [scenario=BakeryEvolvingTest.createOrderRawData] INFO  [UI] - WebDriver closed successfully.
 CYBORG  2025-11-04T16:34:43,714 [scenario=BakeryEvolvingTest.createOrderRawData] INFO  [QUEST] - The quest of 'createOrderRawData(Quest)' has concluded with glory. Status: SUCCESS. Duration: 15 seconds.