 CYBORG  2025-11-04T16:43:15,332 [scenario=BakeryEvolvingTest.createOrderRawData] INFO  [UI] - Chrome driver is downloaded with a compatible version for the installed browser
 CYBORG  2025-11-04T16:43:15,382 [scenario=BakeryEvolvingTest.createOrderRawData] INFO  [UI] - Creating driver using provider [ChromeDriverProvider]. Headless: [true], Remote: [true], Remote URL: [http://localhost:4444]
 CYBORG  2025-11-04T16:43:17,014 [scenario=BakeryEvolvingTest.createOrderRawData] INFO  [QUEST] - The quest: 'createOrderRawData(Quest)' has begun and is crafted.
 CYBORG  2025-11-04T16:43:17,043 [scenario=BakeryEvolvingTest.createOrderRawData] INFO  [QUEST] - The quest has used the ring: 'io.cyborgcode.ui.complex.test.framework.ui.AppUiService'
 CYBORG  2025-11-04T16:43:18,093 [scenario=BakeryEvolvingTest.createOrderRawData] STEP  [UI] - Inserting value: 'admin@vaadin.com' into input component of type: 'VA_INPUT_TYPE'.
 CYBORG  2025-11-04T16:43:18,789 [scenario=BakeryEvolvingTest.createOrderRawData] STEP  [UI] - Inserting value: 'admin' into input component of type: 'VA_INPUT_TYPE'.
 CYBORG  2025-11-04T16:43:19,246 [scenario=BakeryEvolvingTest.createOrderRawData] STEP  [UI] - Clicking button using locator: By.tagName: vaadin-button
 CYBORG  2025-11-04T16:43:20,475 [scenario=BakeryEvolvingTest.createOrderRawData] STEP  [UI] - Clicking button using locator: By.cssSelector: vaadin-button#action
 CYBORG  2025-11-04T16:43:21,751 [scenario=BakeryEvolvingTest.createOrderRawData] STEP  [UI] - Inserting value: 'John Terry' into input component of type: 'VA_INPUT_TYPE'.
 CYBORG  2025-11-04T16:43:22,259 [scenario=BakeryEvolvingTest.createOrderRawData] STEP  [UI] - Inserting value: 'Address' into input component of type: 'VA_INPUT_TYPE'.
 CYBORG  2025-11-04T16:43:22,665 [scenario=BakeryEvolvingTest.createOrderRawData] STEP  [UI] - Inserting value: '+1-555-7777' into input component of type: 'VA_INPUT_TYPE'.
 CYBORG  2025-11-04T16:43:23,070 [scenario=BakeryEvolvingTest.createOrderRawData] STEP  [UI] - Selecting option Bakery in container with locator By.cssSelector: vaadin-combo-box#pickupLocation for select component VA_SELECT_TYPE
 CYBORG  2025-11-04T16:43:23,074 [scenario=BakeryEvolvingTest.createOrderRawData] STEP  [UI] - Selecting options [Bakery] in container with locator By.cssSelector: vaadin-combo-box#pickupLocation for select component VA_SELECT_TYPE
 CYBORG  2025-11-04T16:43:24,283 [scenario=BakeryEvolvingTest.createOrderRawData] STEP  [UI] - Selecting options [Strawberry Bun] in container with locator By.cssSelector: vaadin-combo-box#products for select component VA_SELECT_TYPE
 CYBORG  2025-11-04T16:43:25,489 [scenario=BakeryEvolvingTest.createOrderRawData] STEP  [UI] - Clicking button using locator: By.cssSelector: vaadin-button#review
 CYBORG  2025-11-04T16:43:26,353 [scenario=BakeryEvolvingTest.createOrderRawData] STEP  [UI] - Clicking button using locator: By.cssSelector: vaadin-button#save
 CYBORG  2025-11-04T16:43:27,185 [scenario=BakeryEvolvingTest.createOrderRawData] STEP  [UI] - Inserting value: 'John Terry' into input component of type: 'VA_INPUT_TYPE'.
 CYBORG  2025-11-04T16:43:27,455 [scenario=BakeryEvolvingTest.createOrderRawData] VALIDATION [QUEST] - Starting hard validation...
 CYBORG  2025-11-04T16:43:27,629 [scenario=BakeryEvolvingTest.createOrderRawData] VALIDATION [QUEST] - Hard validation completed successfully.
 CYBORG  2025-11-04T16:43:27,633 [scenario=BakeryEvolvingTest.createOrderRawData] INFO  [QUEST] - The quest has dropped the ring.
 CYBORG  2025-11-04T16:43:27,639 [scenario=BakeryEvolvingTest.createOrderRawData] INFO  [QUEST] - The quest has reached his end
 CYBORG  2025-11-04T16:43:27,642 [scenario=BakeryEvolvingTest.createOrderRawData] WARN  [UI] - Test failed. Taking screenshot for: createOrderRawData(Quest)
 CYBORG  2025-11-04T16:43:27,828 [scenario=BakeryEvolvingTest.createOrderRawData] INFO  [QUEST] - Screenshot taken and stored for: createOrderRawData(Quest)
 CYBORG  2025-11-04T16:43:27,954 [scenario=BakeryEvolvingTest.createOrderRawData] INFO  [UI] - WebDriver closed successfully.
 CYBORG  2025-11-04T16:43:27,962 [scenario=BakeryEvolvingTest.createOrderRawData] INFO  [QUEST] - The quest of 'createOrderRawData(Quest)' has concluded with glory. Status: SUCCESS. Duration: 15 seconds.