🤖 CYBORG 🤖 2025-11-04T16:43:09,094 [scenario=BakeryDataBaseTests.createOrderDatabaseValidation] INFO  [UI] - Chrome driver is downloaded with a compatible version for the installed browser
🤖 CYBORG 🤖 2025-11-04T16:43:09,147 [scenario=BakeryDataBaseTests.createOrderDatabaseValidation] INFO  [UI] - Creating driver using provider [ChromeDriverProvider]. Headless: [true], Remote: [true], Remote URL: [http://localhost:4444]
🤖 CYBORG 🤖 2025-11-04T16:43:10,662 [scenario=BakeryDataBaseTests.createOrderDatabaseValidation] INFO  [QUEST] - The quest: 'createOrderDatabaseValidation(Quest, Order)' has begun and is crafted.
🤖 CYBORG 🤖 2025-11-04T16:43:10,759 [scenario=BakeryDataBaseTests.createOrderDatabaseValidation] INFO  [QUEST] - The quest has used the ring: 'Custom'
🤖 CYBORG 🤖 2025-11-04T16:43:10,765 [scenario=BakeryDataBaseTests.createOrderDatabaseValidation] INFO  [QUEST] - The quest has used the ring: 'io.cyborgcode.ui.complex.test.framework.ui.AppUiService'
🤖 CYBORG 🤖 2025-11-04T16:43:11,279 [scenario=BakeryDataBaseTests.createOrderDatabaseValidation] STEP  [UI] - Inserting value: 'admin@vaadin.com' into input component of type: 'VA_INPUT_TYPE'.
🤖 CYBORG 🤖 2025-11-04T16:43:11,742 [scenario=BakeryDataBaseTests.createOrderDatabaseValidation] STEP  [UI] - Inserting value: 'admin' into input component of type: 'VA_INPUT_TYPE'.
🤖 CYBORG 🤖 2025-11-04T16:43:12,105 [scenario=BakeryDataBaseTests.createOrderDatabaseValidation] STEP  [UI] - Clicking button using locator: By.tagName: vaadin-button
🤖 CYBORG 🤖 2025-11-04T16:43:12,864 [scenario=BakeryDataBaseTests.createOrderDatabaseValidation] STEP  [UI] - Checking if input component of type: 'VA_INPUT_TYPE' is enabled.
🤖 CYBORG 🤖 2025-11-04T16:43:13,021 [scenario=BakeryDataBaseTests.createOrderDatabaseValidation] VALIDATION [QUEST] - Starting hard validation...
🤖 CYBORG 🤖 2025-11-04T16:43:13,050 [scenario=BakeryDataBaseTests.createOrderDatabaseValidation] VALIDATION [QUEST] - Hard validation completed successfully.
🤖 CYBORG 🤖 2025-11-04T16:43:13,053 [scenario=BakeryDataBaseTests.createOrderDatabaseValidation] INFO  [QUEST] - The quest has dropped the ring.
🤖 CYBORG 🤖 2025-11-04T16:43:13,057 [scenario=BakeryDataBaseTests.createOrderDatabaseValidation] INFO  [QUEST] - The quest has used the ring: 'API'
🤖 CYBORG 🤖 2025-11-04T16:43:13,391 [scenario=BakeryDataBaseTests.createOrderDatabaseValidation] INFO  [API] - Prepared RequestSpecification with pathParams: {}, queryParams: {}, headers: {Cookie=[JSESSIONID=14631D8AB6DBE481BDA770E16D031056; path=/; domain=bakery-flow.demo.vaadin.com; sameSite=Lax], Accept=[application/json], Content-Type=[application/json]}
🤖 CYBORG 🤖 2025-11-04T16:43:13,651 [scenario=BakeryDataBaseTests.createOrderDatabaseValidation] STEP  [API] - Sending request to endpoint POST-https://bakery-flow.demo.vaadin.com/storefront.
🤖 CYBORG 🤖 2025-11-04T16:43:14,252 [scenario=BakeryDataBaseTests.createOrderDatabaseValidation] STEP  [API] - Response with status: 200 received from endpoint: POST-https://bakery-flow.demo.vaadin.com/storefront in 595ms.
🤖 CYBORG 🤖 2025-11-04T16:43:14,431 [scenario=BakeryDataBaseTests.createOrderDatabaseValidation] INFO  [API] - Starting response validation with 1 assertion(s).
🤖 CYBORG 🤖 2025-11-04T16:43:14,441 [scenario=BakeryDataBaseTests.createOrderDatabaseValidation] VALIDATION [QUEST] - ✔ Validation passed: IS (Expected: 200, Actual: 200)
🤖 CYBORG 🤖 2025-11-04T16:43:14,465 [scenario=BakeryDataBaseTests.createOrderDatabaseValidation] INFO  [QUEST] - The quest has used the ring: 'Custom'
🤖 CYBORG 🤖 2025-11-04T16:43:14,470 [scenario=BakeryDataBaseTests.createOrderDatabaseValidation] INFO  [QUEST] - The quest has used the ring: 'io.cyborgcode.ui.complex.test.framework.ui.AppUiService'
🤖 CYBORG 🤖 2025-11-04T16:43:14,616 [scenario=BakeryDataBaseTests.createOrderDatabaseValidation] STEP  [UI] - Clicking button using locator: By.cssSelector: vaadin-button#action
🤖 CYBORG 🤖 2025-11-04T16:43:15,087 [scenario=BakeryDataBaseTests.createOrderDatabaseValidation] STEP  [UI] - Inserting value into component of type: 'VA_INPUT_TYPE' using locator.
🤖 CYBORG 🤖 2025-11-04T16:43:15,091 [scenario=BakeryDataBaseTests.createOrderDatabaseValidation] STEP  [UI] - Inserting value: 'John Terry' into input component of type: 'VA_INPUT_TYPE'.
🤖 CYBORG 🤖 2025-11-04T16:43:15,476 [scenario=BakeryDataBaseTests.createOrderDatabaseValidation] STEP  [UI] - Inserting value into component of type: 'VA_INPUT_TYPE' using locator.
🤖 CYBORG 🤖 2025-11-04T16:43:15,481 [scenario=BakeryDataBaseTests.createOrderDatabaseValidation] STEP  [UI] - Inserting value: 'Address' into input component of type: 'VA_INPUT_TYPE'.
🤖 CYBORG 🤖 2025-11-04T16:43:15,839 [scenario=BakeryDataBaseTests.createOrderDatabaseValidation] STEP  [UI] - Inserting value into component of type: 'VA_INPUT_TYPE' using locator.
🤖 CYBORG 🤖 2025-11-04T16:43:15,843 [scenario=BakeryDataBaseTests.createOrderDatabaseValidation] STEP  [UI] - Inserting value: '+1-555-7777' into input component of type: 'VA_INPUT_TYPE'.
🤖 CYBORG 🤖 2025-11-04T16:43:16,230 [scenario=BakeryDataBaseTests.createOrderDatabaseValidation] STEP  [UI] - Inserting values [Bakery] for select component VA_SELECT_TYPE using locator By.cssSelector: vaadin-combo-box#pickupLocation
🤖 CYBORG 🤖 2025-11-04T16:43:16,234 [scenario=BakeryDataBaseTests.createOrderDatabaseValidation] STEP  [UI] - Selecting options [Bakery] in container with locator By.cssSelector: vaadin-combo-box#pickupLocation for select component VA_SELECT_TYPE
🤖 CYBORG 🤖 2025-11-04T16:43:17,335 [scenario=BakeryDataBaseTests.createOrderDatabaseValidation] STEP  [UI] - Inserting values [Strawberry Bun] for select component VA_SELECT_TYPE using locator By.cssSelector: vaadin-combo-box#products
🤖 CYBORG 🤖 2025-11-04T16:43:17,347 [scenario=BakeryDataBaseTests.createOrderDatabaseValidation] STEP  [UI] - Selecting options [Strawberry Bun] in container with locator By.cssSelector: vaadin-combo-box#products for select component VA_SELECT_TYPE
🤖 CYBORG 🤖 2025-11-04T16:43:18,349 [scenario=BakeryDataBaseTests.createOrderDatabaseValidation] INFO  [UI] - Finished data insertion for [Order].
🤖 CYBORG 🤖 2025-11-04T16:43:18,462 [scenario=BakeryDataBaseTests.createOrderDatabaseValidation] STEP  [UI] - Clicking button using locator: By.cssSelector: vaadin-button#review
🤖 CYBORG 🤖 2025-11-04T16:43:18,752 [scenario=BakeryDataBaseTests.createOrderDatabaseValidation] STEP  [UI] - Clicking button using locator: By.cssSelector: vaadin-button#save
🤖 CYBORG 🤖 2025-11-04T16:43:19,463 [scenario=BakeryDataBaseTests.createOrderDatabaseValidation] INFO  [QUEST] - The quest has used the ring: 'Custom'
🤖 CYBORG 🤖 2025-11-04T16:43:19,466 [scenario=BakeryDataBaseTests.createOrderDatabaseValidation] INFO  [QUEST] - The quest has used the ring: 'io.cyborgcode.ui.complex.test.framework.ui.AppUiService'
🤖 CYBORG 🤖 2025-11-04T16:43:19,515 [scenario=BakeryDataBaseTests.createOrderDatabaseValidation] STEP  [UI] - Inserting value: 'John Terry' into input component of type: 'VA_INPUT_TYPE'.
🤖 CYBORG 🤖 2025-11-04T16:43:19,763 [scenario=BakeryDataBaseTests.createOrderDatabaseValidation] VALIDATION [QUEST] - Starting hard validation...
🤖 CYBORG 🤖 2025-11-04T16:43:19,872 [scenario=BakeryDataBaseTests.createOrderDatabaseValidation] VALIDATION [QUEST] - Hard validation completed successfully.
🤖 CYBORG 🤖 2025-11-04T16:43:19,941 [scenario=BakeryDataBaseTests.createOrderDatabaseValidation] STEP  [UI] - Clicking button using locator: By.cssSelector: vaadin-button#clear
🤖 CYBORG 🤖 2025-11-04T16:43:20,194 [scenario=BakeryDataBaseTests.createOrderDatabaseValidation] INFO  [QUEST] - The quest has dropped the ring.
🤖 CYBORG 🤖 2025-11-04T16:43:20,197 [scenario=BakeryDataBaseTests.createOrderDatabaseValidation] INFO  [QUEST] - The quest has used the ring: 'DB'
🤖 CYBORG 🤖 2025-11-04T16:43:20,211 [scenario=BakeryDataBaseTests.createOrderDatabaseValidation] INFO  [DB] - Obtained database connection for: AppDb
🤖 CYBORG 🤖 2025-11-04T16:43:20,215 [scenario=BakeryDataBaseTests.createOrderDatabaseValidation] STEP  [DB] - Executing database query: SELECT * FROM orders WHERE id = 1
🤖 CYBORG 🤖 2025-11-04T16:43:20,239 [scenario=BakeryDataBaseTests.createOrderDatabaseValidation] STEP  [DB] - Query 'SELECT * FROM orders WHERE id = 1' executed in 22ms, result count: 1
🤖 CYBORG 🤖 2025-11-04T16:43:20,247 [scenario=BakeryDataBaseTests.createOrderDatabaseValidation] INFO  [DB] - Starting query response validation with 2 assertion(s).
🤖 CYBORG 🤖 2025-11-04T16:43:20,317 [scenario=BakeryDataBaseTests.createOrderDatabaseValidation] VALIDATION [QUEST] - ✔ Validation passed: CONTAINS_ALL (Expected: [Strawberry Bun], Actual: [Strawberry Bun])
🤖 CYBORG 🤖 2025-11-04T16:43:20,538 [scenario=BakeryDataBaseTests.createOrderDatabaseValidation] VALIDATION [QUEST] - ✔ Validation passed: CONTAINS_ALL (Expected: [Bakery], Actual: [Bakery])
🤖 CYBORG 🤖 2025-11-04T16:43:20,541 [scenario=BakeryDataBaseTests.createOrderDatabaseValidation] INFO  [QUEST] - The quest has dropped the ring.
🤖 CYBORG 🤖 2025-11-04T16:43:20,544 [scenario=BakeryDataBaseTests.createOrderDatabaseValidation] INFO  [QUEST] - The quest has reached his end
🤖 CYBORG 🤖 2025-11-04T16:43:20,549 [scenario=BakeryDataBaseTests.createOrderDatabaseValidation] WARN  [UI] - Test failed. Taking screenshot for: createOrderDatabaseValidation(Quest, Order)
🤖 CYBORG 🤖 2025-11-04T16:43:20,732 [scenario=BakeryDataBaseTests.createOrderDatabaseValidation] INFO  [QUEST] - Screenshot taken and stored for: createOrderDatabaseValidation(Quest, Order)
🤖 CYBORG 🤖 2025-11-04T16:43:20,842 [scenario=BakeryDataBaseTests.createOrderDatabaseValidation] INFO  [UI] - WebDriver closed successfully.
🤖 CYBORG 🤖 2025-11-04T16:43:20,856 [scenario=BakeryDataBaseTests.createOrderDatabaseValidation] INFO  [QUEST] - The quest of 'createOrderDatabaseValidation(Quest, Order)' has concluded with glory. Status: SUCCESS. Duration: 14 seconds.