 CYBORG  2025-11-04T16:43:15,382 [scenario=BakeryEvolvingTest.createOrderRaw] INFO  [UI] - Creating driver using provider [ChromeDriverProvider]. Headless: [true], Remote: [true], Remote URL: [http://localhost:4444]
 CYBORG  2025-11-04T16:43:17,015 [scenario=BakeryEvolvingTest.createOrderRaw] INFO  [QUEST] - The quest: 'createOrderRaw(Quest)' has begun and is crafted.
 CYBORG  2025-11-04T16:43:17,038 [scenario=BakeryEvolvingTest.createOrderRaw] INFO  [QUEST] - The quest has used the ring: 'io.cyborgcode.ui.complex.test.framework.ui.AppUiService'
 CYBORG  2025-11-04T16:43:18,130 [scenario=BakeryEvolvingTest.createOrderRaw] STEP  [UI] - Inserting value: 'admin@vaadin.com' into input component of type: 'VA_INPUT_TYPE'.
 CYBORG  2025-11-04T16:43:18,771 [scenario=BakeryEvolvingTest.createOrderRaw] STEP  [UI] - Inserting value: 'admin' into input component of type: 'VA_INPUT_TYPE'.
 CYBORG  2025-11-04T16:43:19,267 [scenario=BakeryEvolvingTest.createOrderRaw] STEP  [UI] - Clicking button using locator: By.tagName: vaadin-button
 CYBORG  2025-11-04T16:43:20,368 [scenario=BakeryEvolvingTest.createOrderRaw] STEP  [UI] - Clicking button using locator: By.cssSelector: vaadin-button#action
 CYBORG  2025-11-04T16:43:21,499 [scenario=BakeryEvolvingTest.createOrderRaw] STEP  [UI] - Inserting value: 'John Terry' into input component of type: 'VA_INPUT_TYPE'.
 CYBORG  2025-11-04T16:43:22,119 [scenario=BakeryEvolvingTest.createOrderRaw] STEP  [UI] - Inserting value: 'Address' into input component of type: 'VA_INPUT_TYPE'.
 CYBORG  2025-11-04T16:43:22,524 [scenario=BakeryEvolvingTest.createOrderRaw] STEP  [UI] - Inserting value: '+1-555-7777' into input component of type: 'VA_INPUT_TYPE'.
 CYBORG  2025-11-04T16:43:22,936 [scenario=BakeryEvolvingTest.createOrderRaw] STEP  [UI] - Selecting option Store in container with locator By.cssSelector: vaadin-combo-box#pickupLocation for select component VA_SELECT_TYPE
 CYBORG  2025-11-04T16:43:22,940 [scenario=BakeryEvolvingTest.createOrderRaw] STEP  [UI] - Selecting options [Store] in container with locator By.cssSelector: vaadin-combo-box#pickupLocation for select component VA_SELECT_TYPE
 CYBORG  2025-11-04T16:43:24,123 [scenario=BakeryEvolvingTest.createOrderRaw] STEP  [UI] - Selecting options with strategy FIRST in container with locator By.cssSelector: vaadin-combo-box#products for select component VA_SELECT_TYPE
 CYBORG  2025-11-04T16:43:25,268 [scenario=BakeryEvolvingTest.createOrderRaw] STEP  [UI] - Clicking button using locator: By.cssSelector: vaadin-button#review
 CYBORG  2025-11-04T16:43:26,107 [scenario=BakeryEvolvingTest.createOrderRaw] STEP  [UI] - Clicking button using locator: By.cssSelector: vaadin-button#save
 CYBORG  2025-11-04T16:43:26,875 [scenario=BakeryEvolvingTest.createOrderRaw] STEP  [UI] - Inserting value: 'John Terry' into input component of type: 'VA_INPUT_TYPE'.
 CYBORG  2025-11-04T16:43:27,147 [scenario=BakeryEvolvingTest.createOrderRaw] VALIDATION [QUEST] - Starting hard validation...
 CYBORG  2025-11-04T16:43:27,268 [scenario=BakeryEvolvingTest.createOrderRaw] VALIDATION [QUEST] - Hard validation completed successfully.
 CYBORG  2025-11-04T16:43:27,271 [scenario=BakeryEvolvingTest.createOrderRaw] INFO  [QUEST] - The quest has dropped the ring.
 CYBORG  2025-11-04T16:43:27,274 [scenario=BakeryEvolvingTest.createOrderRaw] INFO  [QUEST] - The quest has reached his end
 CYBORG  2025-11-04T16:43:27,280 [scenario=BakeryEvolvingTest.createOrderRaw] WARN  [UI] - Test failed. Taking screenshot for: createOrderRaw(Quest)
 CYBORG  2025-11-04T16:43:27,504 [scenario=BakeryEvolvingTest.createOrderRaw] INFO  [QUEST] - Screenshot taken and stored for: createOrderRaw(Quest)
 CYBORG  2025-11-04T16:43:27,603 [scenario=BakeryEvolvingTest.createOrderRaw] INFO  [UI] - WebDriver closed successfully.
 CYBORG  2025-11-04T16:43:27,618 [scenario=BakeryEvolvingTest.createOrderRaw] INFO  [QUEST] - The quest of 'createOrderRaw(Quest)' has concluded with glory. Status: SUCCESS. Duration: 15 seconds.