 CYBORG  2025-11-27T09:06:45,119 [scenario=AdvancedFeaturesTest.craftAndInsertionFeatures] INFO  [UI] - Chrome driver is downloaded with a compatible version for the installed browser
 CYBORG  2025-11-27T09:06:45,134 [scenario=AdvancedFeaturesTest.craftAndInsertionFeatures] INFO  [UI] - Creating driver using provider [ChromeDriverProvider]. Headless: [true], Remote: [true], Remote URL: [http://localhost:4444]
 CYBORG  2025-11-27T09:06:46,412 [scenario=AdvancedFeaturesTest.craftAndInsertionFeatures] INFO  [QUEST] - The quest: 'craftAndInsertionFeatures(Quest, Seller, Order)' has begun and is crafted.
 CYBORG  2025-11-27T09:06:46,450 [scenario=AdvancedFeaturesTest.craftAndInsertionFeatures] INFO  [QUEST] - The quest has used the ring: 'io.cyborgcode.ui.complex.test.framework.ui.AppUiService'
 CYBORG  2025-11-27T09:06:50,246 [scenario=AdvancedFeaturesTest.craftAndInsertionFeatures] STEP  [UI] - Inserting value into component of type: 'VA_INPUT_TYPE' using locator.
 CYBORG  2025-11-27T09:06:50,255 [scenario=AdvancedFeaturesTest.craftAndInsertionFeatures] STEP  [UI] - Inserting value: 'admin@vaadin.com' into input component of type: 'VA_INPUT_TYPE'.
 CYBORG  2025-11-27T09:06:50,737 [scenario=AdvancedFeaturesTest.craftAndInsertionFeatures] STEP  [UI] - Inserting value into component of type: 'VA_INPUT_TYPE' using locator.
 CYBORG  2025-11-27T09:06:50,741 [scenario=AdvancedFeaturesTest.craftAndInsertionFeatures] STEP  [UI] - Inserting value: 'admin' into input component of type: 'VA_INPUT_TYPE'.
 CYBORG  2025-11-27T09:06:50,998 [scenario=AdvancedFeaturesTest.craftAndInsertionFeatures] INFO  [UI] - Finished data insertion for [Seller].
 CYBORG  2025-11-27T09:06:51,098 [scenario=AdvancedFeaturesTest.craftAndInsertionFeatures] STEP  [UI] - Clicking button using locator: By.tagName: vaadin-button
 CYBORG  2025-11-27T09:06:53,836 [scenario=AdvancedFeaturesTest.craftAndInsertionFeatures] STEP  [UI] - Clicking button using locator: By.cssSelector: vaadin-button#action
 CYBORG  2025-11-27T09:06:54,685 [scenario=AdvancedFeaturesTest.craftAndInsertionFeatures] STEP  [UI] - Inserting value into component of type: 'VA_INPUT_TYPE' using locator.
 CYBORG  2025-11-27T09:06:54,690 [scenario=AdvancedFeaturesTest.craftAndInsertionFeatures] STEP  [UI] - Inserting value: 'John Terry' into input component of type: 'VA_INPUT_TYPE'.
 CYBORG  2025-11-27T09:06:55,079 [scenario=AdvancedFeaturesTest.craftAndInsertionFeatures] STEP  [UI] - Inserting value into component of type: 'VA_INPUT_TYPE' using locator.
 CYBORG  2025-11-27T09:06:55,083 [scenario=AdvancedFeaturesTest.craftAndInsertionFeatures] STEP  [UI] - Inserting value: 'Address' into input component of type: 'VA_INPUT_TYPE'.
 CYBORG  2025-11-27T09:06:55,405 [scenario=AdvancedFeaturesTest.craftAndInsertionFeatures] STEP  [UI] - Inserting value into component of type: 'VA_INPUT_TYPE' using locator.
 CYBORG  2025-11-27T09:06:55,409 [scenario=AdvancedFeaturesTest.craftAndInsertionFeatures] STEP  [UI] - Inserting value: '+1-555-7777' into input component of type: 'VA_INPUT_TYPE'.
 CYBORG  2025-11-27T09:06:55,710 [scenario=AdvancedFeaturesTest.craftAndInsertionFeatures] STEP  [UI] - Inserting values [Bakery] for select component VA_SELECT_TYPE using locator By.cssSelector: vaadin-combo-box#pickupLocation
 CYBORG  2025-11-27T09:06:55,719 [scenario=AdvancedFeaturesTest.craftAndInsertionFeatures] STEP  [UI] - Selecting options [Bakery] in container with locator By.cssSelector: vaadin-combo-box#pickupLocation for select component VA_SELECT_TYPE
 CYBORG  2025-11-27T09:06:56,302 [scenario=AdvancedFeaturesTest.craftAndInsertionFeatures] STEP  [UI] - Inserting values [Strawberry Bun] for select component VA_SELECT_TYPE using locator By.cssSelector: vaadin-combo-box#products
 CYBORG  2025-11-27T09:06:56,306 [scenario=AdvancedFeaturesTest.craftAndInsertionFeatures] STEP  [UI] - Selecting options [Strawberry Bun] in container with locator By.cssSelector: vaadin-combo-box#products for select component VA_SELECT_TYPE
 CYBORG  2025-11-27T09:06:56,797 [scenario=AdvancedFeaturesTest.craftAndInsertionFeatures] INFO  [UI] - Finished data insertion for [Order].
 CYBORG  2025-11-27T09:06:56,866 [scenario=AdvancedFeaturesTest.craftAndInsertionFeatures] STEP  [UI] - Clicking button using locator: By.cssSelector: vaadin-button#review
 CYBORG  2025-11-27T09:06:57,199 [scenario=AdvancedFeaturesTest.craftAndInsertionFeatures] STEP  [UI] - Clicking button using locator: By.cssSelector: vaadin-button#save
 CYBORG  2025-11-27T09:06:57,905 [scenario=AdvancedFeaturesTest.craftAndInsertionFeatures] INFO  [QUEST] - The quest has dropped the ring.
 CYBORG  2025-11-27T09:06:57,909 [scenario=AdvancedFeaturesTest.craftAndInsertionFeatures] INFO  [QUEST] - The quest has used the ring: 'Custom'
 CYBORG  2025-11-27T09:06:57,912 [scenario=AdvancedFeaturesTest.craftAndInsertionFeatures] INFO  [QUEST] - The quest has used the ring: 'io.cyborgcode.ui.complex.test.framework.ui.AppUiService'
 CYBORG  2025-11-27T09:06:57,977 [scenario=AdvancedFeaturesTest.craftAndInsertionFeatures] STEP  [UI] - Inserting value: 'John Terry' into input component of type: 'VA_INPUT_TYPE'.
 CYBORG  2025-11-27T09:06:58,239 [scenario=AdvancedFeaturesTest.craftAndInsertionFeatures] VALIDATION [QUEST] - Starting hard validation...
 CYBORG  2025-11-27T09:06:58,367 [scenario=AdvancedFeaturesTest.craftAndInsertionFeatures] VALIDATION [QUEST] - Hard validation completed successfully.
 CYBORG  2025-11-27T09:06:58,428 [scenario=AdvancedFeaturesTest.craftAndInsertionFeatures] STEP  [UI] - Clicking button using locator: By.cssSelector: vaadin-button#clear
 CYBORG  2025-11-27T09:06:59,136 [scenario=AdvancedFeaturesTest.craftAndInsertionFeatures] INFO  [QUEST] - The quest has dropped the ring.
 CYBORG  2025-11-27T09:06:59,138 [scenario=AdvancedFeaturesTest.craftAndInsertionFeatures] INFO  [QUEST] - The quest has reached his end
 CYBORG  2025-11-27T09:06:59,142 [scenario=AdvancedFeaturesTest.craftAndInsertionFeatures] WARN  [UI] - Test failed. Taking screenshot for: craftAndInsertionFeatures(Quest, Seller, Order)
 CYBORG  2025-11-27T09:06:59,317 [scenario=AdvancedFeaturesTest.craftAndInsertionFeatures] INFO  [QUEST] - Screenshot taken and stored for: craftAndInsertionFeatures(Quest, Seller, Order)
 CYBORG  2025-11-27T09:06:59,411 [scenario=AdvancedFeaturesTest.craftAndInsertionFeatures] INFO  [UI] - WebDriver closed successfully.
 CYBORG  2025-11-27T09:06:59,429 [scenario=AdvancedFeaturesTest.craftAndInsertionFeatures] INFO  [QUEST] - The quest of 'craftAndInsertionFeatures(Quest, Seller, Order)' has concluded with glory. Status: SUCCESS. Duration: 16 seconds.