🤖 CYBORG 🤖 2025-11-04T13:23:13,056 [scenario=ReqresApiAIGeneratedTest.testGetAllUsersPage1AndPage2] EXTENDED [QUEST] - Service: 'io.cyborgcode.roa.framework.chain.FluentServiceDecorator' has been registered for the quest
🤖 CYBORG 🤖 2025-11-04T13:23:13,129 [scenario=ReqresApiAIGeneratedTest.testGetAllUsersPage1AndPage2] EXTENDED [QUEST] - Service: 'io.cyborgcode.roa.framework.chain.FluentServiceDecorator' has been registered for the quest
🤖 CYBORG 🤖 2025-11-04T13:23:13,142 [scenario=ReqresApiAIGeneratedTest.testGetAllUsersPage1AndPage2] EXTENDED [QUEST] - Service: 'io.cyborgcode.roa.framework.chain.FluentServiceDecorator' has been registered for the quest
🤖 CYBORG 🤖 2025-11-04T13:23:13,153 [scenario=ReqresApiAIGeneratedTest.testGetAllUsersPage1AndPage2] INFO  [QUEST] - The quest: 'testGetAllUsersPage1AndPage2(Quest)' has begun and is crafted.
🤖 CYBORG 🤖 2025-11-04T13:23:13,160 [scenario=ReqresApiAIGeneratedTest.testGetAllUsersPage1AndPage2] INFO  [QUEST] - The quest has used the ring: 'API'
🤖 CYBORG 🤖 2025-11-04T13:23:13,431 [scenario=ReqresApiAIGeneratedTest.testGetAllUsersPage1AndPage2] INFO  [API] - Prepared RequestSpecification with pathParams: {}, queryParams: {page=1}, headers: {}
🤖 CYBORG 🤖 2025-11-04T13:23:13,730 [scenario=ReqresApiAIGeneratedTest.testGetAllUsersPage1AndPage2] STEP  [API] - Sending request to endpoint GET-https://reqres.in/api/users?page=1.
🤖 CYBORG 🤖 2025-11-04T13:23:13,745 [scenario=ReqresApiAIGeneratedTest.testGetAllUsersPage1AndPage2] EXTENDED [API] - Request body: .
🤖 CYBORG 🤖 2025-11-04T13:23:13,756 [scenario=ReqresApiAIGeneratedTest.testGetAllUsersPage1AndPage2] EXTENDED [API] - Request headers: Content-Type=application/json
🤖 CYBORG 🤖 2025-11-04T13:23:14,484 [scenario=ReqresApiAIGeneratedTest.testGetAllUsersPage1AndPage2] STEP  [API] - Response with status: 200 received from endpoint: GET-https://reqres.in/api/users?page=1 in 714ms.
🤖 CYBORG 🤖 2025-11-04T13:23:14,513 [scenario=ReqresApiAIGeneratedTest.testGetAllUsersPage1AndPage2] EXTENDED [API] - Response body: {
🤖 CYBORG 🤖 2025-11-04T13:23:14,524 [scenario=ReqresApiAIGeneratedTest.testGetAllUsersPage1AndPage2] EXTENDED [API] - Response headers: Date=Tue, 04 Nov 2025 13:23:14 GMT
🤖 CYBORG 🤖 2025-11-04T13:23:14,535 [scenario=ReqresApiAIGeneratedTest.testGetAllUsersPage1AndPage2] INFO  [API] - Starting response validation with 6 assertion(s).
🤖 CYBORG 🤖 2025-11-04T13:23:15,209 [scenario=ReqresApiAIGeneratedTest.testGetAllUsersPage1AndPage2] EXTENDED [API] - Validation target: [{data[0].id=1, support.text=Tired of writing endless social media content? Let Content Caddy generate it for you., data=[{id=1, email=george.bluth@reqres.in, first_name=George, last_name=Bluth, avatar=https://reqres.in/img/faces/1-image.jpg}, {id=2, email=janet.weaver@reqres.in, first_name=Janet, last_name=Weaver, avatar=https://reqres.in/img/faces/2-image.jpg}, {id=3, email=emma.wong@reqres.in, first_name=Emma, last_name=Wong, avatar=https://reqres.in/img/faces/3-image.jpg}, {id=4, email=eve.holt@reqres.in, first_name=Eve, last_name=Holt, avatar=https://reqres.in/img/faces/4-image.jpg}, {id=5, email=charles.morris@reqres.in, first_name=Charles, last_name=Morris, avatar=https://reqres.in/img/faces/5-image.jpg}, {id=6, email=tracey.ramos@reqres.in, first_name=Tracey, last_name=Ramos, avatar=https://reqres.in/img/faces/6-image.jpg}], data[0].avatar=https://reqres.in/img/faces/1-image.jpg, AssertionKeyForStatus=200, Content-Type=application/json; charset=utf-8}]
🤖 CYBORG 🤖 2025-11-04T13:23:15,216 [scenario=ReqresApiAIGeneratedTest.testGetAllUsersPage1AndPage2] VALIDATION [QUEST] - ✔ Validation passed: IS (Expected: 200, Actual: 200)
🤖 CYBORG 🤖 2025-11-04T13:23:15,220 [scenario=ReqresApiAIGeneratedTest.testGetAllUsersPage1AndPage2] VALIDATION [QUEST] - ✔ Validation passed: CONTAINS (Expected: application/json, Actual: application/json; charset=utf-8)
🤖 CYBORG 🤖 2025-11-04T13:23:15,228 [scenario=ReqresApiAIGeneratedTest.testGetAllUsersPage1AndPage2] VALIDATION [QUEST] - ✔ Validation passed: NOT_EMPTY (Expected: true, Actual: [{id=1, email=george.bluth@reqres.in, first_name=George, last_name=Bluth, avatar=https://reqres.in/img/faces/1-image.jpg}, {id=2, email=janet.weaver@reqres.in, first_name=Janet, last_name=Weaver, avatar=https://reqres.in/img/faces/2-image.jpg}, {id=3, email=emma.wong@reqres.in, first_name=Emma, last_name=Wong, avatar=https://reqres.in/img/faces/3-image.jpg}, {id=4, email=eve.holt@reqres.in, first_name=Eve, last_name=Holt, avatar=https://reqres.in/img/faces/4-image.jpg}, {id=5, email=charles.morris@reqres.in, first_name=Charles, last_name=Morris, avatar=https://reqres.in/img/faces/5-image.jpg}, {id=6, email=tracey.ramos@reqres.in, first_name=Tracey, last_name=Ramos, avatar=https://reqres.in/img/faces/6-image.jpg}])
🤖 CYBORG 🤖 2025-11-04T13:23:15,233 [scenario=ReqresApiAIGeneratedTest.testGetAllUsersPage1AndPage2] VALIDATION [QUEST] - ✔ Validation passed: CONTAINS (Expected: Tired of writing, Actual: Tired of writing endless social media content? Let Content Caddy generate it for you.)
🤖 CYBORG 🤖 2025-11-04T13:23:15,238 [scenario=ReqresApiAIGeneratedTest.testGetAllUsersPage1AndPage2] VALIDATION [QUEST] - ✔ Validation passed: ENDS_WITH (Expected: .jpg, Actual: https://reqres.in/img/faces/1-image.jpg)
🤖 CYBORG 🤖 2025-11-04T13:23:15,242 [scenario=ReqresApiAIGeneratedTest.testGetAllUsersPage1AndPage2] VALIDATION [QUEST] - ✔ Validation passed: NOT_NULL (Expected: true, Actual: 1)
🤖 CYBORG 🤖 2025-11-04T13:23:15,249 [scenario=ReqresApiAIGeneratedTest.testGetAllUsersPage1AndPage2] INFO  [API] - Prepared RequestSpecification with pathParams: {}, queryParams: {page=2}, headers: {}
🤖 CYBORG 🤖 2025-11-04T13:23:15,255 [scenario=ReqresApiAIGeneratedTest.testGetAllUsersPage1AndPage2] STEP  [API] - Sending request to endpoint GET-https://reqres.in/api/users?page=2.
🤖 CYBORG 🤖 2025-11-04T13:23:15,258 [scenario=ReqresApiAIGeneratedTest.testGetAllUsersPage1AndPage2] EXTENDED [API] - Request body: .
🤖 CYBORG 🤖 2025-11-04T13:23:15,292 [scenario=ReqresApiAIGeneratedTest.testGetAllUsersPage1AndPage2] EXTENDED [API] - Request headers: Content-Type=application/json
🤖 CYBORG 🤖 2025-11-04T13:23:15,342 [scenario=ReqresApiAIGeneratedTest.testGetAllUsersPage1AndPage2] STEP  [API] - Response with status: 200 received from endpoint: GET-https://reqres.in/api/users?page=2 in 38ms.
🤖 CYBORG 🤖 2025-11-04T13:23:15,356 [scenario=ReqresApiAIGeneratedTest.testGetAllUsersPage1AndPage2] EXTENDED [API] - Response body: {
🤖 CYBORG 🤖 2025-11-04T13:23:15,360 [scenario=ReqresApiAIGeneratedTest.testGetAllUsersPage1AndPage2] EXTENDED [API] - Response headers: Date=Tue, 04 Nov 2025 13:23:15 GMT
🤖 CYBORG 🤖 2025-11-04T13:23:15,371 [scenario=ReqresApiAIGeneratedTest.testGetAllUsersPage1AndPage2] INFO  [API] - Starting response validation with 3 assertion(s).
🤖 CYBORG 🤖 2025-11-04T13:23:15,413 [scenario=ReqresApiAIGeneratedTest.testGetAllUsersPage1AndPage2] EXTENDED [API] - Validation target: [{page=2, AssertionKeyForStatus=200, data[5].email=rachel.howell@reqres.in}]
🤖 CYBORG 🤖 2025-11-04T13:23:15,417 [scenario=ReqresApiAIGeneratedTest.testGetAllUsersPage1AndPage2] VALIDATION [QUEST] - ✔ Validation passed: IS (Expected: 200, Actual: 200)
🤖 CYBORG 🤖 2025-11-04T13:23:15,420 [scenario=ReqresApiAIGeneratedTest.testGetAllUsersPage1AndPage2] VALIDATION [QUEST] - ✔ Validation passed: IS (Expected: 2, Actual: 2)
🤖 CYBORG 🤖 2025-11-04T13:23:15,423 [scenario=ReqresApiAIGeneratedTest.testGetAllUsersPage1AndPage2] VALIDATION [QUEST] - ✔ Validation passed: CONTAINS (Expected: @reqres.in, Actual: rachel.howell@reqres.in)
🤖 CYBORG 🤖 2025-11-04T13:23:15,426 [scenario=ReqresApiAIGeneratedTest.testGetAllUsersPage1AndPage2] INFO  [QUEST] - The quest has dropped the ring.
🤖 CYBORG 🤖 2025-11-04T13:23:15,428 [scenario=ReqresApiAIGeneratedTest.testGetAllUsersPage1AndPage2] INFO  [QUEST] - The quest has reached his end
🤖 CYBORG 🤖 2025-11-04T13:23:15,434 [scenario=ReqresApiAIGeneratedTest.testGetAllUsersPage1AndPage2] INFO  [QUEST] - The quest of 'testGetAllUsersPage1AndPage2(Quest)' has concluded with glory. Status: SUCCESS. Duration: 2 seconds.