🤖 CYBORG 🤖 2025-11-04T13:23:13,829 [scenario=ReqresApiTest.testValidateAllUsers] EXTENDED [QUEST] - Service: 'io.cyborgcode.roa.framework.chain.FluentServiceDecorator' has been registered for the quest
🤖 CYBORG 🤖 2025-11-04T13:23:13,833 [scenario=ReqresApiTest.testValidateAllUsers] EXTENDED [QUEST] - Service: 'io.cyborgcode.roa.framework.chain.FluentServiceDecorator' has been registered for the quest
🤖 CYBORG 🤖 2025-11-04T13:23:13,838 [scenario=ReqresApiTest.testValidateAllUsers] EXTENDED [QUEST] - Service: 'io.cyborgcode.roa.framework.chain.FluentServiceDecorator' has been registered for the quest
🤖 CYBORG 🤖 2025-11-04T13:23:13,846 [scenario=ReqresApiTest.testValidateAllUsers] INFO  [QUEST] - The quest: 'testValidateAllUsers(Quest, LoginUser)' has begun and is crafted.
🤖 CYBORG 🤖 2025-11-04T13:23:13,875 [scenario=ReqresApiTest.testValidateAllUsers] INFO  [QUEST] - The quest has used the ring: 'Rivendell'
🤖 CYBORG 🤖 2025-11-04T13:23:13,882 [scenario=ReqresApiTest.testValidateAllUsers] INFO  [QUEST] - The quest has used the ring: 'API'
🤖 CYBORG 🤖 2025-11-04T13:23:13,910 [scenario=ReqresApiTest.testValidateAllUsers] STEP  [API] - Sending request to endpoint POST-https://reqres.in/api/login.
🤖 CYBORG 🤖 2025-11-04T13:23:13,919 [scenario=ReqresApiTest.testValidateAllUsers] EXTENDED [API] - Request body: {
🤖 CYBORG 🤖 2025-11-04T13:23:13,925 [scenario=ReqresApiTest.testValidateAllUsers] EXTENDED [API] - Request headers: Content-Type=application/json
🤖 CYBORG 🤖 2025-11-04T13:23:14,149 [scenario=ReqresApiTest.testValidateAllUsers] STEP  [API] - Response with status: 200 received from endpoint: POST-https://reqres.in/api/login in 207ms.
🤖 CYBORG 🤖 2025-11-04T13:23:14,157 [scenario=ReqresApiTest.testValidateAllUsers] EXTENDED [API] - Response body: {
🤖 CYBORG 🤖 2025-11-04T13:23:14,172 [scenario=ReqresApiTest.testValidateAllUsers] EXTENDED [API] - Response headers: Date=Tue, 04 Nov 2025 13:23:14 GMT
🤖 CYBORG 🤖 2025-11-04T13:23:14,214 [scenario=ReqresApiTest.testValidateAllUsers] INFO  [API] - Prepared RequestSpecification with pathParams: {id=3}, queryParams: {}, headers: {SpecificHeader=[QpwL5tke4Pnpja7X4]}
🤖 CYBORG 🤖 2025-11-04T13:23:14,224 [scenario=ReqresApiTest.testValidateAllUsers] STEP  [API] - Sending request to endpoint GET-https://reqres.in/api/users/3.
🤖 CYBORG 🤖 2025-11-04T13:23:14,229 [scenario=ReqresApiTest.testValidateAllUsers] EXTENDED [API] - Request body: .
🤖 CYBORG 🤖 2025-11-04T13:23:14,235 [scenario=ReqresApiTest.testValidateAllUsers] EXTENDED [API] - Request headers: Content-Type=application/json
🤖 CYBORG 🤖 2025-11-04T13:23:14,306 [scenario=ReqresApiTest.testValidateAllUsers] STEP  [API] - Response with status: 200 received from endpoint: GET-https://reqres.in/api/users/3 in 63ms.
🤖 CYBORG 🤖 2025-11-04T13:23:14,311 [scenario=ReqresApiTest.testValidateAllUsers] EXTENDED [API] - Response body: {
🤖 CYBORG 🤖 2025-11-04T13:23:14,314 [scenario=ReqresApiTest.testValidateAllUsers] EXTENDED [API] - Response headers: Date=Tue, 04 Nov 2025 13:23:14 GMT
🤖 CYBORG 🤖 2025-11-04T13:23:14,327 [scenario=ReqresApiTest.testValidateAllUsers] INFO  [API] - Starting response validation with 1 assertion(s).
🤖 CYBORG 🤖 2025-11-04T13:23:14,333 [scenario=ReqresApiTest.testValidateAllUsers] EXTENDED [API] - Validation target: [{AssertionKeyForStatus=200}]
🤖 CYBORG 🤖 2025-11-04T13:23:14,339 [scenario=ReqresApiTest.testValidateAllUsers] VALIDATION [QUEST] - ✔ Validation passed: IS (Expected: 200, Actual: 200)
🤖 CYBORG 🤖 2025-11-04T13:23:14,344 [scenario=ReqresApiTest.testValidateAllUsers] INFO  [QUEST] - The quest has used the ring: 'API'
🤖 CYBORG 🤖 2025-11-04T13:23:14,353 [scenario=ReqresApiTest.testValidateAllUsers] INFO  [API] - Prepared RequestSpecification with pathParams: {}, queryParams: {page=2}, headers: {}
🤖 CYBORG 🤖 2025-11-04T13:23:14,363 [scenario=ReqresApiTest.testValidateAllUsers] STEP  [API] - Sending request to endpoint GET-https://reqres.in/api/users?page=2.
🤖 CYBORG 🤖 2025-11-04T13:23:14,371 [scenario=ReqresApiTest.testValidateAllUsers] EXTENDED [API] - Request body: .
🤖 CYBORG 🤖 2025-11-04T13:23:14,378 [scenario=ReqresApiTest.testValidateAllUsers] EXTENDED [API] - Request headers: Content-Type=application/json
🤖 CYBORG 🤖 2025-11-04T13:23:14,449 [scenario=ReqresApiTest.testValidateAllUsers] STEP  [API] - Response with status: 200 received from endpoint: GET-https://reqres.in/api/users?page=2 in 58ms.
🤖 CYBORG 🤖 2025-11-04T13:23:14,460 [scenario=ReqresApiTest.testValidateAllUsers] EXTENDED [API] - Response body: {
🤖 CYBORG 🤖 2025-11-04T13:23:14,474 [scenario=ReqresApiTest.testValidateAllUsers] EXTENDED [API] - Response headers: Date=Tue, 04 Nov 2025 13:23:14 GMT
🤖 CYBORG 🤖 2025-11-04T13:23:14,485 [scenario=ReqresApiTest.testValidateAllUsers] INFO  [API] - Starting response validation with 18 assertion(s).
🤖 CYBORG 🤖 2025-11-04T13:23:14,771 [scenario=ReqresApiTest.testValidateAllUsers] EXTENDED [API] - Validation target: [{data[0].id=7, per_page=6, total=12, support.text=Tired of writing endless social media content? Let Content Caddy generate it for you., data[0].avatar=https://reqres.in/img/faces/7-image.jpg, data=[{id=7, email=michael.lawson@reqres.in, first_name=Michael, last_name=Lawson, avatar=https://reqres.in/img/faces/7-image.jpg}, {id=8, email=lindsay.ferguson@reqres.in, first_name=Lindsay, last_name=Ferguson, avatar=https://reqres.in/img/faces/8-image.jpg}, {id=9, email=tobias.funke@reqres.in, first_name=Tobias, last_name=Funke, avatar=https://reqres.in/img/faces/9-image.jpg}, {id=10, email=byron.fields@reqres.in, first_name=Byron, last_name=Fields, avatar=https://reqres.in/img/faces/10-image.jpg}, {id=11, email=george.edwards@reqres.in, first_name=George, last_name=Edwards, avatar=https://reqres.in/img/faces/11-image.jpg}, {id=12, email=rachel.howell@reqres.in, first_name=Rachel, last_name=Howell, avatar=https://reqres.in/img/faces/12-image.jpg}], support.url=https://contentcaddy.io?utm_source=reqres&utm_medium=json&utm_campaign=referral, total_pages=2, AssertionKeyForStatus=200, Content-Type=application/json; charset=utf-8, data[0].first_name=Michael}]
🤖 CYBORG 🤖 2025-11-04T13:23:14,774 [scenario=ReqresApiTest.testValidateAllUsers] VALIDATION [QUEST] - ✔ Validation passed: IS (Expected: 200, Actual: 200)
🤖 CYBORG 🤖 2025-11-04T13:23:14,779 [scenario=ReqresApiTest.testValidateAllUsers] VALIDATION [QUEST] - ✔ Validation passed: CONTAINS (Expected: application/json, Actual: application/json; charset=utf-8)
🤖 CYBORG 🤖 2025-11-04T13:23:14,784 [scenario=ReqresApiTest.testValidateAllUsers] VALIDATION [QUEST] - ✔ Validation passed: NOT (Expected: 1, Actual: 12)
🤖 CYBORG 🤖 2025-11-04T13:23:14,790 [scenario=ReqresApiTest.testValidateAllUsers] VALIDATION [QUEST] - ✔ Validation passed: GREATER_THAN (Expected: 1, Actual: 2)
🤖 CYBORG 🤖 2025-11-04T13:23:14,795 [scenario=ReqresApiTest.testValidateAllUsers] VALIDATION [QUEST] - ✔ Validation passed: LESS_THAN (Expected: 10, Actual: 6)
🤖 CYBORG 🤖 2025-11-04T13:23:14,800 [scenario=ReqresApiTest.testValidateAllUsers] VALIDATION [QUEST] - ✔ Validation passed: CONTAINS (Expected: reqres, Actual: https://contentcaddy.io?utm_source=reqres&utm_medium=json&utm_campaign=referral)
🤖 CYBORG 🤖 2025-11-04T13:23:14,803 [scenario=ReqresApiTest.testValidateAllUsers] VALIDATION [QUEST] - ✔ Validation passed: STARTS_WITH (Expected: Tired of writing, Actual: Tired of writing endless social media content? Let Content Caddy generate it for you.)
🤖 CYBORG 🤖 2025-11-04T13:23:14,817 [scenario=ReqresApiTest.testValidateAllUsers] VALIDATION [QUEST] - ✔ Validation passed: ENDS_WITH (Expected: .jpg, Actual: https://reqres.in/img/faces/7-image.jpg)
🤖 CYBORG 🤖 2025-11-04T13:23:14,822 [scenario=ReqresApiTest.testValidateAllUsers] VALIDATION [QUEST] - ✔ Validation passed: NOT_NULL (Expected: true, Actual: 7)
🤖 CYBORG 🤖 2025-11-04T13:23:14,828 [scenario=ReqresApiTest.testValidateAllUsers] VALIDATION [QUEST] - ✔ Validation passed: ALL_NOT_NULL (Expected: true, Actual: [{id=7, email=michael.lawson@reqres.in, first_name=Michael, last_name=Lawson, avatar=https://reqres.in/img/faces/7-image.jpg}, {id=8, email=lindsay.ferguson@reqres.in, first_name=Lindsay, last_name=Ferguson, avatar=https://reqres.in/img/faces/8-image.jpg}, {id=9, email=tobias.funke@reqres.in, first_name=Tobias, last_name=Funke, avatar=https://reqres.in/img/faces/9-image.jpg}, {id=10, email=byron.fields@reqres.in, first_name=Byron, last_name=Fields, avatar=https://reqres.in/img/faces/10-image.jpg}, {id=11, email=george.edwards@reqres.in, first_name=George, last_name=Edwards, avatar=https://reqres.in/img/faces/11-image.jpg}, {id=12, email=rachel.howell@reqres.in, first_name=Rachel, last_name=Howell, avatar=https://reqres.in/img/faces/12-image.jpg}])
🤖 CYBORG 🤖 2025-11-04T13:23:14,834 [scenario=ReqresApiTest.testValidateAllUsers] VALIDATION [QUEST] - ✔ Validation passed: NOT_EMPTY (Expected: true, Actual: [{id=7, email=michael.lawson@reqres.in, first_name=Michael, last_name=Lawson, avatar=https://reqres.in/img/faces/7-image.jpg}, {id=8, email=lindsay.ferguson@reqres.in, first_name=Lindsay, last_name=Ferguson, avatar=https://reqres.in/img/faces/8-image.jpg}, {id=9, email=tobias.funke@reqres.in, first_name=Tobias, last_name=Funke, avatar=https://reqres.in/img/faces/9-image.jpg}, {id=10, email=byron.fields@reqres.in, first_name=Byron, last_name=Fields, avatar=https://reqres.in/img/faces/10-image.jpg}, {id=11, email=george.edwards@reqres.in, first_name=George, last_name=Edwards, avatar=https://reqres.in/img/faces/11-image.jpg}, {id=12, email=rachel.howell@reqres.in, first_name=Rachel, last_name=Howell, avatar=https://reqres.in/img/faces/12-image.jpg}])
🤖 CYBORG 🤖 2025-11-04T13:23:14,839 [scenario=ReqresApiTest.testValidateAllUsers] VALIDATION [QUEST] - ✔ Validation passed: LENGTH (Expected: 7, Actual: Michael)
🤖 CYBORG 🤖 2025-11-04T13:23:14,845 [scenario=ReqresApiTest.testValidateAllUsers] VALIDATION [QUEST] - ✔ Validation passed: LENGTH (Expected: 6, Actual: [{id=7, email=michael.lawson@reqres.in, first_name=Michael, last_name=Lawson, avatar=https://reqres.in/img/faces/7-image.jpg}, {id=8, email=lindsay.ferguson@reqres.in, first_name=Lindsay, last_name=Ferguson, avatar=https://reqres.in/img/faces/8-image.jpg}, {id=9, email=tobias.funke@reqres.in, first_name=Tobias, last_name=Funke, avatar=https://reqres.in/img/faces/9-image.jpg}, {id=10, email=byron.fields@reqres.in, first_name=Byron, last_name=Fields, avatar=https://reqres.in/img/faces/10-image.jpg}, {id=11, email=george.edwards@reqres.in, first_name=George, last_name=Edwards, avatar=https://reqres.in/img/faces/11-image.jpg}, {id=12, email=rachel.howell@reqres.in, first_name=Rachel, last_name=Howell, avatar=https://reqres.in/img/faces/12-image.jpg}])
🤖 CYBORG 🤖 2025-11-04T13:23:14,847 [scenario=ReqresApiTest.testValidateAllUsers] VALIDATION [QUEST] - ✔ Validation passed: MATCHES_REGEX (Expected: https:\/\/contentcaddy\.io\?utm_source=reqres&utm_medium=json&utm_campaign=referral, Actual: https://contentcaddy.io?utm_source=reqres&utm_medium=json&utm_campaign=referral)
🤖 CYBORG 🤖 2025-11-04T13:23:14,850 [scenario=ReqresApiTest.testValidateAllUsers] VALIDATION [QUEST] - ✔ Validation passed: EQUALS_IGNORE_CASE (Expected: michael, Actual: Michael)
🤖 CYBORG 🤖 2025-11-04T13:23:14,854 [scenario=ReqresApiTest.testValidateAllUsers] VALIDATION [QUEST] - ✔ Validation passed: BETWEEN (Expected: [5, 15], Actual: 12)
🤖 CYBORG 🤖 2025-11-04T13:23:14,863 [scenario=ReqresApiTest.testValidateAllUsers] VALIDATION [QUEST] - ✔ Validation passed: CONTAINS_ALL (Expected: [{last_name=Lawson, first_name=Michael, id=7, avatar=https://reqres.in/img/faces/7-image.jpg, email=michael.lawson@reqres.in}, {last_name=Ferguson, first_name=Lindsay, id=8, avatar=https://reqres.in/img/faces/8-image.jpg, email=lindsay.ferguson@reqres.in}, {last_name=Funke, first_name=Tobias, id=9, avatar=https://reqres.in/img/faces/9-image.jpg, email=tobias.funke@reqres.in}, {last_name=Fields, first_name=Byron, id=10, avatar=https://reqres.in/img/faces/10-image.jpg, email=byron.fields@reqres.in}, {last_name=Edwards, first_name=George, id=11, avatar=https://reqres.in/img/faces/11-image.jpg, email=george.edwards@reqres.in}, {last_name=Howell, first_name=Rachel, id=12, avatar=https://reqres.in/img/faces/12-image.jpg, email=rachel.howell@reqres.in}], Actual: [{id=7, email=michael.lawson@reqres.in, first_name=Michael, last_name=Lawson, avatar=https://reqres.in/img/faces/7-image.jpg}, {id=8, email=lindsay.ferguson@reqres.in, first_name=Lindsay, last_name=Ferguson, avatar=https://reqres.in/img/faces/8-image.jpg}, {id=9, email=tobias.funke@reqres.in, first_name=Tobias, last_name=Funke, avatar=https://reqres.in/img/faces/9-image.jpg}, {id=10, email=byron.fields@reqres.in, first_name=Byron, last_name=Fields, avatar=https://reqres.in/img/faces/10-image.jpg}, {id=11, email=george.edwards@reqres.in, first_name=George, last_name=Edwards, avatar=https://reqres.in/img/faces/11-image.jpg}, {id=12, email=rachel.howell@reqres.in, first_name=Rachel, last_name=Howell, avatar=https://reqres.in/img/faces/12-image.jpg}])
🤖 CYBORG 🤖 2025-11-04T13:23:14,871 [scenario=ReqresApiTest.testValidateAllUsers] VALIDATION [QUEST] - ✔ Validation passed: CONTAINS_ANY (Expected: [{last_name=Lawson, first_name=Michael, id=7, avatar=https://reqres.in/img/faces/7-image.jpg, email=michael.lawson@reqres.in}, {last_name=User, first_name=Invalid, id=22, avatar=invalidUrls, email=invalid.user}], Actual: [{id=7, email=michael.lawson@reqres.in, first_name=Michael, last_name=Lawson, avatar=https://reqres.in/img/faces/7-image.jpg}, {id=8, email=lindsay.ferguson@reqres.in, first_name=Lindsay, last_name=Ferguson, avatar=https://reqres.in/img/faces/8-image.jpg}, {id=9, email=tobias.funke@reqres.in, first_name=Tobias, last_name=Funke, avatar=https://reqres.in/img/faces/9-image.jpg}, {id=10, email=byron.fields@reqres.in, first_name=Byron, last_name=Fields, avatar=https://reqres.in/img/faces/10-image.jpg}, {id=11, email=george.edwards@reqres.in, first_name=George, last_name=Edwards, avatar=https://reqres.in/img/faces/11-image.jpg}, {id=12, email=rachel.howell@reqres.in, first_name=Rachel, last_name=Howell, avatar=https://reqres.in/img/faces/12-image.jpg}])
🤖 CYBORG 🤖 2025-11-04T13:23:14,875 [scenario=ReqresApiTest.testValidateAllUsers] INFO  [QUEST] - The quest has dropped the ring.
🤖 CYBORG 🤖 2025-11-04T13:23:14,877 [scenario=ReqresApiTest.testValidateAllUsers] INFO  [QUEST] - The quest has reached his end
🤖 CYBORG 🤖 2025-11-04T13:23:14,895 [scenario=ReqresApiTest.testValidateAllUsers] INFO  [QUEST] - The quest of 'testValidateAllUsers(Quest, LoginUser)' has concluded with glory. Status: SUCCESS. Duration: 1 seconds.