🤖 CYBORG 🤖 2025-11-04T13:23:14,809 [scenario=RoAGeneratedTest.shouldReturnUserThreeWithCorrectFieldsAndSupportInfo] EXTENDED [QUEST] - Service: 'io.cyborgcode.roa.framework.chain.FluentServiceDecorator' has been registered for the quest
🤖 CYBORG 🤖 2025-11-04T13:23:14,905 [scenario=RoAGeneratedTest.shouldReturnUserThreeWithCorrectFieldsAndSupportInfo] EXTENDED [QUEST] - Service: 'io.cyborgcode.roa.framework.chain.FluentServiceDecorator' has been registered for the quest
🤖 CYBORG 🤖 2025-11-04T13:23:14,924 [scenario=RoAGeneratedTest.shouldReturnUserThreeWithCorrectFieldsAndSupportInfo] EXTENDED [QUEST] - Service: 'io.cyborgcode.roa.framework.chain.FluentServiceDecorator' has been registered for the quest
🤖 CYBORG 🤖 2025-11-04T13:23:14,937 [scenario=RoAGeneratedTest.shouldReturnUserThreeWithCorrectFieldsAndSupportInfo] INFO  [QUEST] - The quest: 'shouldReturnUserThreeWithCorrectFieldsAndSupportInfo(Quest)' has begun and is crafted.
🤖 CYBORG 🤖 2025-11-04T13:23:14,954 [scenario=RoAGeneratedTest.shouldReturnUserThreeWithCorrectFieldsAndSupportInfo] INFO  [QUEST] - The quest has used the ring: 'API'
🤖 CYBORG 🤖 2025-11-04T13:23:15,246 [scenario=RoAGeneratedTest.shouldReturnUserThreeWithCorrectFieldsAndSupportInfo] INFO  [API] - Prepared RequestSpecification with pathParams: {id=3}, queryParams: {}, headers: {}
🤖 CYBORG 🤖 2025-11-04T13:23:15,522 [scenario=RoAGeneratedTest.shouldReturnUserThreeWithCorrectFieldsAndSupportInfo] STEP  [API] - Sending request to endpoint GET-https://reqres.in/api/users/3.
🤖 CYBORG 🤖 2025-11-04T13:23:15,535 [scenario=RoAGeneratedTest.shouldReturnUserThreeWithCorrectFieldsAndSupportInfo] EXTENDED [API] - Request body: .
🤖 CYBORG 🤖 2025-11-04T13:23:15,547 [scenario=RoAGeneratedTest.shouldReturnUserThreeWithCorrectFieldsAndSupportInfo] EXTENDED [API] - Request headers: Content-Type=application/json
🤖 CYBORG 🤖 2025-11-04T13:23:16,384 [scenario=RoAGeneratedTest.shouldReturnUserThreeWithCorrectFieldsAndSupportInfo] STEP  [API] - Response with status: 200 received from endpoint: GET-https://reqres.in/api/users/3 in 823ms.
🤖 CYBORG 🤖 2025-11-04T13:23:16,398 [scenario=RoAGeneratedTest.shouldReturnUserThreeWithCorrectFieldsAndSupportInfo] EXTENDED [API] - Response body: {
🤖 CYBORG 🤖 2025-11-04T13:23:16,404 [scenario=RoAGeneratedTest.shouldReturnUserThreeWithCorrectFieldsAndSupportInfo] EXTENDED [API] - Response headers: Date=Tue, 04 Nov 2025 13:23:16 GMT
🤖 CYBORG 🤖 2025-11-04T13:23:16,414 [scenario=RoAGeneratedTest.shouldReturnUserThreeWithCorrectFieldsAndSupportInfo] INFO  [API] - Starting response validation with 6 assertion(s).
🤖 CYBORG 🤖 2025-11-04T13:23:16,800 [scenario=RoAGeneratedTest.shouldReturnUserThreeWithCorrectFieldsAndSupportInfo] EXTENDED [API] - Validation target: [{data.avatar=https://reqres.in/img/faces/3-image.jpg, support.text=Tired of writing endless social media content? Let Content Caddy generate it for you., data.first_name=Emma, support.url=https://contentcaddy.io?utm_source=reqres&utm_medium=json&utm_campaign=referral, AssertionKeyForStatus=200}]
🤖 CYBORG 🤖 2025-11-04T13:23:16,809 [scenario=RoAGeneratedTest.shouldReturnUserThreeWithCorrectFieldsAndSupportInfo] VALIDATION [QUEST] - ✔ Validation passed: IS (Expected: 200, Actual: 200)
🤖 CYBORG 🤖 2025-11-04T13:23:16,854 [scenario=RoAGeneratedTest.shouldReturnUserThreeWithCorrectFieldsAndSupportInfo] VALIDATION [QUEST] - ✔ Validation passed: IS (Expected: Emma, Actual: Emma)
🤖 CYBORG 🤖 2025-11-04T13:23:16,858 [scenario=RoAGeneratedTest.shouldReturnUserThreeWithCorrectFieldsAndSupportInfo] VALIDATION [QUEST] - ✔ Validation passed: ENDS_WITH (Expected: .jpg, Actual: https://reqres.in/img/faces/3-image.jpg)
🤖 CYBORG 🤖 2025-11-04T13:23:16,861 [scenario=RoAGeneratedTest.shouldReturnUserThreeWithCorrectFieldsAndSupportInfo] VALIDATION [QUEST] - ✔ Validation passed: IS (Expected: https://reqres.in/img/faces/3-image.jpg, Actual: https://reqres.in/img/faces/3-image.jpg)
🤖 CYBORG 🤖 2025-11-04T13:23:16,864 [scenario=RoAGeneratedTest.shouldReturnUserThreeWithCorrectFieldsAndSupportInfo] VALIDATION [QUEST] - ✔ Validation passed: IS (Expected: https://contentcaddy.io?utm_source=reqres&utm_medium=json&utm_campaign=referral, Actual: https://contentcaddy.io?utm_source=reqres&utm_medium=json&utm_campaign=referral)
🤖 CYBORG 🤖 2025-11-04T13:23:16,867 [scenario=RoAGeneratedTest.shouldReturnUserThreeWithCorrectFieldsAndSupportInfo] VALIDATION [QUEST] - ✔ Validation passed: IS (Expected: Tired of writing endless social media content? Let Content Caddy generate it for you., Actual: Tired of writing endless social media content? Let Content Caddy generate it for you.)
🤖 CYBORG 🤖 2025-11-04T13:23:16,870 [scenario=RoAGeneratedTest.shouldReturnUserThreeWithCorrectFieldsAndSupportInfo] INFO  [QUEST] - The quest has dropped the ring.
🤖 CYBORG 🤖 2025-11-04T13:23:16,872 [scenario=RoAGeneratedTest.shouldReturnUserThreeWithCorrectFieldsAndSupportInfo] INFO  [QUEST] - The quest has reached his end
🤖 CYBORG 🤖 2025-11-04T13:23:16,888 [scenario=RoAGeneratedTest.shouldReturnUserThreeWithCorrectFieldsAndSupportInfo] INFO  [QUEST] - The quest of 'shouldReturnUserThreeWithCorrectFieldsAndSupportInfo(Quest)' has concluded with glory. Status: SUCCESS. Duration: 2 seconds.