🤖 CYBORG 🤖 2025-11-04T13:23:00,173 [scenario=CreateTwoUsersEvolutionTest.testCreateTwoUsersImprovedWithCustomService] EXTENDED [QUEST] - Service: 'io.cyborgcode.roa.framework.chain.FluentServiceDecorator' has been registered for the quest
🤖 CYBORG 🤖 2025-11-04T13:23:00,192 [scenario=CreateTwoUsersEvolutionTest.testCreateTwoUsersImprovedWithCustomService] EXTENDED [QUEST] - Service: 'io.cyborgcode.roa.framework.chain.FluentServiceDecorator' has been registered for the quest
🤖 CYBORG 🤖 2025-11-04T13:23:00,201 [scenario=CreateTwoUsersEvolutionTest.testCreateTwoUsersImprovedWithCustomService] EXTENDED [QUEST] - Service: 'io.cyborgcode.roa.framework.chain.FluentServiceDecorator' has been registered for the quest
🤖 CYBORG 🤖 2025-11-04T13:23:00,211 [scenario=CreateTwoUsersEvolutionTest.testCreateTwoUsersImprovedWithCustomService] INFO  [QUEST] - The quest: 'testCreateTwoUsersImprovedWithCustomService(Quest, User, Late)' has begun and is crafted.
🤖 CYBORG 🤖 2025-11-04T13:23:00,248 [scenario=CreateTwoUsersEvolutionTest.testCreateTwoUsersImprovedWithCustomService] INFO  [QUEST] - The quest has used the ring: 'Gondor'
🤖 CYBORG 🤖 2025-11-04T13:23:00,260 [scenario=CreateTwoUsersEvolutionTest.testCreateTwoUsersImprovedWithCustomService] INFO  [QUEST] - The quest has used the ring: 'API'
🤖 CYBORG 🤖 2025-11-04T13:23:00,873 [scenario=CreateTwoUsersEvolutionTest.testCreateTwoUsersImprovedWithCustomService] STEP  [API] - Sending request to endpoint POST-https://reqres.in/api/users.
🤖 CYBORG 🤖 2025-11-04T13:23:00,880 [scenario=CreateTwoUsersEvolutionTest.testCreateTwoUsersImprovedWithCustomService] EXTENDED [API] - Request body: {
🤖 CYBORG 🤖 2025-11-04T13:23:00,885 [scenario=CreateTwoUsersEvolutionTest.testCreateTwoUsersImprovedWithCustomService] EXTENDED [API] - Request headers: Content-Type=application/json
🤖 CYBORG 🤖 2025-11-04T13:23:01,620 [scenario=CreateTwoUsersEvolutionTest.testCreateTwoUsersImprovedWithCustomService] STEP  [API] - Response with status: 201 received from endpoint: POST-https://reqres.in/api/users in 725ms.
🤖 CYBORG 🤖 2025-11-04T13:23:01,641 [scenario=CreateTwoUsersEvolutionTest.testCreateTwoUsersImprovedWithCustomService] EXTENDED [API] - Response body: {
🤖 CYBORG 🤖 2025-11-04T13:23:01,645 [scenario=CreateTwoUsersEvolutionTest.testCreateTwoUsersImprovedWithCustomService] EXTENDED [API] - Response headers: Date=Tue, 04 Nov 2025 13:23:01 GMT
🤖 CYBORG 🤖 2025-11-04T13:23:01,655 [scenario=CreateTwoUsersEvolutionTest.testCreateTwoUsersImprovedWithCustomService] INFO  [API] - Starting response validation with 3 assertion(s).
🤖 CYBORG 🤖 2025-11-04T13:23:02,016 [scenario=CreateTwoUsersEvolutionTest.testCreateTwoUsersImprovedWithCustomService] EXTENDED [API] - Validation target: [{name=Morpheus, job=Leader, AssertionKeyForStatus=201}]
🤖 CYBORG 🤖 2025-11-04T13:23:02,025 [scenario=CreateTwoUsersEvolutionTest.testCreateTwoUsersImprovedWithCustomService] VALIDATION [QUEST] - ✔ Validation passed: IS (Expected: 201, Actual: 201)
🤖 CYBORG 🤖 2025-11-04T13:23:02,063 [scenario=CreateTwoUsersEvolutionTest.testCreateTwoUsersImprovedWithCustomService] VALIDATION [QUEST] - ✔ Validation passed: IS (Expected: Morpheus, Actual: Morpheus)
🤖 CYBORG 🤖 2025-11-04T13:23:02,326 [scenario=CreateTwoUsersEvolutionTest.testCreateTwoUsersImprovedWithCustomService] VALIDATION [QUEST] - ✔ Validation passed: IS (Expected: Leader, Actual: Leader)
🤖 CYBORG 🤖 2025-11-04T13:23:02,331 [scenario=CreateTwoUsersEvolutionTest.testCreateTwoUsersImprovedWithCustomService] INFO  [QUEST] - The quest has used the ring: 'API'
🤖 CYBORG 🤖 2025-11-04T13:23:02,339 [scenario=CreateTwoUsersEvolutionTest.testCreateTwoUsersImprovedWithCustomService] STEP  [API] - Sending request to endpoint POST-https://reqres.in/api/users.
🤖 CYBORG 🤖 2025-11-04T13:23:02,342 [scenario=CreateTwoUsersEvolutionTest.testCreateTwoUsersImprovedWithCustomService] EXTENDED [API] - Request body: {
🤖 CYBORG 🤖 2025-11-04T13:23:02,346 [scenario=CreateTwoUsersEvolutionTest.testCreateTwoUsersImprovedWithCustomService] EXTENDED [API] - Request headers: Content-Type=application/json
🤖 CYBORG 🤖 2025-11-04T13:23:02,483 [scenario=CreateTwoUsersEvolutionTest.testCreateTwoUsersImprovedWithCustomService] STEP  [API] - Response with status: 201 received from endpoint: POST-https://reqres.in/api/users in 133ms.
🤖 CYBORG 🤖 2025-11-04T13:23:02,490 [scenario=CreateTwoUsersEvolutionTest.testCreateTwoUsersImprovedWithCustomService] EXTENDED [API] - Response body: {
🤖 CYBORG 🤖 2025-11-04T13:23:02,504 [scenario=CreateTwoUsersEvolutionTest.testCreateTwoUsersImprovedWithCustomService] EXTENDED [API] - Response headers: Date=Tue, 04 Nov 2025 13:23:02 GMT
🤖 CYBORG 🤖 2025-11-04T13:23:02,521 [scenario=CreateTwoUsersEvolutionTest.testCreateTwoUsersImprovedWithCustomService] INFO  [API] - Starting response validation with 3 assertion(s).
🤖 CYBORG 🤖 2025-11-04T13:23:02,558 [scenario=CreateTwoUsersEvolutionTest.testCreateTwoUsersImprovedWithCustomService] EXTENDED [API] - Validation target: [{name=Mr. Morpheus, job=Senior Leader, AssertionKeyForStatus=201}]
🤖 CYBORG 🤖 2025-11-04T13:23:02,564 [scenario=CreateTwoUsersEvolutionTest.testCreateTwoUsersImprovedWithCustomService] VALIDATION [QUEST] - ✔ Validation passed: IS (Expected: 201, Actual: 201)
🤖 CYBORG 🤖 2025-11-04T13:23:02,569 [scenario=CreateTwoUsersEvolutionTest.testCreateTwoUsersImprovedWithCustomService] VALIDATION [QUEST] - ✔ Validation passed: IS (Expected: Mr. Morpheus, Actual: Mr. Morpheus)
🤖 CYBORG 🤖 2025-11-04T13:23:02,575 [scenario=CreateTwoUsersEvolutionTest.testCreateTwoUsersImprovedWithCustomService] VALIDATION [QUEST] - ✔ Validation passed: IS (Expected: Senior Leader, Actual: Senior Leader)
🤖 CYBORG 🤖 2025-11-04T13:23:02,580 [scenario=CreateTwoUsersEvolutionTest.testCreateTwoUsersImprovedWithCustomService] INFO  [QUEST] - The quest has dropped the ring.
🤖 CYBORG 🤖 2025-11-04T13:23:02,585 [scenario=CreateTwoUsersEvolutionTest.testCreateTwoUsersImprovedWithCustomService] INFO  [QUEST] - The quest has reached his end
🤖 CYBORG 🤖 2025-11-04T13:23:02,598 [scenario=CreateTwoUsersEvolutionTest.testCreateTwoUsersImprovedWithCustomService] INFO  [QUEST] - The quest of 'testCreateTwoUsersImprovedWithCustomService(Quest, User, Late)' has concluded with glory. Status: SUCCESS. Duration: 2 seconds.