🤖 CYBORG 🤖 2025-11-30T17:46:34,495 [scenario=AdvancedFeaturesTest.authenticationFeatureWithCacheCredentials] INFO  [UI] - Chrome driver is downloaded with a compatible version for the installed browser
🤖 CYBORG 🤖 2025-11-30T17:46:34,511 [scenario=AdvancedFeaturesTest.authenticationFeatureWithCacheCredentials] INFO  [UI] - Creating driver using provider [ChromeDriverProvider]. Headless: [true], Remote: [true], Remote URL: [http://localhost:4444]
🤖 CYBORG 🤖 2025-11-30T17:46:36,259 [scenario=AdvancedFeaturesTest.authenticationFeatureWithCacheCredentials] INFO  [QUEST] - The quest: 'authenticationFeatureWithCacheCredentials(Quest, Order)' has begun and is crafted.
🤖 CYBORG 🤖 2025-11-30T17:46:36,269 [scenario=AdvancedFeaturesTest.authenticationFeatureWithCacheCredentials] INFO  [QUEST] - The quest has used the ring: 'UI'
🤖 CYBORG 🤖 2025-11-30T17:46:36,848 [scenario=AdvancedFeaturesTest.authenticationFeatureWithCacheCredentials] STEP  [UI] - Inserting value: 'admin@vaadin.com' into input component of type: 'VA_INPUT_TYPE'.
🤖 CYBORG 🤖 2025-11-30T17:46:37,420 [scenario=AdvancedFeaturesTest.authenticationFeatureWithCacheCredentials] STEP  [UI] - Inserting value: 'admin' into input component of type: 'VA_INPUT_TYPE'.
🤖 CYBORG 🤖 2025-11-30T17:46:37,814 [scenario=AdvancedFeaturesTest.authenticationFeatureWithCacheCredentials] STEP  [UI] - Clicking button using locator: By.tagName: vaadin-button
🤖 CYBORG 🤖 2025-11-30T17:46:38,729 [scenario=AdvancedFeaturesTest.authenticationFeatureWithCacheCredentials] INFO  [QUEST] - The quest has used the ring: 'API'
🤖 CYBORG 🤖 2025-11-30T17:46:39,033 [scenario=AdvancedFeaturesTest.authenticationFeatureWithCacheCredentials] INFO  [API] - Prepared RequestSpecification with pathParams: {}, queryParams: {}, headers: {Cookie=[JSESSIONID=179E927130C1770C4EB87D4E786EB0F7; path=/; domain=bakery-flow.demo.vaadin.com; sameSite=Lax], Accept=[application/json], Content-Type=[application/json]}
🤖 CYBORG 🤖 2025-11-30T17:46:39,287 [scenario=AdvancedFeaturesTest.authenticationFeatureWithCacheCredentials] STEP  [API] - Sending request to endpoint POST-https://bakery-flow.demo.vaadin.com/storefront.
🤖 CYBORG 🤖 2025-11-30T17:46:39,958 [scenario=AdvancedFeaturesTest.authenticationFeatureWithCacheCredentials] STEP  [API] - Response with status: 200 received from endpoint: POST-https://bakery-flow.demo.vaadin.com/storefront in 661ms.
🤖 CYBORG 🤖 2025-11-30T17:46:40,146 [scenario=AdvancedFeaturesTest.authenticationFeatureWithCacheCredentials] INFO  [API] - Starting response validation with 1 assertion(s).
🤖 CYBORG 🤖 2025-11-30T17:46:40,152 [scenario=AdvancedFeaturesTest.authenticationFeatureWithCacheCredentials] VALIDATION [QUEST] - ✔ Validation passed: IS (Expected: 200, Actual: 200)
🤖 CYBORG 🤖 2025-11-30T17:46:40,188 [scenario=AdvancedFeaturesTest.authenticationFeatureWithCacheCredentials] INFO  [QUEST] - The quest has dropped the ring.
🤖 CYBORG 🤖 2025-11-30T17:46:40,192 [scenario=AdvancedFeaturesTest.authenticationFeatureWithCacheCredentials] INFO  [QUEST] - The quest has used the ring: 'Custom'
🤖 CYBORG 🤖 2025-11-30T17:46:40,199 [scenario=AdvancedFeaturesTest.authenticationFeatureWithCacheCredentials] INFO  [QUEST] - The quest has used the ring: 'io.cyborgcode.ui.complex.test.framework.ui.AppUiService'
🤖 CYBORG 🤖 2025-11-30T17:46:40,312 [scenario=AdvancedFeaturesTest.authenticationFeatureWithCacheCredentials] STEP  [UI] - Clicking button using locator: By.cssSelector: vaadin-button#action
🤖 CYBORG 🤖 2025-11-30T17:46:41,292 [scenario=AdvancedFeaturesTest.authenticationFeatureWithCacheCredentials] STEP  [UI] - Inserting value into component of type: 'VA_INPUT_TYPE' using locator.
🤖 CYBORG 🤖 2025-11-30T17:46:41,300 [scenario=AdvancedFeaturesTest.authenticationFeatureWithCacheCredentials] STEP  [UI] - Inserting value: 'John Terry' into input component of type: 'VA_INPUT_TYPE'.
🤖 CYBORG 🤖 2025-11-30T17:46:41,694 [scenario=AdvancedFeaturesTest.authenticationFeatureWithCacheCredentials] STEP  [UI] - Inserting value into component of type: 'VA_INPUT_TYPE' using locator.
🤖 CYBORG 🤖 2025-11-30T17:46:41,697 [scenario=AdvancedFeaturesTest.authenticationFeatureWithCacheCredentials] STEP  [UI] - Inserting value: 'Address' into input component of type: 'VA_INPUT_TYPE'.
🤖 CYBORG 🤖 2025-11-30T17:46:42,041 [scenario=AdvancedFeaturesTest.authenticationFeatureWithCacheCredentials] STEP  [UI] - Inserting value into component of type: 'VA_INPUT_TYPE' using locator.
🤖 CYBORG 🤖 2025-11-30T17:46:42,046 [scenario=AdvancedFeaturesTest.authenticationFeatureWithCacheCredentials] STEP  [UI] - Inserting value: '+1-555-7777' into input component of type: 'VA_INPUT_TYPE'.
🤖 CYBORG 🤖 2025-11-30T17:46:42,378 [scenario=AdvancedFeaturesTest.authenticationFeatureWithCacheCredentials] STEP  [UI] - Inserting values [Bakery] for select component VA_SELECT_TYPE using locator By.cssSelector: vaadin-combo-box#pickupLocation
🤖 CYBORG 🤖 2025-11-30T17:46:42,382 [scenario=AdvancedFeaturesTest.authenticationFeatureWithCacheCredentials] STEP  [UI] - Selecting options [Bakery] in container with locator By.cssSelector: vaadin-combo-box#pickupLocation for select component VA_SELECT_TYPE
🤖 CYBORG 🤖 2025-11-30T17:46:42,953 [scenario=AdvancedFeaturesTest.authenticationFeatureWithCacheCredentials] STEP  [UI] - Inserting values [Strawberry Bun] for select component VA_SELECT_TYPE using locator By.cssSelector: vaadin-combo-box#products
🤖 CYBORG 🤖 2025-11-30T17:46:42,956 [scenario=AdvancedFeaturesTest.authenticationFeatureWithCacheCredentials] STEP  [UI] - Selecting options [Strawberry Bun] in container with locator By.cssSelector: vaadin-combo-box#products for select component VA_SELECT_TYPE
🤖 CYBORG 🤖 2025-11-30T17:46:43,457 [scenario=AdvancedFeaturesTest.authenticationFeatureWithCacheCredentials] INFO  [UI] - Finished data insertion for [Order].
🤖 CYBORG 🤖 2025-11-30T17:46:43,586 [scenario=AdvancedFeaturesTest.authenticationFeatureWithCacheCredentials] STEP  [UI] - Clicking button using locator: By.cssSelector: vaadin-button#review
🤖 CYBORG 🤖 2025-11-30T17:46:43,840 [scenario=AdvancedFeaturesTest.authenticationFeatureWithCacheCredentials] STEP  [UI] - Clicking button using locator: By.cssSelector: vaadin-button#save
🤖 CYBORG 🤖 2025-11-30T17:46:44,556 [scenario=AdvancedFeaturesTest.authenticationFeatureWithCacheCredentials] INFO  [QUEST] - The quest has used the ring: 'io.cyborgcode.ui.complex.test.framework.ui.AppUiService'
🤖 CYBORG 🤖 2025-11-30T17:46:44,606 [scenario=AdvancedFeaturesTest.authenticationFeatureWithCacheCredentials] STEP  [UI] - Inserting value: 'John Terry' into input component of type: 'VA_INPUT_TYPE'.
🤖 CYBORG 🤖 2025-11-30T17:46:44,856 [scenario=AdvancedFeaturesTest.authenticationFeatureWithCacheCredentials] VALIDATION [QUEST] - Starting hard validation...
🤖 CYBORG 🤖 2025-11-30T17:46:45,050 [scenario=AdvancedFeaturesTest.authenticationFeatureWithCacheCredentials] VALIDATION [QUEST] - Hard validation completed successfully.
🤖 CYBORG 🤖 2025-11-30T17:46:45,120 [scenario=AdvancedFeaturesTest.authenticationFeatureWithCacheCredentials] STEP  [UI] - Clicking button using locator: By.cssSelector: vaadin-button#clear
🤖 CYBORG 🤖 2025-11-30T17:46:45,375 [scenario=AdvancedFeaturesTest.authenticationFeatureWithCacheCredentials] INFO  [QUEST] - The quest has dropped the ring.
🤖 CYBORG 🤖 2025-11-30T17:46:45,378 [scenario=AdvancedFeaturesTest.authenticationFeatureWithCacheCredentials] INFO  [QUEST] - The quest has reached his end
🤖 CYBORG 🤖 2025-11-30T17:46:45,383 [scenario=AdvancedFeaturesTest.authenticationFeatureWithCacheCredentials] WARN  [UI] - Test failed. Taking screenshot for: authenticationFeatureWithCacheCredentials(Quest, Order)
🤖 CYBORG 🤖 2025-11-30T17:46:45,603 [scenario=AdvancedFeaturesTest.authenticationFeatureWithCacheCredentials] INFO  [QUEST] - Screenshot taken and stored for: authenticationFeatureWithCacheCredentials(Quest, Order)
🤖 CYBORG 🤖 2025-11-30T17:46:45,616 [scenario=AdvancedFeaturesTest.authenticationFeatureWithCacheCredentials] INFO  [QUEST] - The quest of 'authenticationFeatureWithCacheCredentials(Quest, Order)' has concluded with glory. Status: SUCCESS. Duration: 13 seconds.