🤖 CYBORG 🤖 2025-11-30T17:47:25,551 [scenario=AdvancedFeaturesTest.ripperFeature] INFO  [UI] - Creating driver using provider [ChromeDriverProvider]. Headless: [true], Remote: [true], Remote URL: [http://localhost:4444]
🤖 CYBORG 🤖 2025-11-30T17:47:25,878 [scenario=AdvancedFeaturesTest.ripperFeature] INFO  [QUEST] - The quest: 'ripperFeature(Quest)' has begun and is crafted.
🤖 CYBORG 🤖 2025-11-30T17:47:25,881 [scenario=AdvancedFeaturesTest.ripperFeature] INFO  [QUEST] - The quest has used the ring: 'UI'
🤖 CYBORG 🤖 2025-11-30T17:47:26,343 [scenario=AdvancedFeaturesTest.ripperFeature] STEP  [UI] - Inserting value: 'admin@vaadin.com' into input component of type: 'VA_INPUT_TYPE'.
🤖 CYBORG 🤖 2025-11-30T17:47:26,664 [scenario=AdvancedFeaturesTest.ripperFeature] STEP  [UI] - Inserting value: 'admin' into input component of type: 'VA_INPUT_TYPE'.
🤖 CYBORG 🤖 2025-11-30T17:47:26,880 [scenario=AdvancedFeaturesTest.ripperFeature] STEP  [UI] - Clicking button using locator: By.tagName: vaadin-button
🤖 CYBORG 🤖 2025-11-30T17:47:27,604 [scenario=AdvancedFeaturesTest.ripperFeature] INFO  [QUEST] - The quest has used the ring: 'Custom'
🤖 CYBORG 🤖 2025-11-30T17:47:27,606 [scenario=AdvancedFeaturesTest.ripperFeature] INFO  [QUEST] - The quest has used the ring: 'io.cyborgcode.ui.complex.test.framework.ui.AppUiService'
🤖 CYBORG 🤖 2025-11-30T17:47:27,663 [scenario=AdvancedFeaturesTest.ripperFeature] STEP  [UI] - Clicking button using locator: By.cssSelector: vaadin-button#action
🤖 CYBORG 🤖 2025-11-30T17:47:28,542 [scenario=AdvancedFeaturesTest.ripperFeature] STEP  [UI] - Inserting value into component of type: 'VA_INPUT_TYPE' using locator.
🤖 CYBORG 🤖 2025-11-30T17:47:28,544 [scenario=AdvancedFeaturesTest.ripperFeature] STEP  [UI] - Inserting value: 'John Terry' into input component of type: 'VA_INPUT_TYPE'.
🤖 CYBORG 🤖 2025-11-30T17:47:28,817 [scenario=AdvancedFeaturesTest.ripperFeature] STEP  [UI] - Inserting value into component of type: 'VA_INPUT_TYPE' using locator.
🤖 CYBORG 🤖 2025-11-30T17:47:28,819 [scenario=AdvancedFeaturesTest.ripperFeature] STEP  [UI] - Inserting value: 'Address' into input component of type: 'VA_INPUT_TYPE'.
🤖 CYBORG 🤖 2025-11-30T17:47:29,056 [scenario=AdvancedFeaturesTest.ripperFeature] STEP  [UI] - Inserting value into component of type: 'VA_INPUT_TYPE' using locator.
🤖 CYBORG 🤖 2025-11-30T17:47:29,058 [scenario=AdvancedFeaturesTest.ripperFeature] STEP  [UI] - Inserting value: '+1-555-7777' into input component of type: 'VA_INPUT_TYPE'.
🤖 CYBORG 🤖 2025-11-30T17:47:29,285 [scenario=AdvancedFeaturesTest.ripperFeature] STEP  [UI] - Inserting values [Bakery] for select component VA_SELECT_TYPE using locator By.cssSelector: vaadin-combo-box#pickupLocation
🤖 CYBORG 🤖 2025-11-30T17:47:29,287 [scenario=AdvancedFeaturesTest.ripperFeature] STEP  [UI] - Selecting options [Bakery] in container with locator By.cssSelector: vaadin-combo-box#pickupLocation for select component VA_SELECT_TYPE
🤖 CYBORG 🤖 2025-11-30T17:47:29,746 [scenario=AdvancedFeaturesTest.ripperFeature] STEP  [UI] - Inserting values [Strawberry Bun] for select component VA_SELECT_TYPE using locator By.cssSelector: vaadin-combo-box#products
🤖 CYBORG 🤖 2025-11-30T17:47:29,748 [scenario=AdvancedFeaturesTest.ripperFeature] STEP  [UI] - Selecting options [Strawberry Bun] in container with locator By.cssSelector: vaadin-combo-box#products for select component VA_SELECT_TYPE
🤖 CYBORG 🤖 2025-11-30T17:47:30,146 [scenario=AdvancedFeaturesTest.ripperFeature] INFO  [UI] - Finished data insertion for [Order].
🤖 CYBORG 🤖 2025-11-30T17:47:30,234 [scenario=AdvancedFeaturesTest.ripperFeature] STEP  [UI] - Clicking button using locator: By.cssSelector: vaadin-button#review
🤖 CYBORG 🤖 2025-11-30T17:47:30,434 [scenario=AdvancedFeaturesTest.ripperFeature] STEP  [UI] - Clicking button using locator: By.cssSelector: vaadin-button#save
🤖 CYBORG 🤖 2025-11-30T17:47:31,078 [scenario=AdvancedFeaturesTest.ripperFeature] INFO  [QUEST] - The quest has used the ring: 'Custom'
🤖 CYBORG 🤖 2025-11-30T17:47:31,080 [scenario=AdvancedFeaturesTest.ripperFeature] INFO  [QUEST] - The quest has used the ring: 'io.cyborgcode.ui.complex.test.framework.ui.AppUiService'
🤖 CYBORG 🤖 2025-11-30T17:47:31,117 [scenario=AdvancedFeaturesTest.ripperFeature] STEP  [UI] - Inserting value: 'John Terry' into input component of type: 'VA_INPUT_TYPE'.
🤖 CYBORG 🤖 2025-11-30T17:47:31,325 [scenario=AdvancedFeaturesTest.ripperFeature] VALIDATION [QUEST] - Starting hard validation...
🤖 CYBORG 🤖 2025-11-30T17:47:31,469 [scenario=AdvancedFeaturesTest.ripperFeature] VALIDATION [QUEST] - Hard validation completed successfully.
🤖 CYBORG 🤖 2025-11-30T17:47:31,513 [scenario=AdvancedFeaturesTest.ripperFeature] STEP  [UI] - Clicking button using locator: By.cssSelector: vaadin-button#clear
🤖 CYBORG 🤖 2025-11-30T17:47:32,167 [scenario=AdvancedFeaturesTest.ripperFeature] INFO  [QUEST] - The quest has dropped the ring.
🤖 CYBORG 🤖 2025-11-30T17:47:32,168 [scenario=AdvancedFeaturesTest.ripperFeature] INFO  [QUEST] - The quest has reached his end
🤖 CYBORG 🤖 2025-11-30T17:47:32,170 [scenario=AdvancedFeaturesTest.ripperFeature] WARN  [UI] - Test failed. Taking screenshot for: ripperFeature(Quest)
🤖 CYBORG 🤖 2025-11-30T17:47:32,319 [scenario=AdvancedFeaturesTest.ripperFeature] INFO  [QUEST] - Screenshot taken and stored for: ripperFeature(Quest)
🤖 CYBORG 🤖 2025-11-30T17:47:32,321 [scenario=AdvancedFeaturesTest.ripperFeature] INFO  [QUEST] - The ripper has arrived
🤖 CYBORG 🤖 2025-11-30T17:47:32,334 [scenario=AdvancedFeaturesTest.ripperFeature] INFO  [QUEST] - The quest has used the ring: 'DB'
🤖 CYBORG 🤖 2025-11-30T17:47:32,349 [scenario=AdvancedFeaturesTest.ripperFeature] INFO  [DB] - Obtained database connection for: AppDb
🤖 CYBORG 🤖 2025-11-30T17:47:32,350 [scenario=AdvancedFeaturesTest.ripperFeature] STEP  [DB] - Executing database query: SELECT * FROM orders
🤖 CYBORG 🤖 2025-11-30T17:47:32,368 [scenario=AdvancedFeaturesTest.ripperFeature] STEP  [DB] - Query 'SELECT * FROM orders' executed in 17ms, result count: 2
🤖 CYBORG 🤖 2025-11-30T17:47:32,382 [scenario=AdvancedFeaturesTest.ripperFeature] INFO  [DB] - Obtained database connection for: AppDb
🤖 CYBORG 🤖 2025-11-30T17:47:32,384 [scenario=AdvancedFeaturesTest.ripperFeature] STEP  [DB] - Executing database query: DELETE FROM orders WHERE id = 1
🤖 CYBORG 🤖 2025-11-30T17:47:32,387 [scenario=AdvancedFeaturesTest.ripperFeature] INFO  [DB] - Starting query response validation with 1 assertion(s).
🤖 CYBORG 🤖 2025-11-30T17:47:32,432 [scenario=AdvancedFeaturesTest.ripperFeature] VALIDATION [QUEST] - ✔ Validation passed: IS (Expected: 1, Actual: 1)
🤖 CYBORG 🤖 2025-11-30T17:47:32,638 [scenario=AdvancedFeaturesTest.ripperFeature] INFO  [DB] - Obtained database connection for: AppDb
🤖 CYBORG 🤖 2025-11-30T17:47:32,640 [scenario=AdvancedFeaturesTest.ripperFeature] STEP  [DB] - Executing database query: SELECT product FROM orders WHERE id = 1
🤖 CYBORG 🤖 2025-11-30T17:47:32,642 [scenario=AdvancedFeaturesTest.ripperFeature] STEP  [DB] - Query 'SELECT product FROM orders WHERE id = 1' executed in 0ms, result count: 0
🤖 CYBORG 🤖 2025-11-30T17:47:32,644 [scenario=AdvancedFeaturesTest.ripperFeature] INFO  [DB] - Starting query response validation with 1 assertion(s).
🤖 CYBORG 🤖 2025-11-30T17:47:32,646 [scenario=AdvancedFeaturesTest.ripperFeature] VALIDATION [QUEST] - ✔ Validation passed: IS (Expected: 0, Actual: 0)
🤖 CYBORG 🤖 2025-11-30T17:47:32,647 [scenario=AdvancedFeaturesTest.ripperFeature] INFO  [QUEST] - DataRipper processed target: 'DELETE_CREATED_ORDERS'.
🤖 CYBORG 🤖 2025-11-30T17:47:32,649 [scenario=AdvancedFeaturesTest.ripperFeature] INFO  [QUEST] - The quest of 'ripperFeature(Quest)' has concluded with glory. Status: SUCCESS. Duration: 7 seconds.