🤖 CYBORG 🤖 2025-11-30T17:46:45,759 [scenario=AdvancedFeaturesTest.preconditionFeatureUsingMuliJourneysWithData] INFO  [UI] - Creating driver using provider [ChromeDriverProvider]. Headless: [true], Remote: [true], Remote URL: [http://localhost:4444]
🤖 CYBORG 🤖 2025-11-30T17:46:46,488 [scenario=AdvancedFeaturesTest.preconditionFeatureUsingMuliJourneysWithData] INFO  [QUEST] - The quest: 'preconditionFeatureUsingMuliJourneysWithData(Quest)' has begun and is crafted.
🤖 CYBORG 🤖 2025-11-30T17:46:46,544 [scenario=AdvancedFeaturesTest.preconditionFeatureUsingMuliJourneysWithData] INFO  [QUEST] - The quest has used the ring: 'Custom'
🤖 CYBORG 🤖 2025-11-30T17:46:46,547 [scenario=AdvancedFeaturesTest.preconditionFeatureUsingMuliJourneysWithData] INFO  [QUEST] - The quest has used the ring: 'io.cyborgcode.ui.complex.test.framework.ui.AppUiService'
🤖 CYBORG 🤖 2025-11-30T17:46:46,985 [scenario=AdvancedFeaturesTest.preconditionFeatureUsingMuliJourneysWithData] STEP  [UI] - Inserting value: 'admin@vaadin.com' into input component of type: 'VA_INPUT_TYPE'.
🤖 CYBORG 🤖 2025-11-30T17:46:47,399 [scenario=AdvancedFeaturesTest.preconditionFeatureUsingMuliJourneysWithData] STEP  [UI] - Inserting value: 'admin' into input component of type: 'VA_INPUT_TYPE'.
🤖 CYBORG 🤖 2025-11-30T17:46:47,661 [scenario=AdvancedFeaturesTest.preconditionFeatureUsingMuliJourneysWithData] STEP  [UI] - Clicking button using locator: By.tagName: vaadin-button
🤖 CYBORG 🤖 2025-11-30T17:46:48,400 [scenario=AdvancedFeaturesTest.preconditionFeatureUsingMuliJourneysWithData] STEP  [UI] - Checking if button is visible using locator: By.cssSelector: vaadin-button#action
🤖 CYBORG 🤖 2025-11-30T17:46:59,002 [scenario=AdvancedFeaturesTest.preconditionFeatureUsingMuliJourneysWithData] VALIDATION [QUEST] - Starting hard validation...
🤖 CYBORG 🤖 2025-11-30T17:46:59,004 [scenario=AdvancedFeaturesTest.preconditionFeatureUsingMuliJourneysWithData] VALIDATION [QUEST] - Hard validation completed successfully.
🤖 CYBORG 🤖 2025-11-30T17:46:59,064 [scenario=AdvancedFeaturesTest.preconditionFeatureUsingMuliJourneysWithData] STEP  [UI] - Checking if input component of type: 'VA_INPUT_TYPE' is enabled.
🤖 CYBORG 🤖 2025-11-30T17:46:59,165 [scenario=AdvancedFeaturesTest.preconditionFeatureUsingMuliJourneysWithData] VALIDATION [QUEST] - Starting hard validation...
🤖 CYBORG 🤖 2025-11-30T17:46:59,167 [scenario=AdvancedFeaturesTest.preconditionFeatureUsingMuliJourneysWithData] VALIDATION [QUEST] - Hard validation completed successfully.
🤖 CYBORG 🤖 2025-11-30T17:46:59,172 [scenario=AdvancedFeaturesTest.preconditionFeatureUsingMuliJourneysWithData] INFO  [QUEST] - The quest has dropped the ring.
🤖 CYBORG 🤖 2025-11-30T17:46:59,175 [scenario=AdvancedFeaturesTest.preconditionFeatureUsingMuliJourneysWithData] INFO  [QUEST] - The quest has used the ring: 'API'
🤖 CYBORG 🤖 2025-11-30T17:46:59,199 [scenario=AdvancedFeaturesTest.preconditionFeatureUsingMuliJourneysWithData] INFO  [API] - Prepared RequestSpecification with pathParams: {}, queryParams: {}, headers: {Cookie=[JSESSIONID=9C45B17FF1E417ECCEAE8F5A2923EC5A; path=/; domain=bakery-flow.demo.vaadin.com; sameSite=Lax], Accept=[application/json], Content-Type=[application/json]}
🤖 CYBORG 🤖 2025-11-30T17:46:59,202 [scenario=AdvancedFeaturesTest.preconditionFeatureUsingMuliJourneysWithData] STEP  [API] - Sending request to endpoint POST-https://bakery-flow.demo.vaadin.com/storefront.
🤖 CYBORG 🤖 2025-11-30T17:46:59,463 [scenario=AdvancedFeaturesTest.preconditionFeatureUsingMuliJourneysWithData] STEP  [API] - Response with status: 200 received from endpoint: POST-https://bakery-flow.demo.vaadin.com/storefront in 258ms.
🤖 CYBORG 🤖 2025-11-30T17:46:59,481 [scenario=AdvancedFeaturesTest.preconditionFeatureUsingMuliJourneysWithData] INFO  [API] - Starting response validation with 1 assertion(s).
🤖 CYBORG 🤖 2025-11-30T17:46:59,483 [scenario=AdvancedFeaturesTest.preconditionFeatureUsingMuliJourneysWithData] VALIDATION [QUEST] - ✔ Validation passed: IS (Expected: 200, Actual: 200)
🤖 CYBORG 🤖 2025-11-30T17:46:59,513 [scenario=AdvancedFeaturesTest.preconditionFeatureUsingMuliJourneysWithData] INFO  [QUEST] - The quest has used the ring: 'Custom'
🤖 CYBORG 🤖 2025-11-30T17:46:59,516 [scenario=AdvancedFeaturesTest.preconditionFeatureUsingMuliJourneysWithData] INFO  [QUEST] - The quest has used the ring: 'io.cyborgcode.ui.complex.test.framework.ui.AppUiService'
🤖 CYBORG 🤖 2025-11-30T17:46:59,609 [scenario=AdvancedFeaturesTest.preconditionFeatureUsingMuliJourneysWithData] STEP  [UI] - Clicking button using locator: By.cssSelector: vaadin-button#action
🤖 CYBORG 🤖 2025-11-30T17:47:00,503 [scenario=AdvancedFeaturesTest.preconditionFeatureUsingMuliJourneysWithData] STEP  [UI] - Inserting value into component of type: 'VA_INPUT_TYPE' using locator.
🤖 CYBORG 🤖 2025-11-30T17:47:00,507 [scenario=AdvancedFeaturesTest.preconditionFeatureUsingMuliJourneysWithData] STEP  [UI] - Inserting value: 'John Terry' into input component of type: 'VA_INPUT_TYPE'.
🤖 CYBORG 🤖 2025-11-30T17:47:00,768 [scenario=AdvancedFeaturesTest.preconditionFeatureUsingMuliJourneysWithData] STEP  [UI] - Inserting value into component of type: 'VA_INPUT_TYPE' using locator.
🤖 CYBORG 🤖 2025-11-30T17:47:00,772 [scenario=AdvancedFeaturesTest.preconditionFeatureUsingMuliJourneysWithData] STEP  [UI] - Inserting value: 'Address' into input component of type: 'VA_INPUT_TYPE'.
🤖 CYBORG 🤖 2025-11-30T17:47:01,058 [scenario=AdvancedFeaturesTest.preconditionFeatureUsingMuliJourneysWithData] STEP  [UI] - Inserting value into component of type: 'VA_INPUT_TYPE' using locator.
🤖 CYBORG 🤖 2025-11-30T17:47:01,061 [scenario=AdvancedFeaturesTest.preconditionFeatureUsingMuliJourneysWithData] STEP  [UI] - Inserting value: '+1-555-7777' into input component of type: 'VA_INPUT_TYPE'.
🤖 CYBORG 🤖 2025-11-30T17:47:01,329 [scenario=AdvancedFeaturesTest.preconditionFeatureUsingMuliJourneysWithData] STEP  [UI] - Inserting values [Bakery] for select component VA_SELECT_TYPE using locator By.cssSelector: vaadin-combo-box#pickupLocation
🤖 CYBORG 🤖 2025-11-30T17:47:01,332 [scenario=AdvancedFeaturesTest.preconditionFeatureUsingMuliJourneysWithData] STEP  [UI] - Selecting options [Bakery] in container with locator By.cssSelector: vaadin-combo-box#pickupLocation for select component VA_SELECT_TYPE
🤖 CYBORG 🤖 2025-11-30T17:47:01,842 [scenario=AdvancedFeaturesTest.preconditionFeatureUsingMuliJourneysWithData] STEP  [UI] - Inserting values [Strawberry Bun] for select component VA_SELECT_TYPE using locator By.cssSelector: vaadin-combo-box#products
🤖 CYBORG 🤖 2025-11-30T17:47:01,845 [scenario=AdvancedFeaturesTest.preconditionFeatureUsingMuliJourneysWithData] STEP  [UI] - Selecting options [Strawberry Bun] in container with locator By.cssSelector: vaadin-combo-box#products for select component VA_SELECT_TYPE
🤖 CYBORG 🤖 2025-11-30T17:47:02,345 [scenario=AdvancedFeaturesTest.preconditionFeatureUsingMuliJourneysWithData] INFO  [UI] - Finished data insertion for [Order].
🤖 CYBORG 🤖 2025-11-30T17:47:02,447 [scenario=AdvancedFeaturesTest.preconditionFeatureUsingMuliJourneysWithData] STEP  [UI] - Clicking button using locator: By.cssSelector: vaadin-button#review
🤖 CYBORG 🤖 2025-11-30T17:47:02,675 [scenario=AdvancedFeaturesTest.preconditionFeatureUsingMuliJourneysWithData] STEP  [UI] - Clicking button using locator: By.cssSelector: vaadin-button#save
🤖 CYBORG 🤖 2025-11-30T17:47:03,361 [scenario=AdvancedFeaturesTest.preconditionFeatureUsingMuliJourneysWithData] INFO  [QUEST] - The quest has used the ring: 'Custom'
🤖 CYBORG 🤖 2025-11-30T17:47:03,365 [scenario=AdvancedFeaturesTest.preconditionFeatureUsingMuliJourneysWithData] INFO  [QUEST] - The quest has used the ring: 'io.cyborgcode.ui.complex.test.framework.ui.AppUiService'
🤖 CYBORG 🤖 2025-11-30T17:47:03,407 [scenario=AdvancedFeaturesTest.preconditionFeatureUsingMuliJourneysWithData] STEP  [UI] - Inserting value: 'John Terry' into input component of type: 'VA_INPUT_TYPE'.
🤖 CYBORG 🤖 2025-11-30T17:47:03,634 [scenario=AdvancedFeaturesTest.preconditionFeatureUsingMuliJourneysWithData] VALIDATION [QUEST] - Starting hard validation...
🤖 CYBORG 🤖 2025-11-30T17:47:03,799 [scenario=AdvancedFeaturesTest.preconditionFeatureUsingMuliJourneysWithData] VALIDATION [QUEST] - Hard validation completed successfully.
🤖 CYBORG 🤖 2025-11-30T17:47:03,854 [scenario=AdvancedFeaturesTest.preconditionFeatureUsingMuliJourneysWithData] STEP  [UI] - Clicking button using locator: By.cssSelector: vaadin-button#clear
🤖 CYBORG 🤖 2025-11-30T17:47:04,090 [scenario=AdvancedFeaturesTest.preconditionFeatureUsingMuliJourneysWithData] INFO  [QUEST] - The quest has dropped the ring.
🤖 CYBORG 🤖 2025-11-30T17:47:04,092 [scenario=AdvancedFeaturesTest.preconditionFeatureUsingMuliJourneysWithData] INFO  [QUEST] - The quest has reached his end
🤖 CYBORG 🤖 2025-11-30T17:47:04,094 [scenario=AdvancedFeaturesTest.preconditionFeatureUsingMuliJourneysWithData] WARN  [UI] - Test failed. Taking screenshot for: preconditionFeatureUsingMuliJourneysWithData(Quest)
🤖 CYBORG 🤖 2025-11-30T17:47:04,349 [scenario=AdvancedFeaturesTest.preconditionFeatureUsingMuliJourneysWithData] INFO  [QUEST] - Screenshot taken and stored for: preconditionFeatureUsingMuliJourneysWithData(Quest)
🤖 CYBORG 🤖 2025-11-30T17:47:04,451 [scenario=AdvancedFeaturesTest.preconditionFeatureUsingMuliJourneysWithData] INFO  [UI] - WebDriver closed successfully.
🤖 CYBORG 🤖 2025-11-30T17:47:04,459 [scenario=AdvancedFeaturesTest.preconditionFeatureUsingMuliJourneysWithData] INFO  [QUEST] - The quest of 'preconditionFeatureUsingMuliJourneysWithData(Quest)' has concluded with glory. Status: SUCCESS. Duration: 18 seconds.