 CYBORG  2025-11-30T17:47:11,722 [scenario=AdvancedFeaturesTest.storageFeatureUsingDataFromFluentSteps] INFO  [UI] - Creating driver using provider [ChromeDriverProvider]. Headless: [true], Remote: [true], Remote URL: [http://localhost:4444]
 CYBORG  2025-11-30T17:47:12,045 [scenario=AdvancedFeaturesTest.storageFeatureUsingDataFromFluentSteps] INFO  [QUEST] - The quest: 'storageFeatureUsingDataFromFluentSteps(Quest, Seller)' has begun and is crafted.
 CYBORG  2025-11-30T17:47:12,070 [scenario=AdvancedFeaturesTest.storageFeatureUsingDataFromFluentSteps] INFO  [QUEST] - The quest has used the ring: 'Custom'
 CYBORG  2025-11-30T17:47:12,072 [scenario=AdvancedFeaturesTest.storageFeatureUsingDataFromFluentSteps] INFO  [QUEST] - The quest has used the ring: 'io.cyborgcode.ui.complex.test.framework.ui.AppUiService'
 CYBORG  2025-11-30T17:47:12,483 [scenario=AdvancedFeaturesTest.storageFeatureUsingDataFromFluentSteps] STEP  [UI] - Inserting value: 'admin@vaadin.com' into input component of type: 'VA_INPUT_TYPE'.
 CYBORG  2025-11-30T17:47:12,802 [scenario=AdvancedFeaturesTest.storageFeatureUsingDataFromFluentSteps] STEP  [UI] - Inserting value: 'admin' into input component of type: 'VA_INPUT_TYPE'.
 CYBORG  2025-11-30T17:47:12,997 [scenario=AdvancedFeaturesTest.storageFeatureUsingDataFromFluentSteps] STEP  [UI] - Clicking button using locator: By.tagName: vaadin-button
 CYBORG  2025-11-30T17:47:13,637 [scenario=AdvancedFeaturesTest.storageFeatureUsingDataFromFluentSteps] STEP  [UI] - Checking if button is visible using locator: By.cssSelector: vaadin-button#action
 CYBORG  2025-11-30T17:47:23,919 [scenario=AdvancedFeaturesTest.storageFeatureUsingDataFromFluentSteps] VALIDATION [QUEST] - Starting hard validation...
 CYBORG  2025-11-30T17:47:23,921 [scenario=AdvancedFeaturesTest.storageFeatureUsingDataFromFluentSteps] VALIDATION [QUEST] - Hard validation completed successfully.
 CYBORG  2025-11-30T17:47:23,957 [scenario=AdvancedFeaturesTest.storageFeatureUsingDataFromFluentSteps] STEP  [UI] - Checking if input component of type: 'VA_INPUT_TYPE' is enabled.
 CYBORG  2025-11-30T17:47:24,016 [scenario=AdvancedFeaturesTest.storageFeatureUsingDataFromFluentSteps] VALIDATION [QUEST] - Starting hard validation...
 CYBORG  2025-11-30T17:47:24,018 [scenario=AdvancedFeaturesTest.storageFeatureUsingDataFromFluentSteps] VALIDATION [QUEST] - Hard validation completed successfully.
 CYBORG  2025-11-30T17:47:24,020 [scenario=AdvancedFeaturesTest.storageFeatureUsingDataFromFluentSteps] INFO  [QUEST] - The quest has dropped the ring.
 CYBORG  2025-11-30T17:47:24,021 [scenario=AdvancedFeaturesTest.storageFeatureUsingDataFromFluentSteps] INFO  [QUEST] - The quest has used the ring: 'io.cyborgcode.ui.complex.test.framework.ui.AppUiService'
 CYBORG  2025-11-30T17:47:24,068 [scenario=AdvancedFeaturesTest.storageFeatureUsingDataFromFluentSteps] STEP  [UI] - Clicking button using locator: By.cssSelector: vaadin-button#action
 CYBORG  2025-11-30T17:47:24,747 [scenario=AdvancedFeaturesTest.storageFeatureUsingDataFromFluentSteps] STEP  [UI] - Getting available options in container with locator By.cssSelector: vaadin-combo-box#pickupLocation for select component VA_SELECT_TYPE
 CYBORG  2025-11-30T17:47:25,115 [scenario=AdvancedFeaturesTest.storageFeatureUsingDataFromFluentSteps] VALIDATION [QUEST] - Starting hard validation...
 CYBORG  2025-11-30T17:47:25,119 [scenario=AdvancedFeaturesTest.storageFeatureUsingDataFromFluentSteps] VALIDATION [QUEST] - Hard validation completed successfully.
 CYBORG  2025-11-30T17:47:25,121 [scenario=AdvancedFeaturesTest.storageFeatureUsingDataFromFluentSteps] VALIDATION [QUEST] - Starting hard validation...
 CYBORG  2025-11-30T17:47:25,124 [scenario=AdvancedFeaturesTest.storageFeatureUsingDataFromFluentSteps] VALIDATION [QUEST] - Hard validation completed successfully.
 CYBORG  2025-11-30T17:47:25,126 [scenario=AdvancedFeaturesTest.storageFeatureUsingDataFromFluentSteps] INFO  [QUEST] - The quest has dropped the ring.
 CYBORG  2025-11-30T17:47:25,131 [scenario=AdvancedFeaturesTest.storageFeatureUsingDataFromFluentSteps] INFO  [QUEST] - The quest has reached his end
 CYBORG  2025-11-30T17:47:25,136 [scenario=AdvancedFeaturesTest.storageFeatureUsingDataFromFluentSteps] WARN  [UI] - Test failed. Taking screenshot for: storageFeatureUsingDataFromFluentSteps(Quest, Seller)
 CYBORG  2025-11-30T17:47:25,352 [scenario=AdvancedFeaturesTest.storageFeatureUsingDataFromFluentSteps] INFO  [QUEST] - Screenshot taken and stored for: storageFeatureUsingDataFromFluentSteps(Quest, Seller)
 CYBORG  2025-11-30T17:47:25,474 [scenario=AdvancedFeaturesTest.storageFeatureUsingDataFromFluentSteps] INFO  [UI] - WebDriver closed successfully.
 CYBORG  2025-11-30T17:47:25,478 [scenario=AdvancedFeaturesTest.storageFeatureUsingDataFromFluentSteps] INFO  [QUEST] - The quest of 'storageFeatureUsingDataFromFluentSteps(Quest, Seller)' has concluded with glory. Status: SUCCESS. Duration: 13 seconds.