 CYBORG  2025-11-30T17:47:05,447 [scenario=AdvancedFeaturesTest.storageFeatureUsingDataFromPreconditions] INFO  [UI] - Creating driver using provider [ChromeDriverProvider]. Headless: [true], Remote: [true], Remote URL: [http://localhost:4444]
 CYBORG  2025-11-30T17:47:05,779 [scenario=AdvancedFeaturesTest.storageFeatureUsingDataFromPreconditions] INFO  [QUEST] - The quest: 'storageFeatureUsingDataFromPreconditions(Quest)' has begun and is crafted.
 CYBORG  2025-11-30T17:47:05,782 [scenario=AdvancedFeaturesTest.storageFeatureUsingDataFromPreconditions] INFO  [QUEST] - The quest has used the ring: 'UI'
 CYBORG  2025-11-30T17:47:06,827 [scenario=AdvancedFeaturesTest.storageFeatureUsingDataFromPreconditions] INFO  [QUEST] - The quest has used the ring: 'Custom'
 CYBORG  2025-11-30T17:47:06,830 [scenario=AdvancedFeaturesTest.storageFeatureUsingDataFromPreconditions] INFO  [QUEST] - The quest has used the ring: 'io.cyborgcode.ui.complex.test.framework.ui.AppUiService'
 CYBORG  2025-11-30T17:47:06,940 [scenario=AdvancedFeaturesTest.storageFeatureUsingDataFromPreconditions] STEP  [UI] - Clicking button using locator: By.cssSelector: vaadin-button#action
 CYBORG  2025-11-30T17:47:07,399 [scenario=AdvancedFeaturesTest.storageFeatureUsingDataFromPreconditions] STEP  [UI] - Inserting value into component of type: 'VA_INPUT_TYPE' using locator.
 CYBORG  2025-11-30T17:47:07,402 [scenario=AdvancedFeaturesTest.storageFeatureUsingDataFromPreconditions] STEP  [UI] - Inserting value: 'John Terry' into input component of type: 'VA_INPUT_TYPE'.
 CYBORG  2025-11-30T17:47:07,801 [scenario=AdvancedFeaturesTest.storageFeatureUsingDataFromPreconditions] STEP  [UI] - Inserting value into component of type: 'VA_INPUT_TYPE' using locator.
 CYBORG  2025-11-30T17:47:07,804 [scenario=AdvancedFeaturesTest.storageFeatureUsingDataFromPreconditions] STEP  [UI] - Inserting value: 'Address' into input component of type: 'VA_INPUT_TYPE'.
 CYBORG  2025-11-30T17:47:08,056 [scenario=AdvancedFeaturesTest.storageFeatureUsingDataFromPreconditions] STEP  [UI] - Inserting value into component of type: 'VA_INPUT_TYPE' using locator.
 CYBORG  2025-11-30T17:47:08,059 [scenario=AdvancedFeaturesTest.storageFeatureUsingDataFromPreconditions] STEP  [UI] - Inserting value: '+1-555-7777' into input component of type: 'VA_INPUT_TYPE'.
 CYBORG  2025-11-30T17:47:08,305 [scenario=AdvancedFeaturesTest.storageFeatureUsingDataFromPreconditions] STEP  [UI] - Inserting values [Bakery] for select component VA_SELECT_TYPE using locator By.cssSelector: vaadin-combo-box#pickupLocation
 CYBORG  2025-11-30T17:47:08,307 [scenario=AdvancedFeaturesTest.storageFeatureUsingDataFromPreconditions] STEP  [UI] - Selecting options [Bakery] in container with locator By.cssSelector: vaadin-combo-box#pickupLocation for select component VA_SELECT_TYPE
 CYBORG  2025-11-30T17:47:08,817 [scenario=AdvancedFeaturesTest.storageFeatureUsingDataFromPreconditions] STEP  [UI] - Inserting values [Strawberry Bun] for select component VA_SELECT_TYPE using locator By.cssSelector: vaadin-combo-box#products
 CYBORG  2025-11-30T17:47:08,819 [scenario=AdvancedFeaturesTest.storageFeatureUsingDataFromPreconditions] STEP  [UI] - Selecting options [Strawberry Bun] in container with locator By.cssSelector: vaadin-combo-box#products for select component VA_SELECT_TYPE
 CYBORG  2025-11-30T17:47:09,213 [scenario=AdvancedFeaturesTest.storageFeatureUsingDataFromPreconditions] INFO  [UI] - Finished data insertion for [Order].
 CYBORG  2025-11-30T17:47:09,267 [scenario=AdvancedFeaturesTest.storageFeatureUsingDataFromPreconditions] STEP  [UI] - Clicking button using locator: By.cssSelector: vaadin-button#review
 CYBORG  2025-11-30T17:47:09,553 [scenario=AdvancedFeaturesTest.storageFeatureUsingDataFromPreconditions] STEP  [UI] - Clicking button using locator: By.cssSelector: vaadin-button#save
 CYBORG  2025-11-30T17:47:10,213 [scenario=AdvancedFeaturesTest.storageFeatureUsingDataFromPreconditions] INFO  [QUEST] - The quest has used the ring: 'Custom'
 CYBORG  2025-11-30T17:47:10,215 [scenario=AdvancedFeaturesTest.storageFeatureUsingDataFromPreconditions] INFO  [QUEST] - The quest has used the ring: 'io.cyborgcode.ui.complex.test.framework.ui.AppUiService'
 CYBORG  2025-11-30T17:47:10,257 [scenario=AdvancedFeaturesTest.storageFeatureUsingDataFromPreconditions] STEP  [UI] - Inserting value: 'John Terry' into input component of type: 'VA_INPUT_TYPE'.
 CYBORG  2025-11-30T17:47:10,495 [scenario=AdvancedFeaturesTest.storageFeatureUsingDataFromPreconditions] VALIDATION [QUEST] - Starting hard validation...
 CYBORG  2025-11-30T17:47:10,653 [scenario=AdvancedFeaturesTest.storageFeatureUsingDataFromPreconditions] VALIDATION [QUEST] - Hard validation completed successfully.
 CYBORG  2025-11-30T17:47:10,707 [scenario=AdvancedFeaturesTest.storageFeatureUsingDataFromPreconditions] STEP  [UI] - Clicking button using locator: By.cssSelector: vaadin-button#clear
 CYBORG  2025-11-30T17:47:11,363 [scenario=AdvancedFeaturesTest.storageFeatureUsingDataFromPreconditions] INFO  [QUEST] - The quest has dropped the ring.
 CYBORG  2025-11-30T17:47:11,365 [scenario=AdvancedFeaturesTest.storageFeatureUsingDataFromPreconditions] INFO  [QUEST] - The quest has reached his end
 CYBORG  2025-11-30T17:47:11,368 [scenario=AdvancedFeaturesTest.storageFeatureUsingDataFromPreconditions] WARN  [UI] - Test failed. Taking screenshot for: storageFeatureUsingDataFromPreconditions(Quest)
 CYBORG  2025-11-30T17:47:11,536 [scenario=AdvancedFeaturesTest.storageFeatureUsingDataFromPreconditions] INFO  [QUEST] - Screenshot taken and stored for: storageFeatureUsingDataFromPreconditions(Quest)
 CYBORG  2025-11-30T17:47:11,650 [scenario=AdvancedFeaturesTest.storageFeatureUsingDataFromPreconditions] INFO  [UI] - WebDriver closed successfully.
 CYBORG  2025-11-30T17:47:11,655 [scenario=AdvancedFeaturesTest.storageFeatureUsingDataFromPreconditions] INFO  [QUEST] - The quest of 'storageFeatureUsingDataFromPreconditions(Quest)' has concluded with glory. Status: SUCCESS. Duration: 6 seconds.