 CYBORG  2025-11-30T18:09:08,475 [scenario=AdvancedExamplesTest.showsSoftAssertionsAfterFindingUserByFirstNameFromStorage] EXTENDED [QUEST] - Service: 'io.cyborgcode.roa.framework.chain.FluentServiceDecorator' has been registered for the quest
 CYBORG  2025-11-30T18:09:08,557 [scenario=AdvancedExamplesTest.showsSoftAssertionsAfterFindingUserByFirstNameFromStorage] EXTENDED [QUEST] - Service: 'io.cyborgcode.roa.framework.chain.FluentServiceDecorator' has been registered for the quest
 CYBORG  2025-11-30T18:09:08,572 [scenario=AdvancedExamplesTest.showsSoftAssertionsAfterFindingUserByFirstNameFromStorage] EXTENDED [QUEST] - Service: 'io.cyborgcode.roa.framework.chain.FluentServiceDecorator' has been registered for the quest
 CYBORG  2025-11-30T18:09:08,588 [scenario=AdvancedExamplesTest.showsSoftAssertionsAfterFindingUserByFirstNameFromStorage] INFO  [QUEST] - The quest: 'showsSoftAssertionsAfterFindingUserByFirstNameFromStorage(Quest)' has begun and is crafted.
 CYBORG  2025-11-30T18:09:08,620 [scenario=AdvancedExamplesTest.showsSoftAssertionsAfterFindingUserByFirstNameFromStorage] INFO  [QUEST] - The quest has used the ring: 'API'
 CYBORG  2025-11-30T18:09:09,002 [scenario=AdvancedExamplesTest.showsSoftAssertionsAfterFindingUserByFirstNameFromStorage] INFO  [API] - Prepared RequestSpecification with pathParams: {}, queryParams: {page=2}, headers: {}
 CYBORG  2025-11-30T18:09:09,271 [scenario=AdvancedExamplesTest.showsSoftAssertionsAfterFindingUserByFirstNameFromStorage] STEP  [API] - Sending request to endpoint GET-https://reqres.in/api/users?page=2.
 CYBORG  2025-11-30T18:09:09,282 [scenario=AdvancedExamplesTest.showsSoftAssertionsAfterFindingUserByFirstNameFromStorage] EXTENDED [API] - Request body: .
 CYBORG  2025-11-30T18:09:09,289 [scenario=AdvancedExamplesTest.showsSoftAssertionsAfterFindingUserByFirstNameFromStorage] EXTENDED [API] - Request headers: Content-Type=application/json
 CYBORG  2025-11-30T18:09:09,953 [scenario=AdvancedExamplesTest.showsSoftAssertionsAfterFindingUserByFirstNameFromStorage] STEP  [API] - Response with status: 200 received from endpoint: GET-https://reqres.in/api/users?page=2 in 652ms.
 CYBORG  2025-11-30T18:09:09,981 [scenario=AdvancedExamplesTest.showsSoftAssertionsAfterFindingUserByFirstNameFromStorage] EXTENDED [API] - Response body: {
 CYBORG  2025-11-30T18:09:09,986 [scenario=AdvancedExamplesTest.showsSoftAssertionsAfterFindingUserByFirstNameFromStorage] EXTENDED [API] - Response headers: Date=Sun, 30 Nov 2025 18:09:09 GMT
 CYBORG  2025-11-30T18:09:09,998 [scenario=AdvancedExamplesTest.showsSoftAssertionsAfterFindingUserByFirstNameFromStorage] EXTENDED [QUEST] - Fetching data from storage by key: 'GET_ALL_USERS' and type: 'io.restassured.response.Response'
 CYBORG  2025-11-30T18:09:10,052 [scenario=AdvancedExamplesTest.showsSoftAssertionsAfterFindingUserByFirstNameFromStorage] INFO  [API] - Prepared RequestSpecification with pathParams: {id=9}, queryParams: {}, headers: {}
 CYBORG  2025-11-30T18:09:10,058 [scenario=AdvancedExamplesTest.showsSoftAssertionsAfterFindingUserByFirstNameFromStorage] STEP  [API] - Sending request to endpoint GET-https://reqres.in/api/users/9.
 CYBORG  2025-11-30T18:09:10,062 [scenario=AdvancedExamplesTest.showsSoftAssertionsAfterFindingUserByFirstNameFromStorage] EXTENDED [API] - Request body: .
 CYBORG  2025-11-30T18:09:10,065 [scenario=AdvancedExamplesTest.showsSoftAssertionsAfterFindingUserByFirstNameFromStorage] EXTENDED [API] - Request headers: Content-Type=application/json
 CYBORG  2025-11-30T18:09:10,389 [scenario=AdvancedExamplesTest.showsSoftAssertionsAfterFindingUserByFirstNameFromStorage] STEP  [API] - Response with status: 200 received from endpoint: GET-https://reqres.in/api/users/9 in 319ms.
 CYBORG  2025-11-30T18:09:10,401 [scenario=AdvancedExamplesTest.showsSoftAssertionsAfterFindingUserByFirstNameFromStorage] EXTENDED [API] - Response body: {
 CYBORG  2025-11-30T18:09:10,406 [scenario=AdvancedExamplesTest.showsSoftAssertionsAfterFindingUserByFirstNameFromStorage] EXTENDED [API] - Response headers: Date=Sun, 30 Nov 2025 18:09:10 GMT
 CYBORG  2025-11-30T18:09:10,422 [scenario=AdvancedExamplesTest.showsSoftAssertionsAfterFindingUserByFirstNameFromStorage] INFO  [QUEST] - The quest has dropped the ring.
 CYBORG  2025-11-30T18:09:10,437 [scenario=AdvancedExamplesTest.showsSoftAssertionsAfterFindingUserByFirstNameFromStorage] VALIDATION [QUEST] - Starting soft validation.
 CYBORG  2025-11-30T18:09:10,443 [scenario=AdvancedExamplesTest.showsSoftAssertionsAfterFindingUserByFirstNameFromStorage] EXTENDED [QUEST] - Fetching data from storage by key: 'GET_USER' and type: 'io.restassured.response.Response'
 CYBORG  2025-11-30T18:09:11,584 [scenario=AdvancedExamplesTest.showsSoftAssertionsAfterFindingUserByFirstNameFromStorage] INFO  [QUEST] - The quest has dropped the ring.
 CYBORG  2025-11-30T18:09:11,589 [scenario=AdvancedExamplesTest.showsSoftAssertionsAfterFindingUserByFirstNameFromStorage] INFO  [QUEST] - The quest has reached his end
 CYBORG  2025-11-30T18:09:11,606 [scenario=AdvancedExamplesTest.showsSoftAssertionsAfterFindingUserByFirstNameFromStorage] INFO  [QUEST] - The quest of 'showsSoftAssertionsAfterFindingUserByFirstNameFromStorage(Quest)' has concluded with glory. Status: SUCCESS. Duration: 3 seconds.