🤖 CYBORG 🤖 2025-11-30T18:09:02,001 [scenario=BasicToAdvancedEvolutionTest.showsJourneySetupWithRipperCleanup] EXTENDED [QUEST] - Service: 'io.cyborgcode.roa.framework.chain.FluentServiceDecorator' has been registered for the quest
🤖 CYBORG 🤖 2025-11-30T18:09:02,079 [scenario=BasicToAdvancedEvolutionTest.showsJourneySetupWithRipperCleanup] EXTENDED [QUEST] - Service: 'io.cyborgcode.roa.framework.chain.FluentServiceDecorator' has been registered for the quest
🤖 CYBORG 🤖 2025-11-30T18:09:02,091 [scenario=BasicToAdvancedEvolutionTest.showsJourneySetupWithRipperCleanup] EXTENDED [QUEST] - Service: 'io.cyborgcode.roa.framework.chain.FluentServiceDecorator' has been registered for the quest
🤖 CYBORG 🤖 2025-11-30T18:09:02,107 [scenario=BasicToAdvancedEvolutionTest.showsJourneySetupWithRipperCleanup] INFO  [QUEST] - The quest: 'showsJourneySetupWithRipperCleanup(Quest)' has begun and is crafted.
🤖 CYBORG 🤖 2025-11-30T18:09:02,123 [scenario=BasicToAdvancedEvolutionTest.showsJourneySetupWithRipperCleanup] EXTENDED [API] - Updated quest storage with credentials for username: eve.holt@reqres.in
🤖 CYBORG 🤖 2025-11-30T18:09:02,133 [scenario=BasicToAdvancedEvolutionTest.showsJourneySetupWithRipperCleanup] INFO  [QUEST] - The quest has used the ring: 'API'
🤖 CYBORG 🤖 2025-11-30T18:09:02,850 [scenario=BasicToAdvancedEvolutionTest.showsJourneySetupWithRipperCleanup] STEP  [API] - Sending request to endpoint POST-https://reqres.in/api/login.
🤖 CYBORG 🤖 2025-11-30T18:09:02,862 [scenario=BasicToAdvancedEvolutionTest.showsJourneySetupWithRipperCleanup] EXTENDED [API] - Request body: {
🤖 CYBORG 🤖 2025-11-30T18:09:02,878 [scenario=BasicToAdvancedEvolutionTest.showsJourneySetupWithRipperCleanup] EXTENDED [API] - Request headers: Content-Type=application/json
🤖 CYBORG 🤖 2025-11-30T18:09:03,664 [scenario=BasicToAdvancedEvolutionTest.showsJourneySetupWithRipperCleanup] STEP  [API] - Response with status: 200 received from endpoint: POST-https://reqres.in/api/login in 767ms.
🤖 CYBORG 🤖 2025-11-30T18:09:03,671 [scenario=BasicToAdvancedEvolutionTest.showsJourneySetupWithRipperCleanup] EXTENDED [API] - Response body: {
🤖 CYBORG 🤖 2025-11-30T18:09:03,675 [scenario=BasicToAdvancedEvolutionTest.showsJourneySetupWithRipperCleanup] EXTENDED [API] - Response headers: Date=Sun, 30 Nov 2025 18:09:03 GMT
🤖 CYBORG 🤖 2025-11-30T18:09:04,090 [scenario=BasicToAdvancedEvolutionTest.showsJourneySetupWithRipperCleanup] INFO  [API] - Successfully authenticated user: eve.holt@reqres.in
🤖 CYBORG 🤖 2025-11-30T18:09:04,296 [scenario=BasicToAdvancedEvolutionTest.showsJourneySetupWithRipperCleanup] EXTENDED [QUEST] - Creating data for: USER_LEADER
🤖 CYBORG 🤖 2025-11-30T18:09:04,327 [scenario=BasicToAdvancedEvolutionTest.showsJourneySetupWithRipperCleanup] INFO  [QUEST] - The quest has used the ring: 'API'
🤖 CYBORG 🤖 2025-11-30T18:09:04,364 [scenario=BasicToAdvancedEvolutionTest.showsJourneySetupWithRipperCleanup] STEP  [API] - Sending request to endpoint POST-https://reqres.in/api/users.
🤖 CYBORG 🤖 2025-11-30T18:09:04,370 [scenario=BasicToAdvancedEvolutionTest.showsJourneySetupWithRipperCleanup] EXTENDED [API] - Request body: {
🤖 CYBORG 🤖 2025-11-30T18:09:04,378 [scenario=BasicToAdvancedEvolutionTest.showsJourneySetupWithRipperCleanup] EXTENDED [API] - Request headers: Content-Type=application/json
🤖 CYBORG 🤖 2025-11-30T18:09:04,516 [scenario=BasicToAdvancedEvolutionTest.showsJourneySetupWithRipperCleanup] STEP  [API] - Response with status: 201 received from endpoint: POST-https://reqres.in/api/users in 125ms.
🤖 CYBORG 🤖 2025-11-30T18:09:04,523 [scenario=BasicToAdvancedEvolutionTest.showsJourneySetupWithRipperCleanup] EXTENDED [API] - Response body: {
🤖 CYBORG 🤖 2025-11-30T18:09:04,528 [scenario=BasicToAdvancedEvolutionTest.showsJourneySetupWithRipperCleanup] EXTENDED [API] - Response headers: Date=Sun, 30 Nov 2025 18:09:04 GMT
🤖 CYBORG 🤖 2025-11-30T18:09:04,535 [scenario=BasicToAdvancedEvolutionTest.showsJourneySetupWithRipperCleanup] INFO  [API] - Starting response validation with 1 assertion(s).
🤖 CYBORG 🤖 2025-11-30T18:09:04,539 [scenario=BasicToAdvancedEvolutionTest.showsJourneySetupWithRipperCleanup] EXTENDED [API] - Validation target: [{AssertionKeyForStatus=201}]
🤖 CYBORG 🤖 2025-11-30T18:09:04,545 [scenario=BasicToAdvancedEvolutionTest.showsJourneySetupWithRipperCleanup] VALIDATION [QUEST] - ✔ Validation passed: IS (Expected: 201, Actual: 201)
🤖 CYBORG 🤖 2025-11-30T18:09:04,604 [scenario=BasicToAdvancedEvolutionTest.showsJourneySetupWithRipperCleanup] EXTENDED [QUEST] - Creating data for: USER_INTERMEDIATE
🤖 CYBORG 🤖 2025-11-30T18:09:04,611 [scenario=BasicToAdvancedEvolutionTest.showsJourneySetupWithRipperCleanup] INFO  [QUEST] - The quest has used the ring: 'API'
🤖 CYBORG 🤖 2025-11-30T18:09:04,625 [scenario=BasicToAdvancedEvolutionTest.showsJourneySetupWithRipperCleanup] STEP  [API] - Sending request to endpoint POST-https://reqres.in/api/users.
🤖 CYBORG 🤖 2025-11-30T18:09:04,628 [scenario=BasicToAdvancedEvolutionTest.showsJourneySetupWithRipperCleanup] EXTENDED [API] - Request body: {
🤖 CYBORG 🤖 2025-11-30T18:09:04,631 [scenario=BasicToAdvancedEvolutionTest.showsJourneySetupWithRipperCleanup] EXTENDED [API] - Request headers: Content-Type=application/json
🤖 CYBORG 🤖 2025-11-30T18:09:04,775 [scenario=BasicToAdvancedEvolutionTest.showsJourneySetupWithRipperCleanup] STEP  [API] - Response with status: 201 received from endpoint: POST-https://reqres.in/api/users in 138ms.
🤖 CYBORG 🤖 2025-11-30T18:09:04,781 [scenario=BasicToAdvancedEvolutionTest.showsJourneySetupWithRipperCleanup] EXTENDED [API] - Response body: {
🤖 CYBORG 🤖 2025-11-30T18:09:04,786 [scenario=BasicToAdvancedEvolutionTest.showsJourneySetupWithRipperCleanup] EXTENDED [API] - Response headers: Date=Sun, 30 Nov 2025 18:09:04 GMT
🤖 CYBORG 🤖 2025-11-30T18:09:04,798 [scenario=BasicToAdvancedEvolutionTest.showsJourneySetupWithRipperCleanup] INFO  [API] - Starting response validation with 1 assertion(s).
🤖 CYBORG 🤖 2025-11-30T18:09:04,814 [scenario=BasicToAdvancedEvolutionTest.showsJourneySetupWithRipperCleanup] EXTENDED [API] - Validation target: [{AssertionKeyForStatus=201}]
🤖 CYBORG 🤖 2025-11-30T18:09:04,819 [scenario=BasicToAdvancedEvolutionTest.showsJourneySetupWithRipperCleanup] VALIDATION [QUEST] - ✔ Validation passed: IS (Expected: 201, Actual: 201)
🤖 CYBORG 🤖 2025-11-30T18:09:04,822 [scenario=BasicToAdvancedEvolutionTest.showsJourneySetupWithRipperCleanup] INFO  [QUEST] - The quest has used the ring: 'API'
🤖 CYBORG 🤖 2025-11-30T18:09:04,828 [scenario=BasicToAdvancedEvolutionTest.showsJourneySetupWithRipperCleanup] VALIDATION [QUEST] - Starting hard validation...
🤖 CYBORG 🤖 2025-11-30T18:09:04,834 [scenario=BasicToAdvancedEvolutionTest.showsJourneySetupWithRipperCleanup] EXTENDED [QUEST] - Fetching data from storage by key: 'POST_CREATE_USER' and type: 'io.restassured.response.Response'
🤖 CYBORG 🤖 2025-11-30T18:09:04,840 [scenario=BasicToAdvancedEvolutionTest.showsJourneySetupWithRipperCleanup] VALIDATION [QUEST] - Hard validation completed successfully.
🤖 CYBORG 🤖 2025-11-30T18:09:04,844 [scenario=BasicToAdvancedEvolutionTest.showsJourneySetupWithRipperCleanup] INFO  [QUEST] - The quest has dropped the ring.
🤖 CYBORG 🤖 2025-11-30T18:09:04,849 [scenario=BasicToAdvancedEvolutionTest.showsJourneySetupWithRipperCleanup] INFO  [QUEST] - The quest has reached his end
🤖 CYBORG 🤖 2025-11-30T18:09:04,854 [scenario=BasicToAdvancedEvolutionTest.showsJourneySetupWithRipperCleanup] INFO  [QUEST] - The ripper has arrived
🤖 CYBORG 🤖 2025-11-30T18:09:04,905 [scenario=BasicToAdvancedEvolutionTest.showsJourneySetupWithRipperCleanup] INFO  [QUEST] - The quest has used the ring: 'API'
🤖 CYBORG 🤖 2025-11-30T18:09:04,910 [scenario=BasicToAdvancedEvolutionTest.showsJourneySetupWithRipperCleanup] INFO  [API] - Prepared RequestSpecification with pathParams: {id=3}, queryParams: {}, headers: {}
🤖 CYBORG 🤖 2025-11-30T18:09:04,916 [scenario=BasicToAdvancedEvolutionTest.showsJourneySetupWithRipperCleanup] STEP  [API] - Sending request to endpoint DELETE-https://reqres.in/api/users/3.
🤖 CYBORG 🤖 2025-11-30T18:09:04,918 [scenario=BasicToAdvancedEvolutionTest.showsJourneySetupWithRipperCleanup] EXTENDED [API] - Request body: .
🤖 CYBORG 🤖 2025-11-30T18:09:04,924 [scenario=BasicToAdvancedEvolutionTest.showsJourneySetupWithRipperCleanup] EXTENDED [API] - Request headers: Content-Type=application/json
🤖 CYBORG 🤖 2025-11-30T18:09:05,064 [scenario=BasicToAdvancedEvolutionTest.showsJourneySetupWithRipperCleanup] STEP  [API] - Response with status: 204 received from endpoint: DELETE-https://reqres.in/api/users/3 in 136ms.
🤖 CYBORG 🤖 2025-11-30T18:09:05,069 [scenario=BasicToAdvancedEvolutionTest.showsJourneySetupWithRipperCleanup] EXTENDED [API] - Response body: .
🤖 CYBORG 🤖 2025-11-30T18:09:05,072 [scenario=BasicToAdvancedEvolutionTest.showsJourneySetupWithRipperCleanup] EXTENDED [API] - Response headers: Date=Sun, 30 Nov 2025 18:09:05 GMT
🤖 CYBORG 🤖 2025-11-30T18:09:05,092 [scenario=BasicToAdvancedEvolutionTest.showsJourneySetupWithRipperCleanup] INFO  [API] - Starting response validation with 1 assertion(s).
🤖 CYBORG 🤖 2025-11-30T18:09:05,097 [scenario=BasicToAdvancedEvolutionTest.showsJourneySetupWithRipperCleanup] EXTENDED [API] - Validation target: [{AssertionKeyForStatus=204}]
🤖 CYBORG 🤖 2025-11-30T18:09:05,102 [scenario=BasicToAdvancedEvolutionTest.showsJourneySetupWithRipperCleanup] VALIDATION [QUEST] - ✔ Validation passed: IS (Expected: 204, Actual: 204)
🤖 CYBORG 🤖 2025-11-30T18:09:05,105 [scenario=BasicToAdvancedEvolutionTest.showsJourneySetupWithRipperCleanup] INFO  [QUEST] - DataRipper processed target: 'DELETE_ADMIN_USER'.
🤖 CYBORG 🤖 2025-11-30T18:09:05,118 [scenario=BasicToAdvancedEvolutionTest.showsJourneySetupWithRipperCleanup] INFO  [QUEST] - The quest of 'showsJourneySetupWithRipperCleanup(Quest)' has concluded with glory. Status: SUCCESS. Duration: 3 seconds.