🤖 CYBORG 🤖 2025-11-30T18:09:02,001 [scenario=BasicToAdvancedEvolutionTest.showsPreconditionsWithJourneyDataSetup] EXTENDED [QUEST] - Service: 'io.cyborgcode.roa.framework.chain.FluentServiceDecorator' has been registered for the quest
🤖 CYBORG 🤖 2025-11-30T18:09:02,033 [scenario=BasicToAdvancedEvolutionTest.showsPreconditionsWithJourneyDataSetup] EXTENDED [QUEST] - Service: 'io.cyborgcode.roa.framework.chain.FluentServiceDecorator' has been registered for the quest
🤖 CYBORG 🤖 2025-11-30T18:09:02,057 [scenario=BasicToAdvancedEvolutionTest.showsPreconditionsWithJourneyDataSetup] EXTENDED [QUEST] - Service: 'io.cyborgcode.roa.framework.chain.FluentServiceDecorator' has been registered for the quest
🤖 CYBORG 🤖 2025-11-30T18:09:02,075 [scenario=BasicToAdvancedEvolutionTest.showsPreconditionsWithJourneyDataSetup] INFO  [QUEST] - The quest: 'showsPreconditionsWithJourneyDataSetup(Quest)' has begun and is crafted.
🤖 CYBORG 🤖 2025-11-30T18:09:02,093 [scenario=BasicToAdvancedEvolutionTest.showsPreconditionsWithJourneyDataSetup] EXTENDED [API] - Updated quest storage with credentials for username: eve.holt@reqres.in
🤖 CYBORG 🤖 2025-11-30T18:09:02,115 [scenario=BasicToAdvancedEvolutionTest.showsPreconditionsWithJourneyDataSetup] INFO  [QUEST] - The quest has used the ring: 'API'
🤖 CYBORG 🤖 2025-11-30T18:09:02,850 [scenario=BasicToAdvancedEvolutionTest.showsPreconditionsWithJourneyDataSetup] STEP  [API] - Sending request to endpoint POST-https://reqres.in/api/login.
🤖 CYBORG 🤖 2025-11-30T18:09:02,868 [scenario=BasicToAdvancedEvolutionTest.showsPreconditionsWithJourneyDataSetup] EXTENDED [API] - Request body: {
🤖 CYBORG 🤖 2025-11-30T18:09:02,882 [scenario=BasicToAdvancedEvolutionTest.showsPreconditionsWithJourneyDataSetup] EXTENDED [API] - Request headers: Content-Type=application/json
🤖 CYBORG 🤖 2025-11-30T18:09:03,668 [scenario=BasicToAdvancedEvolutionTest.showsPreconditionsWithJourneyDataSetup] STEP  [API] - Response with status: 200 received from endpoint: POST-https://reqres.in/api/login in 769ms.
🤖 CYBORG 🤖 2025-11-30T18:09:03,676 [scenario=BasicToAdvancedEvolutionTest.showsPreconditionsWithJourneyDataSetup] EXTENDED [API] - Response body: {
🤖 CYBORG 🤖 2025-11-30T18:09:03,683 [scenario=BasicToAdvancedEvolutionTest.showsPreconditionsWithJourneyDataSetup] EXTENDED [API] - Response headers: Date=Sun, 30 Nov 2025 18:09:03 GMT
🤖 CYBORG 🤖 2025-11-30T18:09:04,100 [scenario=BasicToAdvancedEvolutionTest.showsPreconditionsWithJourneyDataSetup] INFO  [API] - Successfully authenticated user: eve.holt@reqres.in
🤖 CYBORG 🤖 2025-11-30T18:09:04,270 [scenario=BasicToAdvancedEvolutionTest.showsPreconditionsWithJourneyDataSetup] EXTENDED [QUEST] - Creating data for: USER_LEADER
🤖 CYBORG 🤖 2025-11-30T18:09:04,329 [scenario=BasicToAdvancedEvolutionTest.showsPreconditionsWithJourneyDataSetup] INFO  [QUEST] - The quest has used the ring: 'API'
🤖 CYBORG 🤖 2025-11-30T18:09:04,340 [scenario=BasicToAdvancedEvolutionTest.showsPreconditionsWithJourneyDataSetup] STEP  [API] - Sending request to endpoint POST-https://reqres.in/api/users.
🤖 CYBORG 🤖 2025-11-30T18:09:04,360 [scenario=BasicToAdvancedEvolutionTest.showsPreconditionsWithJourneyDataSetup] EXTENDED [API] - Request body: {
🤖 CYBORG 🤖 2025-11-30T18:09:04,364 [scenario=BasicToAdvancedEvolutionTest.showsPreconditionsWithJourneyDataSetup] EXTENDED [API] - Request headers: Content-Type=application/json
🤖 CYBORG 🤖 2025-11-30T18:09:04,575 [scenario=BasicToAdvancedEvolutionTest.showsPreconditionsWithJourneyDataSetup] STEP  [API] - Response with status: 201 received from endpoint: POST-https://reqres.in/api/users in 189ms.
🤖 CYBORG 🤖 2025-11-30T18:09:04,583 [scenario=BasicToAdvancedEvolutionTest.showsPreconditionsWithJourneyDataSetup] EXTENDED [API] - Response body: {
🤖 CYBORG 🤖 2025-11-30T18:09:04,592 [scenario=BasicToAdvancedEvolutionTest.showsPreconditionsWithJourneyDataSetup] EXTENDED [API] - Response headers: Date=Sun, 30 Nov 2025 18:09:04 GMT
🤖 CYBORG 🤖 2025-11-30T18:09:04,600 [scenario=BasicToAdvancedEvolutionTest.showsPreconditionsWithJourneyDataSetup] INFO  [API] - Starting response validation with 1 assertion(s).
🤖 CYBORG 🤖 2025-11-30T18:09:04,609 [scenario=BasicToAdvancedEvolutionTest.showsPreconditionsWithJourneyDataSetup] EXTENDED [API] - Validation target: [{AssertionKeyForStatus=201}]
🤖 CYBORG 🤖 2025-11-30T18:09:04,615 [scenario=BasicToAdvancedEvolutionTest.showsPreconditionsWithJourneyDataSetup] VALIDATION [QUEST] - ✔ Validation passed: IS (Expected: 201, Actual: 201)
🤖 CYBORG 🤖 2025-11-30T18:09:04,696 [scenario=BasicToAdvancedEvolutionTest.showsPreconditionsWithJourneyDataSetup] EXTENDED [QUEST] - Creating data for: USER_INTERMEDIATE
🤖 CYBORG 🤖 2025-11-30T18:09:04,701 [scenario=BasicToAdvancedEvolutionTest.showsPreconditionsWithJourneyDataSetup] INFO  [QUEST] - The quest has used the ring: 'API'
🤖 CYBORG 🤖 2025-11-30T18:09:04,708 [scenario=BasicToAdvancedEvolutionTest.showsPreconditionsWithJourneyDataSetup] STEP  [API] - Sending request to endpoint POST-https://reqres.in/api/users.
🤖 CYBORG 🤖 2025-11-30T18:09:04,713 [scenario=BasicToAdvancedEvolutionTest.showsPreconditionsWithJourneyDataSetup] EXTENDED [API] - Request body: {
🤖 CYBORG 🤖 2025-11-30T18:09:04,716 [scenario=BasicToAdvancedEvolutionTest.showsPreconditionsWithJourneyDataSetup] EXTENDED [API] - Request headers: Content-Type=application/json
🤖 CYBORG 🤖 2025-11-30T18:09:04,931 [scenario=BasicToAdvancedEvolutionTest.showsPreconditionsWithJourneyDataSetup] STEP  [API] - Response with status: 201 received from endpoint: POST-https://reqres.in/api/users in 208ms.
🤖 CYBORG 🤖 2025-11-30T18:09:04,937 [scenario=BasicToAdvancedEvolutionTest.showsPreconditionsWithJourneyDataSetup] EXTENDED [API] - Response body: {
🤖 CYBORG 🤖 2025-11-30T18:09:04,941 [scenario=BasicToAdvancedEvolutionTest.showsPreconditionsWithJourneyDataSetup] EXTENDED [API] - Response headers: Date=Sun, 30 Nov 2025 18:09:04 GMT
🤖 CYBORG 🤖 2025-11-30T18:09:04,945 [scenario=BasicToAdvancedEvolutionTest.showsPreconditionsWithJourneyDataSetup] INFO  [API] - Starting response validation with 1 assertion(s).
🤖 CYBORG 🤖 2025-11-30T18:09:04,947 [scenario=BasicToAdvancedEvolutionTest.showsPreconditionsWithJourneyDataSetup] EXTENDED [API] - Validation target: [{AssertionKeyForStatus=201}]
🤖 CYBORG 🤖 2025-11-30T18:09:04,953 [scenario=BasicToAdvancedEvolutionTest.showsPreconditionsWithJourneyDataSetup] VALIDATION [QUEST] - ✔ Validation passed: IS (Expected: 201, Actual: 201)
🤖 CYBORG 🤖 2025-11-30T18:09:04,956 [scenario=BasicToAdvancedEvolutionTest.showsPreconditionsWithJourneyDataSetup] INFO  [QUEST] - The quest has used the ring: 'API'
🤖 CYBORG 🤖 2025-11-30T18:09:04,958 [scenario=BasicToAdvancedEvolutionTest.showsPreconditionsWithJourneyDataSetup] VALIDATION [QUEST] - Starting hard validation...
🤖 CYBORG 🤖 2025-11-30T18:09:04,960 [scenario=BasicToAdvancedEvolutionTest.showsPreconditionsWithJourneyDataSetup] EXTENDED [QUEST] - Fetching data from storage by key: 'POST_CREATE_USER' and type: 'io.restassured.response.Response'
🤖 CYBORG 🤖 2025-11-30T18:09:04,968 [scenario=BasicToAdvancedEvolutionTest.showsPreconditionsWithJourneyDataSetup] VALIDATION [QUEST] - Hard validation completed successfully.
🤖 CYBORG 🤖 2025-11-30T18:09:04,978 [scenario=BasicToAdvancedEvolutionTest.showsPreconditionsWithJourneyDataSetup] INFO  [API] - Prepared RequestSpecification with pathParams: {id=3}, queryParams: {}, headers: {}
🤖 CYBORG 🤖 2025-11-30T18:09:04,981 [scenario=BasicToAdvancedEvolutionTest.showsPreconditionsWithJourneyDataSetup] STEP  [API] - Sending request to endpoint DELETE-https://reqres.in/api/users/3.
🤖 CYBORG 🤖 2025-11-30T18:09:04,983 [scenario=BasicToAdvancedEvolutionTest.showsPreconditionsWithJourneyDataSetup] EXTENDED [API] - Request body: .
🤖 CYBORG 🤖 2025-11-30T18:09:04,990 [scenario=BasicToAdvancedEvolutionTest.showsPreconditionsWithJourneyDataSetup] EXTENDED [API] - Request headers: Content-Type=application/json
🤖 CYBORG 🤖 2025-11-30T18:09:05,123 [scenario=BasicToAdvancedEvolutionTest.showsPreconditionsWithJourneyDataSetup] STEP  [API] - Response with status: 204 received from endpoint: DELETE-https://reqres.in/api/users/3 in 130ms.
🤖 CYBORG 🤖 2025-11-30T18:09:05,129 [scenario=BasicToAdvancedEvolutionTest.showsPreconditionsWithJourneyDataSetup] EXTENDED [API] - Response body: .
🤖 CYBORG 🤖 2025-11-30T18:09:05,134 [scenario=BasicToAdvancedEvolutionTest.showsPreconditionsWithJourneyDataSetup] EXTENDED [API] - Response headers: Date=Sun, 30 Nov 2025 18:09:05 GMT
🤖 CYBORG 🤖 2025-11-30T18:09:05,141 [scenario=BasicToAdvancedEvolutionTest.showsPreconditionsWithJourneyDataSetup] INFO  [API] - Starting response validation with 1 assertion(s).
🤖 CYBORG 🤖 2025-11-30T18:09:05,146 [scenario=BasicToAdvancedEvolutionTest.showsPreconditionsWithJourneyDataSetup] EXTENDED [API] - Validation target: [{AssertionKeyForStatus=204}]
🤖 CYBORG 🤖 2025-11-30T18:09:05,151 [scenario=BasicToAdvancedEvolutionTest.showsPreconditionsWithJourneyDataSetup] VALIDATION [QUEST] - ✔ Validation passed: IS (Expected: 204, Actual: 204)
🤖 CYBORG 🤖 2025-11-30T18:09:05,154 [scenario=BasicToAdvancedEvolutionTest.showsPreconditionsWithJourneyDataSetup] INFO  [QUEST] - The quest has dropped the ring.
🤖 CYBORG 🤖 2025-11-30T18:09:05,159 [scenario=BasicToAdvancedEvolutionTest.showsPreconditionsWithJourneyDataSetup] INFO  [QUEST] - The quest has reached his end
🤖 CYBORG 🤖 2025-11-30T18:09:05,170 [scenario=BasicToAdvancedEvolutionTest.showsPreconditionsWithJourneyDataSetup] INFO  [QUEST] - The quest of 'showsPreconditionsWithJourneyDataSetup(Quest)' has concluded with glory. Status: SUCCESS. Duration: 3 seconds.