🤖 CYBORG 🤖 2025-11-30T18:09:02,002 [scenario=BasicToAdvancedEvolutionTest.showsEncapsulatedValidationUsingEvolutionRing] EXTENDED [QUEST] - Service: 'io.cyborgcode.roa.framework.chain.FluentServiceDecorator' has been registered for the quest
🤖 CYBORG 🤖 2025-11-30T18:09:02,093 [scenario=BasicToAdvancedEvolutionTest.showsEncapsulatedValidationUsingEvolutionRing] EXTENDED [QUEST] - Service: 'io.cyborgcode.roa.framework.chain.FluentServiceDecorator' has been registered for the quest
🤖 CYBORG 🤖 2025-11-30T18:09:02,104 [scenario=BasicToAdvancedEvolutionTest.showsEncapsulatedValidationUsingEvolutionRing] EXTENDED [QUEST] - Service: 'io.cyborgcode.roa.framework.chain.FluentServiceDecorator' has been registered for the quest
🤖 CYBORG 🤖 2025-11-30T18:09:02,116 [scenario=BasicToAdvancedEvolutionTest.showsEncapsulatedValidationUsingEvolutionRing] INFO  [QUEST] - The quest: 'showsEncapsulatedValidationUsingEvolutionRing(Quest)' has begun and is crafted.
🤖 CYBORG 🤖 2025-11-30T18:09:02,131 [scenario=BasicToAdvancedEvolutionTest.showsEncapsulatedValidationUsingEvolutionRing] EXTENDED [API] - Updated quest storage with credentials for username: eve.holt@reqres.in
🤖 CYBORG 🤖 2025-11-30T18:09:02,146 [scenario=BasicToAdvancedEvolutionTest.showsEncapsulatedValidationUsingEvolutionRing] INFO  [QUEST] - The quest has used the ring: 'API'
🤖 CYBORG 🤖 2025-11-30T18:09:02,851 [scenario=BasicToAdvancedEvolutionTest.showsEncapsulatedValidationUsingEvolutionRing] STEP  [API] - Sending request to endpoint POST-https://reqres.in/api/login.
🤖 CYBORG 🤖 2025-11-30T18:09:02,867 [scenario=BasicToAdvancedEvolutionTest.showsEncapsulatedValidationUsingEvolutionRing] EXTENDED [API] - Request body: {
🤖 CYBORG 🤖 2025-11-30T18:09:02,878 [scenario=BasicToAdvancedEvolutionTest.showsEncapsulatedValidationUsingEvolutionRing] EXTENDED [API] - Request headers: Content-Type=application/json
🤖 CYBORG 🤖 2025-11-30T18:09:03,666 [scenario=BasicToAdvancedEvolutionTest.showsEncapsulatedValidationUsingEvolutionRing] STEP  [API] - Response with status: 200 received from endpoint: POST-https://reqres.in/api/login in 768ms.
🤖 CYBORG 🤖 2025-11-30T18:09:03,673 [scenario=BasicToAdvancedEvolutionTest.showsEncapsulatedValidationUsingEvolutionRing] EXTENDED [API] - Response body: {
🤖 CYBORG 🤖 2025-11-30T18:09:03,683 [scenario=BasicToAdvancedEvolutionTest.showsEncapsulatedValidationUsingEvolutionRing] EXTENDED [API] - Response headers: Date=Sun, 30 Nov 2025 18:09:03 GMT
🤖 CYBORG 🤖 2025-11-30T18:09:04,091 [scenario=BasicToAdvancedEvolutionTest.showsEncapsulatedValidationUsingEvolutionRing] INFO  [API] - Successfully authenticated user: eve.holt@reqres.in
🤖 CYBORG 🤖 2025-11-30T18:09:04,310 [scenario=BasicToAdvancedEvolutionTest.showsEncapsulatedValidationUsingEvolutionRing] EXTENDED [QUEST] - Creating data for: USER_LEADER
🤖 CYBORG 🤖 2025-11-30T18:09:04,327 [scenario=BasicToAdvancedEvolutionTest.showsEncapsulatedValidationUsingEvolutionRing] INFO  [QUEST] - The quest has used the ring: 'API'
🤖 CYBORG 🤖 2025-11-30T18:09:04,338 [scenario=BasicToAdvancedEvolutionTest.showsEncapsulatedValidationUsingEvolutionRing] STEP  [API] - Sending request to endpoint POST-https://reqres.in/api/users.
🤖 CYBORG 🤖 2025-11-30T18:09:04,344 [scenario=BasicToAdvancedEvolutionTest.showsEncapsulatedValidationUsingEvolutionRing] EXTENDED [API] - Request body: {
🤖 CYBORG 🤖 2025-11-30T18:09:04,361 [scenario=BasicToAdvancedEvolutionTest.showsEncapsulatedValidationUsingEvolutionRing] EXTENDED [API] - Request headers: Content-Type=application/json
🤖 CYBORG 🤖 2025-11-30T18:09:04,589 [scenario=BasicToAdvancedEvolutionTest.showsEncapsulatedValidationUsingEvolutionRing] STEP  [API] - Response with status: 201 received from endpoint: POST-https://reqres.in/api/users in 208ms.
🤖 CYBORG 🤖 2025-11-30T18:09:04,596 [scenario=BasicToAdvancedEvolutionTest.showsEncapsulatedValidationUsingEvolutionRing] EXTENDED [API] - Response body: {
🤖 CYBORG 🤖 2025-11-30T18:09:04,601 [scenario=BasicToAdvancedEvolutionTest.showsEncapsulatedValidationUsingEvolutionRing] EXTENDED [API] - Response headers: Date=Sun, 30 Nov 2025 18:09:04 GMT
🤖 CYBORG 🤖 2025-11-30T18:09:04,613 [scenario=BasicToAdvancedEvolutionTest.showsEncapsulatedValidationUsingEvolutionRing] INFO  [API] - Starting response validation with 1 assertion(s).
🤖 CYBORG 🤖 2025-11-30T18:09:04,617 [scenario=BasicToAdvancedEvolutionTest.showsEncapsulatedValidationUsingEvolutionRing] EXTENDED [API] - Validation target: [{AssertionKeyForStatus=201}]
🤖 CYBORG 🤖 2025-11-30T18:09:04,621 [scenario=BasicToAdvancedEvolutionTest.showsEncapsulatedValidationUsingEvolutionRing] VALIDATION [QUEST] - ✔ Validation passed: IS (Expected: 201, Actual: 201)
🤖 CYBORG 🤖 2025-11-30T18:09:04,713 [scenario=BasicToAdvancedEvolutionTest.showsEncapsulatedValidationUsingEvolutionRing] EXTENDED [QUEST] - Creating data for: USER_INTERMEDIATE
🤖 CYBORG 🤖 2025-11-30T18:09:04,717 [scenario=BasicToAdvancedEvolutionTest.showsEncapsulatedValidationUsingEvolutionRing] INFO  [QUEST] - The quest has used the ring: 'API'
🤖 CYBORG 🤖 2025-11-30T18:09:04,728 [scenario=BasicToAdvancedEvolutionTest.showsEncapsulatedValidationUsingEvolutionRing] STEP  [API] - Sending request to endpoint POST-https://reqres.in/api/users.
🤖 CYBORG 🤖 2025-11-30T18:09:04,732 [scenario=BasicToAdvancedEvolutionTest.showsEncapsulatedValidationUsingEvolutionRing] EXTENDED [API] - Request body: {
🤖 CYBORG 🤖 2025-11-30T18:09:04,735 [scenario=BasicToAdvancedEvolutionTest.showsEncapsulatedValidationUsingEvolutionRing] EXTENDED [API] - Request headers: Content-Type=application/json
🤖 CYBORG 🤖 2025-11-30T18:09:04,867 [scenario=BasicToAdvancedEvolutionTest.showsEncapsulatedValidationUsingEvolutionRing] STEP  [API] - Response with status: 201 received from endpoint: POST-https://reqres.in/api/users in 128ms.
🤖 CYBORG 🤖 2025-11-30T18:09:04,874 [scenario=BasicToAdvancedEvolutionTest.showsEncapsulatedValidationUsingEvolutionRing] EXTENDED [API] - Response body: {
🤖 CYBORG 🤖 2025-11-30T18:09:04,880 [scenario=BasicToAdvancedEvolutionTest.showsEncapsulatedValidationUsingEvolutionRing] EXTENDED [API] - Response headers: Date=Sun, 30 Nov 2025 18:09:04 GMT
🤖 CYBORG 🤖 2025-11-30T18:09:04,887 [scenario=BasicToAdvancedEvolutionTest.showsEncapsulatedValidationUsingEvolutionRing] INFO  [API] - Starting response validation with 1 assertion(s).
🤖 CYBORG 🤖 2025-11-30T18:09:04,900 [scenario=BasicToAdvancedEvolutionTest.showsEncapsulatedValidationUsingEvolutionRing] EXTENDED [API] - Validation target: [{AssertionKeyForStatus=201}]
🤖 CYBORG 🤖 2025-11-30T18:09:04,903 [scenario=BasicToAdvancedEvolutionTest.showsEncapsulatedValidationUsingEvolutionRing] VALIDATION [QUEST] - ✔ Validation passed: IS (Expected: 201, Actual: 201)
🤖 CYBORG 🤖 2025-11-30T18:09:04,907 [scenario=BasicToAdvancedEvolutionTest.showsEncapsulatedValidationUsingEvolutionRing] INFO  [QUEST] - The quest has used the ring: 'Ring of Evolution'
🤖 CYBORG 🤖 2025-11-30T18:09:04,909 [scenario=BasicToAdvancedEvolutionTest.showsEncapsulatedValidationUsingEvolutionRing] INFO  [QUEST] - The quest has used the ring: 'API'
🤖 CYBORG 🤖 2025-11-30T18:09:04,914 [scenario=BasicToAdvancedEvolutionTest.showsEncapsulatedValidationUsingEvolutionRing] VALIDATION [QUEST] - Starting hard validation...
🤖 CYBORG 🤖 2025-11-30T18:09:04,919 [scenario=BasicToAdvancedEvolutionTest.showsEncapsulatedValidationUsingEvolutionRing] VALIDATION [QUEST] - Hard validation completed successfully.
🤖 CYBORG 🤖 2025-11-30T18:09:04,924 [scenario=BasicToAdvancedEvolutionTest.showsEncapsulatedValidationUsingEvolutionRing] INFO  [QUEST] - The quest has dropped the ring.
🤖 CYBORG 🤖 2025-11-30T18:09:04,927 [scenario=BasicToAdvancedEvolutionTest.showsEncapsulatedValidationUsingEvolutionRing] INFO  [QUEST] - The quest has reached his end
🤖 CYBORG 🤖 2025-11-30T18:09:04,930 [scenario=BasicToAdvancedEvolutionTest.showsEncapsulatedValidationUsingEvolutionRing] INFO  [QUEST] - The ripper has arrived
🤖 CYBORG 🤖 2025-11-30T18:09:04,967 [scenario=BasicToAdvancedEvolutionTest.showsEncapsulatedValidationUsingEvolutionRing] INFO  [QUEST] - The quest has used the ring: 'API'
🤖 CYBORG 🤖 2025-11-30T18:09:04,972 [scenario=BasicToAdvancedEvolutionTest.showsEncapsulatedValidationUsingEvolutionRing] INFO  [API] - Prepared RequestSpecification with pathParams: {id=3}, queryParams: {}, headers: {}
🤖 CYBORG 🤖 2025-11-30T18:09:04,976 [scenario=BasicToAdvancedEvolutionTest.showsEncapsulatedValidationUsingEvolutionRing] STEP  [API] - Sending request to endpoint DELETE-https://reqres.in/api/users/3.
🤖 CYBORG 🤖 2025-11-30T18:09:04,979 [scenario=BasicToAdvancedEvolutionTest.showsEncapsulatedValidationUsingEvolutionRing] EXTENDED [API] - Request body: .
🤖 CYBORG 🤖 2025-11-30T18:09:04,982 [scenario=BasicToAdvancedEvolutionTest.showsEncapsulatedValidationUsingEvolutionRing] EXTENDED [API] - Request headers: Content-Type=application/json
🤖 CYBORG 🤖 2025-11-30T18:09:05,116 [scenario=BasicToAdvancedEvolutionTest.showsEncapsulatedValidationUsingEvolutionRing] STEP  [API] - Response with status: 204 received from endpoint: DELETE-https://reqres.in/api/users/3 in 127ms.
🤖 CYBORG 🤖 2025-11-30T18:09:05,124 [scenario=BasicToAdvancedEvolutionTest.showsEncapsulatedValidationUsingEvolutionRing] EXTENDED [API] - Response body: .
🤖 CYBORG 🤖 2025-11-30T18:09:05,131 [scenario=BasicToAdvancedEvolutionTest.showsEncapsulatedValidationUsingEvolutionRing] EXTENDED [API] - Response headers: Date=Sun, 30 Nov 2025 18:09:05 GMT
🤖 CYBORG 🤖 2025-11-30T18:09:05,143 [scenario=BasicToAdvancedEvolutionTest.showsEncapsulatedValidationUsingEvolutionRing] INFO  [API] - Starting response validation with 1 assertion(s).
🤖 CYBORG 🤖 2025-11-30T18:09:05,148 [scenario=BasicToAdvancedEvolutionTest.showsEncapsulatedValidationUsingEvolutionRing] EXTENDED [API] - Validation target: [{AssertionKeyForStatus=204}]
🤖 CYBORG 🤖 2025-11-30T18:09:05,153 [scenario=BasicToAdvancedEvolutionTest.showsEncapsulatedValidationUsingEvolutionRing] VALIDATION [QUEST] - ✔ Validation passed: IS (Expected: 204, Actual: 204)
🤖 CYBORG 🤖 2025-11-30T18:09:05,156 [scenario=BasicToAdvancedEvolutionTest.showsEncapsulatedValidationUsingEvolutionRing] INFO  [QUEST] - DataRipper processed target: 'DELETE_ADMIN_USER'.
🤖 CYBORG 🤖 2025-11-30T18:09:05,164 [scenario=BasicToAdvancedEvolutionTest.showsEncapsulatedValidationUsingEvolutionRing] INFO  [QUEST] - The quest of 'showsEncapsulatedValidationUsingEvolutionRing(Quest)' has concluded with glory. Status: SUCCESS. Duration: 3 seconds.