🤖 CYBORG 🤖 2025-11-30T18:09:02,002 [scenario=BasicToAdvancedEvolutionTest.showsApiLevelAuthenticationWithAuthenticateViaApi] EXTENDED [QUEST] - Service: 'io.cyborgcode.roa.framework.chain.FluentServiceDecorator' has been registered for the quest
🤖 CYBORG 🤖 2025-11-30T18:09:02,087 [scenario=BasicToAdvancedEvolutionTest.showsApiLevelAuthenticationWithAuthenticateViaApi] EXTENDED [QUEST] - Service: 'io.cyborgcode.roa.framework.chain.FluentServiceDecorator' has been registered for the quest
🤖 CYBORG 🤖 2025-11-30T18:09:02,101 [scenario=BasicToAdvancedEvolutionTest.showsApiLevelAuthenticationWithAuthenticateViaApi] EXTENDED [QUEST] - Service: 'io.cyborgcode.roa.framework.chain.FluentServiceDecorator' has been registered for the quest
🤖 CYBORG 🤖 2025-11-30T18:09:02,115 [scenario=BasicToAdvancedEvolutionTest.showsApiLevelAuthenticationWithAuthenticateViaApi] INFO  [QUEST] - The quest: 'showsApiLevelAuthenticationWithAuthenticateViaApi(Quest)' has begun and is crafted.
🤖 CYBORG 🤖 2025-11-30T18:09:02,121 [scenario=BasicToAdvancedEvolutionTest.showsApiLevelAuthenticationWithAuthenticateViaApi] EXTENDED [API] - Updated quest storage with credentials for username: eve.holt@reqres.in
🤖 CYBORG 🤖 2025-11-30T18:09:02,133 [scenario=BasicToAdvancedEvolutionTest.showsApiLevelAuthenticationWithAuthenticateViaApi] INFO  [QUEST] - The quest has used the ring: 'API'
🤖 CYBORG 🤖 2025-11-30T18:09:02,854 [scenario=BasicToAdvancedEvolutionTest.showsApiLevelAuthenticationWithAuthenticateViaApi] STEP  [API] - Sending request to endpoint POST-https://reqres.in/api/login.
🤖 CYBORG 🤖 2025-11-30T18:09:02,868 [scenario=BasicToAdvancedEvolutionTest.showsApiLevelAuthenticationWithAuthenticateViaApi] EXTENDED [API] - Request body: {
🤖 CYBORG 🤖 2025-11-30T18:09:02,880 [scenario=BasicToAdvancedEvolutionTest.showsApiLevelAuthenticationWithAuthenticateViaApi] EXTENDED [API] - Request headers: Content-Type=application/json
🤖 CYBORG 🤖 2025-11-30T18:09:03,612 [scenario=BasicToAdvancedEvolutionTest.showsApiLevelAuthenticationWithAuthenticateViaApi] STEP  [API] - Response with status: 200 received from endpoint: POST-https://reqres.in/api/login in 712ms.
🤖 CYBORG 🤖 2025-11-30T18:09:03,631 [scenario=BasicToAdvancedEvolutionTest.showsApiLevelAuthenticationWithAuthenticateViaApi] EXTENDED [API] - Response body: {
🤖 CYBORG 🤖 2025-11-30T18:09:03,636 [scenario=BasicToAdvancedEvolutionTest.showsApiLevelAuthenticationWithAuthenticateViaApi] EXTENDED [API] - Response headers: Date=Sun, 30 Nov 2025 18:09:03 GMT
🤖 CYBORG 🤖 2025-11-30T18:09:04,094 [scenario=BasicToAdvancedEvolutionTest.showsApiLevelAuthenticationWithAuthenticateViaApi] INFO  [API] - Successfully authenticated user: eve.holt@reqres.in
🤖 CYBORG 🤖 2025-11-30T18:09:04,107 [scenario=BasicToAdvancedEvolutionTest.showsApiLevelAuthenticationWithAuthenticateViaApi] INFO  [QUEST] - The quest has used the ring: 'API'
🤖 CYBORG 🤖 2025-11-30T18:09:04,175 [scenario=BasicToAdvancedEvolutionTest.showsApiLevelAuthenticationWithAuthenticateViaApi] STEP  [API] - Sending request to endpoint POST-https://reqres.in/api/users.
🤖 CYBORG 🤖 2025-11-30T18:09:04,201 [scenario=BasicToAdvancedEvolutionTest.showsApiLevelAuthenticationWithAuthenticateViaApi] EXTENDED [API] - Request body: {
🤖 CYBORG 🤖 2025-11-30T18:09:04,209 [scenario=BasicToAdvancedEvolutionTest.showsApiLevelAuthenticationWithAuthenticateViaApi] EXTENDED [API] - Request headers: Content-Type=application/json
🤖 CYBORG 🤖 2025-11-30T18:09:04,458 [scenario=BasicToAdvancedEvolutionTest.showsApiLevelAuthenticationWithAuthenticateViaApi] STEP  [API] - Response with status: 201 received from endpoint: POST-https://reqres.in/api/users in 219ms.
🤖 CYBORG 🤖 2025-11-30T18:09:04,463 [scenario=BasicToAdvancedEvolutionTest.showsApiLevelAuthenticationWithAuthenticateViaApi] EXTENDED [API] - Response body: {
🤖 CYBORG 🤖 2025-11-30T18:09:04,466 [scenario=BasicToAdvancedEvolutionTest.showsApiLevelAuthenticationWithAuthenticateViaApi] EXTENDED [API] - Response headers: Date=Sun, 30 Nov 2025 18:09:04 GMT
🤖 CYBORG 🤖 2025-11-30T18:09:04,472 [scenario=BasicToAdvancedEvolutionTest.showsApiLevelAuthenticationWithAuthenticateViaApi] INFO  [API] - Starting response validation with 1 assertion(s).
🤖 CYBORG 🤖 2025-11-30T18:09:04,477 [scenario=BasicToAdvancedEvolutionTest.showsApiLevelAuthenticationWithAuthenticateViaApi] EXTENDED [API] - Validation target: [{AssertionKeyForStatus=201}]
🤖 CYBORG 🤖 2025-11-30T18:09:04,485 [scenario=BasicToAdvancedEvolutionTest.showsApiLevelAuthenticationWithAuthenticateViaApi] VALIDATION [QUEST] - ✔ Validation passed: IS (Expected: 201, Actual: 201)
🤖 CYBORG 🤖 2025-11-30T18:09:04,529 [scenario=BasicToAdvancedEvolutionTest.showsApiLevelAuthenticationWithAuthenticateViaApi] STEP  [API] - Sending request to endpoint POST-https://reqres.in/api/users.
🤖 CYBORG 🤖 2025-11-30T18:09:04,534 [scenario=BasicToAdvancedEvolutionTest.showsApiLevelAuthenticationWithAuthenticateViaApi] EXTENDED [API] - Request body: {
🤖 CYBORG 🤖 2025-11-30T18:09:04,538 [scenario=BasicToAdvancedEvolutionTest.showsApiLevelAuthenticationWithAuthenticateViaApi] EXTENDED [API] - Request headers: Content-Type=application/json
🤖 CYBORG 🤖 2025-11-30T18:09:04,746 [scenario=BasicToAdvancedEvolutionTest.showsApiLevelAuthenticationWithAuthenticateViaApi] STEP  [API] - Response with status: 201 received from endpoint: POST-https://reqres.in/api/users in 204ms.
🤖 CYBORG 🤖 2025-11-30T18:09:04,750 [scenario=BasicToAdvancedEvolutionTest.showsApiLevelAuthenticationWithAuthenticateViaApi] EXTENDED [API] - Response body: {
🤖 CYBORG 🤖 2025-11-30T18:09:04,753 [scenario=BasicToAdvancedEvolutionTest.showsApiLevelAuthenticationWithAuthenticateViaApi] EXTENDED [API] - Response headers: Date=Sun, 30 Nov 2025 18:09:04 GMT
🤖 CYBORG 🤖 2025-11-30T18:09:04,759 [scenario=BasicToAdvancedEvolutionTest.showsApiLevelAuthenticationWithAuthenticateViaApi] INFO  [API] - Starting response validation with 1 assertion(s).
🤖 CYBORG 🤖 2025-11-30T18:09:04,762 [scenario=BasicToAdvancedEvolutionTest.showsApiLevelAuthenticationWithAuthenticateViaApi] EXTENDED [API] - Validation target: [{AssertionKeyForStatus=201}]
🤖 CYBORG 🤖 2025-11-30T18:09:04,766 [scenario=BasicToAdvancedEvolutionTest.showsApiLevelAuthenticationWithAuthenticateViaApi] VALIDATION [QUEST] - ✔ Validation passed: IS (Expected: 201, Actual: 201)
🤖 CYBORG 🤖 2025-11-30T18:09:04,770 [scenario=BasicToAdvancedEvolutionTest.showsApiLevelAuthenticationWithAuthenticateViaApi] VALIDATION [QUEST] - Starting hard validation...
🤖 CYBORG 🤖 2025-11-30T18:09:04,775 [scenario=BasicToAdvancedEvolutionTest.showsApiLevelAuthenticationWithAuthenticateViaApi] EXTENDED [QUEST] - Fetching data from storage by key: 'POST_CREATE_USER' and type: 'io.restassured.response.Response'
🤖 CYBORG 🤖 2025-11-30T18:09:04,828 [scenario=BasicToAdvancedEvolutionTest.showsApiLevelAuthenticationWithAuthenticateViaApi] VALIDATION [QUEST] - Hard validation completed successfully.
🤖 CYBORG 🤖 2025-11-30T18:09:04,844 [scenario=BasicToAdvancedEvolutionTest.showsApiLevelAuthenticationWithAuthenticateViaApi] INFO  [API] - Prepared RequestSpecification with pathParams: {id=3}, queryParams: {}, headers: {}
🤖 CYBORG 🤖 2025-11-30T18:09:04,852 [scenario=BasicToAdvancedEvolutionTest.showsApiLevelAuthenticationWithAuthenticateViaApi] STEP  [API] - Sending request to endpoint DELETE-https://reqres.in/api/users/3.
🤖 CYBORG 🤖 2025-11-30T18:09:04,855 [scenario=BasicToAdvancedEvolutionTest.showsApiLevelAuthenticationWithAuthenticateViaApi] EXTENDED [API] - Request body: .
🤖 CYBORG 🤖 2025-11-30T18:09:04,857 [scenario=BasicToAdvancedEvolutionTest.showsApiLevelAuthenticationWithAuthenticateViaApi] EXTENDED [API] - Request headers: Content-Type=application/json
🤖 CYBORG 🤖 2025-11-30T18:09:05,010 [scenario=BasicToAdvancedEvolutionTest.showsApiLevelAuthenticationWithAuthenticateViaApi] STEP  [API] - Response with status: 204 received from endpoint: DELETE-https://reqres.in/api/users/3 in 149ms.
🤖 CYBORG 🤖 2025-11-30T18:09:05,016 [scenario=BasicToAdvancedEvolutionTest.showsApiLevelAuthenticationWithAuthenticateViaApi] EXTENDED [API] - Response body: .
🤖 CYBORG 🤖 2025-11-30T18:09:05,019 [scenario=BasicToAdvancedEvolutionTest.showsApiLevelAuthenticationWithAuthenticateViaApi] EXTENDED [API] - Response headers: Date=Sun, 30 Nov 2025 18:09:05 GMT
🤖 CYBORG 🤖 2025-11-30T18:09:05,028 [scenario=BasicToAdvancedEvolutionTest.showsApiLevelAuthenticationWithAuthenticateViaApi] INFO  [API] - Starting response validation with 1 assertion(s).
🤖 CYBORG 🤖 2025-11-30T18:09:05,032 [scenario=BasicToAdvancedEvolutionTest.showsApiLevelAuthenticationWithAuthenticateViaApi] EXTENDED [API] - Validation target: [{AssertionKeyForStatus=204}]
🤖 CYBORG 🤖 2025-11-30T18:09:05,034 [scenario=BasicToAdvancedEvolutionTest.showsApiLevelAuthenticationWithAuthenticateViaApi] VALIDATION [QUEST] - ✔ Validation passed: IS (Expected: 204, Actual: 204)
🤖 CYBORG 🤖 2025-11-30T18:09:05,036 [scenario=BasicToAdvancedEvolutionTest.showsApiLevelAuthenticationWithAuthenticateViaApi] INFO  [QUEST] - The quest has dropped the ring.
🤖 CYBORG 🤖 2025-11-30T18:09:05,039 [scenario=BasicToAdvancedEvolutionTest.showsApiLevelAuthenticationWithAuthenticateViaApi] INFO  [QUEST] - The quest has reached his end
🤖 CYBORG 🤖 2025-11-30T18:09:05,051 [scenario=BasicToAdvancedEvolutionTest.showsApiLevelAuthenticationWithAuthenticateViaApi] INFO  [QUEST] - The quest of 'showsApiLevelAuthenticationWithAuthenticateViaApi(Quest)' has concluded with glory. Status: SUCCESS. Duration: 3 seconds.