🤖 CYBORG 🤖 2025-11-30T18:09:08,475 [scenario=AdvancedExamplesTest.showsMixOfCraftAndLateCraftInChainedFlow] EXTENDED [QUEST] - Service: 'io.cyborgcode.roa.framework.chain.FluentServiceDecorator' has been registered for the quest
🤖 CYBORG 🤖 2025-11-30T18:09:08,560 [scenario=AdvancedExamplesTest.showsMixOfCraftAndLateCraftInChainedFlow] EXTENDED [QUEST] - Service: 'io.cyborgcode.roa.framework.chain.FluentServiceDecorator' has been registered for the quest
🤖 CYBORG 🤖 2025-11-30T18:09:08,576 [scenario=AdvancedExamplesTest.showsMixOfCraftAndLateCraftInChainedFlow] EXTENDED [QUEST] - Service: 'io.cyborgcode.roa.framework.chain.FluentServiceDecorator' has been registered for the quest
🤖 CYBORG 🤖 2025-11-30T18:09:08,590 [scenario=AdvancedExamplesTest.showsMixOfCraftAndLateCraftInChainedFlow] INFO  [QUEST] - The quest: 'showsMixOfCraftAndLateCraftInChainedFlow(Quest, CreateUserDto, Late)' has begun and is crafted.
🤖 CYBORG 🤖 2025-11-30T18:09:08,724 [scenario=AdvancedExamplesTest.showsMixOfCraftAndLateCraftInChainedFlow] INFO  [QUEST] - The quest has used the ring: 'API'
🤖 CYBORG 🤖 2025-11-30T18:09:09,347 [scenario=AdvancedExamplesTest.showsMixOfCraftAndLateCraftInChainedFlow] STEP  [API] - Sending request to endpoint POST-https://reqres.in/api/users.
🤖 CYBORG 🤖 2025-11-30T18:09:09,365 [scenario=AdvancedExamplesTest.showsMixOfCraftAndLateCraftInChainedFlow] EXTENDED [API] - Request body: {
🤖 CYBORG 🤖 2025-11-30T18:09:09,379 [scenario=AdvancedExamplesTest.showsMixOfCraftAndLateCraftInChainedFlow] EXTENDED [API] - Request headers: Content-Type=application/json
🤖 CYBORG 🤖 2025-11-30T18:09:10,202 [scenario=AdvancedExamplesTest.showsMixOfCraftAndLateCraftInChainedFlow] STEP  [API] - Response with status: 201 received from endpoint: POST-https://reqres.in/api/users in 795ms.
🤖 CYBORG 🤖 2025-11-30T18:09:10,217 [scenario=AdvancedExamplesTest.showsMixOfCraftAndLateCraftInChainedFlow] EXTENDED [API] - Response body: {
🤖 CYBORG 🤖 2025-11-30T18:09:10,223 [scenario=AdvancedExamplesTest.showsMixOfCraftAndLateCraftInChainedFlow] EXTENDED [API] - Response headers: Date=Sun, 30 Nov 2025 18:09:10 GMT
🤖 CYBORG 🤖 2025-11-30T18:09:10,234 [scenario=AdvancedExamplesTest.showsMixOfCraftAndLateCraftInChainedFlow] INFO  [API] - Starting response validation with 3 assertion(s).
🤖 CYBORG 🤖 2025-11-30T18:09:10,665 [scenario=AdvancedExamplesTest.showsMixOfCraftAndLateCraftInChainedFlow] EXTENDED [API] - Validation target: [{name=Morpheus, job=Leader, AssertionKeyForStatus=201}]
🤖 CYBORG 🤖 2025-11-30T18:09:10,676 [scenario=AdvancedExamplesTest.showsMixOfCraftAndLateCraftInChainedFlow] VALIDATION [QUEST] - ✔ Validation passed: IS (Expected: 201, Actual: 201)
🤖 CYBORG 🤖 2025-11-30T18:09:10,724 [scenario=AdvancedExamplesTest.showsMixOfCraftAndLateCraftInChainedFlow] VALIDATION [QUEST] - ✔ Validation passed: IS (Expected: Morpheus, Actual: Morpheus)
🤖 CYBORG 🤖 2025-11-30T18:09:11,077 [scenario=AdvancedExamplesTest.showsMixOfCraftAndLateCraftInChainedFlow] VALIDATION [QUEST] - ✔ Validation passed: IS (Expected: Leader, Actual: Leader)
🤖 CYBORG 🤖 2025-11-30T18:09:11,092 [scenario=AdvancedExamplesTest.showsMixOfCraftAndLateCraftInChainedFlow] STEP  [API] - Sending request to endpoint POST-https://reqres.in/api/users.
🤖 CYBORG 🤖 2025-11-30T18:09:11,095 [scenario=AdvancedExamplesTest.showsMixOfCraftAndLateCraftInChainedFlow] EXTENDED [API] - Request body: {
🤖 CYBORG 🤖 2025-11-30T18:09:11,101 [scenario=AdvancedExamplesTest.showsMixOfCraftAndLateCraftInChainedFlow] EXTENDED [API] - Request headers: Content-Type=application/json
🤖 CYBORG 🤖 2025-11-30T18:09:11,314 [scenario=AdvancedExamplesTest.showsMixOfCraftAndLateCraftInChainedFlow] STEP  [API] - Response with status: 201 received from endpoint: POST-https://reqres.in/api/users in 203ms.
🤖 CYBORG 🤖 2025-11-30T18:09:11,318 [scenario=AdvancedExamplesTest.showsMixOfCraftAndLateCraftInChainedFlow] EXTENDED [API] - Response body: {
🤖 CYBORG 🤖 2025-11-30T18:09:11,323 [scenario=AdvancedExamplesTest.showsMixOfCraftAndLateCraftInChainedFlow] EXTENDED [API] - Response headers: Date=Sun, 30 Nov 2025 18:09:11 GMT
🤖 CYBORG 🤖 2025-11-30T18:09:11,331 [scenario=AdvancedExamplesTest.showsMixOfCraftAndLateCraftInChainedFlow] INFO  [API] - Starting response validation with 3 assertion(s).
🤖 CYBORG 🤖 2025-11-30T18:09:11,370 [scenario=AdvancedExamplesTest.showsMixOfCraftAndLateCraftInChainedFlow] EXTENDED [API] - Validation target: [{name=Mr. Morpheus, job=Senior Leader, AssertionKeyForStatus=201}]
🤖 CYBORG 🤖 2025-11-30T18:09:11,378 [scenario=AdvancedExamplesTest.showsMixOfCraftAndLateCraftInChainedFlow] VALIDATION [QUEST] - ✔ Validation passed: IS (Expected: 201, Actual: 201)
🤖 CYBORG 🤖 2025-11-30T18:09:11,383 [scenario=AdvancedExamplesTest.showsMixOfCraftAndLateCraftInChainedFlow] VALIDATION [QUEST] - ✔ Validation passed: IS (Expected: Mr. Morpheus, Actual: Mr. Morpheus)
🤖 CYBORG 🤖 2025-11-30T18:09:11,389 [scenario=AdvancedExamplesTest.showsMixOfCraftAndLateCraftInChainedFlow] VALIDATION [QUEST] - ✔ Validation passed: IS (Expected: Senior Leader, Actual: Senior Leader)
🤖 CYBORG 🤖 2025-11-30T18:09:11,394 [scenario=AdvancedExamplesTest.showsMixOfCraftAndLateCraftInChainedFlow] INFO  [QUEST] - The quest has dropped the ring.
🤖 CYBORG 🤖 2025-11-30T18:09:11,400 [scenario=AdvancedExamplesTest.showsMixOfCraftAndLateCraftInChainedFlow] INFO  [QUEST] - The quest has reached his end
🤖 CYBORG 🤖 2025-11-30T18:09:11,412 [scenario=AdvancedExamplesTest.showsMixOfCraftAndLateCraftInChainedFlow] INFO  [QUEST] - The quest of 'showsMixOfCraftAndLateCraftInChainedFlow(Quest, CreateUserDto, Late)' has concluded with glory. Status: SUCCESS. Duration: 2 seconds.