🤖 CYBORG 🤖 2025-11-30T18:09:11,754 [scenario=AdvancedExamplesTest.showsChainedRequestsAndUsingStorage] EXTENDED [QUEST] - Service: 'io.cyborgcode.roa.framework.chain.FluentServiceDecorator' has been registered for the quest
🤖 CYBORG 🤖 2025-11-30T18:09:11,757 [scenario=AdvancedExamplesTest.showsChainedRequestsAndUsingStorage] EXTENDED [QUEST] - Service: 'io.cyborgcode.roa.framework.chain.FluentServiceDecorator' has been registered for the quest
🤖 CYBORG 🤖 2025-11-30T18:09:11,760 [scenario=AdvancedExamplesTest.showsChainedRequestsAndUsingStorage] EXTENDED [QUEST] - Service: 'io.cyborgcode.roa.framework.chain.FluentServiceDecorator' has been registered for the quest
🤖 CYBORG 🤖 2025-11-30T18:09:11,768 [scenario=AdvancedExamplesTest.showsChainedRequestsAndUsingStorage] INFO  [QUEST] - The quest: 'showsChainedRequestsAndUsingStorage(Quest)' has begun and is crafted.
🤖 CYBORG 🤖 2025-11-30T18:09:11,779 [scenario=AdvancedExamplesTest.showsChainedRequestsAndUsingStorage] INFO  [QUEST] - The quest has used the ring: 'API'
🤖 CYBORG 🤖 2025-11-30T18:09:11,788 [scenario=AdvancedExamplesTest.showsChainedRequestsAndUsingStorage] INFO  [API] - Prepared RequestSpecification with pathParams: {}, queryParams: {page=2}, headers: {}
🤖 CYBORG 🤖 2025-11-30T18:09:11,801 [scenario=AdvancedExamplesTest.showsChainedRequestsAndUsingStorage] STEP  [API] - Sending request to endpoint GET-https://reqres.in/api/users?page=2.
🤖 CYBORG 🤖 2025-11-30T18:09:11,807 [scenario=AdvancedExamplesTest.showsChainedRequestsAndUsingStorage] EXTENDED [API] - Request body: .
🤖 CYBORG 🤖 2025-11-30T18:09:11,814 [scenario=AdvancedExamplesTest.showsChainedRequestsAndUsingStorage] EXTENDED [API] - Request headers: Content-Type=application/json
🤖 CYBORG 🤖 2025-11-30T18:09:11,872 [scenario=AdvancedExamplesTest.showsChainedRequestsAndUsingStorage] STEP  [API] - Response with status: 200 received from endpoint: GET-https://reqres.in/api/users?page=2 in 54ms.
🤖 CYBORG 🤖 2025-11-30T18:09:11,886 [scenario=AdvancedExamplesTest.showsChainedRequestsAndUsingStorage] EXTENDED [API] - Response body: {
🤖 CYBORG 🤖 2025-11-30T18:09:11,888 [scenario=AdvancedExamplesTest.showsChainedRequestsAndUsingStorage] EXTENDED [API] - Response headers: Date=Sun, 30 Nov 2025 18:09:11 GMT
🤖 CYBORG 🤖 2025-11-30T18:09:11,898 [scenario=AdvancedExamplesTest.showsChainedRequestsAndUsingStorage] EXTENDED [QUEST] - Fetching data from storage by key: 'GET_ALL_USERS' and type: 'io.restassured.response.Response'
🤖 CYBORG 🤖 2025-11-30T18:09:11,914 [scenario=AdvancedExamplesTest.showsChainedRequestsAndUsingStorage] INFO  [API] - Prepared RequestSpecification with pathParams: {id=7}, queryParams: {}, headers: {}
🤖 CYBORG 🤖 2025-11-30T18:09:11,921 [scenario=AdvancedExamplesTest.showsChainedRequestsAndUsingStorage] STEP  [API] - Sending request to endpoint GET-https://reqres.in/api/users/7.
🤖 CYBORG 🤖 2025-11-30T18:09:11,931 [scenario=AdvancedExamplesTest.showsChainedRequestsAndUsingStorage] EXTENDED [API] - Request body: .
🤖 CYBORG 🤖 2025-11-30T18:09:11,936 [scenario=AdvancedExamplesTest.showsChainedRequestsAndUsingStorage] EXTENDED [API] - Request headers: Content-Type=application/json
🤖 CYBORG 🤖 2025-11-30T18:09:12,264 [scenario=AdvancedExamplesTest.showsChainedRequestsAndUsingStorage] STEP  [API] - Response with status: 200 received from endpoint: GET-https://reqres.in/api/users/7 in 322ms.
🤖 CYBORG 🤖 2025-11-30T18:09:12,281 [scenario=AdvancedExamplesTest.showsChainedRequestsAndUsingStorage] EXTENDED [API] - Response body: {
🤖 CYBORG 🤖 2025-11-30T18:09:12,286 [scenario=AdvancedExamplesTest.showsChainedRequestsAndUsingStorage] EXTENDED [API] - Response headers: Date=Sun, 30 Nov 2025 18:09:12 GMT
🤖 CYBORG 🤖 2025-11-30T18:09:12,299 [scenario=AdvancedExamplesTest.showsChainedRequestsAndUsingStorage] INFO  [API] - Starting response validation with 1 assertion(s).
🤖 CYBORG 🤖 2025-11-30T18:09:12,303 [scenario=AdvancedExamplesTest.showsChainedRequestsAndUsingStorage] EXTENDED [API] - Validation target: [{AssertionKeyForStatus=200}]
🤖 CYBORG 🤖 2025-11-30T18:09:12,316 [scenario=AdvancedExamplesTest.showsChainedRequestsAndUsingStorage] VALIDATION [QUEST] - ✔ Validation passed: IS (Expected: 200, Actual: 200)
🤖 CYBORG 🤖 2025-11-30T18:09:12,318 [scenario=AdvancedExamplesTest.showsChainedRequestsAndUsingStorage] INFO  [QUEST] - The quest has dropped the ring.
🤖 CYBORG 🤖 2025-11-30T18:09:12,326 [scenario=AdvancedExamplesTest.showsChainedRequestsAndUsingStorage] INFO  [QUEST] - The quest has reached his end
🤖 CYBORG 🤖 2025-11-30T18:09:12,333 [scenario=AdvancedExamplesTest.showsChainedRequestsAndUsingStorage] INFO  [QUEST] - The quest of 'showsChainedRequestsAndUsingStorage(Quest)' has concluded with glory. Status: SUCCESS. Duration: 0 seconds.