🤖 CYBORG 🤖 2025-11-30T18:09:11,560 [scenario=AdvancedExamplesTest.showsLateCraftModelMaterializedOnDemand] EXTENDED [QUEST] - Service: 'io.cyborgcode.roa.framework.chain.FluentServiceDecorator' has been registered for the quest
🤖 CYBORG 🤖 2025-11-30T18:09:11,569 [scenario=AdvancedExamplesTest.showsLateCraftModelMaterializedOnDemand] EXTENDED [QUEST] - Service: 'io.cyborgcode.roa.framework.chain.FluentServiceDecorator' has been registered for the quest
🤖 CYBORG 🤖 2025-11-30T18:09:11,573 [scenario=AdvancedExamplesTest.showsLateCraftModelMaterializedOnDemand] EXTENDED [QUEST] - Service: 'io.cyborgcode.roa.framework.chain.FluentServiceDecorator' has been registered for the quest
🤖 CYBORG 🤖 2025-11-30T18:09:11,579 [scenario=AdvancedExamplesTest.showsLateCraftModelMaterializedOnDemand] INFO  [QUEST] - The quest: 'showsLateCraftModelMaterializedOnDemand(Quest, Late)' has begun and is crafted.
🤖 CYBORG 🤖 2025-11-30T18:09:11,647 [scenario=AdvancedExamplesTest.showsLateCraftModelMaterializedOnDemand] INFO  [QUEST] - The quest has used the ring: 'API'
🤖 CYBORG 🤖 2025-11-30T18:09:11,654 [scenario=AdvancedExamplesTest.showsLateCraftModelMaterializedOnDemand] INFO  [API] - Prepared RequestSpecification with pathParams: {}, queryParams: {page=2}, headers: {}
🤖 CYBORG 🤖 2025-11-30T18:09:11,661 [scenario=AdvancedExamplesTest.showsLateCraftModelMaterializedOnDemand] STEP  [API] - Sending request to endpoint GET-https://reqres.in/api/users?page=2.
🤖 CYBORG 🤖 2025-11-30T18:09:11,668 [scenario=AdvancedExamplesTest.showsLateCraftModelMaterializedOnDemand] EXTENDED [API] - Request body: .
🤖 CYBORG 🤖 2025-11-30T18:09:11,674 [scenario=AdvancedExamplesTest.showsLateCraftModelMaterializedOnDemand] EXTENDED [API] - Request headers: Content-Type=application/json
🤖 CYBORG 🤖 2025-11-30T18:09:11,749 [scenario=AdvancedExamplesTest.showsLateCraftModelMaterializedOnDemand] STEP  [API] - Response with status: 200 received from endpoint: GET-https://reqres.in/api/users?page=2 in 63ms.
🤖 CYBORG 🤖 2025-11-30T18:09:11,765 [scenario=AdvancedExamplesTest.showsLateCraftModelMaterializedOnDemand] EXTENDED [API] - Response body: {
🤖 CYBORG 🤖 2025-11-30T18:09:11,773 [scenario=AdvancedExamplesTest.showsLateCraftModelMaterializedOnDemand] EXTENDED [API] - Response headers: Date=Sun, 30 Nov 2025 18:09:11 GMT
🤖 CYBORG 🤖 2025-11-30T18:09:11,795 [scenario=AdvancedExamplesTest.showsLateCraftModelMaterializedOnDemand] INFO  [API] - Starting response validation with 1 assertion(s).
🤖 CYBORG 🤖 2025-11-30T18:09:11,799 [scenario=AdvancedExamplesTest.showsLateCraftModelMaterializedOnDemand] EXTENDED [API] - Validation target: [{AssertionKeyForStatus=200}]
🤖 CYBORG 🤖 2025-11-30T18:09:11,806 [scenario=AdvancedExamplesTest.showsLateCraftModelMaterializedOnDemand] VALIDATION [QUEST] - ✔ Validation passed: IS (Expected: 200, Actual: 200)
🤖 CYBORG 🤖 2025-11-30T18:09:11,834 [scenario=AdvancedExamplesTest.showsLateCraftModelMaterializedOnDemand] STEP  [API] - Sending request to endpoint POST-https://reqres.in/api/users.
🤖 CYBORG 🤖 2025-11-30T18:09:11,837 [scenario=AdvancedExamplesTest.showsLateCraftModelMaterializedOnDemand] EXTENDED [API] - Request body: {
🤖 CYBORG 🤖 2025-11-30T18:09:11,849 [scenario=AdvancedExamplesTest.showsLateCraftModelMaterializedOnDemand] EXTENDED [API] - Request headers: Content-Type=application/json
🤖 CYBORG 🤖 2025-11-30T18:09:12,031 [scenario=AdvancedExamplesTest.showsLateCraftModelMaterializedOnDemand] STEP  [API] - Response with status: 201 received from endpoint: POST-https://reqres.in/api/users in 175ms.
🤖 CYBORG 🤖 2025-11-30T18:09:12,036 [scenario=AdvancedExamplesTest.showsLateCraftModelMaterializedOnDemand] EXTENDED [API] - Response body: {
🤖 CYBORG 🤖 2025-11-30T18:09:12,039 [scenario=AdvancedExamplesTest.showsLateCraftModelMaterializedOnDemand] EXTENDED [API] - Response headers: Date=Sun, 30 Nov 2025 18:09:12 GMT
🤖 CYBORG 🤖 2025-11-30T18:09:12,044 [scenario=AdvancedExamplesTest.showsLateCraftModelMaterializedOnDemand] INFO  [API] - Starting response validation with 1 assertion(s).
🤖 CYBORG 🤖 2025-11-30T18:09:12,046 [scenario=AdvancedExamplesTest.showsLateCraftModelMaterializedOnDemand] EXTENDED [API] - Validation target: [{AssertionKeyForStatus=201}]
🤖 CYBORG 🤖 2025-11-30T18:09:12,050 [scenario=AdvancedExamplesTest.showsLateCraftModelMaterializedOnDemand] VALIDATION [QUEST] - ✔ Validation passed: IS (Expected: 201, Actual: 201)
🤖 CYBORG 🤖 2025-11-30T18:09:12,053 [scenario=AdvancedExamplesTest.showsLateCraftModelMaterializedOnDemand] INFO  [QUEST] - The quest has dropped the ring.
🤖 CYBORG 🤖 2025-11-30T18:09:12,056 [scenario=AdvancedExamplesTest.showsLateCraftModelMaterializedOnDemand] INFO  [QUEST] - The quest has reached his end
🤖 CYBORG 🤖 2025-11-30T18:09:12,063 [scenario=AdvancedExamplesTest.showsLateCraftModelMaterializedOnDemand] INFO  [QUEST] - The quest of 'showsLateCraftModelMaterializedOnDemand(Quest, Late)' has concluded with glory. Status: SUCCESS. Duration: 0 seconds.