🤖 CYBORG 🤖 2025-11-30T18:09:12,009 [scenario=AdvancedExamplesTest.showsTokenReuseFromStorageAcrossRequests] EXTENDED [QUEST] - Service: 'io.cyborgcode.roa.framework.chain.FluentServiceDecorator' has been registered for the quest
🤖 CYBORG 🤖 2025-11-30T18:09:12,013 [scenario=AdvancedExamplesTest.showsTokenReuseFromStorageAcrossRequests] EXTENDED [QUEST] - Service: 'io.cyborgcode.roa.framework.chain.FluentServiceDecorator' has been registered for the quest
🤖 CYBORG 🤖 2025-11-30T18:09:12,015 [scenario=AdvancedExamplesTest.showsTokenReuseFromStorageAcrossRequests] EXTENDED [QUEST] - Service: 'io.cyborgcode.roa.framework.chain.FluentServiceDecorator' has been registered for the quest
🤖 CYBORG 🤖 2025-11-30T18:09:12,017 [scenario=AdvancedExamplesTest.showsTokenReuseFromStorageAcrossRequests] INFO  [QUEST] - The quest: 'showsTokenReuseFromStorageAcrossRequests(Quest, LoginDto)' has begun and is crafted.
🤖 CYBORG 🤖 2025-11-30T18:09:12,049 [scenario=AdvancedExamplesTest.showsTokenReuseFromStorageAcrossRequests] INFO  [QUEST] - The quest has used the ring: 'API'
🤖 CYBORG 🤖 2025-11-30T18:09:12,054 [scenario=AdvancedExamplesTest.showsTokenReuseFromStorageAcrossRequests] STEP  [API] - Sending request to endpoint POST-https://reqres.in/api/login.
🤖 CYBORG 🤖 2025-11-30T18:09:12,056 [scenario=AdvancedExamplesTest.showsTokenReuseFromStorageAcrossRequests] EXTENDED [API] - Request body: {
🤖 CYBORG 🤖 2025-11-30T18:09:12,058 [scenario=AdvancedExamplesTest.showsTokenReuseFromStorageAcrossRequests] EXTENDED [API] - Request headers: Content-Type=application/json
🤖 CYBORG 🤖 2025-11-30T18:09:12,236 [scenario=AdvancedExamplesTest.showsTokenReuseFromStorageAcrossRequests] STEP  [API] - Response with status: 200 received from endpoint: POST-https://reqres.in/api/login in 174ms.
🤖 CYBORG 🤖 2025-11-30T18:09:12,249 [scenario=AdvancedExamplesTest.showsTokenReuseFromStorageAcrossRequests] EXTENDED [API] - Response body: {
🤖 CYBORG 🤖 2025-11-30T18:09:12,251 [scenario=AdvancedExamplesTest.showsTokenReuseFromStorageAcrossRequests] EXTENDED [API] - Response headers: Date=Sun, 30 Nov 2025 18:09:12 GMT
🤖 CYBORG 🤖 2025-11-30T18:09:12,258 [scenario=AdvancedExamplesTest.showsTokenReuseFromStorageAcrossRequests] EXTENDED [QUEST] - Fetching data from storage by key: 'POST_LOGIN_USER' and type: 'io.restassured.response.Response'
🤖 CYBORG 🤖 2025-11-30T18:09:12,289 [scenario=AdvancedExamplesTest.showsTokenReuseFromStorageAcrossRequests] INFO  [API] - Prepared RequestSpecification with pathParams: {id=3}, queryParams: {}, headers: {ExampleHeader=[QpwL5tke4Pnpja7X4]}
🤖 CYBORG 🤖 2025-11-30T18:09:12,295 [scenario=AdvancedExamplesTest.showsTokenReuseFromStorageAcrossRequests] STEP  [API] - Sending request to endpoint GET-https://reqres.in/api/users/3.
🤖 CYBORG 🤖 2025-11-30T18:09:12,297 [scenario=AdvancedExamplesTest.showsTokenReuseFromStorageAcrossRequests] EXTENDED [API] - Request body: .
🤖 CYBORG 🤖 2025-11-30T18:09:12,305 [scenario=AdvancedExamplesTest.showsTokenReuseFromStorageAcrossRequests] EXTENDED [API] - Request headers: Content-Type=application/json
🤖 CYBORG 🤖 2025-11-30T18:09:12,376 [scenario=AdvancedExamplesTest.showsTokenReuseFromStorageAcrossRequests] STEP  [API] - Response with status: 200 received from endpoint: GET-https://reqres.in/api/users/3 in 61ms.
🤖 CYBORG 🤖 2025-11-30T18:09:12,380 [scenario=AdvancedExamplesTest.showsTokenReuseFromStorageAcrossRequests] EXTENDED [API] - Response body: {
🤖 CYBORG 🤖 2025-11-30T18:09:12,384 [scenario=AdvancedExamplesTest.showsTokenReuseFromStorageAcrossRequests] EXTENDED [API] - Response headers: Date=Sun, 30 Nov 2025 18:09:12 GMT
🤖 CYBORG 🤖 2025-11-30T18:09:12,387 [scenario=AdvancedExamplesTest.showsTokenReuseFromStorageAcrossRequests] INFO  [API] - Starting response validation with 1 assertion(s).
🤖 CYBORG 🤖 2025-11-30T18:09:12,390 [scenario=AdvancedExamplesTest.showsTokenReuseFromStorageAcrossRequests] EXTENDED [API] - Validation target: [{AssertionKeyForStatus=200}]
🤖 CYBORG 🤖 2025-11-30T18:09:12,392 [scenario=AdvancedExamplesTest.showsTokenReuseFromStorageAcrossRequests] VALIDATION [QUEST] - ✔ Validation passed: IS (Expected: 200, Actual: 200)
🤖 CYBORG 🤖 2025-11-30T18:09:12,394 [scenario=AdvancedExamplesTest.showsTokenReuseFromStorageAcrossRequests] INFO  [QUEST] - The quest has dropped the ring.
🤖 CYBORG 🤖 2025-11-30T18:09:12,395 [scenario=AdvancedExamplesTest.showsTokenReuseFromStorageAcrossRequests] INFO  [QUEST] - The quest has reached his end
🤖 CYBORG 🤖 2025-11-30T18:09:12,398 [scenario=AdvancedExamplesTest.showsTokenReuseFromStorageAcrossRequests] INFO  [QUEST] - The quest of 'showsTokenReuseFromStorageAcrossRequests(Quest, LoginDto)' has concluded with glory. Status: SUCCESS. Duration: 0 seconds.