🤖 CYBORG 🤖 2025-11-30T18:09:08,729 [scenario=AdvancedExamplesTest.showsAuthenticateViaApiWithJourneySetupAndRipperCleanup] EXTENDED [QUEST] - Service: 'io.cyborgcode.roa.framework.chain.FluentServiceDecorator' has been registered for the quest
🤖 CYBORG 🤖 2025-11-30T18:09:08,793 [scenario=AdvancedExamplesTest.showsAuthenticateViaApiWithJourneySetupAndRipperCleanup] EXTENDED [QUEST] - Service: 'io.cyborgcode.roa.framework.chain.FluentServiceDecorator' has been registered for the quest
🤖 CYBORG 🤖 2025-11-30T18:09:08,805 [scenario=AdvancedExamplesTest.showsAuthenticateViaApiWithJourneySetupAndRipperCleanup] EXTENDED [QUEST] - Service: 'io.cyborgcode.roa.framework.chain.FluentServiceDecorator' has been registered for the quest
🤖 CYBORG 🤖 2025-11-30T18:09:08,812 [scenario=AdvancedExamplesTest.showsAuthenticateViaApiWithJourneySetupAndRipperCleanup] INFO  [QUEST] - The quest: 'showsAuthenticateViaApiWithJourneySetupAndRipperCleanup(Quest)' has begun and is crafted.
🤖 CYBORG 🤖 2025-11-30T18:09:08,824 [scenario=AdvancedExamplesTest.showsAuthenticateViaApiWithJourneySetupAndRipperCleanup] EXTENDED [API] - Updated quest storage with credentials for username: eve.holt@reqres.in
🤖 CYBORG 🤖 2025-11-30T18:09:08,831 [scenario=AdvancedExamplesTest.showsAuthenticateViaApiWithJourneySetupAndRipperCleanup] INFO  [QUEST] - The quest has used the ring: 'API'
🤖 CYBORG 🤖 2025-11-30T18:09:09,346 [scenario=AdvancedExamplesTest.showsAuthenticateViaApiWithJourneySetupAndRipperCleanup] STEP  [API] - Sending request to endpoint POST-https://reqres.in/api/login.
🤖 CYBORG 🤖 2025-11-30T18:09:09,358 [scenario=AdvancedExamplesTest.showsAuthenticateViaApiWithJourneySetupAndRipperCleanup] EXTENDED [API] - Request body: {
🤖 CYBORG 🤖 2025-11-30T18:09:09,374 [scenario=AdvancedExamplesTest.showsAuthenticateViaApiWithJourneySetupAndRipperCleanup] EXTENDED [API] - Request headers: Content-Type=application/json
🤖 CYBORG 🤖 2025-11-30T18:09:10,189 [scenario=AdvancedExamplesTest.showsAuthenticateViaApiWithJourneySetupAndRipperCleanup] STEP  [API] - Response with status: 200 received from endpoint: POST-https://reqres.in/api/login in 804ms.
🤖 CYBORG 🤖 2025-11-30T18:09:10,194 [scenario=AdvancedExamplesTest.showsAuthenticateViaApiWithJourneySetupAndRipperCleanup] EXTENDED [API] - Response body: {
🤖 CYBORG 🤖 2025-11-30T18:09:10,197 [scenario=AdvancedExamplesTest.showsAuthenticateViaApiWithJourneySetupAndRipperCleanup] EXTENDED [API] - Response headers: Date=Sun, 30 Nov 2025 18:09:10 GMT
🤖 CYBORG 🤖 2025-11-30T18:09:10,646 [scenario=AdvancedExamplesTest.showsAuthenticateViaApiWithJourneySetupAndRipperCleanup] INFO  [API] - Successfully authenticated user: eve.holt@reqres.in
🤖 CYBORG 🤖 2025-11-30T18:09:10,802 [scenario=AdvancedExamplesTest.showsAuthenticateViaApiWithJourneySetupAndRipperCleanup] EXTENDED [QUEST] - Creating data for: USER_LEADER
🤖 CYBORG 🤖 2025-11-30T18:09:10,829 [scenario=AdvancedExamplesTest.showsAuthenticateViaApiWithJourneySetupAndRipperCleanup] INFO  [QUEST] - The quest has used the ring: 'API'
🤖 CYBORG 🤖 2025-11-30T18:09:10,845 [scenario=AdvancedExamplesTest.showsAuthenticateViaApiWithJourneySetupAndRipperCleanup] STEP  [API] - Sending request to endpoint POST-https://reqres.in/api/users.
🤖 CYBORG 🤖 2025-11-30T18:09:10,852 [scenario=AdvancedExamplesTest.showsAuthenticateViaApiWithJourneySetupAndRipperCleanup] EXTENDED [API] - Request body: {
🤖 CYBORG 🤖 2025-11-30T18:09:10,858 [scenario=AdvancedExamplesTest.showsAuthenticateViaApiWithJourneySetupAndRipperCleanup] EXTENDED [API] - Request headers: Content-Type=application/json
🤖 CYBORG 🤖 2025-11-30T18:09:11,048 [scenario=AdvancedExamplesTest.showsAuthenticateViaApiWithJourneySetupAndRipperCleanup] STEP  [API] - Response with status: 201 received from endpoint: POST-https://reqres.in/api/users in 180ms.
🤖 CYBORG 🤖 2025-11-30T18:09:11,053 [scenario=AdvancedExamplesTest.showsAuthenticateViaApiWithJourneySetupAndRipperCleanup] EXTENDED [API] - Response body: {
🤖 CYBORG 🤖 2025-11-30T18:09:11,062 [scenario=AdvancedExamplesTest.showsAuthenticateViaApiWithJourneySetupAndRipperCleanup] EXTENDED [API] - Response headers: Date=Sun, 30 Nov 2025 18:09:11 GMT
🤖 CYBORG 🤖 2025-11-30T18:09:11,083 [scenario=AdvancedExamplesTest.showsAuthenticateViaApiWithJourneySetupAndRipperCleanup] INFO  [API] - Starting response validation with 1 assertion(s).
🤖 CYBORG 🤖 2025-11-30T18:09:11,089 [scenario=AdvancedExamplesTest.showsAuthenticateViaApiWithJourneySetupAndRipperCleanup] EXTENDED [API] - Validation target: [{AssertionKeyForStatus=201}]
🤖 CYBORG 🤖 2025-11-30T18:09:11,098 [scenario=AdvancedExamplesTest.showsAuthenticateViaApiWithJourneySetupAndRipperCleanup] VALIDATION [QUEST] - ✔ Validation passed: IS (Expected: 201, Actual: 201)
🤖 CYBORG 🤖 2025-11-30T18:09:11,240 [scenario=AdvancedExamplesTest.showsAuthenticateViaApiWithJourneySetupAndRipperCleanup] EXTENDED [QUEST] - Creating data for: USER_INTERMEDIATE
🤖 CYBORG 🤖 2025-11-30T18:09:11,249 [scenario=AdvancedExamplesTest.showsAuthenticateViaApiWithJourneySetupAndRipperCleanup] INFO  [QUEST] - The quest has used the ring: 'API'
🤖 CYBORG 🤖 2025-11-30T18:09:11,257 [scenario=AdvancedExamplesTest.showsAuthenticateViaApiWithJourneySetupAndRipperCleanup] STEP  [API] - Sending request to endpoint POST-https://reqres.in/api/users.
🤖 CYBORG 🤖 2025-11-30T18:09:11,270 [scenario=AdvancedExamplesTest.showsAuthenticateViaApiWithJourneySetupAndRipperCleanup] EXTENDED [API] - Request body: {
🤖 CYBORG 🤖 2025-11-30T18:09:11,277 [scenario=AdvancedExamplesTest.showsAuthenticateViaApiWithJourneySetupAndRipperCleanup] EXTENDED [API] - Request headers: Content-Type=application/json
🤖 CYBORG 🤖 2025-11-30T18:09:11,602 [scenario=AdvancedExamplesTest.showsAuthenticateViaApiWithJourneySetupAndRipperCleanup] STEP  [API] - Response with status: 201 received from endpoint: POST-https://reqres.in/api/users in 320ms.
🤖 CYBORG 🤖 2025-11-30T18:09:11,608 [scenario=AdvancedExamplesTest.showsAuthenticateViaApiWithJourneySetupAndRipperCleanup] EXTENDED [API] - Response body: {
🤖 CYBORG 🤖 2025-11-30T18:09:11,611 [scenario=AdvancedExamplesTest.showsAuthenticateViaApiWithJourneySetupAndRipperCleanup] EXTENDED [API] - Response headers: Date=Sun, 30 Nov 2025 18:09:11 GMT
🤖 CYBORG 🤖 2025-11-30T18:09:11,620 [scenario=AdvancedExamplesTest.showsAuthenticateViaApiWithJourneySetupAndRipperCleanup] INFO  [API] - Starting response validation with 1 assertion(s).
🤖 CYBORG 🤖 2025-11-30T18:09:11,626 [scenario=AdvancedExamplesTest.showsAuthenticateViaApiWithJourneySetupAndRipperCleanup] EXTENDED [API] - Validation target: [{AssertionKeyForStatus=201}]
🤖 CYBORG 🤖 2025-11-30T18:09:11,645 [scenario=AdvancedExamplesTest.showsAuthenticateViaApiWithJourneySetupAndRipperCleanup] VALIDATION [QUEST] - ✔ Validation passed: IS (Expected: 201, Actual: 201)
🤖 CYBORG 🤖 2025-11-30T18:09:11,649 [scenario=AdvancedExamplesTest.showsAuthenticateViaApiWithJourneySetupAndRipperCleanup] INFO  [QUEST] - The quest has used the ring: 'API'
🤖 CYBORG 🤖 2025-11-30T18:09:11,652 [scenario=AdvancedExamplesTest.showsAuthenticateViaApiWithJourneySetupAndRipperCleanup] VALIDATION [QUEST] - Starting hard validation...
🤖 CYBORG 🤖 2025-11-30T18:09:11,659 [scenario=AdvancedExamplesTest.showsAuthenticateViaApiWithJourneySetupAndRipperCleanup] EXTENDED [QUEST] - Fetching data from storage by key: 'POST_CREATE_USER' and type: 'io.restassured.response.Response'
🤖 CYBORG 🤖 2025-11-30T18:09:11,670 [scenario=AdvancedExamplesTest.showsAuthenticateViaApiWithJourneySetupAndRipperCleanup] VALIDATION [QUEST] - Hard validation completed successfully.
🤖 CYBORG 🤖 2025-11-30T18:09:11,678 [scenario=AdvancedExamplesTest.showsAuthenticateViaApiWithJourneySetupAndRipperCleanup] INFO  [QUEST] - The quest has dropped the ring.
🤖 CYBORG 🤖 2025-11-30T18:09:11,683 [scenario=AdvancedExamplesTest.showsAuthenticateViaApiWithJourneySetupAndRipperCleanup] INFO  [QUEST] - The quest has reached his end
🤖 CYBORG 🤖 2025-11-30T18:09:11,689 [scenario=AdvancedExamplesTest.showsAuthenticateViaApiWithJourneySetupAndRipperCleanup] INFO  [QUEST] - The ripper has arrived
🤖 CYBORG 🤖 2025-11-30T18:09:11,748 [scenario=AdvancedExamplesTest.showsAuthenticateViaApiWithJourneySetupAndRipperCleanup] INFO  [QUEST] - The quest has used the ring: 'API'
🤖 CYBORG 🤖 2025-11-30T18:09:11,759 [scenario=AdvancedExamplesTest.showsAuthenticateViaApiWithJourneySetupAndRipperCleanup] INFO  [API] - Prepared RequestSpecification with pathParams: {id=3}, queryParams: {}, headers: {}
🤖 CYBORG 🤖 2025-11-30T18:09:11,765 [scenario=AdvancedExamplesTest.showsAuthenticateViaApiWithJourneySetupAndRipperCleanup] STEP  [API] - Sending request to endpoint DELETE-https://reqres.in/api/users/3.
🤖 CYBORG 🤖 2025-11-30T18:09:11,770 [scenario=AdvancedExamplesTest.showsAuthenticateViaApiWithJourneySetupAndRipperCleanup] EXTENDED [API] - Request body: .
🤖 CYBORG 🤖 2025-11-30T18:09:11,781 [scenario=AdvancedExamplesTest.showsAuthenticateViaApiWithJourneySetupAndRipperCleanup] EXTENDED [API] - Request headers: Content-Type=application/json
🤖 CYBORG 🤖 2025-11-30T18:09:12,104 [scenario=AdvancedExamplesTest.showsAuthenticateViaApiWithJourneySetupAndRipperCleanup] STEP  [API] - Response with status: 204 received from endpoint: DELETE-https://reqres.in/api/users/3 in 318ms.
🤖 CYBORG 🤖 2025-11-30T18:09:12,109 [scenario=AdvancedExamplesTest.showsAuthenticateViaApiWithJourneySetupAndRipperCleanup] EXTENDED [API] - Response body: .
🤖 CYBORG 🤖 2025-11-30T18:09:12,115 [scenario=AdvancedExamplesTest.showsAuthenticateViaApiWithJourneySetupAndRipperCleanup] EXTENDED [API] - Response headers: Date=Sun, 30 Nov 2025 18:09:12 GMT
🤖 CYBORG 🤖 2025-11-30T18:09:12,122 [scenario=AdvancedExamplesTest.showsAuthenticateViaApiWithJourneySetupAndRipperCleanup] INFO  [API] - Starting response validation with 1 assertion(s).
🤖 CYBORG 🤖 2025-11-30T18:09:12,126 [scenario=AdvancedExamplesTest.showsAuthenticateViaApiWithJourneySetupAndRipperCleanup] EXTENDED [API] - Validation target: [{AssertionKeyForStatus=204}]
🤖 CYBORG 🤖 2025-11-30T18:09:12,134 [scenario=AdvancedExamplesTest.showsAuthenticateViaApiWithJourneySetupAndRipperCleanup] VALIDATION [QUEST] - ✔ Validation passed: IS (Expected: 204, Actual: 204)
🤖 CYBORG 🤖 2025-11-30T18:09:12,138 [scenario=AdvancedExamplesTest.showsAuthenticateViaApiWithJourneySetupAndRipperCleanup] INFO  [QUEST] - DataRipper processed target: 'DELETE_ADMIN_USER'.
🤖 CYBORG 🤖 2025-11-30T18:09:12,148 [scenario=AdvancedExamplesTest.showsAuthenticateViaApiWithJourneySetupAndRipperCleanup] INFO  [QUEST] - The quest of 'showsAuthenticateViaApiWithJourneySetupAndRipperCleanup(Quest)' has concluded with glory. Status: SUCCESS. Duration: 3 seconds.