🤖 CYBORG 🤖 2025-11-30T18:09:05,197 [scenario=BasicToAdvancedEvolutionTest.showsManualLifecycleWithExplicitLoginAndTokenHandling] EXTENDED [QUEST] - Service: 'io.cyborgcode.roa.framework.chain.FluentServiceDecorator' has been registered for the quest
🤖 CYBORG 🤖 2025-11-30T18:09:05,203 [scenario=BasicToAdvancedEvolutionTest.showsManualLifecycleWithExplicitLoginAndTokenHandling] EXTENDED [QUEST] - Service: 'io.cyborgcode.roa.framework.chain.FluentServiceDecorator' has been registered for the quest
🤖 CYBORG 🤖 2025-11-30T18:09:05,204 [scenario=BasicToAdvancedEvolutionTest.showsManualLifecycleWithExplicitLoginAndTokenHandling] EXTENDED [QUEST] - Service: 'io.cyborgcode.roa.framework.chain.FluentServiceDecorator' has been registered for the quest
🤖 CYBORG 🤖 2025-11-30T18:09:05,206 [scenario=BasicToAdvancedEvolutionTest.showsManualLifecycleWithExplicitLoginAndTokenHandling] INFO  [QUEST] - The quest: 'showsManualLifecycleWithExplicitLoginAndTokenHandling(Quest)' has begun and is crafted.
🤖 CYBORG 🤖 2025-11-30T18:09:05,211 [scenario=BasicToAdvancedEvolutionTest.showsManualLifecycleWithExplicitLoginAndTokenHandling] INFO  [QUEST] - The quest has used the ring: 'API'
🤖 CYBORG 🤖 2025-11-30T18:09:05,216 [scenario=BasicToAdvancedEvolutionTest.showsManualLifecycleWithExplicitLoginAndTokenHandling] STEP  [API] - Sending request to endpoint POST-https://reqres.in/api/login.
🤖 CYBORG 🤖 2025-11-30T18:09:05,218 [scenario=BasicToAdvancedEvolutionTest.showsManualLifecycleWithExplicitLoginAndTokenHandling] EXTENDED [API] - Request body: {
🤖 CYBORG 🤖 2025-11-30T18:09:05,220 [scenario=BasicToAdvancedEvolutionTest.showsManualLifecycleWithExplicitLoginAndTokenHandling] EXTENDED [API] - Request headers: Content-Type=application/json
🤖 CYBORG 🤖 2025-11-30T18:09:05,345 [scenario=BasicToAdvancedEvolutionTest.showsManualLifecycleWithExplicitLoginAndTokenHandling] STEP  [API] - Response with status: 200 received from endpoint: POST-https://reqres.in/api/login in 122ms.
🤖 CYBORG 🤖 2025-11-30T18:09:05,348 [scenario=BasicToAdvancedEvolutionTest.showsManualLifecycleWithExplicitLoginAndTokenHandling] EXTENDED [API] - Response body: {
🤖 CYBORG 🤖 2025-11-30T18:09:05,350 [scenario=BasicToAdvancedEvolutionTest.showsManualLifecycleWithExplicitLoginAndTokenHandling] EXTENDED [API] - Response headers: Date=Sun, 30 Nov 2025 18:09:05 GMT
🤖 CYBORG 🤖 2025-11-30T18:09:05,354 [scenario=BasicToAdvancedEvolutionTest.showsManualLifecycleWithExplicitLoginAndTokenHandling] EXTENDED [QUEST] - Fetching data from storage by key: 'POST_LOGIN_USER' and type: 'io.restassured.response.Response'
🤖 CYBORG 🤖 2025-11-30T18:09:05,364 [scenario=BasicToAdvancedEvolutionTest.showsManualLifecycleWithExplicitLoginAndTokenHandling] INFO  [QUEST] - The quest has used the ring: 'API'
🤖 CYBORG 🤖 2025-11-30T18:09:05,369 [scenario=BasicToAdvancedEvolutionTest.showsManualLifecycleWithExplicitLoginAndTokenHandling] INFO  [API] - Prepared RequestSpecification with pathParams: {}, queryParams: {}, headers: {Authorization=[Bearer QpwL5tke4Pnpja7X4]}
🤖 CYBORG 🤖 2025-11-30T18:09:05,371 [scenario=BasicToAdvancedEvolutionTest.showsManualLifecycleWithExplicitLoginAndTokenHandling] STEP  [API] - Sending request to endpoint POST-https://reqres.in/api/users.
🤖 CYBORG 🤖 2025-11-30T18:09:05,373 [scenario=BasicToAdvancedEvolutionTest.showsManualLifecycleWithExplicitLoginAndTokenHandling] EXTENDED [API] - Request body: {
🤖 CYBORG 🤖 2025-11-30T18:09:05,374 [scenario=BasicToAdvancedEvolutionTest.showsManualLifecycleWithExplicitLoginAndTokenHandling] EXTENDED [API] - Request headers: Content-Type=application/json
🤖 CYBORG 🤖 2025-11-30T18:09:05,500 [scenario=BasicToAdvancedEvolutionTest.showsManualLifecycleWithExplicitLoginAndTokenHandling] STEP  [API] - Response with status: 201 received from endpoint: POST-https://reqres.in/api/users in 124ms.
🤖 CYBORG 🤖 2025-11-30T18:09:05,503 [scenario=BasicToAdvancedEvolutionTest.showsManualLifecycleWithExplicitLoginAndTokenHandling] EXTENDED [API] - Response body: {
🤖 CYBORG 🤖 2025-11-30T18:09:05,505 [scenario=BasicToAdvancedEvolutionTest.showsManualLifecycleWithExplicitLoginAndTokenHandling] EXTENDED [API] - Response headers: Date=Sun, 30 Nov 2025 18:09:05 GMT
🤖 CYBORG 🤖 2025-11-30T18:09:05,509 [scenario=BasicToAdvancedEvolutionTest.showsManualLifecycleWithExplicitLoginAndTokenHandling] INFO  [API] - Starting response validation with 1 assertion(s).
🤖 CYBORG 🤖 2025-11-30T18:09:05,510 [scenario=BasicToAdvancedEvolutionTest.showsManualLifecycleWithExplicitLoginAndTokenHandling] EXTENDED [API] - Validation target: [{AssertionKeyForStatus=201}]
🤖 CYBORG 🤖 2025-11-30T18:09:05,512 [scenario=BasicToAdvancedEvolutionTest.showsManualLifecycleWithExplicitLoginAndTokenHandling] VALIDATION [QUEST] - ✔ Validation passed: IS (Expected: 201, Actual: 201)
🤖 CYBORG 🤖 2025-11-30T18:09:05,517 [scenario=BasicToAdvancedEvolutionTest.showsManualLifecycleWithExplicitLoginAndTokenHandling] INFO  [API] - Prepared RequestSpecification with pathParams: {}, queryParams: {}, headers: {Authorization=[Bearer QpwL5tke4Pnpja7X4]}
🤖 CYBORG 🤖 2025-11-30T18:09:05,520 [scenario=BasicToAdvancedEvolutionTest.showsManualLifecycleWithExplicitLoginAndTokenHandling] STEP  [API] - Sending request to endpoint POST-https://reqres.in/api/users.
🤖 CYBORG 🤖 2025-11-30T18:09:05,522 [scenario=BasicToAdvancedEvolutionTest.showsManualLifecycleWithExplicitLoginAndTokenHandling] EXTENDED [API] - Request body: {
🤖 CYBORG 🤖 2025-11-30T18:09:05,524 [scenario=BasicToAdvancedEvolutionTest.showsManualLifecycleWithExplicitLoginAndTokenHandling] EXTENDED [API] - Request headers: Content-Type=application/json
🤖 CYBORG 🤖 2025-11-30T18:09:05,715 [scenario=BasicToAdvancedEvolutionTest.showsManualLifecycleWithExplicitLoginAndTokenHandling] STEP  [API] - Response with status: 201 received from endpoint: POST-https://reqres.in/api/users in 188ms.
🤖 CYBORG 🤖 2025-11-30T18:09:05,718 [scenario=BasicToAdvancedEvolutionTest.showsManualLifecycleWithExplicitLoginAndTokenHandling] EXTENDED [API] - Response body: {
🤖 CYBORG 🤖 2025-11-30T18:09:05,720 [scenario=BasicToAdvancedEvolutionTest.showsManualLifecycleWithExplicitLoginAndTokenHandling] EXTENDED [API] - Response headers: Date=Sun, 30 Nov 2025 18:09:05 GMT
🤖 CYBORG 🤖 2025-11-30T18:09:05,723 [scenario=BasicToAdvancedEvolutionTest.showsManualLifecycleWithExplicitLoginAndTokenHandling] INFO  [API] - Starting response validation with 1 assertion(s).
🤖 CYBORG 🤖 2025-11-30T18:09:05,725 [scenario=BasicToAdvancedEvolutionTest.showsManualLifecycleWithExplicitLoginAndTokenHandling] EXTENDED [API] - Validation target: [{AssertionKeyForStatus=201}]
🤖 CYBORG 🤖 2025-11-30T18:09:05,727 [scenario=BasicToAdvancedEvolutionTest.showsManualLifecycleWithExplicitLoginAndTokenHandling] VALIDATION [QUEST] - ✔ Validation passed: IS (Expected: 201, Actual: 201)
🤖 CYBORG 🤖 2025-11-30T18:09:05,729 [scenario=BasicToAdvancedEvolutionTest.showsManualLifecycleWithExplicitLoginAndTokenHandling] VALIDATION [QUEST] - Starting hard validation...
🤖 CYBORG 🤖 2025-11-30T18:09:05,731 [scenario=BasicToAdvancedEvolutionTest.showsManualLifecycleWithExplicitLoginAndTokenHandling] EXTENDED [QUEST] - Fetching data from storage by key: 'POST_CREATE_USER' and type: 'io.restassured.response.Response'
🤖 CYBORG 🤖 2025-11-30T18:09:05,734 [scenario=BasicToAdvancedEvolutionTest.showsManualLifecycleWithExplicitLoginAndTokenHandling] VALIDATION [QUEST] - Hard validation completed successfully.
🤖 CYBORG 🤖 2025-11-30T18:09:05,737 [scenario=BasicToAdvancedEvolutionTest.showsManualLifecycleWithExplicitLoginAndTokenHandling] INFO  [API] - Prepared RequestSpecification with pathParams: {id=3}, queryParams: {}, headers: {Authorization=[Bearer QpwL5tke4Pnpja7X4]}
🤖 CYBORG 🤖 2025-11-30T18:09:05,739 [scenario=BasicToAdvancedEvolutionTest.showsManualLifecycleWithExplicitLoginAndTokenHandling] STEP  [API] - Sending request to endpoint DELETE-https://reqres.in/api/users/3.
🤖 CYBORG 🤖 2025-11-30T18:09:05,741 [scenario=BasicToAdvancedEvolutionTest.showsManualLifecycleWithExplicitLoginAndTokenHandling] EXTENDED [API] - Request body: .
🤖 CYBORG 🤖 2025-11-30T18:09:05,742 [scenario=BasicToAdvancedEvolutionTest.showsManualLifecycleWithExplicitLoginAndTokenHandling] EXTENDED [API] - Request headers: Content-Type=application/json
🤖 CYBORG 🤖 2025-11-30T18:09:05,870 [scenario=BasicToAdvancedEvolutionTest.showsManualLifecycleWithExplicitLoginAndTokenHandling] STEP  [API] - Response with status: 204 received from endpoint: DELETE-https://reqres.in/api/users/3 in 125ms.
🤖 CYBORG 🤖 2025-11-30T18:09:05,873 [scenario=BasicToAdvancedEvolutionTest.showsManualLifecycleWithExplicitLoginAndTokenHandling] EXTENDED [API] - Response body: .
🤖 CYBORG 🤖 2025-11-30T18:09:05,875 [scenario=BasicToAdvancedEvolutionTest.showsManualLifecycleWithExplicitLoginAndTokenHandling] EXTENDED [API] - Response headers: Date=Sun, 30 Nov 2025 18:09:05 GMT
🤖 CYBORG 🤖 2025-11-30T18:09:05,879 [scenario=BasicToAdvancedEvolutionTest.showsManualLifecycleWithExplicitLoginAndTokenHandling] INFO  [API] - Starting response validation with 1 assertion(s).
🤖 CYBORG 🤖 2025-11-30T18:09:05,880 [scenario=BasicToAdvancedEvolutionTest.showsManualLifecycleWithExplicitLoginAndTokenHandling] EXTENDED [API] - Validation target: [{AssertionKeyForStatus=204}]
🤖 CYBORG 🤖 2025-11-30T18:09:05,882 [scenario=BasicToAdvancedEvolutionTest.showsManualLifecycleWithExplicitLoginAndTokenHandling] VALIDATION [QUEST] - ✔ Validation passed: IS (Expected: 204, Actual: 204)
🤖 CYBORG 🤖 2025-11-30T18:09:05,884 [scenario=BasicToAdvancedEvolutionTest.showsManualLifecycleWithExplicitLoginAndTokenHandling] INFO  [QUEST] - The quest has dropped the ring.
🤖 CYBORG 🤖 2025-11-30T18:09:05,886 [scenario=BasicToAdvancedEvolutionTest.showsManualLifecycleWithExplicitLoginAndTokenHandling] INFO  [QUEST] - The quest has reached his end
🤖 CYBORG 🤖 2025-11-30T18:09:05,890 [scenario=BasicToAdvancedEvolutionTest.showsManualLifecycleWithExplicitLoginAndTokenHandling] INFO  [QUEST] - The quest of 'showsManualLifecycleWithExplicitLoginAndTokenHandling(Quest)' has concluded with glory. Status: SUCCESS. Duration: 0 seconds.